#
# There is insufficient memory for the Java Runtime Environment to continue.
# Native memory allocation (malloc) failed to allocate 32744 bytes for ChunkPool::allocate
# Possible reasons:
#   The system is out of physical RAM or swap space
#   The process is running with CompressedOops enabled, and the Java Heap may be blocking the growth of the native heap
# Possible solutions:
#   Reduce memory load on the system
#   Increase physical memory or swap space
#   Check if swap backing store is full
#   Decrease Java heap size (-Xmx/-Xms)
#   Decrease number of Java threads
#   Decrease Java thread stack sizes (-Xss)
#   Set larger code cache with -XX:ReservedCodeCacheSize=
#   JVM is running with Unscaled Compressed Oops mode in which the Java heap is
#     placed in the first 4GB address space. The Java Heap base address is the
#     maximum limit for the native heap growth. Please use -XX:HeapBaseMinAddress
#     to set the Java Heap base and to place the Java Heap above 4GB virtual address.
# This output file may be truncated or incomplete.
#
#  Out of Memory Error (arena.cpp:78), pid=20380, tid=5020
#
# JRE version: OpenJDK Runtime Environment (17.0.6) (build 17.0.6+0-b2043.56-10027231)
# Java VM: OpenJDK 64-Bit Server VM (17.0.6+0-b2043.56-10027231, mixed mode, tiered, compressed oops, compressed class ptrs, g1 gc, windows-amd64)
# No core dump will be written. Minidumps are not enabled by default on client versions of Windows
#

---------------  S U M M A R Y ------------

Command Line: --add-opens=java.base/java.util=ALL-UNNAMED --add-opens=java.base/java.lang=ALL-UNNAMED --add-opens=java.base/java.lang.invoke=ALL-UNNAMED --add-opens=java.prefs/java.util.prefs=ALL-UNNAMED --add-opens=java.base/java.nio.charset=ALL-UNNAMED --add-opens=java.base/java.net=ALL-UNNAMED --add-opens=java.base/java.util.concurrent.atomic=ALL-UNNAMED -Xmx2048m -Dfile.encoding=UTF-8 -Duser.country=US -Duser.language=en -Duser.variant org.gradle.launcher.daemon.bootstrap.GradleDaemon 8.0

Host: AMD 3020e with Radeon Graphics                 , 2 cores, 5G,  Windows 11 , 64 bit Build 22621 (10.0.22621.2215)
Time: Mon Sep 25 07:30:53 2023 SE Asia Standard Time elapsed time: 53.781054 seconds (0d 0h 0m 53s)

---------------  T H R E A D  ---------------

Current thread (0x0000022978a73740):  JavaThread "C2 CompilerThread0" daemon [_thread_in_native, id=5020, stack(0x0000006aa7100000,0x0000006aa7200000)]


Current CompileTask:
C2:  53781 9133       4       java.lang.Class::privateGetPublicMethods (224 bytes)

Stack: [0x0000006aa7100000,0x0000006aa7200000]
Native frames: (J=compiled Java code, j=interpreted, Vv=VM code, C=native code)
V  [jvm.dll+0x683c9a]
V  [jvm.dll+0x8427a4]
V  [jvm.dll+0x843f9e]
V  [jvm.dll+0x844603]
V  [jvm.dll+0x249b75]
V  [jvm.dll+0xabecc]
V  [jvm.dll+0xac27c]
V  [jvm.dll+0xabdbb]
V  [jvm.dll+0x82bedc]
V  [jvm.dll+0x57d495]
V  [jvm.dll+0x578fd6]
V  [jvm.dll+0x578a5e]
V  [jvm.dll+0x578a71]
V  [jvm.dll+0x578a71]
V  [jvm.dll+0x578a71]
V  [jvm.dll+0x578a71]
V  [jvm.dll+0x578a71]
V  [jvm.dll+0x578a71]
V  [jvm.dll+0x578a71]
V  [jvm.dll+0x58aaa8]
V  [jvm.dll+0x2243b2]
V  [jvm.dll+0x21dd02]
V  [jvm.dll+0x21b51b]
V  [jvm.dll+0x1a4fdd]
V  [jvm.dll+0x22b098]
V  [jvm.dll+0x229159]
V  [jvm.dll+0x7f81ec]
V  [jvm.dll+0x7f274a]
V  [jvm.dll+0x682ad5]
C  [ucrtbase.dll+0x29363]
C  [KERNEL32.DLL+0x1257d]
C  [ntdll.dll+0x5aa68]


---------------  P R O C E S S  ---------------

Threads class SMR info:
_java_thread_list=0x000002297df0ba70, length=59, elements={
0x000002296c986fb0, 0x0000022978a49260, 0x0000022978a4eb00, 0x0000022978a36690,
0x0000022978a71500, 0x0000022978a720b0, 0x0000022978a72a60, 0x0000022978a73740,
0x0000022978a7ddf0, 0x000002297945ff40, 0x000002297958e010, 0x000002297958e4e0,
0x000002297a2229c0, 0x000002297a71cc10, 0x000002297adbfe60, 0x000002297ada93a0,
0x000002297afa10f0, 0x000002297a803b40, 0x0000022979f32f50, 0x000002297a7d8090,
0x000002297a7d7220, 0x000002297a7d5540, 0x000002297a7d76f0, 0x000002297a7d6d50,
0x000002297a7d63b0, 0x000002297a7d7bc0, 0x000002297a7d6880, 0x000002297a7d8560,
0x000002297a7d8a30, 0x000002297a7d5070, 0x000002297a7d5a10, 0x000002297a7d5ee0,
0x000002297a055a00, 0x000002297a057bb0, 0x000002297a056870, 0x000002297a058080,
0x000002297a055530, 0x000002297d91c6c0, 0x000002297d91a040, 0x000002297d91da00,
0x000002297d91aeb0, 0x000002297d918830, 0x000002297d91b380, 0x000002297d919b70,
0x000002297d918d00, 0x000002297d91a510, 0x000002297d91a9e0, 0x000002297d917020,
0x000002297d91d530, 0x000002297d918360, 0x000002297d91b850, 0x000002297d91cb90,
0x000002297d91ded0, 0x000002297d91e3a0, 0x000002297d91c1f0, 0x000002297d91bd20,
0x000002297d91d060, 0x000002297d916b50, 0x000002297d9191d0
}

Java Threads: ( => current thread )
  0x000002296c986fb0 JavaThread "main" [_thread_blocked, id=13496, stack(0x0000006aa6300000,0x0000006aa6400000)]
  0x0000022978a49260 JavaThread "Reference Handler" daemon [_thread_blocked, id=10140, stack(0x0000006aa6b00000,0x0000006aa6c00000)]
  0x0000022978a4eb00 JavaThread "Finalizer" daemon [_thread_blocked, id=1576, stack(0x0000006aa6c00000,0x0000006aa6d00000)]
  0x0000022978a36690 JavaThread "Signal Dispatcher" daemon [_thread_blocked, id=14664, stack(0x0000006aa6d00000,0x0000006aa6e00000)]
  0x0000022978a71500 JavaThread "Attach Listener" daemon [_thread_blocked, id=3180, stack(0x0000006aa6e00000,0x0000006aa6f00000)]
  0x0000022978a720b0 JavaThread "Service Thread" daemon [_thread_blocked, id=13384, stack(0x0000006aa6f00000,0x0000006aa7000000)]
  0x0000022978a72a60 JavaThread "Monitor Deflation Thread" daemon [_thread_blocked, id=16280, stack(0x0000006aa7000000,0x0000006aa7100000)]
=>0x0000022978a73740 JavaThread "C2 CompilerThread0" daemon [_thread_in_native, id=5020, stack(0x0000006aa7100000,0x0000006aa7200000)]
  0x0000022978a7ddf0 JavaThread "C1 CompilerThread0" daemon [_thread_blocked, id=12116, stack(0x0000006aa7200000,0x0000006aa7300000)]
  0x000002297945ff40 JavaThread "Sweeper thread" daemon [_thread_blocked, id=3440, stack(0x0000006aa7300000,0x0000006aa7400000)]
  0x000002297958e010 JavaThread "Common-Cleaner" daemon [_thread_blocked, id=17864, stack(0x0000006aa7400000,0x0000006aa7500000)]
  0x000002297958e4e0 JavaThread "Notification Thread" daemon [_thread_blocked, id=9628, stack(0x0000006aa7500000,0x0000006aa7600000)]
  0x000002297a2229c0 JavaThread "Daemon health stats" [_thread_blocked, id=1192, stack(0x0000006aa7800000,0x0000006aa7900000)]
  0x000002297a71cc10 JavaThread "Incoming local TCP Connector on port 50238" [_thread_in_native, id=17600, stack(0x0000006aa7900000,0x0000006aa7a00000)]
  0x000002297adbfe60 JavaThread "Daemon periodic checks" [_thread_blocked, id=12704, stack(0x0000006aa7a00000,0x0000006aa7b00000)]
  0x000002297ada93a0 JavaThread "Daemon" [_thread_blocked, id=13092, stack(0x0000006aa7b00000,0x0000006aa7c00000)]
  0x000002297afa10f0 JavaThread "Handler for socket connection from /127.0.0.1:50238 to /127.0.0.1:50239" [_thread_in_native, id=15872, stack(0x0000006aa7c00000,0x0000006aa7d00000)]
  0x000002297a803b40 JavaThread "Cancel handler" [_thread_blocked, id=1368, stack(0x0000006aa7d00000,0x0000006aa7e00000)]
  0x0000022979f32f50 JavaThread "Daemon worker" [_thread_in_vm, id=9824, stack(0x0000006aa7e00000,0x0000006aa7f00000)]
  0x000002297a7d8090 JavaThread "Asynchronous log dispatcher for DefaultDaemonConnection: socket connection from /127.0.0.1:50238 to /127.0.0.1:50239" [_thread_blocked, id=14052, stack(0x0000006aa7f00000,0x0000006aa8000000)]
  0x000002297a7d7220 JavaThread "Stdin handler" [_thread_blocked, id=5276, stack(0x0000006aa8000000,0x0000006aa8100000)]
  0x000002297a7d5540 JavaThread "Daemon client event forwarder" [_thread_blocked, id=1556, stack(0x0000006aa8100000,0x0000006aa8200000)]
  0x000002297a7d76f0 JavaThread "Cache worker for journal cache (C:\Users\PC\.gradle\caches\journal-1)" [_thread_blocked, id=10788, stack(0x0000006aa8200000,0x0000006aa8300000)]
  0x000002297a7d6d50 JavaThread "File lock request listener" [_thread_in_native, id=20316, stack(0x0000006aa8300000,0x0000006aa8400000)]
  0x000002297a7d63b0 JavaThread "Cache worker for file hash cache (C:\Users\PC\.gradle\caches\8.0\fileHashes)" [_thread_blocked, id=20388, stack(0x0000006aa8400000,0x0000006aa8500000)]
  0x000002297a7d7bc0 JavaThread "File watcher server" daemon [_thread_in_native, id=18720, stack(0x0000006aa8500000,0x0000006aa8600000)]
  0x000002297a7d6880 JavaThread "File watcher consumer" daemon [_thread_blocked, id=9820, stack(0x0000006aa8600000,0x0000006aa8700000)]
  0x000002297a7d8560 JavaThread "jar transforms" [_thread_blocked, id=6516, stack(0x0000006aa8700000,0x0000006aa8800000)]
  0x000002297a7d8a30 JavaThread "jar transforms Thread 2" [_thread_blocked, id=11988, stack(0x0000006aa8800000,0x0000006aa8900000)]
  0x000002297a7d5070 JavaThread "Cache worker for checksums cache (D:\MyApp7\.gradle\8.0\checksums)" [_thread_blocked, id=18692, stack(0x0000006aa8900000,0x0000006aa8a00000)]
  0x000002297a7d5a10 JavaThread "Cache worker for cache directory md-rule (C:\Users\PC\.gradle\caches\8.0\md-rule)" [_thread_blocked, id=19608, stack(0x0000006aa8a00000,0x0000006aa8b00000)]
  0x000002297a7d5ee0 JavaThread "Cache worker for file content cache (C:\Users\PC\.gradle\caches\8.0\fileContent)" [_thread_blocked, id=19564, stack(0x0000006aa8b00000,0x0000006aa8c00000)]
  0x000002297a055a00 JavaThread "Cache worker for file hash cache (D:\MyApp7\.gradle\8.0\fileHashes)" [_thread_blocked, id=8112, stack(0x0000006aa8c00000,0x0000006aa8d00000)]
  0x000002297a057bb0 JavaThread "Cache worker for cache directory md-supplier (C:\Users\PC\.gradle\caches\8.0\md-supplier)" [_thread_blocked, id=9992, stack(0x0000006aa8d00000,0x0000006aa8e00000)]
  0x000002297a056870 JavaThread "Cache worker for execution history cache (C:\Users\PC\.gradle\caches\8.0\executionHistory)" [_thread_blocked, id=7484, stack(0x0000006aa8e00000,0x0000006aa8f00000)]
  0x000002297a058080 JavaThread "Cache worker for kotlin-dsl (C:\Users\PC\.gradle\caches\8.0\kotlin-dsl)" [_thread_blocked, id=8400, stack(0x0000006aa8f00000,0x0000006aa9000000)]
  0x000002297a055530 JavaThread "Cache worker for dependencies-accessors (D:\MyApp7\.gradle\8.0\dependencies-accessors)" [_thread_blocked, id=9340, stack(0x0000006aa9000000,0x0000006aa9100000)]
  0x000002297d91c6c0 JavaThread "Cache worker for Build Output Cleanup Cache (D:\MyApp7\.gradle\buildOutputCleanup)" [_thread_blocked, id=19680, stack(0x0000006aa9100000,0x0000006aa9200000)]
  0x000002297d91a040 JavaThread "Unconstrained build operations" [_thread_blocked, id=17976, stack(0x0000006aa9200000,0x0000006aa9300000)]
  0x000002297d91da00 JavaThread "Unconstrained build operations Thread 2" [_thread_blocked, id=12008, stack(0x0000006aa9300000,0x0000006aa9400000)]
  0x000002297d91aeb0 JavaThread "Unconstrained build operations Thread 3" [_thread_blocked, id=2156, stack(0x0000006aa9400000,0x0000006aa9500000)]
  0x000002297d918830 JavaThread "Unconstrained build operations Thread 4" [_thread_blocked, id=15772, stack(0x0000006aa9500000,0x0000006aa9600000)]
  0x000002297d91b380 JavaThread "Unconstrained build operations Thread 5" [_thread_blocked, id=4160, stack(0x0000006aa9600000,0x0000006aa9700000)]
  0x000002297d919b70 JavaThread "Unconstrained build operations Thread 6" [_thread_blocked, id=12056, stack(0x0000006aa9700000,0x0000006aa9800000)]
  0x000002297d918d00 JavaThread "Unconstrained build operations Thread 7" [_thread_blocked, id=13036, stack(0x0000006aa9800000,0x0000006aa9900000)]
  0x000002297d91a510 JavaThread "Unconstrained build operations Thread 8" [_thread_blocked, id=12600, stack(0x0000006aa9900000,0x0000006aa9a00000)]
  0x000002297d91a9e0 JavaThread "Unconstrained build operations Thread 9" [_thread_blocked, id=10920, stack(0x0000006aa9a00000,0x0000006aa9b00000)]
  0x000002297d917020 JavaThread "Unconstrained build operations Thread 10" [_thread_blocked, id=19692, stack(0x0000006aa9b00000,0x0000006aa9c00000)]
  0x000002297d91d530 JavaThread "Unconstrained build operations Thread 11" [_thread_blocked, id=7220, stack(0x0000006aa9c00000,0x0000006aa9d00000)]
  0x000002297d918360 JavaThread "Unconstrained build operations Thread 12" [_thread_blocked, id=16708, stack(0x0000006aa9d00000,0x0000006aa9e00000)]
  0x000002297d91b850 JavaThread "Unconstrained build operations Thread 13" [_thread_blocked, id=20232, stack(0x0000006aa9e00000,0x0000006aa9f00000)]
  0x000002297d91cb90 JavaThread "Unconstrained build operations Thread 14" [_thread_blocked, id=11636, stack(0x0000006aa9f00000,0x0000006aaa000000)]
  0x000002297d91ded0 JavaThread "Unconstrained build operations Thread 15" [_thread_blocked, id=13864, stack(0x0000006aaa000000,0x0000006aaa100000)]
  0x000002297d91e3a0 JavaThread "Unconstrained build operations Thread 16" [_thread_blocked, id=11992, stack(0x0000006aaa100000,0x0000006aaa200000)]
  0x000002297d91c1f0 JavaThread "Unconstrained build operations Thread 17" [_thread_blocked, id=18304, stack(0x0000006aaa200000,0x0000006aaa300000)]
  0x000002297d91bd20 JavaThread "Unconstrained build operations Thread 18" [_thread_blocked, id=5752, stack(0x0000006aaa300000,0x0000006aaa400000)]
  0x000002297d91d060 JavaThread "Unconstrained build operations Thread 19" [_thread_blocked, id=10680, stack(0x0000006aaa400000,0x0000006aaa500000)]
  0x000002297d916b50 JavaThread "Unconstrained build operations Thread 20" [_thread_blocked, id=1216, stack(0x0000006aaa500000,0x0000006aaa600000)]
  0x000002297d9191d0 JavaThread "Memory manager" [_thread_blocked, id=15688, stack(0x0000006aaa600000,0x0000006aaa700000)]

Other Threads:
  0x0000022978a24b30 VMThread "VM Thread" [stack: 0x0000006aa6a00000,0x0000006aa6b00000] [id=12544]
  0x00000229795909c0 WatcherThread [stack: 0x0000006aa7600000,0x0000006aa7700000] [id=16404]
  0x000002296c9e2010 GCTaskThread "GC Thread#0" [stack: 0x0000006aa6500000,0x0000006aa6600000] [id=7632]
  0x000002297963d0b0 GCTaskThread "GC Thread#1" [stack: 0x0000006aa7700000,0x0000006aa7800000] [id=9112]
  0x000002296c9f2f50 ConcurrentGCThread "G1 Main Marker" [stack: 0x0000006aa6600000,0x0000006aa6700000] [id=10236]
  0x000002296c9f3960 ConcurrentGCThread "G1 Conc#0" [stack: 0x0000006aa6700000,0x0000006aa6800000] [id=2768]
  0x000002296ca4bd40 ConcurrentGCThread "G1 Refine#0" [stack: 0x0000006aa6800000,0x0000006aa6900000] [id=19268]
  0x000002296ca4c760 ConcurrentGCThread "G1 Service" [stack: 0x0000006aa6900000,0x0000006aa6a00000] [id=12300]

Threads with active compile tasks:
C2 CompilerThread0    53851 9133       4       java.lang.Class::privateGetPublicMethods (224 bytes)

VM state: not at safepoint (normal execution)

VM Mutex/Monitor currently owned by a thread: None

Heap address: 0x0000000080000000, size: 2048 MB, Compressed Oops mode: 32-bit

CDS archive(s) not mapped
Compressed class space mapped at: 0x0000000100000000-0x0000000140000000, reserved size: 1073741824
Narrow klass base: 0x0000000000000000, Narrow klass shift: 3, Narrow klass range: 0x140000000

GC Precious Log:
 CPUs: 2 total, 2 available
 Memory: 6020M
 Large Page Support: Disabled
 NUMA Support: Disabled
 Compressed Oops: Enabled (32-bit)
 Heap Region Size: 1M
 Heap Min Capacity: 8M
 Heap Initial Capacity: 96M
 Heap Max Capacity: 2G
 Pre-touch: Disabled
 Parallel Workers: 2
 Concurrent Workers: 1
 Concurrent Refinement Workers: 2
 Periodic GC: Disabled

Heap:
 garbage-first heap   total 252928K, used 154624K [0x0000000080000000, 0x0000000100000000)
  region size 1024K, 8 young (8192K), 7 survivors (7168K)
 Metaspace       used 102596K, committed 103296K, reserved 1138688K
  class space    used 13653K, committed 14016K, reserved 1048576K

Heap Regions: E=young(eden), S=young(survivor), O=old, HS=humongous(starts), HC=humongous(continues), CS=collection set, F=free, OA=open archive, CA=closed archive, TAMS=top-at-mark-start (previous, next)
|   0|0x0000000080000000, 0x0000000080100000, 0x0000000080100000|100%| O|  |TAMS 0x0000000080100000, 0x0000000080000000| Untracked 
|   1|0x0000000080100000, 0x0000000080200000, 0x0000000080200000|100%| O|  |TAMS 0x0000000080200000, 0x0000000080100000| Untracked 
|   2|0x0000000080200000, 0x0000000080300000, 0x0000000080300000|100%| O|  |TAMS 0x0000000080300000, 0x0000000080200000| Untracked 
|   3|0x0000000080300000, 0x0000000080400000, 0x0000000080400000|100%|HS|  |TAMS 0x0000000080400000, 0x0000000080300000| Complete 
|   4|0x0000000080400000, 0x0000000080500000, 0x0000000080500000|100%|HC|  |TAMS 0x0000000080500000, 0x0000000080400000| Complete 
|   5|0x0000000080500000, 0x0000000080600000, 0x0000000080600000|100%|HC|  |TAMS 0x0000000080600000, 0x0000000080500000| Complete 
|   6|0x0000000080600000, 0x0000000080700000, 0x0000000080700000|100%|HC|  |TAMS 0x0000000080700000, 0x0000000080600000| Complete 
|   7|0x0000000080700000, 0x0000000080800000, 0x0000000080800000|100%| O|  |TAMS 0x0000000080800000, 0x0000000080700000| Untracked 
|   8|0x0000000080800000, 0x0000000080900000, 0x0000000080900000|100%| O|  |TAMS 0x0000000080900000, 0x0000000080800000| Untracked 
|   9|0x0000000080900000, 0x0000000080a00000, 0x0000000080a00000|100%| O|  |TAMS 0x0000000080a00000, 0x0000000080900000| Untracked 
|  10|0x0000000080a00000, 0x0000000080b00000, 0x0000000080b00000|100%| O|  |TAMS 0x0000000080b00000, 0x0000000080a00000| Untracked 
|  11|0x0000000080b00000, 0x0000000080c00000, 0x0000000080c00000|100%| O|  |TAMS 0x0000000080c00000, 0x0000000080b00000| Untracked 
|  12|0x0000000080c00000, 0x0000000080d00000, 0x0000000080d00000|100%| O|  |TAMS 0x0000000080d00000, 0x0000000080c00000| Untracked 
|  13|0x0000000080d00000, 0x0000000080e00000, 0x0000000080e00000|100%| O|  |TAMS 0x0000000080e00000, 0x0000000080d00000| Untracked 
|  14|0x0000000080e00000, 0x0000000080f00000, 0x0000000080f00000|100%| O|  |TAMS 0x0000000080f00000, 0x0000000080e00000| Untracked 
|  15|0x0000000080f00000, 0x0000000081000000, 0x0000000081000000|100%| O|  |TAMS 0x0000000081000000, 0x0000000080f00000| Untracked 
|  16|0x0000000081000000, 0x0000000081100000, 0x0000000081100000|100%| O|  |TAMS 0x0000000081100000, 0x0000000081000000| Untracked 
|  17|0x0000000081100000, 0x0000000081200000, 0x0000000081200000|100%| O|  |TAMS 0x0000000081200000, 0x0000000081100000| Untracked 
|  18|0x0000000081200000, 0x0000000081300000, 0x0000000081300000|100%| O|  |TAMS 0x0000000081300000, 0x0000000081200000| Untracked 
|  19|0x0000000081300000, 0x0000000081400000, 0x0000000081400000|100%|HS|  |TAMS 0x0000000081400000, 0x0000000081300000| Complete 
|  20|0x0000000081400000, 0x0000000081500000, 0x0000000081500000|100%|HC|  |TAMS 0x0000000081500000, 0x0000000081400000| Complete 
|  21|0x0000000081500000, 0x0000000081600000, 0x0000000081600000|100%| O|  |TAMS 0x0000000081600000, 0x0000000081500000| Untracked 
|  22|0x0000000081600000, 0x0000000081700000, 0x0000000081700000|100%|HS|  |TAMS 0x0000000081700000, 0x0000000081600000| Complete 
|  23|0x0000000081700000, 0x0000000081800000, 0x0000000081800000|100%| O|  |TAMS 0x0000000081800000, 0x0000000081700000| Untracked 
|  24|0x0000000081800000, 0x0000000081900000, 0x0000000081900000|100%| O|  |TAMS 0x0000000081900000, 0x0000000081800000| Untracked 
|  25|0x0000000081900000, 0x0000000081a00000, 0x0000000081a00000|100%| O|  |TAMS 0x0000000081a00000, 0x0000000081900000| Untracked 
|  26|0x0000000081a00000, 0x0000000081b00000, 0x0000000081b00000|100%|HS|  |TAMS 0x0000000081b00000, 0x0000000081a00000| Complete 
|  27|0x0000000081b00000, 0x0000000081c00000, 0x0000000081c00000|100%|HC|  |TAMS 0x0000000081c00000, 0x0000000081b00000| Complete 
|  28|0x0000000081c00000, 0x0000000081d00000, 0x0000000081d00000|100%|HC|  |TAMS 0x0000000081d00000, 0x0000000081c00000| Complete 
|  29|0x0000000081d00000, 0x0000000081e00000, 0x0000000081e00000|100%|HS|  |TAMS 0x0000000081e00000, 0x0000000081d00000| Complete 
|  30|0x0000000081e00000, 0x0000000081f00000, 0x0000000081f00000|100%|HC|  |TAMS 0x0000000081f00000, 0x0000000081e00000| Complete 
|  31|0x0000000081f00000, 0x0000000082000000, 0x0000000082000000|100%|HC|  |TAMS 0x0000000082000000, 0x0000000081f00000| Complete 
|  32|0x0000000082000000, 0x0000000082100000, 0x0000000082100000|100%| O|  |TAMS 0x0000000082100000, 0x0000000082000000| Untracked 
|  33|0x0000000082100000, 0x0000000082200000, 0x0000000082200000|100%|HS|  |TAMS 0x0000000082200000, 0x0000000082100000| Complete 
|  34|0x0000000082200000, 0x0000000082300000, 0x0000000082300000|100%|HC|  |TAMS 0x0000000082300000, 0x0000000082200000| Complete 
|  35|0x0000000082300000, 0x0000000082400000, 0x0000000082400000|100%| O|  |TAMS 0x0000000082400000, 0x0000000082300000| Untracked 
|  36|0x0000000082400000, 0x0000000082500000, 0x0000000082500000|100%| O|  |TAMS 0x0000000082500000, 0x0000000082400000| Untracked 
|  37|0x0000000082500000, 0x0000000082600000, 0x0000000082600000|100%| O|  |TAMS 0x0000000082600000, 0x0000000082500000| Untracked 
|  38|0x0000000082600000, 0x0000000082700000, 0x0000000082700000|100%| O|  |TAMS 0x0000000082700000, 0x0000000082600000| Untracked 
|  39|0x0000000082700000, 0x0000000082800000, 0x0000000082800000|100%| O|  |TAMS 0x0000000082800000, 0x0000000082700000| Untracked 
|  40|0x0000000082800000, 0x0000000082900000, 0x0000000082900000|100%| O|  |TAMS 0x0000000082900000, 0x0000000082800000| Untracked 
|  41|0x0000000082900000, 0x0000000082a00000, 0x0000000082a00000|100%|HS|  |TAMS 0x0000000082a00000, 0x0000000082900000| Complete 
|  42|0x0000000082a00000, 0x0000000082b00000, 0x0000000082b00000|100%|HC|  |TAMS 0x0000000082b00000, 0x0000000082a00000| Complete 
|  43|0x0000000082b00000, 0x0000000082c00000, 0x0000000082c00000|100%|HC|  |TAMS 0x0000000082c00000, 0x0000000082b00000| Complete 
|  44|0x0000000082c00000, 0x0000000082d00000, 0x0000000082d00000|100%|HC|  |TAMS 0x0000000082d00000, 0x0000000082c00000| Complete 
|  45|0x0000000082d00000, 0x0000000082e00000, 0x0000000082e00000|100%|HC|  |TAMS 0x0000000082e00000, 0x0000000082d00000| Complete 
|  46|0x0000000082e00000, 0x0000000082f00000, 0x0000000082f00000|100%|HC|  |TAMS 0x0000000082f00000, 0x0000000082e00000| Complete 
|  47|0x0000000082f00000, 0x0000000083000000, 0x0000000083000000|100%|HC|  |TAMS 0x0000000083000000, 0x0000000082f00000| Complete 
|  48|0x0000000083000000, 0x0000000083100000, 0x0000000083100000|100%|HC|  |TAMS 0x0000000083100000, 0x0000000083000000| Complete 
|  49|0x0000000083100000, 0x0000000083200000, 0x0000000083200000|100%|HC|  |TAMS 0x0000000083200000, 0x0000000083100000| Complete 
|  50|0x0000000083200000, 0x0000000083300000, 0x0000000083300000|100%|HC|  |TAMS 0x0000000083300000, 0x0000000083200000| Complete 
|  51|0x0000000083300000, 0x0000000083400000, 0x0000000083400000|100%|HC|  |TAMS 0x0000000083400000, 0x0000000083300000| Complete 
|  52|0x0000000083400000, 0x0000000083500000, 0x0000000083500000|100%|HC|  |TAMS 0x0000000083500000, 0x0000000083400000| Complete 
|  53|0x0000000083500000, 0x0000000083600000, 0x0000000083600000|100%| O|  |TAMS 0x0000000083600000, 0x0000000083500000| Untracked 
|  54|0x0000000083600000, 0x0000000083700000, 0x0000000083700000|100%| O|  |TAMS 0x0000000083700000, 0x0000000083600000| Untracked 
|  55|0x0000000083700000, 0x0000000083800000, 0x0000000083800000|100%| O|  |TAMS 0x0000000083800000, 0x0000000083700000| Untracked 
|  56|0x0000000083800000, 0x0000000083900000, 0x0000000083900000|100%| O|  |TAMS 0x0000000083900000, 0x0000000083800000| Untracked 
|  57|0x0000000083900000, 0x0000000083a00000, 0x0000000083a00000|100%| O|  |TAMS 0x0000000083a00000, 0x0000000083900000| Untracked 
|  58|0x0000000083a00000, 0x0000000083b00000, 0x0000000083b00000|100%| O|  |TAMS 0x0000000083b00000, 0x0000000083a00000| Untracked 
|  59|0x0000000083b00000, 0x0000000083c00000, 0x0000000083c00000|100%| O|  |TAMS 0x0000000083c00000, 0x0000000083b00000| Untracked 
|  60|0x0000000083c00000, 0x0000000083d00000, 0x0000000083d00000|100%|HS|  |TAMS 0x0000000083d00000, 0x0000000083c00000| Complete 
|  61|0x0000000083d00000, 0x0000000083e00000, 0x0000000083e00000|100%|HC|  |TAMS 0x0000000083e00000, 0x0000000083d00000| Complete 
|  62|0x0000000083e00000, 0x0000000083f00000, 0x0000000083f00000|100%|HC|  |TAMS 0x0000000083f00000, 0x0000000083e00000| Complete 
|  63|0x0000000083f00000, 0x0000000084000000, 0x0000000084000000|100%|HS|  |TAMS 0x0000000084000000, 0x0000000083f00000| Complete 
|  64|0x0000000084000000, 0x0000000084100000, 0x0000000084100000|100%|HC|  |TAMS 0x0000000084100000, 0x0000000084000000| Complete 
|  65|0x0000000084100000, 0x0000000084200000, 0x0000000084200000|100%|HC|  |TAMS 0x0000000084200000, 0x0000000084100000| Complete 
|  66|0x0000000084200000, 0x0000000084300000, 0x0000000084300000|100%| O|  |TAMS 0x0000000084300000, 0x0000000084200000| Untracked 
|  67|0x0000000084300000, 0x0000000084400000, 0x0000000084400000|100%| O|  |TAMS 0x0000000084400000, 0x0000000084300000| Untracked 
|  68|0x0000000084400000, 0x0000000084500000, 0x0000000084500000|100%| O|  |TAMS 0x0000000084500000, 0x0000000084400000| Complete 
|  69|0x0000000084500000, 0x0000000084600000, 0x0000000084600000|100%| O|  |TAMS 0x0000000084600000, 0x0000000084500000| Untracked 
|  70|0x0000000084600000, 0x0000000084700000, 0x0000000084700000|100%| O|  |TAMS 0x0000000084700000, 0x0000000084600000| Untracked 
|  71|0x0000000084700000, 0x0000000084800000, 0x0000000084800000|100%|HS|  |TAMS 0x0000000084800000, 0x0000000084700000| Complete 
|  72|0x0000000084800000, 0x0000000084900000, 0x0000000084900000|100%|HS|  |TAMS 0x0000000084900000, 0x0000000084800000| Complete 
|  73|0x0000000084900000, 0x0000000084a00000, 0x0000000084a00000|100%|HC|  |TAMS 0x0000000084a00000, 0x0000000084900000| Complete 
|  74|0x0000000084a00000, 0x0000000084b00000, 0x0000000084b00000|100%|HS|  |TAMS 0x0000000084b00000, 0x0000000084a00000| Complete 
|  75|0x0000000084b00000, 0x0000000084c00000, 0x0000000084c00000|100%|HS|  |TAMS 0x0000000084c00000, 0x0000000084b00000| Complete 
|  76|0x0000000084c00000, 0x0000000084d00000, 0x0000000084d00000|100%|HC|  |TAMS 0x0000000084d00000, 0x0000000084c00000| Complete 
|  77|0x0000000084d00000, 0x0000000084e00000, 0x0000000084e00000|100%|HC|  |TAMS 0x0000000084e00000, 0x0000000084d00000| Complete 
|  78|0x0000000084e00000, 0x0000000084f00000, 0x0000000084f00000|100%|HC|  |TAMS 0x0000000084f00000, 0x0000000084e00000| Complete 
|  79|0x0000000084f00000, 0x0000000085000000, 0x0000000085000000|100%| O|  |TAMS 0x0000000085000000, 0x0000000084f00000| Untracked 
|  80|0x0000000085000000, 0x0000000085100000, 0x0000000085100000|100%| O|  |TAMS 0x0000000085100000, 0x0000000085000000| Untracked 
|  81|0x0000000085100000, 0x0000000085200000, 0x0000000085200000|100%| O|  |TAMS 0x0000000085200000, 0x0000000085100000| Untracked 
|  82|0x0000000085200000, 0x0000000085300000, 0x0000000085300000|100%| O|  |TAMS 0x0000000085300000, 0x0000000085200000| Complete 
|  83|0x0000000085300000, 0x0000000085400000, 0x0000000085400000|100%| O|  |TAMS 0x0000000085400000, 0x0000000085300000| Untracked 
|  84|0x0000000085400000, 0x0000000085500000, 0x0000000085500000|100%| O|  |TAMS 0x0000000085500000, 0x0000000085400000| Untracked 
|  85|0x0000000085500000, 0x0000000085600000, 0x0000000085600000|100%| O|  |TAMS 0x0000000085600000, 0x0000000085500000| Untracked 
|  86|0x0000000085600000, 0x0000000085700000, 0x0000000085700000|100%| O|  |TAMS 0x0000000085700000, 0x0000000085600000| Untracked 
|  87|0x0000000085700000, 0x0000000085800000, 0x0000000085800000|100%| O|  |TAMS 0x0000000085800000, 0x0000000085700000| Untracked 
|  88|0x0000000085800000, 0x0000000085900000, 0x0000000085900000|100%| O|  |TAMS 0x0000000085900000, 0x0000000085800000| Untracked 
|  89|0x0000000085900000, 0x0000000085a00000, 0x0000000085a00000|100%| O|  |TAMS 0x0000000085a00000, 0x0000000085900000| Untracked 
|  90|0x0000000085a00000, 0x0000000085b00000, 0x0000000085b00000|100%| O|  |TAMS 0x0000000085b00000, 0x0000000085a00000| Untracked 
|  91|0x0000000085b00000, 0x0000000085c00000, 0x0000000085c00000|100%| O|  |TAMS 0x0000000085c00000, 0x0000000085b00000| Untracked 
|  92|0x0000000085c00000, 0x0000000085d00000, 0x0000000085d00000|100%| O|  |TAMS 0x0000000085d00000, 0x0000000085c00000| Untracked 
|  93|0x0000000085d00000, 0x0000000085e00000, 0x0000000085e00000|100%| O|  |TAMS 0x0000000085e00000, 0x0000000085d00000| Untracked 
|  94|0x0000000085e00000, 0x0000000085f00000, 0x0000000085f00000|100%| O|  |TAMS 0x0000000085f00000, 0x0000000085e00000| Untracked 
|  95|0x0000000085f00000, 0x0000000086000000, 0x0000000086000000|100%| O|  |TAMS 0x0000000086000000, 0x0000000085f00000| Untracked 
|  96|0x0000000086000000, 0x0000000086100000, 0x0000000086100000|100%| O|  |TAMS 0x0000000086100000, 0x0000000086000000| Untracked 
|  97|0x0000000086100000, 0x0000000086200000, 0x0000000086200000|100%| O|  |TAMS 0x0000000086200000, 0x0000000086100000| Untracked 
|  98|0x0000000086200000, 0x0000000086300000, 0x0000000086300000|100%| O|  |TAMS 0x0000000086300000, 0x0000000086200000| Untracked 
|  99|0x0000000086300000, 0x0000000086400000, 0x0000000086400000|100%| O|  |TAMS 0x0000000086400000, 0x0000000086300000| Untracked 
| 100|0x0000000086400000, 0x0000000086500000, 0x0000000086500000|100%| O|  |TAMS 0x0000000086500000, 0x0000000086400000| Untracked 
| 101|0x0000000086500000, 0x0000000086600000, 0x0000000086600000|100%| O|  |TAMS 0x0000000086600000, 0x0000000086500000| Untracked 
| 102|0x0000000086600000, 0x0000000086700000, 0x0000000086700000|100%| O|  |TAMS 0x0000000086700000, 0x0000000086600000| Untracked 
| 103|0x0000000086700000, 0x0000000086800000, 0x0000000086800000|100%| O|  |TAMS 0x0000000086800000, 0x0000000086700000| Untracked 
| 104|0x0000000086800000, 0x0000000086900000, 0x0000000086900000|100%| O|  |TAMS 0x0000000086900000, 0x0000000086800000| Untracked 
| 105|0x0000000086900000, 0x0000000086a00000, 0x0000000086a00000|100%| O|  |TAMS 0x0000000086a00000, 0x0000000086900000| Untracked 
| 106|0x0000000086a00000, 0x0000000086b00000, 0x0000000086b00000|100%|HS|  |TAMS 0x0000000086b00000, 0x0000000086a00000| Complete 
| 107|0x0000000086b00000, 0x0000000086c00000, 0x0000000086c00000|100%|HC|  |TAMS 0x0000000086c00000, 0x0000000086b00000| Complete 
| 108|0x0000000086c00000, 0x0000000086d00000, 0x0000000086d00000|100%|HC|  |TAMS 0x0000000086d00000, 0x0000000086c00000| Complete 
| 109|0x0000000086d00000, 0x0000000086e00000, 0x0000000086e00000|100%|HC|  |TAMS 0x0000000086e00000, 0x0000000086d00000| Complete 
| 110|0x0000000086e00000, 0x0000000086f00000, 0x0000000086f00000|100%| O|  |TAMS 0x0000000086f00000, 0x0000000086e00000| Untracked 
| 111|0x0000000086f00000, 0x0000000087000000, 0x0000000087000000|100%| O|  |TAMS 0x0000000087000000, 0x0000000086f00000| Untracked 
| 112|0x0000000087000000, 0x0000000087100000, 0x0000000087100000|100%| O|  |TAMS 0x0000000087100000, 0x0000000087000000| Untracked 
| 113|0x0000000087100000, 0x0000000087200000, 0x0000000087200000|100%| O|  |TAMS 0x0000000087200000, 0x0000000087100000| Untracked 
| 114|0x0000000087200000, 0x0000000087300000, 0x0000000087300000|100%| O|  |TAMS 0x0000000087300000, 0x0000000087200000| Untracked 
| 115|0x0000000087300000, 0x0000000087400000, 0x0000000087400000|100%| O|  |TAMS 0x0000000087400000, 0x0000000087300000| Untracked 
| 116|0x0000000087400000, 0x0000000087500000, 0x0000000087500000|100%| O|  |TAMS 0x0000000087500000, 0x0000000087400000| Untracked 
| 117|0x0000000087500000, 0x0000000087600000, 0x0000000087600000|100%| O|  |TAMS 0x0000000087600000, 0x0000000087500000| Untracked 
| 118|0x0000000087600000, 0x0000000087700000, 0x0000000087700000|100%| O|  |TAMS 0x0000000087700000, 0x0000000087600000| Untracked 
| 119|0x0000000087700000, 0x0000000087800000, 0x0000000087800000|100%| O|  |TAMS 0x0000000087800000, 0x0000000087700000| Untracked 
| 120|0x0000000087800000, 0x0000000087900000, 0x0000000087900000|100%| O|  |TAMS 0x0000000087900000, 0x0000000087800000| Untracked 
| 121|0x0000000087900000, 0x0000000087a00000, 0x0000000087a00000|100%| O|  |TAMS 0x0000000087a00000, 0x0000000087900000| Untracked 
| 122|0x0000000087a00000, 0x0000000087b00000, 0x0000000087b00000|100%| O|  |TAMS 0x0000000087b00000, 0x0000000087a00000| Untracked 
| 123|0x0000000087b00000, 0x0000000087c00000, 0x0000000087c00000|100%| O|  |TAMS 0x0000000087c00000, 0x0000000087b00000| Untracked 
| 124|0x0000000087c00000, 0x0000000087d00000, 0x0000000087d00000|100%| O|  |TAMS 0x0000000087d00000, 0x0000000087c00000| Untracked 
| 125|0x0000000087d00000, 0x0000000087e00000, 0x0000000087e00000|100%| O|  |TAMS 0x0000000087e00000, 0x0000000087d00000| Untracked 
| 126|0x0000000087e00000, 0x0000000087f00000, 0x0000000087f00000|100%| O|  |TAMS 0x0000000087f00000, 0x0000000087e00000| Untracked 
| 127|0x0000000087f00000, 0x0000000088000000, 0x0000000088000000|100%| O|  |TAMS 0x0000000088000000, 0x0000000087f00000| Untracked 
| 128|0x0000000088000000, 0x0000000088100000, 0x0000000088100000|100%| O|  |TAMS 0x0000000088080000, 0x0000000088000000| Untracked 
| 129|0x0000000088100000, 0x0000000088200000, 0x0000000088200000|100%| O|  |TAMS 0x0000000088100000, 0x0000000088100000| Untracked 
| 130|0x0000000088200000, 0x0000000088300000, 0x0000000088300000|100%| O|  |TAMS 0x0000000088200000, 0x0000000088200000| Untracked 
| 131|0x0000000088300000, 0x0000000088400000, 0x0000000088400000|100%| O|  |TAMS 0x0000000088300000, 0x0000000088300000| Untracked 
| 132|0x0000000088400000, 0x0000000088500000, 0x0000000088500000|100%| O|  |TAMS 0x0000000088400000, 0x0000000088400000| Untracked 
| 133|0x0000000088500000, 0x0000000088600000, 0x0000000088600000|100%| O|  |TAMS 0x0000000088500000, 0x0000000088500000| Untracked 
| 134|0x0000000088600000, 0x0000000088700000, 0x0000000088700000|100%| O|  |TAMS 0x0000000088600000, 0x0000000088600000| Untracked 
| 135|0x0000000088700000, 0x0000000088800000, 0x0000000088800000|100%| O|  |TAMS 0x0000000088700000, 0x0000000088700000| Untracked 
| 136|0x0000000088800000, 0x0000000088900000, 0x0000000088900000|100%| O|  |TAMS 0x0000000088800000, 0x0000000088800000| Untracked 
| 137|0x0000000088900000, 0x0000000088a00000, 0x0000000088a00000|100%|HS|  |TAMS 0x0000000088900000, 0x0000000088900000| Complete 
| 138|0x0000000088a00000, 0x0000000088b00000, 0x0000000088b00000|100%|HC|  |TAMS 0x0000000088a00000, 0x0000000088a00000| Complete 
| 139|0x0000000088b00000, 0x0000000088c00000, 0x0000000088c00000|100%|HC|  |TAMS 0x0000000088b00000, 0x0000000088b00000| Complete 
| 140|0x0000000088c00000, 0x0000000088d00000, 0x0000000088d00000|100%|HC|  |TAMS 0x0000000088c00000, 0x0000000088c00000| Complete 
| 141|0x0000000088d00000, 0x0000000088e00000, 0x0000000088e00000|100%|HC|  |TAMS 0x0000000088d00000, 0x0000000088d00000| Complete 
| 142|0x0000000088e00000, 0x0000000088f00000, 0x0000000088f00000|100%|HC|  |TAMS 0x0000000088e00000, 0x0000000088e00000| Complete 
| 143|0x0000000088f00000, 0x0000000089000000, 0x0000000089000000|100%| O|  |TAMS 0x0000000088f00000, 0x0000000088f00000| Untracked 
| 144|0x0000000089000000, 0x0000000089000000, 0x0000000089100000|  0%| F|  |TAMS 0x0000000089000000, 0x0000000089000000| Untracked 
| 145|0x0000000089100000, 0x0000000089100000, 0x0000000089200000|  0%| F|  |TAMS 0x0000000089100000, 0x0000000089100000| Untracked 
| 146|0x0000000089200000, 0x0000000089200000, 0x0000000089300000|  0%| F|  |TAMS 0x0000000089200000, 0x0000000089200000| Untracked 
| 147|0x0000000089300000, 0x0000000089300000, 0x0000000089400000|  0%| F|  |TAMS 0x0000000089300000, 0x0000000089300000| Untracked 
| 148|0x0000000089400000, 0x0000000089400000, 0x0000000089500000|  0%| F|  |TAMS 0x0000000089400000, 0x0000000089400000| Untracked 
| 149|0x0000000089500000, 0x0000000089500000, 0x0000000089600000|  0%| F|  |TAMS 0x0000000089500000, 0x0000000089500000| Untracked 
| 150|0x0000000089600000, 0x0000000089600000, 0x0000000089700000|  0%| F|  |TAMS 0x0000000089600000, 0x0000000089600000| Untracked 
| 151|0x0000000089700000, 0x0000000089700000, 0x0000000089800000|  0%| F|  |TAMS 0x0000000089700000, 0x0000000089700000| Untracked 
| 152|0x0000000089800000, 0x0000000089800000, 0x0000000089900000|  0%| F|  |TAMS 0x0000000089800000, 0x0000000089800000| Untracked 
| 153|0x0000000089900000, 0x0000000089900000, 0x0000000089a00000|  0%| F|  |TAMS 0x0000000089900000, 0x0000000089900000| Untracked 
| 154|0x0000000089a00000, 0x0000000089a00000, 0x0000000089b00000|  0%| F|  |TAMS 0x0000000089a00000, 0x0000000089a00000| Untracked 
| 155|0x0000000089b00000, 0x0000000089b00000, 0x0000000089c00000|  0%| F|  |TAMS 0x0000000089b00000, 0x0000000089b00000| Untracked 
| 156|0x0000000089c00000, 0x0000000089c00000, 0x0000000089d00000|  0%| F|  |TAMS 0x0000000089c00000, 0x0000000089c00000| Untracked 
| 157|0x0000000089d00000, 0x0000000089d00000, 0x0000000089e00000|  0%| F|  |TAMS 0x0000000089d00000, 0x0000000089d00000| Untracked 
| 158|0x0000000089e00000, 0x0000000089e00000, 0x0000000089f00000|  0%| F|  |TAMS 0x0000000089e00000, 0x0000000089e00000| Untracked 
| 159|0x0000000089f00000, 0x0000000089f00000, 0x000000008a000000|  0%| F|  |TAMS 0x0000000089f00000, 0x0000000089f00000| Untracked 
| 160|0x000000008a000000, 0x000000008a000000, 0x000000008a100000|  0%| F|  |TAMS 0x000000008a000000, 0x000000008a000000| Untracked 
| 161|0x000000008a100000, 0x000000008a100000, 0x000000008a200000|  0%| F|  |TAMS 0x000000008a100000, 0x000000008a100000| Untracked 
| 162|0x000000008a200000, 0x000000008a200000, 0x000000008a300000|  0%| F|  |TAMS 0x000000008a200000, 0x000000008a200000| Untracked 
| 163|0x000000008a300000, 0x000000008a300000, 0x000000008a400000|  0%| F|  |TAMS 0x000000008a300000, 0x000000008a300000| Untracked 
| 164|0x000000008a400000, 0x000000008a400000, 0x000000008a500000|  0%| F|  |TAMS 0x000000008a400000, 0x000000008a400000| Untracked 
| 165|0x000000008a500000, 0x000000008a500000, 0x000000008a600000|  0%| F|  |TAMS 0x000000008a500000, 0x000000008a500000| Untracked 
| 166|0x000000008a600000, 0x000000008a600000, 0x000000008a700000|  0%| F|  |TAMS 0x000000008a600000, 0x000000008a600000| Untracked 
| 167|0x000000008a700000, 0x000000008a700000, 0x000000008a800000|  0%| F|  |TAMS 0x000000008a700000, 0x000000008a700000| Untracked 
| 168|0x000000008a800000, 0x000000008a800000, 0x000000008a900000|  0%| F|  |TAMS 0x000000008a800000, 0x000000008a800000| Untracked 
| 169|0x000000008a900000, 0x000000008a900000, 0x000000008aa00000|  0%| F|  |TAMS 0x000000008a900000, 0x000000008a900000| Untracked 
| 170|0x000000008aa00000, 0x000000008aa00000, 0x000000008ab00000|  0%| F|  |TAMS 0x000000008aa00000, 0x000000008aa00000| Untracked 
| 171|0x000000008ab00000, 0x000000008ab00000, 0x000000008ac00000|  0%| F|  |TAMS 0x000000008ab00000, 0x000000008ab00000| Untracked 
| 172|0x000000008ac00000, 0x000000008ac00000, 0x000000008ad00000|  0%| F|  |TAMS 0x000000008ac00000, 0x000000008ac00000| Untracked 
| 173|0x000000008ad00000, 0x000000008ad00000, 0x000000008ae00000|  0%| F|  |TAMS 0x000000008ad00000, 0x000000008ad00000| Untracked 
| 174|0x000000008ae00000, 0x000000008ae00000, 0x000000008af00000|  0%| F|  |TAMS 0x000000008ae00000, 0x000000008ae00000| Untracked 
| 175|0x000000008af00000, 0x000000008af00000, 0x000000008b000000|  0%| F|  |TAMS 0x000000008af00000, 0x000000008af00000| Untracked 
| 176|0x000000008b000000, 0x000000008b000000, 0x000000008b100000|  0%| F|  |TAMS 0x000000008b000000, 0x000000008b000000| Untracked 
| 177|0x000000008b100000, 0x000000008b100000, 0x000000008b200000|  0%| F|  |TAMS 0x000000008b100000, 0x000000008b100000| Untracked 
| 178|0x000000008b200000, 0x000000008b200000, 0x000000008b300000|  0%| F|  |TAMS 0x000000008b200000, 0x000000008b200000| Untracked 
| 179|0x000000008b300000, 0x000000008b300000, 0x000000008b400000|  0%| F|  |TAMS 0x000000008b300000, 0x000000008b300000| Untracked 
| 180|0x000000008b400000, 0x000000008b400000, 0x000000008b500000|  0%| F|  |TAMS 0x000000008b400000, 0x000000008b400000| Untracked 
| 181|0x000000008b500000, 0x000000008b500000, 0x000000008b600000|  0%| F|  |TAMS 0x000000008b500000, 0x000000008b500000| Untracked 
| 182|0x000000008b600000, 0x000000008b600000, 0x000000008b700000|  0%| F|  |TAMS 0x000000008b600000, 0x000000008b600000| Untracked 
| 183|0x000000008b700000, 0x000000008b700000, 0x000000008b800000|  0%| F|  |TAMS 0x000000008b700000, 0x000000008b700000| Untracked 
| 184|0x000000008b800000, 0x000000008b800000, 0x000000008b900000|  0%| F|  |TAMS 0x000000008b800000, 0x000000008b800000| Untracked 
| 185|0x000000008b900000, 0x000000008b900000, 0x000000008ba00000|  0%| F|  |TAMS 0x000000008b900000, 0x000000008b900000| Untracked 
| 186|0x000000008ba00000, 0x000000008ba00000, 0x000000008bb00000|  0%| F|  |TAMS 0x000000008ba00000, 0x000000008ba00000| Untracked 
| 187|0x000000008bb00000, 0x000000008bb00000, 0x000000008bc00000|  0%| F|  |TAMS 0x000000008bb00000, 0x000000008bb00000| Untracked 
| 188|0x000000008bc00000, 0x000000008bd00000, 0x000000008bd00000|100%| S|CS|TAMS 0x000000008bc00000, 0x000000008bc00000| Complete 
| 189|0x000000008bd00000, 0x000000008be00000, 0x000000008be00000|100%| S|CS|TAMS 0x000000008bd00000, 0x000000008bd00000| Complete 
| 190|0x000000008be00000, 0x000000008bf00000, 0x000000008bf00000|100%| S|CS|TAMS 0x000000008be00000, 0x000000008be00000| Complete 
| 191|0x000000008bf00000, 0x000000008c000000, 0x000000008c000000|100%| S|CS|TAMS 0x000000008bf00000, 0x000000008bf00000| Complete 
| 192|0x000000008c000000, 0x000000008c100000, 0x000000008c100000|100%| S|CS|TAMS 0x000000008c000000, 0x000000008c000000| Complete 
| 193|0x000000008c100000, 0x000000008c200000, 0x000000008c200000|100%| S|CS|TAMS 0x000000008c100000, 0x000000008c100000| Complete 
| 194|0x000000008c200000, 0x000000008c300000, 0x000000008c300000|100%| S|CS|TAMS 0x000000008c200000, 0x000000008c200000| Complete 
| 195|0x000000008c300000, 0x000000008c300000, 0x000000008c400000|  0%| F|  |TAMS 0x000000008c300000, 0x000000008c300000| Untracked 
| 196|0x000000008c400000, 0x000000008c400000, 0x000000008c500000|  0%| F|  |TAMS 0x000000008c400000, 0x000000008c400000| Untracked 
| 197|0x000000008c500000, 0x000000008c500000, 0x000000008c600000|  0%| F|  |TAMS 0x000000008c500000, 0x000000008c500000| Untracked 
| 198|0x000000008c600000, 0x000000008c600000, 0x000000008c700000|  0%| F|  |TAMS 0x000000008c600000, 0x000000008c600000| Untracked 
| 199|0x000000008c700000, 0x000000008c700000, 0x000000008c800000|  0%| F|  |TAMS 0x000000008c700000, 0x000000008c700000| Untracked 
| 200|0x000000008c800000, 0x000000008c800000, 0x000000008c900000|  0%| F|  |TAMS 0x000000008c800000, 0x000000008c800000| Untracked 
| 201|0x000000008c900000, 0x000000008c900000, 0x000000008ca00000|  0%| F|  |TAMS 0x000000008c900000, 0x000000008c900000| Untracked 
| 202|0x000000008ca00000, 0x000000008ca00000, 0x000000008cb00000|  0%| F|  |TAMS 0x000000008ca00000, 0x000000008ca00000| Untracked 
| 203|0x000000008cb00000, 0x000000008cb00000, 0x000000008cc00000|  0%| F|  |TAMS 0x000000008cb00000, 0x000000008cb00000| Untracked 
| 204|0x000000008cc00000, 0x000000008cc00000, 0x000000008cd00000|  0%| F|  |TAMS 0x000000008cc00000, 0x000000008cc00000| Untracked 
| 205|0x000000008cd00000, 0x000000008cd00000, 0x000000008ce00000|  0%| F|  |TAMS 0x000000008cd00000, 0x000000008cd00000| Untracked 
| 206|0x000000008ce00000, 0x000000008ce00000, 0x000000008cf00000|  0%| F|  |TAMS 0x000000008ce00000, 0x000000008ce00000| Untracked 
| 207|0x000000008cf00000, 0x000000008cf00000, 0x000000008d000000|  0%| F|  |TAMS 0x000000008cf00000, 0x000000008cf00000| Untracked 
| 208|0x000000008d000000, 0x000000008d000000, 0x000000008d100000|  0%| F|  |TAMS 0x000000008d000000, 0x000000008d000000| Untracked 
| 209|0x000000008d100000, 0x000000008d100000, 0x000000008d200000|  0%| F|  |TAMS 0x000000008d100000, 0x000000008d100000| Untracked 
| 210|0x000000008d200000, 0x000000008d200000, 0x000000008d300000|  0%| F|  |TAMS 0x000000008d200000, 0x000000008d200000| Untracked 
| 211|0x000000008d300000, 0x000000008d300000, 0x000000008d400000|  0%| F|  |TAMS 0x000000008d300000, 0x000000008d300000| Untracked 
| 212|0x000000008d400000, 0x000000008d400000, 0x000000008d500000|  0%| F|  |TAMS 0x000000008d400000, 0x000000008d400000| Untracked 
| 213|0x000000008d500000, 0x000000008d500000, 0x000000008d600000|  0%| F|  |TAMS 0x000000008d500000, 0x000000008d500000| Untracked 
| 214|0x000000008d600000, 0x000000008d600000, 0x000000008d700000|  0%| F|  |TAMS 0x000000008d600000, 0x000000008d600000| Untracked 
| 215|0x000000008d700000, 0x000000008d700000, 0x000000008d800000|  0%| F|  |TAMS 0x000000008d700000, 0x000000008d700000| Untracked 
| 216|0x000000008d800000, 0x000000008d800000, 0x000000008d900000|  0%| F|  |TAMS 0x000000008d800000, 0x000000008d800000| Untracked 
| 217|0x000000008d900000, 0x000000008d900000, 0x000000008da00000|  0%| F|  |TAMS 0x000000008d900000, 0x000000008d900000| Untracked 
| 218|0x000000008da00000, 0x000000008da00000, 0x000000008db00000|  0%| F|  |TAMS 0x000000008da00000, 0x000000008da00000| Untracked 
| 219|0x000000008db00000, 0x000000008db00000, 0x000000008dc00000|  0%| F|  |TAMS 0x000000008db00000, 0x000000008db00000| Untracked 
| 220|0x000000008dc00000, 0x000000008dc00000, 0x000000008dd00000|  0%| F|  |TAMS 0x000000008dc00000, 0x000000008dc00000| Untracked 
| 221|0x000000008dd00000, 0x000000008dd00000, 0x000000008de00000|  0%| F|  |TAMS 0x000000008dd00000, 0x000000008dd00000| Untracked 
| 222|0x000000008de00000, 0x000000008de00000, 0x000000008df00000|  0%| F|  |TAMS 0x000000008de00000, 0x000000008de00000| Untracked 
| 223|0x000000008df00000, 0x000000008df00000, 0x000000008e000000|  0%| F|  |TAMS 0x000000008df00000, 0x000000008df00000| Untracked 
| 224|0x000000008e000000, 0x000000008e000000, 0x000000008e100000|  0%| F|  |TAMS 0x000000008e000000, 0x000000008e000000| Untracked 
| 225|0x000000008e100000, 0x000000008e100000, 0x000000008e200000|  0%| F|  |TAMS 0x000000008e100000, 0x000000008e100000| Untracked 
| 226|0x000000008e200000, 0x000000008e200000, 0x000000008e300000|  0%| F|  |TAMS 0x000000008e200000, 0x000000008e200000| Untracked 
| 227|0x000000008e300000, 0x000000008e300000, 0x000000008e400000|  0%| F|  |TAMS 0x000000008e300000, 0x000000008e300000| Untracked 
| 228|0x000000008e400000, 0x000000008e400000, 0x000000008e500000|  0%| F|  |TAMS 0x000000008e400000, 0x000000008e400000| Untracked 
| 229|0x000000008e500000, 0x000000008e500000, 0x000000008e600000|  0%| F|  |TAMS 0x000000008e500000, 0x000000008e500000| Untracked 
| 230|0x000000008e600000, 0x000000008e600000, 0x000000008e700000|  0%| F|  |TAMS 0x000000008e600000, 0x000000008e600000| Untracked 
| 231|0x000000008e700000, 0x000000008e700000, 0x000000008e800000|  0%| F|  |TAMS 0x000000008e700000, 0x000000008e700000| Untracked 
| 232|0x000000008e800000, 0x000000008e800000, 0x000000008e900000|  0%| F|  |TAMS 0x000000008e800000, 0x000000008e800000| Untracked 
| 233|0x000000008e900000, 0x000000008e900000, 0x000000008ea00000|  0%| F|  |TAMS 0x000000008e900000, 0x000000008e900000| Untracked 
| 234|0x000000008ea00000, 0x000000008ea00000, 0x000000008eb00000|  0%| F|  |TAMS 0x000000008ea00000, 0x000000008ea00000| Untracked 
| 235|0x000000008eb00000, 0x000000008eb00000, 0x000000008ec00000|  0%| F|  |TAMS 0x000000008eb00000, 0x000000008eb00000| Untracked 
| 236|0x000000008ec00000, 0x000000008ec00000, 0x000000008ed00000|  0%| F|  |TAMS 0x000000008ec00000, 0x000000008ec00000| Untracked 
| 237|0x000000008ed00000, 0x000000008ed00000, 0x000000008ee00000|  0%| F|  |TAMS 0x000000008ed00000, 0x000000008ed00000| Untracked 
| 238|0x000000008ee00000, 0x000000008ee00000, 0x000000008ef00000|  0%| F|  |TAMS 0x000000008ee00000, 0x000000008ee00000| Untracked 
| 239|0x000000008ef00000, 0x000000008ef00000, 0x000000008f000000|  0%| F|  |TAMS 0x000000008ef00000, 0x000000008ef00000| Untracked 
| 240|0x000000008f000000, 0x000000008f000000, 0x000000008f100000|  0%| F|  |TAMS 0x000000008f000000, 0x000000008f000000| Untracked 
| 241|0x000000008f100000, 0x000000008f100000, 0x000000008f200000|  0%| F|  |TAMS 0x000000008f100000, 0x000000008f100000| Untracked 
| 242|0x000000008f200000, 0x000000008f200000, 0x000000008f300000|  0%| F|  |TAMS 0x000000008f200000, 0x000000008f200000| Untracked 
| 243|0x000000008f300000, 0x000000008f300000, 0x000000008f400000|  0%| F|  |TAMS 0x000000008f300000, 0x000000008f300000| Untracked 
| 244|0x000000008f400000, 0x000000008f400000, 0x000000008f500000|  0%| F|  |TAMS 0x000000008f400000, 0x000000008f400000| Untracked 
| 245|0x000000008f500000, 0x000000008f500000, 0x000000008f600000|  0%| F|  |TAMS 0x000000008f500000, 0x000000008f500000| Untracked 
| 246|0x000000008f600000, 0x000000008f61e068, 0x000000008f700000| 11%| E|  |TAMS 0x000000008f600000, 0x000000008f600000| Complete 

Card table byte_map: [0x0000022971e60000,0x0000022972260000] _byte_map_base: 0x0000022971a60000

Marking Bits (Prev, Next): (CMBitMap*) 0x000002296c9e2660, (CMBitMap*) 0x000002296c9e2620
 Prev Bits: [0x0000022974660000, 0x0000022976660000)
 Next Bits: [0x0000022972660000, 0x0000022974660000)

Polling page: 0x000002296c800000

Metaspace:

Usage:
  Non-class:     86.86 MB used.
      Class:     13.33 MB used.
       Both:    100.19 MB used.

Virtual space:
  Non-class space:       88.00 MB reserved,      87.19 MB (>99%) committed,  11 nodes.
      Class space:        1.00 GB reserved,      13.69 MB (  1%) committed,  1 nodes.
             Both:        1.09 GB reserved,     100.88 MB (  9%) committed. 

Chunk freelists:
   Non-Class:  256.00 KB
       Class:  2.36 MB
        Both:  2.61 MB

MaxMetaspaceSize: unlimited
CompressedClassSpaceSize: 1.00 GB
Initial GC threshold: 21.00 MB
Current GC threshold: 159.81 MB
CDS: off
MetaspaceReclaimPolicy: balanced
 - commit_granule_bytes: 65536.
 - commit_granule_words: 8192.
 - virtual_space_node_default_size: 1048576.
 - enlarge_chunks_in_place: 1.
 - new_chunks_are_fully_committed: 0.
 - uncommit_free_chunks: 1.
 - use_allocation_guard: 0.
 - handle_deallocations: 1.


Internal statistics:

num_allocs_failed_limit: 3.
num_arena_births: 930.
num_arena_deaths: 0.
num_vsnodes_births: 12.
num_vsnodes_deaths: 0.
num_space_committed: 1612.
num_space_uncommitted: 0.
num_chunks_returned_to_freelist: 3.
num_chunks_taken_from_freelist: 4474.
num_chunk_merges: 3.
num_chunk_splits: 3186.
num_chunks_enlarged: 2369.
num_purges: 0.
num_inconsistent_stats: 0.

CodeHeap 'non-profiled nmethods': size=120064Kb used=4723Kb max_used=4723Kb free=115340Kb
 bounds [0x0000022907ac0000, 0x0000022907f60000, 0x000002290f000000]
CodeHeap 'profiled nmethods': size=120000Kb used=16873Kb max_used=16873Kb free=103126Kb
 bounds [0x0000022900000000, 0x0000022901080000, 0x0000022907530000]
CodeHeap 'non-nmethods': size=5696Kb used=2404Kb max_used=2429Kb free=3291Kb
 bounds [0x0000022907530000, 0x00000229077a0000, 0x0000022907ac0000]
 total_blobs=9237 nmethods=8293 adapters=856
 compilation: enabled
              stopped_count=0, restarted_count=0
 full_count=0

Compilation events (20 events):
Event: 53.589 Thread 0x0000022978a73740 nmethod 9124 0x0000022907f5b790 code [0x0000022907f5b920, 0x0000022907f5ba78]
Event: 53.608 Thread 0x0000022978a7ddf0 9125       1       kotlin.collections.EmptyList::isEmpty (2 bytes)
Event: 53.609 Thread 0x0000022978a7ddf0 nmethod 9125 0x0000022907f5bc10 code [0x0000022907f5bda0, 0x0000022907f5be78]
Event: 53.631 Thread 0x0000022978a73740 9126       4       sun.reflect.generics.parser.SignatureParser::parseClassTypeSignatureSuffix (29 bytes)
Event: 53.638 Thread 0x0000022978a73740 nmethod 9126 0x0000022907f5bf10 code [0x0000022907f5c0e0, 0x0000022907f5c380]
Event: 53.640 Thread 0x0000022978a7ddf0 9127       3       java.lang.ref.SoftReference::get (29 bytes)
Event: 53.640 Thread 0x0000022978a7ddf0 nmethod 9127 0x0000022901074b90 code [0x0000022901074d20, 0x0000022901074ef8]
Event: 53.641 Thread 0x0000022978a7ddf0 9128       3       kotlin.SynchronizedLazyImpl::<init> (34 bytes)
Event: 53.641 Thread 0x0000022978a7ddf0 nmethod 9128 0x0000022901074f90 code [0x00000229010751c0, 0x0000022901075938]
Event: 53.642 Thread 0x0000022978a73740 9129       4       java.util.LinkedHashMap::valuesToArray (38 bytes)
Event: 53.649 Thread 0x0000022978a73740 nmethod 9129 0x0000022907f5c690 code [0x0000022907f5c820, 0x0000022907f5cc18]
Event: 53.657 Thread 0x0000022978a7ddf0 9130       3       sun.reflect.generics.parser.SignatureParser::parseZeroOrMoreTypeSignatures (174 bytes)
Event: 53.658 Thread 0x0000022978a7ddf0 nmethod 9130 0x0000022901075b90 code [0x0000022901075de0, 0x0000022901076c58]
Event: 53.660 Thread 0x0000022978a7ddf0 9131       3       org.jetbrains.kotlin.container.ComponentStorage::collectAdhocComponents (190 bytes)
Event: 53.661 Thread 0x0000022978a7ddf0 nmethod 9131 0x0000022901077010 code [0x0000022901077300, 0x0000022901078868]
Event: 53.673 Thread 0x0000022978a7ddf0 9132       3       java.util.HashMap::prepareArray (38 bytes)
Event: 53.673 Thread 0x0000022978a7ddf0 nmethod 9132 0x0000022901078d90 code [0x0000022901078f80, 0x0000022901079558]
Event: 53.689 Thread 0x0000022978a73740 9133       4       java.lang.Class::privateGetPublicMethods (224 bytes)
Event: 53.717 Thread 0x0000022978a7ddf0 9134       3       sun.reflect.generics.parser.SignatureParser::parseZeroOrMoreThrowsSignatures (51 bytes)
Event: 53.718 Thread 0x0000022978a7ddf0 nmethod 9134 0x0000022901079710 code [0x0000022901079940, 0x000002290107a2e8]

GC Heap History (20 events):
Event: 36.775 GC heap before
{Heap before GC invocations=31 (full 0):
 garbage-first heap   total 239616K, used 178367K [0x0000000080000000, 0x0000000100000000)
  region size 1024K, 96 young (98304K), 2 survivors (2048K)
 Metaspace       used 64460K, committed 65024K, reserved 1105920K
  class space    used 8557K, committed 8832K, reserved 1048576K
}
Event: 36.808 GC heap after
{Heap after GC invocations=32 (full 0):
 garbage-first heap   total 239616K, used 94305K [0x0000000080000000, 0x0000000100000000)
  region size 1024K, 12 young (12288K), 12 survivors (12288K)
 Metaspace       used 64460K, committed 65024K, reserved 1105920K
  class space    used 8557K, committed 8832K, reserved 1048576K
}
Event: 36.842 GC heap before
{Heap before GC invocations=32 (full 0):
 garbage-first heap   total 239616K, used 95329K [0x0000000080000000, 0x0000000100000000)
  region size 1024K, 13 young (13312K), 12 survivors (12288K)
 Metaspace       used 64514K, committed 65088K, reserved 1105920K
  class space    used 8572K, committed 8832K, reserved 1048576K
}
Event: 36.866 GC heap after
{Heap after GC invocations=33 (full 0):
 garbage-first heap   total 239616K, used 95597K [0x0000000080000000, 0x0000000100000000)
  region size 1024K, 1 young (1024K), 1 survivors (1024K)
 Metaspace       used 64514K, committed 65088K, reserved 1105920K
  class space    used 8572K, committed 8832K, reserved 1048576K
}
Event: 41.831 GC heap before
{Heap before GC invocations=33 (full 0):
 garbage-first heap   total 239616K, used 176493K [0x0000000080000000, 0x0000000100000000)
  region size 1024K, 74 young (75776K), 1 survivors (1024K)
 Metaspace       used 73184K, committed 73856K, reserved 1114112K
  class space    used 9694K, committed 9984K, reserved 1048576K
}
Event: 41.846 GC heap after
{Heap after GC invocations=34 (full 0):
 garbage-first heap   total 239616K, used 101237K [0x0000000080000000, 0x0000000100000000)
  region size 1024K, 7 young (7168K), 7 survivors (7168K)
 Metaspace       used 73184K, committed 73856K, reserved 1114112K
  class space    used 9694K, committed 9984K, reserved 1048576K
}
Event: 44.938 GC heap before
{Heap before GC invocations=34 (full 0):
 garbage-first heap   total 239616K, used 174965K [0x0000000080000000, 0x0000000100000000)
  region size 1024K, 80 young (81920K), 7 survivors (7168K)
 Metaspace       used 79796K, committed 80512K, reserved 1122304K
  class space    used 10575K, committed 10880K, reserved 1048576K
}
Event: 44.962 GC heap after
{Heap after GC invocations=35 (full 0):
 garbage-first heap   total 239616K, used 107858K [0x0000000080000000, 0x0000000100000000)
  region size 1024K, 7 young (7168K), 7 survivors (7168K)
 Metaspace       used 79796K, committed 80512K, reserved 1122304K
  class space    used 10575K, committed 10880K, reserved 1048576K
}
Event: 46.245 GC heap before
{Heap before GC invocations=35 (full 0):
 garbage-first heap   total 239616K, used 135506K [0x0000000080000000, 0x0000000100000000)
  region size 1024K, 35 young (35840K), 7 survivors (7168K)
 Metaspace       used 84411K, committed 85056K, reserved 1130496K
  class space    used 11145K, committed 11456K, reserved 1048576K
}
Event: 46.260 GC heap after
{Heap after GC invocations=36 (full 0):
 garbage-first heap   total 239616K, used 109568K [0x0000000080000000, 0x0000000100000000)
  region size 1024K, 2 young (2048K), 2 survivors (2048K)
 Metaspace       used 84411K, committed 85056K, reserved 1130496K
  class space    used 11145K, committed 11456K, reserved 1048576K
}
Event: 49.151 GC heap before
{Heap before GC invocations=37 (full 0):
 garbage-first heap   total 239616K, used 197632K [0x0000000080000000, 0x0000000100000000)
  region size 1024K, 79 young (80896K), 2 survivors (2048K)
 Metaspace       used 92930K, committed 93632K, reserved 1130496K
  class space    used 12686K, committed 12992K, reserved 1048576K
}
Event: 49.181 GC heap after
{Heap after GC invocations=38 (full 0):
 garbage-first heap   total 239616K, used 124416K [0x0000000080000000, 0x0000000100000000)
  region size 1024K, 10 young (10240K), 10 survivors (10240K)
 Metaspace       used 92930K, committed 93632K, reserved 1130496K
  class space    used 12686K, committed 12992K, reserved 1048576K
}
Event: 49.197 GC heap before
{Heap before GC invocations=38 (full 0):
 garbage-first heap   total 239616K, used 125440K [0x0000000080000000, 0x0000000100000000)
  region size 1024K, 11 young (11264K), 10 survivors (10240K)
 Metaspace       used 92932K, committed 93696K, reserved 1130496K
  class space    used 12686K, committed 12992K, reserved 1048576K
}
Event: 49.224 GC heap after
{Heap after GC invocations=39 (full 0):
 garbage-first heap   total 239616K, used 123904K [0x0000000080000000, 0x0000000100000000)
  region size 1024K, 1 young (1024K), 1 survivors (1024K)
 Metaspace       used 92932K, committed 93696K, reserved 1130496K
  class space    used 12686K, committed 12992K, reserved 1048576K
}
Event: 50.380 GC heap before
{Heap before GC invocations=39 (full 0):
 garbage-first heap   total 239616K, used 188416K [0x0000000080000000, 0x0000000100000000)
  region size 1024K, 64 young (65536K), 1 survivors (1024K)
 Metaspace       used 93999K, committed 94720K, reserved 1138688K
  class space    used 12802K, committed 13120K, reserved 1048576K
}
Event: 50.423 GC heap after
{Heap after GC invocations=40 (full 0):
 garbage-first heap   total 239616K, used 139776K [0x0000000080000000, 0x0000000100000000)
  region size 1024K, 8 young (8192K), 8 survivors (8192K)
 Metaspace       used 93999K, committed 94720K, reserved 1138688K
  class space    used 12802K, committed 13120K, reserved 1048576K
}
Event: 51.523 GC heap before
{Heap before GC invocations=40 (full 0):
 garbage-first heap   total 239616K, used 163328K [0x0000000080000000, 0x0000000100000000)
  region size 1024K, 32 young (32768K), 8 survivors (8192K)
 Metaspace       used 97394K, committed 98048K, reserved 1138688K
  class space    used 13189K, committed 13504K, reserved 1048576K
}
Event: 51.540 GC heap after
{Heap after GC invocations=41 (full 0):
 garbage-first heap   total 239616K, used 142848K [0x0000000080000000, 0x0000000100000000)
  region size 1024K, 3 young (3072K), 3 survivors (3072K)
 Metaspace       used 97394K, committed 98048K, reserved 1138688K
  class space    used 13189K, committed 13504K, reserved 1048576K
}
Event: 53.759 GC heap before
{Heap before GC invocations=42 (full 0):
 garbage-first heap   total 252928K, used 199168K [0x0000000080000000, 0x0000000100000000)
  region size 1024K, 52 young (53248K), 3 survivors (3072K)
 Metaspace       used 102588K, committed 103296K, reserved 1138688K
  class space    used 13653K, committed 14016K, reserved 1048576K
}
Event: 53.774 GC heap after
{Heap after GC invocations=43 (full 0):
 garbage-first heap   total 252928K, used 154624K [0x0000000080000000, 0x0000000100000000)
  region size 1024K, 7 young (7168K), 7 survivors (7168K)
 Metaspace       used 102588K, committed 103296K, reserved 1138688K
  class space    used 13653K, committed 14016K, reserved 1048576K
}

Dll operation events (2 events):
Event: 0.045 Loaded shared library D:\ANDROID\jbr\bin\java.dll
Event: 7.856 Loaded shared library D:\ANDROID\jbr\bin\verify.dll

Deoptimization events (20 events):
Event: 53.453 Thread 0x0000022979f32f50 Uncommon trap: trap_request=0xffffffbe fr.pc=0x0000022907f598c0 relative=0x00000000000001a0
Event: 53.453 Thread 0x0000022979f32f50 Uncommon trap: reason=profile_predicate action=maybe_recompile pc=0x0000022907f598c0 method=java.util.LinkedHashMap.valuesToArray([Ljava/lang/Object;)[Ljava/lang/Object; @ 12 c2
Event: 53.453 Thread 0x0000022979f32f50 DEOPT PACKING pc=0x0000022907f598c0 sp=0x0000006aa7ef42c0
Event: 53.453 Thread 0x0000022979f32f50 DEOPT UNPACKING pc=0x00000229075869a3 sp=0x0000006aa7ef4278 mode 2
Event: 53.650 Thread 0x0000022979f32f50 Uncommon trap: trap_request=0xffffffd6 fr.pc=0x0000022907f5cb88 relative=0x0000000000000368
Event: 53.650 Thread 0x0000022979f32f50 Uncommon trap: reason=array_check action=maybe_recompile pc=0x0000022907f5cb88 method=java.util.LinkedHashMap.valuesToArray([Ljava/lang/Object;)[Ljava/lang/Object; @ 25 c2
Event: 53.650 Thread 0x0000022979f32f50 DEOPT PACKING pc=0x0000022907f5cb88 sp=0x0000006aa7ef4900
Event: 53.650 Thread 0x0000022979f32f50 DEOPT UNPACKING pc=0x00000229075869a3 sp=0x0000006aa7ef48a8 mode 2
Event: 53.650 Thread 0x0000022979f32f50 Uncommon trap: trap_request=0xffffffd6 fr.pc=0x0000022907f5cb88 relative=0x0000000000000368
Event: 53.650 Thread 0x0000022979f32f50 Uncommon trap: reason=array_check action=maybe_recompile pc=0x0000022907f5cb88 method=java.util.LinkedHashMap.valuesToArray([Ljava/lang/Object;)[Ljava/lang/Object; @ 25 c2
Event: 53.650 Thread 0x0000022979f32f50 DEOPT PACKING pc=0x0000022907f5cb88 sp=0x0000006aa7ef4900
Event: 53.650 Thread 0x0000022979f32f50 DEOPT UNPACKING pc=0x00000229075869a3 sp=0x0000006aa7ef48a8 mode 2
Event: 53.650 Thread 0x0000022979f32f50 Uncommon trap: trap_request=0xffffffd6 fr.pc=0x0000022907f5cb88 relative=0x0000000000000368
Event: 53.650 Thread 0x0000022979f32f50 Uncommon trap: reason=array_check action=maybe_recompile pc=0x0000022907f5cb88 method=java.util.LinkedHashMap.valuesToArray([Ljava/lang/Object;)[Ljava/lang/Object; @ 25 c2
Event: 53.650 Thread 0x0000022979f32f50 DEOPT PACKING pc=0x0000022907f5cb88 sp=0x0000006aa7ef4900
Event: 53.650 Thread 0x0000022979f32f50 DEOPT UNPACKING pc=0x00000229075869a3 sp=0x0000006aa7ef48a8 mode 2
Event: 53.651 Thread 0x0000022979f32f50 Uncommon trap: trap_request=0xffffffd6 fr.pc=0x0000022907f5cb88 relative=0x0000000000000368
Event: 53.651 Thread 0x0000022979f32f50 Uncommon trap: reason=array_check action=maybe_recompile pc=0x0000022907f5cb88 method=java.util.LinkedHashMap.valuesToArray([Ljava/lang/Object;)[Ljava/lang/Object; @ 25 c2
Event: 53.651 Thread 0x0000022979f32f50 DEOPT PACKING pc=0x0000022907f5cb88 sp=0x0000006aa7ef4900
Event: 53.651 Thread 0x0000022979f32f50 DEOPT UNPACKING pc=0x00000229075869a3 sp=0x0000006aa7ef48a8 mode 2

Classes unloaded (0 events):
No events

Classes redefined (0 events):
No events

Internal exceptions (20 events):
Event: 42.592 Thread 0x0000022979f32f50 Exception <a 'java/lang/ClassNotFoundException'{0x000000008d849040}: org/jetbrains/kotlin/gradle/targets/js/npm/DefaultPeerNpmDependencyExtensionBeanInfo> (0x000000008d849040) 
thrown [s\src\hotspot\share\classfile\systemDictionary.cpp, line 256]
Event: 42.592 Thread 0x0000022979f32f50 Exception <a 'java/lang/ClassNotFoundException'{0x000000008d8546f8}: org/jetbrains/kotlin/gradle/targets/js/npm/DefaultPeerNpmDependencyExtensionCustomizer> (0x000000008d8546f8) 
thrown [s\src\hotspot\share\classfile\systemDictionary.cpp, line 256]
Event: 42.596 Thread 0x0000022979f32f50 Exception <a 'java/lang/ClassNotFoundException'{0x000000008d895f10}: org/jetbrains/kotlin/gradle/targets/js/npm/DefaultPeerNpmDependencyExtension$delegate$1BeanInfo> (0x000000008d895f10) 
thrown [s\src\hotspot\share\classfile\systemDictionary.cpp, line 256]
Event: 42.597 Thread 0x0000022979f32f50 Exception <a 'java/lang/ClassNotFoundException'{0x000000008d8a1790}: org/jetbrains/kotlin/gradle/targets/js/npm/DefaultPeerNpmDependencyExtension$delegate$1Customizer> (0x000000008d8a1790) 
thrown [s\src\hotspot\share\classfile\systemDictionary.cpp, line 256]
Event: 44.714 Thread 0x0000022979f32f50 Exception <a 'java/lang/NoSuchMethodError'{0x000000008a32ec50}: 'void java.lang.invoke.DirectMethodHandle$Holder.invokeVirtual(java.lang.Object, java.lang.Object)'> (0x000000008a32ec50) 
thrown [s\src\hotspot\share\interpreter\linkResolver.cpp, line 771]
Event: 45.216 Thread 0x0000022979f32f50 Exception <a 'java/lang/NoSuchMethodError'{0x000000008e6dc5a0}: 'int java.lang.invoke.DelegatingMethodHandle$Holder.reinvoke_L(java.lang.Object, java.lang.Object, java.lang.Object, long, int, int)'> (0x000000008e6dc5a0) 
thrown [s\src\hotspot\share\interpreter\linkResolver.cpp, line 771]
Event: 45.238 Thread 0x0000022979f32f50 Exception <a 'java/lang/NoSuchMethodError'{0x000000008e6ec3d8}: 'int java.lang.invoke.DelegatingMethodHandle$Holder.reinvoke_L(java.lang.Object, java.lang.Object, java.lang.Object, long, long, long)'> (0x000000008e6ec3d8) 
thrown [s\src\hotspot\share\interpreter\linkResolver.cpp, line 771]
Event: 45.242 Thread 0x0000022979f32f50 Exception <a 'java/lang/NoSuchMethodError'{0x000000008e6fc518}: 'int java.lang.invoke.DelegatingMethodHandle$Holder.reinvoke_L(java.lang.Object, java.lang.Object, java.lang.Object, long, java.lang.Object, java.lang.Object)'> (0x000000008e6fc518) 
thrown [s\src\hotspot\share\interpreter\linkResolver.cpp, line 771]
Event: 45.245 Thread 0x0000022979f32f50 Exception <a 'java/lang/NoSuchMethodError'{0x000000008e50c928}: 'void java.lang.invoke.DelegatingMethodHandle$Holder.reinvoke_L(java.lang.Object, java.lang.Object, java.lang.Object, long, java.lang.Object)'> (0x000000008e50c928) 
thrown [s\src\hotspot\share\interpreter\linkResolver.cpp, line 771]
Event: 45.249 Thread 0x0000022979f32f50 Exception <a 'java/lang/NoSuchMethodError'{0x000000008e515218}: 'java.lang.Object java.lang.invoke.DirectMethodHandle$Holder.invokeSpecial(java.lang.Object, java.lang.Object, java.lang.Object, java.lang.Object, long)'> (0x000000008e515218) 
thrown [s\src\hotspot\share\interpreter\linkResolver.cpp, line 771]
Event: 45.254 Thread 0x0000022979f32f50 Exception <a 'java/lang/NoSuchMethodError'{0x000000008e53a110}: 'long java.lang.invoke.Invokers$Holder.invoke_MT(java.lang.Object, java.lang.Object, java.lang.Object, java.lang.Object)'> (0x000000008e53a110) 
thrown [s\src\hotspot\share\interpreter\linkResolver.cpp, line 771]
Event: 45.255 Thread 0x0000022979f32f50 Exception <a 'java/lang/NoSuchMethodError'{0x000000008e5431d8}: 'int java.lang.invoke.Invokers$Holder.invoke_MT(java.lang.Object, java.lang.Object, java.lang.Object, java.lang.Object)'> (0x000000008e5431d8) 
thrown [s\src\hotspot\share\interpreter\linkResolver.cpp, line 771]
Event: 45.257 Thread 0x0000022979f32f50 Exception <a 'java/lang/NoSuchMethodError'{0x000000008e5541b0}: 'int java.lang.invoke.DelegatingMethodHandle$Holder.reinvoke_L(java.lang.Object, java.lang.Object, java.lang.Object, long, int)'> (0x000000008e5541b0) 
thrown [s\src\hotspot\share\interpreter\linkResolver.cpp, line 771]
Event: 45.262 Thread 0x0000022979f32f50 Exception <a 'java/lang/NoSuchMethodError'{0x000000008e567750}: 'java.lang.Object java.lang.invoke.Invokers$Holder.invokeExact_MT(java.lang.Object, java.lang.Object, long, java.lang.Object)'> (0x000000008e567750) 
thrown [s\src\hotspot\share\interpreter\linkResolver.cpp, line 771]
Event: 45.613 Thread 0x0000022979f32f50 Exception <a 'java/lang/NoSuchMethodError'{0x000000008dd72480}: 'java.lang.Object java.lang.invoke.DirectMethodHandle$Holder.invokeStaticInit(java.lang.Object, int)'> (0x000000008dd72480) 
thrown [s\src\hotspot\share\interpreter\linkResolver.cpp, line 771]
Event: 45.706 Thread 0x0000022979f32f50 Exception <a 'java/lang/NoSuchMethodError'{0x000000008da50220}: 'long java.lang.invoke.DirectMethodHandle$Holder.invokeStatic(java.lang.Object)'> (0x000000008da50220) 
thrown [s\src\hotspot\share\interpreter\linkResolver.cpp, line 771]
Event: 45.707 Thread 0x0000022979f32f50 Exception <a 'java/lang/NoSuchMethodError'{0x000000008da54e08}: 'long java.lang.invoke.DirectMethodHandle$Holder.invokeStaticInit(java.lang.Object)'> (0x000000008da54e08) 
thrown [s\src\hotspot\share\interpreter\linkResolver.cpp, line 771]
Event: 47.572 Thread 0x0000022979f32f50 Implicit null exception at 0x0000022907c78513 to 0x0000022907c78648
Event: 48.699 Thread 0x0000022979f32f50 Exception <a 'java/lang/NoSuchMethodError'{0x000000008bbc8668}: 'java.lang.Object java.lang.invoke.Invokers$Holder.invoke_MT(java.lang.Object, java.lang.Object, java.lang.Object)'> (0x000000008bbc8668) 
thrown [s\src\hotspot\share\interpreter\linkResolver.cpp, line 771]
Event: 49.107 Thread 0x0000022979f32f50 Implicit null exception at 0x0000022907ef0dd2 to 0x0000022907ef2d94

VM Operations (20 events):
Event: 49.151 Executing VM operation: G1CollectForAllocation
Event: 49.183 Executing VM operation: G1CollectForAllocation done
Event: 49.197 Executing VM operation: G1CollectForAllocation
Event: 49.224 Executing VM operation: G1CollectForAllocation done
Event: 50.236 Executing VM operation: Cleanup
Event: 50.266 Executing VM operation: Cleanup done
Event: 50.380 Executing VM operation: G1CollectForAllocation
Event: 50.423 Executing VM operation: G1CollectForAllocation done
Event: 51.442 Executing VM operation: Cleanup
Event: 51.460 Executing VM operation: Cleanup done
Event: 51.522 Executing VM operation: G1TryInitiateConcMark
Event: 51.542 Executing VM operation: G1TryInitiateConcMark done
Event: 51.745 Executing VM operation: G1Concurrent
Event: 51.758 Executing VM operation: G1Concurrent done
Event: 51.843 Executing VM operation: G1Concurrent
Event: 51.843 Executing VM operation: G1Concurrent done
Event: 52.850 Executing VM operation: Cleanup
Event: 52.884 Executing VM operation: Cleanup done
Event: 53.759 Executing VM operation: G1CollectForAllocation
Event: 53.774 Executing VM operation: G1CollectForAllocation done

Events (20 events):
Event: 48.698 loading class jdk/internal/misc/ExtendedMapMode
Event: 48.698 loading class jdk/internal/misc/ExtendedMapMode done
Event: 48.701 loading class sun/nio/ch/FileChannelImpl$DefaultUnmapper
Event: 48.701 loading class sun/nio/ch/FileChannelImpl$Unmapper
Event: 48.701 loading class jdk/internal/access/foreign/UnmapperProxy
Event: 48.701 loading class jdk/internal/access/foreign/UnmapperProxy done
Event: 48.701 loading class sun/nio/ch/FileChannelImpl$Unmapper done
Event: 48.701 loading class sun/nio/ch/FileChannelImpl$DefaultUnmapper done
Event: 48.701 loading class sun/nio/ch/Util$4
Event: 48.702 loading class sun/nio/ch/Util$4 done
Event: 48.706 loading class java/io/UTFDataFormatException
Event: 48.707 loading class java/io/UTFDataFormatException done
Event: 48.756 loading class java/nio/file/attribute/DosFileAttributeView
Event: 48.757 loading class java/nio/file/attribute/DosFileAttributeView done
Event: 48.757 loading class sun/nio/fs/WindowsFileAttributeViews$Dos
Event: 48.757 loading class sun/nio/fs/WindowsFileAttributeViews$Dos done
Event: 49.955 loading class java/nio/channels/Channels$ReadableByteChannelImpl
Event: 49.956 loading class java/nio/channels/Channels$ReadableByteChannelImpl done
Event: 49.957 loading class java/nio/channels/NonWritableChannelException
Event: 49.957 loading class java/nio/channels/NonWritableChannelException done


Dynamic libraries:
0x00007ff7a0c80000 - 0x00007ff7a0c8a000 	D:\ANDROID\jbr\bin\java.exe
0x00007ff9b5370000 - 0x00007ff9b5584000 	C:\WINDOWS\SYSTEM32\ntdll.dll
0x00007ff9b3ec0000 - 0x00007ff9b3f84000 	C:\WINDOWS\System32\KERNEL32.DLL
0x00007ff9b2720000 - 0x00007ff9b2ac4000 	C:\WINDOWS\System32\KERNELBASE.dll
0x00007ff9b2ce0000 - 0x00007ff9b2df1000 	C:\WINDOWS\System32\ucrtbase.dll
0x00007ff9a2ce0000 - 0x00007ff9a2cf7000 	D:\ANDROID\jbr\bin\jli.dll
0x00007ff9b39b0000 - 0x00007ff9b3b5e000 	C:\WINDOWS\System32\USER32.dll
0x00007ff9b2b90000 - 0x00007ff9b2bb6000 	C:\WINDOWS\System32\win32u.dll
0x00007ff9b4220000 - 0x00007ff9b4249000 	C:\WINDOWS\System32\GDI32.dll
0x00007ff9b2e70000 - 0x00007ff9b2f88000 	C:\WINDOWS\System32\gdi32full.dll
0x00007ff9b2bc0000 - 0x00007ff9b2c5a000 	C:\WINDOWS\System32\msvcp_win.dll
0x00007ff9a6130000 - 0x00007ff9a614b000 	D:\ANDROID\jbr\bin\VCRUNTIME140.dll
0x00007ff9a2eb0000 - 0x00007ff9a3143000 	C:\WINDOWS\WinSxS\amd64_microsoft.windows.common-controls_6595b64144ccf1df_6.0.22621.2215_none_270d72677387dfc3\COMCTL32.dll
0x00007ff9b3580000 - 0x00007ff9b3627000 	C:\WINDOWS\System32\msvcrt.dll
0x00007ff9b4390000 - 0x00007ff9b43c1000 	C:\WINDOWS\System32\IMM32.DLL
0x00007ff9afa90000 - 0x00007ff9afa9c000 	D:\ANDROID\jbr\bin\vcruntime140_1.dll
0x00007ff9907e0000 - 0x00007ff99086d000 	D:\ANDROID\jbr\bin\msvcp140.dll
0x00007ff956310000 - 0x00007ff956f7e000 	D:\ANDROID\jbr\bin\server\jvm.dll
0x00007ff9b36a0000 - 0x00007ff9b3750000 	C:\WINDOWS\System32\ADVAPI32.dll
0x00007ff9b4770000 - 0x00007ff9b4816000 	C:\WINDOWS\System32\sechost.dll
0x00007ff9b3fa0000 - 0x00007ff9b40b7000 	C:\WINDOWS\System32\RPCRT4.dll
0x00007ff9a65e0000 - 0x00007ff9a65e9000 	C:\WINDOWS\SYSTEM32\WSOCK32.dll
0x00007ff9b52b0000 - 0x00007ff9b5321000 	C:\WINDOWS\System32\WS2_32.dll
0x00007ff9ab670000 - 0x00007ff9ab6a4000 	C:\WINDOWS\SYSTEM32\WINMM.dll
0x00007ff9ab6b0000 - 0x00007ff9ab6ba000 	C:\WINDOWS\SYSTEM32\VERSION.dll
0x00007ff9b16e0000 - 0x00007ff9b16f8000 	C:\WINDOWS\SYSTEM32\kernel.appcore.dll
0x00007ff9ab180000 - 0x00007ff9ab18a000 	D:\ANDROID\jbr\bin\jimage.dll
0x00007ff9a7130000 - 0x00007ff9a735e000 	C:\WINDOWS\SYSTEM32\DBGHELP.DLL
0x00007ff9b43d0000 - 0x00007ff9b475a000 	C:\WINDOWS\System32\combase.dll
0x00007ff9b3750000 - 0x00007ff9b3827000 	C:\WINDOWS\System32\OLEAUT32.dll
0x00007ff998320000 - 0x00007ff998352000 	C:\WINDOWS\SYSTEM32\dbgcore.DLL
0x00007ff9b2c60000 - 0x00007ff9b2cda000 	C:\WINDOWS\System32\bcryptPrimitives.dll
0x00007ff9a60a0000 - 0x00007ff9a60c5000 	D:\ANDROID\jbr\bin\java.dll
0x00007ff9ab160000 - 0x00007ff9ab178000 	D:\ANDROID\jbr\bin\zip.dll
0x00007ff9b4a80000 - 0x00007ff9b52a3000 	C:\WINDOWS\System32\SHELL32.dll
0x00007ff9b0660000 - 0x00007ff9b0f4a000 	C:\WINDOWS\SYSTEM32\windows.storage.dll
0x00007ff9b0520000 - 0x00007ff9b065e000 	C:\WINDOWS\SYSTEM32\wintypes.dll
0x00007ff9b4120000 - 0x00007ff9b4213000 	C:\WINDOWS\System32\SHCORE.dll
0x00007ff9b3950000 - 0x00007ff9b39ae000 	C:\WINDOWS\System32\shlwapi.dll
0x00007ff9b2650000 - 0x00007ff9b2676000 	C:\WINDOWS\SYSTEM32\profapi.dll
0x00007ff9a65f0000 - 0x00007ff9a6609000 	D:\ANDROID\jbr\bin\net.dll
0x00007ff9aa5f0000 - 0x00007ff9aa727000 	C:\WINDOWS\SYSTEM32\WINHTTP.dll
0x00007ff9b1ba0000 - 0x00007ff9b1c09000 	C:\WINDOWS\system32\mswsock.dll
0x00007ff9a6200000 - 0x00007ff9a6216000 	D:\ANDROID\jbr\bin\nio.dll
0x00007ff9a6180000 - 0x00007ff9a6190000 	D:\ANDROID\jbr\bin\verify.dll
0x00007ff992ff0000 - 0x00007ff993017000 	C:\Users\PC\.gradle\native\68d5fa5c4cc2d200863cafc0d521ce42e7d3e7ee720ec0a83991735586a16f82\windows-amd64\native-platform.dll
0x00007ff984540000 - 0x00007ff984684000 	C:\Users\PC\.gradle\native\e376f236ea51e6404a007f0833ffe2c6e607c4080706a723a18a27aeea778392\windows-amd64\native-platform-file-events.dll
0x00007ff9a5e90000 - 0x00007ff9a5e99000 	D:\ANDROID\jbr\bin\management.dll
0x00007ff9a47b0000 - 0x00007ff9a47bb000 	D:\ANDROID\jbr\bin\management_ext.dll
0x00007ff9b4a70000 - 0x00007ff9b4a78000 	C:\WINDOWS\System32\PSAPI.DLL
0x00007ff9b1ec0000 - 0x00007ff9b1edb000 	C:\WINDOWS\SYSTEM32\CRYPTSP.dll
0x00007ff9b16a0000 - 0x00007ff9b16d5000 	C:\WINDOWS\system32\rsaenh.dll
0x00007ff9b1c40000 - 0x00007ff9b1c6c000 	C:\WINDOWS\SYSTEM32\USERENV.dll
0x00007ff9b2000000 - 0x00007ff9b2028000 	C:\WINDOWS\SYSTEM32\bcrypt.dll
0x00007ff9b1ea0000 - 0x00007ff9b1eac000 	C:\WINDOWS\SYSTEM32\CRYPTBASE.dll
0x00007ff9b11f0000 - 0x00007ff9b121d000 	C:\WINDOWS\SYSTEM32\IPHLPAPI.DLL
0x00007ff9b4760000 - 0x00007ff9b4769000 	C:\WINDOWS\System32\NSI.dll
0x00007ff9aa5d0000 - 0x00007ff9aa5e9000 	C:\WINDOWS\SYSTEM32\dhcpcsvc6.DLL
0x00007ff9aa5b0000 - 0x00007ff9aa5cf000 	C:\WINDOWS\SYSTEM32\dhcpcsvc.DLL
0x00007ff9b1270000 - 0x00007ff9b1362000 	C:\WINDOWS\SYSTEM32\DNSAPI.dll
0x00007ff9a4790000 - 0x00007ff9a4798000 	C:\WINDOWS\system32\wshunix.dll

dbghelp: loaded successfully - version: 4.0.5 - missing functions: none
symbol engine: initialized successfully - sym options: 0x614 - pdb path: .;D:\ANDROID\jbr\bin;C:\WINDOWS\SYSTEM32;C:\WINDOWS\WinSxS\amd64_microsoft.windows.common-controls_6595b64144ccf1df_6.0.22621.2215_none_270d72677387dfc3;D:\ANDROID\jbr\bin\server;C:\Users\PC\.gradle\native\68d5fa5c4cc2d200863cafc0d521ce42e7d3e7ee720ec0a83991735586a16f82\windows-amd64;C:\Users\PC\.gradle\native\e376f236ea51e6404a007f0833ffe2c6e607c4080706a723a18a27aeea778392\windows-amd64

VM Arguments:
jvm_args: --add-opens=java.base/java.util=ALL-UNNAMED --add-opens=java.base/java.lang=ALL-UNNAMED --add-opens=java.base/java.lang.invoke=ALL-UNNAMED --add-opens=java.prefs/java.util.prefs=ALL-UNNAMED --add-opens=java.base/java.nio.charset=ALL-UNNAMED --add-opens=java.base/java.net=ALL-UNNAMED --add-opens=java.base/java.util.concurrent.atomic=ALL-UNNAMED -Xmx2048m -Dfile.encoding=UTF-8 -Duser.country=US -Duser.language=en -Duser.variant 
java_command: org.gradle.launcher.daemon.bootstrap.GradleDaemon 8.0
java_class_path (initial): C:\Users\PC\.gradle\wrapper\dists\gradle-8.0-bin\ca5e32bp14vu59qr306oxotwh\gradle-8.0\lib\gradle-launcher-8.0.jar
Launcher Type: SUN_STANDARD

[Global flags]
     intx CICompilerCount                          = 2                                         {product} {ergonomic}
     uint ConcGCThreads                            = 1                                         {product} {ergonomic}
     uint G1ConcRefinementThreads                  = 2                                         {product} {ergonomic}
   size_t G1HeapRegionSize                         = 1048576                                   {product} {ergonomic}
    uintx GCDrainStackTargetSize                   = 64                                        {product} {ergonomic}
   size_t InitialHeapSize                          = 100663296                                 {product} {ergonomic}
   size_t MarkStackSize                            = 4194304                                   {product} {ergonomic}
   size_t MaxHeapSize                              = 2147483648                                {product} {command line}
   size_t MaxNewSize                               = 1287651328                                {product} {ergonomic}
   size_t MinHeapDeltaBytes                        = 1048576                                   {product} {ergonomic}
   size_t MinHeapSize                              = 8388608                                   {product} {ergonomic}
    uintx NonNMethodCodeHeapSize                   = 5826188                                {pd product} {ergonomic}
    uintx NonProfiledCodeHeapSize                  = 122916026                              {pd product} {ergonomic}
    uintx ProfiledCodeHeapSize                     = 122916026                              {pd product} {ergonomic}
    uintx ReservedCodeCacheSize                    = 251658240                              {pd product} {ergonomic}
     bool SegmentedCodeCache                       = true                                      {product} {ergonomic}
   size_t SoftMaxHeapSize                          = 2147483648                             {manageable} {ergonomic}
     bool UseCompressedClassPointers               = true                           {product lp64_product} {ergonomic}
     bool UseCompressedOops                        = true                           {product lp64_product} {ergonomic}
     bool UseG1GC                                  = true                                      {product} {ergonomic}
     bool UseLargePagesIndividualAllocation        = false                                  {pd product} {ergonomic}

Logging:
Log output configuration:
 #0: stdout all=warning uptime,level,tags
 #1: stderr all=off uptime,level,tags

Environment Variables:
PATH=C:\Program Files (x86)\Eclipse Adoptium\jdk-17.0.8.7-hotspot\bin;C:\Program Files (x86)\Common Files\Oracle\Java\javapath;C:\ProgramData\Oracle\Java\javapath;C:\WINDOWS\system32;C:\WINDOWS;C:\WINDOWS\System32\Wbem;C:\WINDOWS\System32\WindowsPowerShell\v1.0\;C:\WINDOWS\System32\OpenSSH\;C:\xampp\php;C:\ProgramData\ComposerSetup\bin;C:\Users\PC\Downloads\chromedriver_win32;C:\Program Files\nodejs\;C:\Program Files\Git\cmd;C:\Users\PC\AppData\Local\Programs\Python\Python310\Scripts\;C:\Users\PC\AppData\Local\Programs\Python\Python310\;C:\Program Files\MySQL\MySQL Shell 8.0\bin\;C:\Users\PC\AppData\Local\Microsoft\WindowsApps;C:\Users\PC\AppData\Local\Programs\Microsoft VS Code\bin;C:\xampp\php;C:\Program Files\Java\jdk1.8.0_161\bin;C:\Users\PC\AppData\Roaming\Composer\vendor\bin;C:\Users\PC\AppData\Roaming\npm;C:\Program Files\nodejs;C:\Users\PC\AppData\Local\GitHubDesktop\bin;D:\MSIB\platform-tools;
USERNAME=PC
OS=Windows_NT
PROCESSOR_IDENTIFIER=AMD64 Family 23 Model 32 Stepping 1, AuthenticAMD
TMP=C:\Users\PC\AppData\Local\Temp
TEMP=C:\Users\PC\AppData\Local\Temp


JNI global refs:
JNI global refs: 22, weak refs: 0

JNI global refs memory usage: 843, weak refs: 209


---------------  S Y S T E M  ---------------

OS:
 Windows 11 , 64 bit Build 22621 (10.0.22621.2215)
OS uptime: 7 days 13:45 hours
Hyper-V role detected

CPU: total 2 (initial active 2) (2 cores per cpu, 1 threads per core) family 23 model 32 stepping 1 microcode 0x0, cx8, cmov, fxsr, mmx, 3dnowpref, sse, sse2, sse3, ssse3, sse4a, sse4.1, sse4.2, popcnt, lzcnt, tsc, tscinvbit, avx, avx2, aes, clmul, bmi1, bmi2, adx, sha, fma, vzeroupper, clflush, clflushopt, hv

Memory: 4k page, system-wide physical 6020M (183M free)
TotalPageFile size 23396M (AvailPageFile size 0M)
current process WorkingSet (physical memory assigned to process): 424M, peak: 424M
current process commit charge ("private bytes"): 510M, peak: 510M

vm_info: OpenJDK 64-Bit Server VM (17.0.6+0-b2043.56-10027231) for windows-amd64 JRE (17.0.6+0-b2043.56-10027231), built on Apr 28 2023 00:43:19 by "androidbuild" with MS VC++ 16.10 / 16.11 (VS2019)

END.
