#
# There is insufficient memory for the Java Runtime Environment to continue.
# Native memory allocation (mmap) failed to map 118489088 bytes for G1 virtual space
# Possible reasons:
#   The system is out of physical RAM or swap space
#   The process is running with CompressedOops enabled, and the Java Heap may be blocking the growth of the native heap
# Possible solutions:
#   Reduce memory load on the system
#   Increase physical memory or swap space
#   Check if swap backing store is full
#   Decrease Java heap size (-Xmx/-Xms)
#   Decrease number of Java threads
#   Decrease Java thread stack sizes (-Xss)
#   Set larger code cache with -XX:ReservedCodeCacheSize=
#   JVM is running with Unscaled Compressed Oops mode in which the Java heap is
#     placed in the first 4GB address space. The Java Heap base address is the
#     maximum limit for the native heap growth. Please use -XX:HeapBaseMinAddress
#     to set the Java Heap base and to place the Java Heap above 4GB virtual address.
# This output file may be truncated or incomplete.
#
#  Out of Memory Error (os_windows.cpp:3769), pid=19144, tid=7912
#
# JRE version: OpenJDK Runtime Environment (17.0.6) (build 17.0.6+0-b2043.56-10027231)
# Java VM: OpenJDK 64-Bit Server VM (17.0.6+0-b2043.56-10027231, mixed mode, tiered, compressed oops, compressed class ptrs, g1 gc, windows-amd64)
# No core dump will be written. Minidumps are not enabled by default on client versions of Windows
#

---------------  S U M M A R Y ------------

Command Line: --add-opens=java.base/java.util=ALL-UNNAMED --add-opens=java.base/java.lang=ALL-UNNAMED --add-opens=java.base/java.lang.invoke=ALL-UNNAMED --add-opens=java.prefs/java.util.prefs=ALL-UNNAMED --add-opens=java.base/java.nio.charset=ALL-UNNAMED --add-opens=java.base/java.net=ALL-UNNAMED --add-opens=java.base/java.util.concurrent.atomic=ALL-UNNAMED -Xmx2048m -Dfile.encoding=UTF-8 -Duser.country=US -Duser.language=en -Duser.variant org.gradle.launcher.daemon.bootstrap.GradleDaemon 8.0

Host: AMD 3020e with Radeon Graphics                 , 2 cores, 5G,  Windows 11 , 64 bit Build 22621 (10.0.22621.2215)
Time: Mon Sep 25 07:29:42 2023 SE Asia Standard Time elapsed time: 82.857495 seconds (0d 0h 1m 22s)

---------------  T H R E A D  ---------------

Current thread (0x000001a6cda1ed50):  VMThread "VM Thread" [stack: 0x00000070b7b00000,0x00000070b7c00000] [id=7912]

Stack: [0x00000070b7b00000,0x00000070b7c00000]
Native frames: (J=compiled Java code, j=interpreted, Vv=VM code, C=native code)
V  [jvm.dll+0x683c9a]
V  [jvm.dll+0x8427a4]
V  [jvm.dll+0x843f9e]
V  [jvm.dll+0x844603]
V  [jvm.dll+0x249b75]
V  [jvm.dll+0x680b69]
V  [jvm.dll+0x67505a]
V  [jvm.dll+0x309acb]
V  [jvm.dll+0x310f86]
V  [jvm.dll+0x3608ee]
V  [jvm.dll+0x360b1f]
V  [jvm.dll+0x2dfbf8]
V  [jvm.dll+0x2ddec4]
V  [jvm.dll+0x2dd4cc]
V  [jvm.dll+0x321f3b]
V  [jvm.dll+0x848ccb]
V  [jvm.dll+0x849a04]
V  [jvm.dll+0x849f1d]
V  [jvm.dll+0x84a2f4]
V  [jvm.dll+0x84a3c0]
V  [jvm.dll+0x7f274a]
V  [jvm.dll+0x682ad5]
C  [ucrtbase.dll+0x29363]
C  [KERNEL32.DLL+0x1257d]
C  [ntdll.dll+0x5aa68]

VM_Operation (0x00000070b8ff2d60): G1CollectForAllocation, mode: safepoint, requested by thread 0x000001a6cf812920


---------------  P R O C E S S  ---------------

Threads class SMR info:
_java_thread_list=0x000001a6d242efd0, length=58, elements={
0x000001a6b49e72a0, 0x000001a6cda9a260, 0x000001a6cda9f0e0, 0x000001a6cda877a0,
0x000001a6cdac2500, 0x000001a6ce400080, 0x000001a6ce400a30, 0x000001a6ce401710,
0x000001a6cdacd470, 0x000001a6cdace520, 0x000001a6ce586020, 0x000001a6ce588500,
0x000001a6cefea700, 0x000001a6ce9273f0, 0x000001a6cefb8f10, 0x000001a6cf3e09b0,
0x000001a6cf3fc440, 0x000001a6cf812450, 0x000001a6cf812920, 0x000001a6cf163ca0,
0x000001a6cf15fbf0, 0x000001a6cf1600c0, 0x000001a6cf160590, 0x000001a6cf15df10,
0x000001a6cf160a60, 0x000001a6cf160f30, 0x000001a6cf15ed80, 0x000001a6cf15f250,
0x000001a6cf161400, 0x000001a6cf15da40, 0x000001a6cf15e3e0, 0x000001a6cf15e8b0,
0x000001a6d153ac10, 0x000001a6d15363e0, 0x000001a6d1535a40, 0x000001a6d153c420,
0x000001a6d1538f30, 0x000001a6d153a270, 0x000001a6d153b0e0, 0x000001a6d15398d0,
0x000001a6d153c8f0, 0x000001a6d15380c0, 0x000001a6d1537250, 0x000001a6d1539da0,
0x000001a6d153b5b0, 0x000001a6d153a740, 0x000001a6d153ba80, 0x000001a6d1535570,
0x000001a6d15368b0, 0x000001a6d1536d80, 0x000001a6d1538590, 0x000001a6d1537720,
0x000001a6d1537bf0, 0x000001a6d1538a60, 0x000001a6d57da5b0, 0x000001a6d57d7f30,
0x000001a6d57d8400, 0x000001a6d57d70c0
}

Java Threads: ( => current thread )
  0x000001a6b49e72a0 JavaThread "main" [_thread_blocked, id=11396, stack(0x00000070b7500000,0x00000070b7600000)]
  0x000001a6cda9a260 JavaThread "Reference Handler" daemon [_thread_blocked, id=19388, stack(0x00000070b7c00000,0x00000070b7d00000)]
  0x000001a6cda9f0e0 JavaThread "Finalizer" daemon [_thread_blocked, id=3256, stack(0x00000070b7d00000,0x00000070b7e00000)]
  0x000001a6cda877a0 JavaThread "Signal Dispatcher" daemon [_thread_blocked, id=14888, stack(0x00000070b7e00000,0x00000070b7f00000)]
  0x000001a6cdac2500 JavaThread "Attach Listener" daemon [_thread_blocked, id=14284, stack(0x00000070b7f00000,0x00000070b8000000)]
  0x000001a6ce400080 JavaThread "Service Thread" daemon [_thread_blocked, id=18276, stack(0x00000070b8000000,0x00000070b8100000)]
  0x000001a6ce400a30 JavaThread "Monitor Deflation Thread" daemon [_thread_blocked, id=12412, stack(0x00000070b8100000,0x00000070b8200000)]
  0x000001a6ce401710 JavaThread "C2 CompilerThread0" daemon [_thread_in_native, id=7408, stack(0x00000070b8200000,0x00000070b8300000)]
  0x000001a6cdacd470 JavaThread "C1 CompilerThread0" daemon [_thread_blocked, id=12460, stack(0x00000070b8300000,0x00000070b8400000)]
  0x000001a6cdace520 JavaThread "Sweeper thread" daemon [_thread_blocked, id=19280, stack(0x00000070b8400000,0x00000070b8500000)]
  0x000001a6ce586020 JavaThread "Common-Cleaner" daemon [_thread_blocked, id=15884, stack(0x00000070b8500000,0x00000070b8600000)]
  0x000001a6ce588500 JavaThread "Notification Thread" daemon [_thread_blocked, id=14944, stack(0x00000070b8600000,0x00000070b8700000)]
  0x000001a6cefea700 JavaThread "Daemon health stats" [_thread_blocked, id=12064, stack(0x00000070b8900000,0x00000070b8a00000)]
  0x000001a6ce9273f0 JavaThread "Incoming local TCP Connector on port 50149" [_thread_in_native, id=18756, stack(0x00000070b8a00000,0x00000070b8b00000)]
  0x000001a6cefb8f10 JavaThread "Daemon periodic checks" [_thread_blocked, id=13856, stack(0x00000070b8b00000,0x00000070b8c00000)]
  0x000001a6cf3e09b0 JavaThread "Daemon" [_thread_blocked, id=14016, stack(0x00000070b8c00000,0x00000070b8d00000)]
  0x000001a6cf3fc440 JavaThread "Handler for socket connection from /127.0.0.1:50149 to /127.0.0.1:50150" [_thread_in_native, id=3728, stack(0x00000070b8d00000,0x00000070b8e00000)]
  0x000001a6cf812450 JavaThread "Cancel handler" [_thread_blocked, id=10336, stack(0x00000070b8e00000,0x00000070b8f00000)]
  0x000001a6cf812920 JavaThread "Daemon worker" [_thread_blocked, id=620, stack(0x00000070b8f00000,0x00000070b9000000)]
  0x000001a6cf163ca0 JavaThread "Asynchronous log dispatcher for DefaultDaemonConnection: socket connection from /127.0.0.1:50149 to /127.0.0.1:50150" [_thread_blocked, id=10880, stack(0x00000070b9000000,0x00000070b9100000)]
  0x000001a6cf15fbf0 JavaThread "Stdin handler" [_thread_blocked, id=6852, stack(0x00000070b9100000,0x00000070b9200000)]
  0x000001a6cf1600c0 JavaThread "Daemon client event forwarder" [_thread_blocked, id=20220, stack(0x00000070b9200000,0x00000070b9300000)]
  0x000001a6cf160590 JavaThread "Cache worker for journal cache (C:\Users\PC\.gradle\caches\journal-1)" [_thread_blocked, id=5272, stack(0x00000070b9300000,0x00000070b9400000)]
  0x000001a6cf15df10 JavaThread "File lock request listener" [_thread_in_native, id=19548, stack(0x00000070b9400000,0x00000070b9500000)]
  0x000001a6cf160a60 JavaThread "Cache worker for file hash cache (C:\Users\PC\.gradle\caches\8.0\fileHashes)" [_thread_blocked, id=3344, stack(0x00000070b9500000,0x00000070b9600000)]
  0x000001a6cf160f30 JavaThread "File watcher server" daemon [_thread_in_native, id=7868, stack(0x00000070b9600000,0x00000070b9700000)]
  0x000001a6cf15ed80 JavaThread "File watcher consumer" daemon [_thread_blocked, id=11352, stack(0x00000070b9700000,0x00000070b9800000)]
  0x000001a6cf15f250 JavaThread "jar transforms" [_thread_blocked, id=18508, stack(0x00000070b9800000,0x00000070b9900000)]
  0x000001a6cf161400 JavaThread "jar transforms Thread 2" [_thread_blocked, id=13852, stack(0x00000070b9900000,0x00000070b9a00000)]
  0x000001a6cf15da40 JavaThread "Cache worker for checksums cache (D:\MyApp7\.gradle\8.0\checksums)" [_thread_blocked, id=13696, stack(0x00000070b9a00000,0x00000070b9b00000)]
  0x000001a6cf15e3e0 JavaThread "Cache worker for cache directory md-rule (C:\Users\PC\.gradle\caches\8.0\md-rule)" [_thread_blocked, id=12036, stack(0x00000070b9b00000,0x00000070b9c00000)]
  0x000001a6cf15e8b0 JavaThread "Cache worker for file content cache (C:\Users\PC\.gradle\caches\8.0\fileContent)" [_thread_blocked, id=7252, stack(0x00000070b9c00000,0x00000070b9d00000)]
  0x000001a6d153ac10 JavaThread "Cache worker for file hash cache (D:\MyApp7\.gradle\8.0\fileHashes)" [_thread_blocked, id=19412, stack(0x00000070b9d00000,0x00000070b9e00000)]
  0x000001a6d15363e0 JavaThread "Cache worker for cache directory md-supplier (C:\Users\PC\.gradle\caches\8.0\md-supplier)" [_thread_blocked, id=12000, stack(0x00000070b9e00000,0x00000070b9f00000)]
  0x000001a6d1535a40 JavaThread "Cache worker for execution history cache (C:\Users\PC\.gradle\caches\8.0\executionHistory)" [_thread_blocked, id=11672, stack(0x00000070b7200000,0x00000070b7300000)]
  0x000001a6d153c420 JavaThread "Cache worker for kotlin-dsl (C:\Users\PC\.gradle\caches\8.0\kotlin-dsl)" [_thread_blocked, id=11572, stack(0x00000070b7300000,0x00000070b7400000)]
  0x000001a6d1538f30 JavaThread "Cache worker for dependencies-accessors (D:\MyApp7\.gradle\8.0\dependencies-accessors)" [_thread_blocked, id=19348, stack(0x00000070b7400000,0x00000070b7500000)]
  0x000001a6d153a270 JavaThread "Cache worker for Build Output Cleanup Cache (D:\MyApp7\.gradle\buildOutputCleanup)" [_thread_blocked, id=2416, stack(0x00000070ba100000,0x00000070ba200000)]
  0x000001a6d153b0e0 JavaThread "Unconstrained build operations" [_thread_blocked, id=7088, stack(0x00000070ba200000,0x00000070ba300000)]
  0x000001a6d15398d0 JavaThread "Unconstrained build operations Thread 2" [_thread_blocked, id=15296, stack(0x00000070ba300000,0x00000070ba400000)]
  0x000001a6d153c8f0 JavaThread "Unconstrained build operations Thread 3" [_thread_blocked, id=13880, stack(0x00000070ba400000,0x00000070ba500000)]
  0x000001a6d15380c0 JavaThread "Unconstrained build operations Thread 4" [_thread_blocked, id=16612, stack(0x00000070ba500000,0x00000070ba600000)]
  0x000001a6d1537250 JavaThread "Unconstrained build operations Thread 5" [_thread_blocked, id=18680, stack(0x00000070ba600000,0x00000070ba700000)]
  0x000001a6d1539da0 JavaThread "Unconstrained build operations Thread 6" [_thread_blocked, id=19436, stack(0x00000070ba700000,0x00000070ba800000)]
  0x000001a6d153b5b0 JavaThread "Unconstrained build operations Thread 7" [_thread_blocked, id=16988, stack(0x00000070ba800000,0x00000070ba900000)]
  0x000001a6d153a740 JavaThread "Unconstrained build operations Thread 8" [_thread_blocked, id=15608, stack(0x00000070ba900000,0x00000070baa00000)]
  0x000001a6d153ba80 JavaThread "Unconstrained build operations Thread 9" [_thread_blocked, id=18728, stack(0x00000070baa00000,0x00000070bab00000)]
  0x000001a6d1535570 JavaThread "Unconstrained build operations Thread 10" [_thread_blocked, id=14912, stack(0x00000070bab00000,0x00000070bac00000)]
  0x000001a6d15368b0 JavaThread "Unconstrained build operations Thread 11" [_thread_blocked, id=18472, stack(0x00000070bac00000,0x00000070bad00000)]
  0x000001a6d1536d80 JavaThread "Unconstrained build operations Thread 12" [_thread_blocked, id=2516, stack(0x00000070bad00000,0x00000070bae00000)]
  0x000001a6d1538590 JavaThread "Unconstrained build operations Thread 13" [_thread_blocked, id=7768, stack(0x00000070bae00000,0x00000070baf00000)]
  0x000001a6d1537720 JavaThread "Unconstrained build operations Thread 14" [_thread_blocked, id=11180, stack(0x00000070baf00000,0x00000070bb000000)]
  0x000001a6d1537bf0 JavaThread "Unconstrained build operations Thread 15" [_thread_blocked, id=17668, stack(0x00000070bb000000,0x00000070bb100000)]
  0x000001a6d1538a60 JavaThread "Unconstrained build operations Thread 16" [_thread_blocked, id=5268, stack(0x00000070bb100000,0x00000070bb200000)]
  0x000001a6d57da5b0 JavaThread "Unconstrained build operations Thread 17" [_thread_blocked, id=13996, stack(0x00000070bb200000,0x00000070bb300000)]
  0x000001a6d57d7f30 JavaThread "Unconstrained build operations Thread 18" [_thread_blocked, id=6972, stack(0x00000070bb300000,0x00000070bb400000)]
  0x000001a6d57d8400 JavaThread "Unconstrained build operations Thread 19" [_thread_blocked, id=18044, stack(0x00000070bb400000,0x00000070bb500000)]
  0x000001a6d57d70c0 JavaThread "Unconstrained build operations Thread 20" [_thread_blocked, id=19840, stack(0x00000070bb500000,0x00000070bb600000)]

Other Threads:
=>0x000001a6cda1ed50 VMThread "VM Thread" [stack: 0x00000070b7b00000,0x00000070b7c00000] [id=7912]
  0x000001a6ce58a9e0 WatcherThread [stack: 0x00000070b8700000,0x00000070b8800000] [id=18564]
  0x000001a6b4a42300 GCTaskThread "GC Thread#0" [stack: 0x00000070b7600000,0x00000070b7700000] [id=1316]
  0x000001a6ce671b60 GCTaskThread "GC Thread#1" [stack: 0x00000070b8800000,0x00000070b8900000] [id=8780]
  0x000001a6b4a53240 ConcurrentGCThread "G1 Main Marker" [stack: 0x00000070b7700000,0x00000070b7800000] [id=17748]
  0x000001a6b4a53c50 ConcurrentGCThread "G1 Conc#0" [stack: 0x00000070b7800000,0x00000070b7900000] [id=532]
  0x000001a6cd8e0090 ConcurrentGCThread "G1 Refine#0" [stack: 0x00000070b7900000,0x00000070b7a00000] [id=13888]
  0x000001a6cd8e0ab0 ConcurrentGCThread "G1 Service" [stack: 0x00000070b7a00000,0x00000070b7b00000] [id=18580]

Threads with active compile tasks:
C2 CompilerThread0    82931 6877       4       org.objectweb.asm.Frame::execute (2318 bytes)

VM state: at safepoint (normal execution)

VM Mutex/Monitor currently owned by a thread:  ([mutex/lock_event])
[0x000001a6b49e3790] Threads_lock - owner thread: 0x000001a6cda1ed50
[0x000001a6b49e1b70] Heap_lock - owner thread: 0x000001a6cf812920

Heap address: 0x0000000080000000, size: 2048 MB, Compressed Oops mode: 32-bit

CDS archive(s) not mapped
Compressed class space mapped at: 0x0000000100000000-0x0000000140000000, reserved size: 1073741824
Narrow klass base: 0x0000000000000000, Narrow klass shift: 3, Narrow klass range: 0x140000000

GC Precious Log:
 CPUs: 2 total, 2 available
 Memory: 6020M
 Large Page Support: Disabled
 NUMA Support: Disabled
 Compressed Oops: Enabled (32-bit)
 Heap Region Size: 1M
 Heap Min Capacity: 8M
 Heap Initial Capacity: 96M
 Heap Max Capacity: 2G
 Pre-touch: Disabled
 Parallel Workers: 2
 Concurrent Workers: 1
 Concurrent Refinement Workers: 2
 Periodic GC: Disabled

Heap:
 garbage-first heap   total 162816K, used 94915K [0x0000000080000000, 0x0000000100000000)
  region size 1024K, 2 young (2048K), 2 survivors (2048K)
 Metaspace       used 68502K, committed 69184K, reserved 1114112K
  class space    used 9566K, committed 9856K, reserved 1048576K

Heap Regions: E=young(eden), S=young(survivor), O=old, HS=humongous(starts), HC=humongous(continues), CS=collection set, F=free, OA=open archive, CA=closed archive, TAMS=top-at-mark-start (previous, next)
|   0|0x0000000080000000, 0x0000000080100000, 0x0000000080100000|100%| O|  |TAMS 0x0000000080100000, 0x0000000080100000| Untracked 
|   1|0x0000000080100000, 0x0000000080200000, 0x0000000080200000|100%| O|  |TAMS 0x0000000080200000, 0x0000000080200000| Untracked 
|   2|0x0000000080200000, 0x0000000080300000, 0x0000000080300000|100%| O|  |TAMS 0x0000000080300000, 0x0000000080300000| Untracked 
|   3|0x0000000080300000, 0x0000000080400000, 0x0000000080400000|100%|HS|  |TAMS 0x0000000080400000, 0x0000000080400000| Complete 
|   4|0x0000000080400000, 0x0000000080500000, 0x0000000080500000|100%|HC|  |TAMS 0x0000000080500000, 0x0000000080500000| Complete 
|   5|0x0000000080500000, 0x0000000080600000, 0x0000000080600000|100%|HC|  |TAMS 0x0000000080600000, 0x0000000080600000| Complete 
|   6|0x0000000080600000, 0x0000000080700000, 0x0000000080700000|100%|HC|  |TAMS 0x0000000080700000, 0x0000000080700000| Complete 
|   7|0x0000000080700000, 0x0000000080800000, 0x0000000080800000|100%| O|  |TAMS 0x0000000080800000, 0x0000000080800000| Untracked 
|   8|0x0000000080800000, 0x0000000080900000, 0x0000000080900000|100%| O|  |TAMS 0x0000000080900000, 0x0000000080900000| Untracked 
|   9|0x0000000080900000, 0x0000000080a00000, 0x0000000080a00000|100%| O|  |TAMS 0x0000000080a00000, 0x0000000080a00000| Untracked 
|  10|0x0000000080a00000, 0x0000000080a00000, 0x0000000080b00000|  0%| F|  |TAMS 0x0000000080a00000, 0x0000000080a00000| Untracked 
|  11|0x0000000080b00000, 0x0000000080c00000, 0x0000000080c00000|100%| O|  |TAMS 0x0000000080c00000, 0x0000000080c00000| Untracked 
|  12|0x0000000080c00000, 0x0000000080d00000, 0x0000000080d00000|100%| O|  |TAMS 0x0000000080d00000, 0x0000000080d00000| Untracked 
|  13|0x0000000080d00000, 0x0000000080e00000, 0x0000000080e00000|100%| O|  |TAMS 0x0000000080e00000, 0x0000000080e00000| Untracked 
|  14|0x0000000080e00000, 0x0000000080f00000, 0x0000000080f00000|100%| O|  |TAMS 0x0000000080f00000, 0x0000000080f00000| Untracked 
|  15|0x0000000080f00000, 0x0000000081000000, 0x0000000081000000|100%| O|  |TAMS 0x0000000081000000, 0x0000000081000000| Untracked 
|  16|0x0000000081000000, 0x0000000081100000, 0x0000000081100000|100%| O|  |TAMS 0x0000000081100000, 0x0000000081100000| Untracked 
|  17|0x0000000081100000, 0x0000000081200000, 0x0000000081200000|100%| O|  |TAMS 0x0000000081200000, 0x0000000081200000| Untracked 
|  18|0x0000000081200000, 0x0000000081300000, 0x0000000081300000|100%| O|  |TAMS 0x0000000081300000, 0x0000000081300000| Untracked 
|  19|0x0000000081300000, 0x0000000081400000, 0x0000000081400000|100%|HS|  |TAMS 0x0000000081400000, 0x0000000081400000| Complete 
|  20|0x0000000081400000, 0x0000000081500000, 0x0000000081500000|100%|HC|  |TAMS 0x0000000081500000, 0x0000000081500000| Complete 
|  21|0x0000000081500000, 0x0000000081600000, 0x0000000081600000|100%|HS|  |TAMS 0x0000000081600000, 0x0000000081600000| Complete 
|  22|0x0000000081600000, 0x0000000081700000, 0x0000000081700000|100%|HC|  |TAMS 0x0000000081700000, 0x0000000081700000| Complete 
|  23|0x0000000081700000, 0x0000000081800000, 0x0000000081800000|100%|HC|  |TAMS 0x0000000081800000, 0x0000000081800000| Complete 
|  24|0x0000000081800000, 0x0000000081900000, 0x0000000081900000|100%| O|  |TAMS 0x0000000081900000, 0x0000000081900000| Untracked 
|  25|0x0000000081900000, 0x0000000081a00000, 0x0000000081a00000|100%| O|  |TAMS 0x0000000081a00000, 0x0000000081a00000| Untracked 
|  26|0x0000000081a00000, 0x0000000081b00000, 0x0000000081b00000|100%| O|  |TAMS 0x0000000081b00000, 0x0000000081b00000| Untracked 
|  27|0x0000000081b00000, 0x0000000081c00000, 0x0000000081c00000|100%|HS|  |TAMS 0x0000000081c00000, 0x0000000081c00000| Complete 
|  28|0x0000000081c00000, 0x0000000081d00000, 0x0000000081d00000|100%|HC|  |TAMS 0x0000000081d00000, 0x0000000081d00000| Complete 
|  29|0x0000000081d00000, 0x0000000081e00000, 0x0000000081e00000|100%|HC|  |TAMS 0x0000000081e00000, 0x0000000081e00000| Complete 
|  30|0x0000000081e00000, 0x0000000081f00000, 0x0000000081f00000|100%| O|  |TAMS 0x0000000081f00000, 0x0000000081f00000| Untracked 
|  31|0x0000000081f00000, 0x0000000082000000, 0x0000000082000000|100%| O|  |TAMS 0x0000000082000000, 0x0000000082000000| Untracked 
|  32|0x0000000082000000, 0x0000000082100000, 0x0000000082100000|100%| O|  |TAMS 0x0000000082100000, 0x0000000082100000| Untracked 
|  33|0x0000000082100000, 0x0000000082200000, 0x0000000082200000|100%|HS|  |TAMS 0x0000000082200000, 0x0000000082200000| Complete 
|  34|0x0000000082200000, 0x0000000082300000, 0x0000000082300000|100%|HC|  |TAMS 0x0000000082300000, 0x0000000082300000| Complete 
|  35|0x0000000082300000, 0x0000000082400000, 0x0000000082400000|100%| O|  |TAMS 0x0000000082400000, 0x0000000082400000| Untracked 
|  36|0x0000000082400000, 0x00000000824ffff8, 0x0000000082500000| 99%| O|  |TAMS 0x00000000824ffff8, 0x00000000824ffff8| Untracked 
|  37|0x0000000082500000, 0x0000000082600000, 0x0000000082600000|100%| O|  |TAMS 0x0000000082600000, 0x0000000082600000| Untracked 
|  38|0x0000000082600000, 0x0000000082700000, 0x0000000082700000|100%| O|  |TAMS 0x0000000082700000, 0x0000000082700000| Untracked 
|  39|0x0000000082700000, 0x0000000082800000, 0x0000000082800000|100%| O|  |TAMS 0x0000000082800000, 0x0000000082800000| Untracked 
|  40|0x0000000082800000, 0x0000000082900000, 0x0000000082900000|100%| O|  |TAMS 0x0000000082900000, 0x0000000082900000| Untracked 
|  41|0x0000000082900000, 0x0000000082a00000, 0x0000000082a00000|100%| O|  |TAMS 0x0000000082a00000, 0x0000000082a00000| Untracked 
|  42|0x0000000082a00000, 0x0000000082b00000, 0x0000000082b00000|100%|HS|  |TAMS 0x0000000082b00000, 0x0000000082b00000| Complete 
|  43|0x0000000082b00000, 0x0000000082c00000, 0x0000000082c00000|100%|HC|  |TAMS 0x0000000082c00000, 0x0000000082c00000| Complete 
|  44|0x0000000082c00000, 0x0000000082d00000, 0x0000000082d00000|100%|HC|  |TAMS 0x0000000082d00000, 0x0000000082d00000| Complete 
|  45|0x0000000082d00000, 0x0000000082e00000, 0x0000000082e00000|100%|HS|  |TAMS 0x0000000082e00000, 0x0000000082e00000| Complete 
|  46|0x0000000082e00000, 0x0000000082f00000, 0x0000000082f00000|100%|HC|  |TAMS 0x0000000082f00000, 0x0000000082f00000| Complete 
|  47|0x0000000082f00000, 0x0000000083000000, 0x0000000083000000|100%|HC|  |TAMS 0x0000000083000000, 0x0000000083000000| Complete 
|  48|0x0000000083000000, 0x0000000083100000, 0x0000000083100000|100%|HC|  |TAMS 0x0000000083100000, 0x0000000083100000| Complete 
|  49|0x0000000083100000, 0x0000000083200000, 0x0000000083200000|100%|HC|  |TAMS 0x0000000083200000, 0x0000000083200000| Complete 
|  50|0x0000000083200000, 0x0000000083300000, 0x0000000083300000|100%|HC|  |TAMS 0x0000000083300000, 0x0000000083300000| Complete 
|  51|0x0000000083300000, 0x0000000083400000, 0x0000000083400000|100%|HC|  |TAMS 0x0000000083400000, 0x0000000083400000| Complete 
|  52|0x0000000083400000, 0x0000000083500000, 0x0000000083500000|100%|HC|  |TAMS 0x0000000083500000, 0x0000000083500000| Complete 
|  53|0x0000000083500000, 0x0000000083600000, 0x0000000083600000|100%|HC|  |TAMS 0x0000000083600000, 0x0000000083600000| Complete 
|  54|0x0000000083600000, 0x0000000083700000, 0x0000000083700000|100%|HC|  |TAMS 0x0000000083700000, 0x0000000083700000| Complete 
|  55|0x0000000083700000, 0x0000000083800000, 0x0000000083800000|100%|HC|  |TAMS 0x0000000083800000, 0x0000000083800000| Complete 
|  56|0x0000000083800000, 0x0000000083900000, 0x0000000083900000|100%|HC|  |TAMS 0x0000000083900000, 0x0000000083900000| Complete 
|  57|0x0000000083900000, 0x0000000083a00000, 0x0000000083a00000|100%| O|  |TAMS 0x0000000083a00000, 0x0000000083a00000| Untracked 
|  58|0x0000000083a00000, 0x0000000083b00000, 0x0000000083b00000|100%| O|  |TAMS 0x0000000083b00000, 0x0000000083b00000| Untracked 
|  59|0x0000000083b00000, 0x0000000083c00000, 0x0000000083c00000|100%| O|  |TAMS 0x0000000083c00000, 0x0000000083c00000| Untracked 
|  60|0x0000000083c00000, 0x0000000083d00000, 0x0000000083d00000|100%|HS|  |TAMS 0x0000000083d00000, 0x0000000083d00000| Complete 
|  61|0x0000000083d00000, 0x0000000083e00000, 0x0000000083e00000|100%|HC|  |TAMS 0x0000000083e00000, 0x0000000083e00000| Complete 
|  62|0x0000000083e00000, 0x0000000083f00000, 0x0000000083f00000|100%|HC|  |TAMS 0x0000000083f00000, 0x0000000083f00000| Complete 
|  63|0x0000000083f00000, 0x0000000084000000, 0x0000000084000000|100%| O|  |TAMS 0x0000000084000000, 0x0000000084000000| Untracked 
|  64|0x0000000084000000, 0x0000000084100000, 0x0000000084100000|100%| O|  |TAMS 0x0000000084000000, 0x0000000084100000| Untracked 
|  65|0x0000000084100000, 0x0000000084200000, 0x0000000084200000|100%| O|  |TAMS 0x0000000084200000, 0x0000000084200000| Untracked 
|  66|0x0000000084200000, 0x0000000084300000, 0x0000000084300000|100%| O|  |TAMS 0x0000000084300000, 0x0000000084300000| Untracked 
|  67|0x0000000084300000, 0x0000000084400000, 0x0000000084400000|100%| O|  |TAMS 0x0000000084400000, 0x0000000084400000| Untracked 
|  68|0x0000000084400000, 0x0000000084500000, 0x0000000084500000|100%| O|  |TAMS 0x0000000084500000, 0x0000000084500000| Untracked 
|  69|0x0000000084500000, 0x0000000084600000, 0x0000000084600000|100%| O|  |TAMS 0x0000000084600000, 0x0000000084600000| Untracked 
|  70|0x0000000084600000, 0x0000000084700000, 0x0000000084700000|100%| O|  |TAMS 0x0000000084700000, 0x0000000084700000| Untracked 
|  71|0x0000000084700000, 0x0000000084800000, 0x0000000084800000|100%| O|  |TAMS 0x0000000084800000, 0x0000000084800000| Untracked 
|  72|0x0000000084800000, 0x0000000084800000, 0x0000000084900000|  0%| F|  |TAMS 0x0000000084800000, 0x0000000084800000| Untracked 
|  73|0x0000000084900000, 0x0000000084a00000, 0x0000000084a00000|100%|HS|  |TAMS 0x0000000084a00000, 0x0000000084a00000| Complete 
|  74|0x0000000084a00000, 0x0000000084b00000, 0x0000000084b00000|100%|HS|  |TAMS 0x0000000084b00000, 0x0000000084b00000| Complete 
|  75|0x0000000084b00000, 0x0000000084c00000, 0x0000000084c00000|100%|HS|  |TAMS 0x0000000084c00000, 0x0000000084c00000| Complete 
|  76|0x0000000084c00000, 0x0000000084d00000, 0x0000000084d00000|100%|HC|  |TAMS 0x0000000084d00000, 0x0000000084d00000| Complete 
|  77|0x0000000084d00000, 0x0000000084e00000, 0x0000000084e00000|100%|HS|  |TAMS 0x0000000084e00000, 0x0000000084e00000| Complete 
|  78|0x0000000084e00000, 0x0000000084f00000, 0x0000000084f00000|100%| O|  |TAMS 0x0000000084f00000, 0x0000000084f00000| Untracked 
|  79|0x0000000084f00000, 0x0000000085000000, 0x0000000085000000|100%| O|  |TAMS 0x0000000085000000, 0x0000000085000000| Untracked 
|  80|0x0000000085000000, 0x0000000085100000, 0x0000000085100000|100%| O|  |TAMS 0x0000000085100000, 0x0000000085100000| Untracked 
|  81|0x0000000085100000, 0x0000000085200000, 0x0000000085200000|100%| O|  |TAMS 0x0000000085200000, 0x0000000085200000| Untracked 
|  82|0x0000000085200000, 0x0000000085300000, 0x0000000085300000|100%|HS|  |TAMS 0x0000000085300000, 0x0000000085300000| Complete 
|  83|0x0000000085300000, 0x0000000085400000, 0x0000000085400000|100%|HC|  |TAMS 0x0000000085400000, 0x0000000085400000| Complete 
|  84|0x0000000085400000, 0x0000000085500000, 0x0000000085500000|100%|HC|  |TAMS 0x0000000085500000, 0x0000000085500000| Complete 
|  85|0x0000000085500000, 0x0000000085600000, 0x0000000085600000|100%|HC|  |TAMS 0x0000000085600000, 0x0000000085600000| Complete 
|  86|0x0000000085600000, 0x0000000085700000, 0x0000000085700000|100%| O|  |TAMS 0x0000000085700000, 0x0000000085700000| Untracked 
|  87|0x0000000085700000, 0x0000000085800000, 0x0000000085800000|100%| O|  |TAMS 0x0000000085800000, 0x0000000085800000| Untracked 
|  88|0x0000000085800000, 0x0000000085900000, 0x0000000085900000|100%| O|  |TAMS 0x0000000085900000, 0x0000000085900000| Untracked 
|  89|0x0000000085900000, 0x0000000085a00000, 0x0000000085a00000|100%| O|  |TAMS 0x00000000859aec00, 0x0000000085a00000| Untracked 
|  90|0x0000000085a00000, 0x0000000085b00000, 0x0000000085b00000|100%| O|  |TAMS 0x0000000085a00000, 0x0000000085b00000| Untracked 
|  91|0x0000000085b00000, 0x0000000085c00000, 0x0000000085c00000|100%| O|  |TAMS 0x0000000085b00000, 0x0000000085c00000| Untracked 
|  92|0x0000000085c00000, 0x0000000085d00000, 0x0000000085d00000|100%| O|  |TAMS 0x0000000085c00000, 0x0000000085d00000| Untracked 
|  93|0x0000000085d00000, 0x0000000085d52400, 0x0000000085e00000| 32%| O|  |TAMS 0x0000000085d00000, 0x0000000085d52400| Untracked 
|  94|0x0000000085e00000, 0x0000000085e00000, 0x0000000085f00000|  0%| F|  |TAMS 0x0000000085e00000, 0x0000000085e00000| Untracked 
|  95|0x0000000085f00000, 0x0000000085f00000, 0x0000000086000000|  0%| F|  |TAMS 0x0000000085f00000, 0x0000000085f00000| Untracked 
|  96|0x0000000086000000, 0x0000000086000000, 0x0000000086100000|  0%| F|  |TAMS 0x0000000086000000, 0x0000000086000000| Untracked 
|  97|0x0000000086100000, 0x0000000086100000, 0x0000000086200000|  0%| F|  |TAMS 0x0000000086100000, 0x0000000086100000| Untracked 
|  98|0x0000000086200000, 0x0000000086200000, 0x0000000086300000|  0%| F|  |TAMS 0x0000000086200000, 0x0000000086200000| Untracked 
|  99|0x0000000086300000, 0x0000000086300000, 0x0000000086400000|  0%| F|  |TAMS 0x0000000086300000, 0x0000000086300000| Untracked 
| 100|0x0000000086400000, 0x0000000086400000, 0x0000000086500000|  0%| F|  |TAMS 0x0000000086400000, 0x0000000086400000| Untracked 
| 101|0x0000000086500000, 0x0000000086500000, 0x0000000086600000|  0%| F|  |TAMS 0x0000000086500000, 0x0000000086500000| Untracked 
| 102|0x0000000086600000, 0x0000000086600000, 0x0000000086700000|  0%| F|  |TAMS 0x0000000086600000, 0x0000000086600000| Untracked 
| 103|0x0000000086700000, 0x0000000086700000, 0x0000000086800000|  0%| F|  |TAMS 0x0000000086700000, 0x0000000086700000| Untracked 
| 104|0x0000000086800000, 0x0000000086800000, 0x0000000086900000|  0%| F|  |TAMS 0x0000000086800000, 0x0000000086800000| Untracked 
| 105|0x0000000086900000, 0x0000000086900000, 0x0000000086a00000|  0%| F|  |TAMS 0x0000000086900000, 0x0000000086900000| Untracked 
| 106|0x0000000086a00000, 0x0000000086a00000, 0x0000000086b00000|  0%| F|  |TAMS 0x0000000086a00000, 0x0000000086a00000| Untracked 
| 107|0x0000000086b00000, 0x0000000086b00000, 0x0000000086c00000|  0%| F|  |TAMS 0x0000000086b00000, 0x0000000086b00000| Untracked 
| 108|0x0000000086c00000, 0x0000000086c00000, 0x0000000086d00000|  0%| F|  |TAMS 0x0000000086c00000, 0x0000000086c00000| Untracked 
| 109|0x0000000086d00000, 0x0000000086d00000, 0x0000000086e00000|  0%| F|  |TAMS 0x0000000086d00000, 0x0000000086d00000| Untracked 
| 110|0x0000000086e00000, 0x0000000086e00000, 0x0000000086f00000|  0%| F|  |TAMS 0x0000000086e00000, 0x0000000086e00000| Untracked 
| 111|0x0000000086f00000, 0x0000000086f00000, 0x0000000087000000|  0%| F|  |TAMS 0x0000000086f00000, 0x0000000086f00000| Untracked 
| 112|0x0000000087000000, 0x0000000087000000, 0x0000000087100000|  0%| F|  |TAMS 0x0000000087000000, 0x0000000087000000| Untracked 
| 113|0x0000000087100000, 0x0000000087100000, 0x0000000087200000|  0%| F|  |TAMS 0x0000000087100000, 0x0000000087100000| Untracked 
| 114|0x0000000087200000, 0x0000000087200000, 0x0000000087300000|  0%| F|  |TAMS 0x0000000087200000, 0x0000000087200000| Untracked 
| 115|0x0000000087300000, 0x0000000087300000, 0x0000000087400000|  0%| F|  |TAMS 0x0000000087300000, 0x0000000087300000| Untracked 
| 116|0x0000000087400000, 0x0000000087400000, 0x0000000087500000|  0%| F|  |TAMS 0x0000000087400000, 0x0000000087400000| Untracked 
| 117|0x0000000087500000, 0x0000000087500000, 0x0000000087600000|  0%| F|  |TAMS 0x0000000087500000, 0x0000000087500000| Untracked 
| 118|0x0000000087600000, 0x0000000087600000, 0x0000000087700000|  0%| F|  |TAMS 0x0000000087600000, 0x0000000087600000| Untracked 
| 119|0x0000000087700000, 0x0000000087700000, 0x0000000087800000|  0%| F|  |TAMS 0x0000000087700000, 0x0000000087700000| Untracked 
| 120|0x0000000087800000, 0x0000000087800000, 0x0000000087900000|  0%| F|  |TAMS 0x0000000087800000, 0x0000000087800000| Untracked 
| 121|0x0000000087900000, 0x0000000087900000, 0x0000000087a00000|  0%| F|  |TAMS 0x0000000087900000, 0x0000000087900000| Untracked 
| 122|0x0000000087a00000, 0x0000000087a00000, 0x0000000087b00000|  0%| F|  |TAMS 0x0000000087a00000, 0x0000000087a00000| Untracked 
| 123|0x0000000087b00000, 0x0000000087b00000, 0x0000000087c00000|  0%| F|  |TAMS 0x0000000087b00000, 0x0000000087b00000| Untracked 
| 124|0x0000000087c00000, 0x0000000087c00000, 0x0000000087d00000|  0%| F|  |TAMS 0x0000000087c00000, 0x0000000087c00000| Untracked 
| 125|0x0000000087d00000, 0x0000000087d00000, 0x0000000087e00000|  0%| F|  |TAMS 0x0000000087d00000, 0x0000000087d00000| Untracked 
| 126|0x0000000087e00000, 0x0000000087e5e9e8, 0x0000000087f00000| 36%| S|CS|TAMS 0x0000000087e00000, 0x0000000087e00000| Complete 
| 127|0x0000000087f00000, 0x0000000088000000, 0x0000000088000000|100%| S|CS|TAMS 0x0000000087f00000, 0x0000000087f00000| Complete 
| 128|0x0000000088000000, 0x0000000088000000, 0x0000000088100000|  0%| F|  |TAMS 0x0000000088000000, 0x0000000088000000| Untracked 
| 129|0x0000000088100000, 0x0000000088100000, 0x0000000088200000|  0%| F|  |TAMS 0x0000000088100000, 0x0000000088100000| Untracked 
| 130|0x0000000088200000, 0x0000000088200000, 0x0000000088300000|  0%| F|  |TAMS 0x0000000088200000, 0x0000000088200000| Untracked 
| 131|0x0000000088300000, 0x0000000088300000, 0x0000000088400000|  0%| F|  |TAMS 0x0000000088300000, 0x0000000088300000| Untracked 
| 132|0x0000000088400000, 0x0000000088400000, 0x0000000088500000|  0%| F|  |TAMS 0x0000000088400000, 0x0000000088400000| Untracked 
| 133|0x0000000088500000, 0x0000000088500000, 0x0000000088600000|  0%| F|  |TAMS 0x0000000088500000, 0x0000000088500000| Untracked 
| 134|0x0000000088600000, 0x0000000088600000, 0x0000000088700000|  0%| F|  |TAMS 0x0000000088600000, 0x0000000088600000| Untracked 
| 135|0x0000000088700000, 0x0000000088700000, 0x0000000088800000|  0%| F|  |TAMS 0x0000000088700000, 0x0000000088700000| Untracked 
| 136|0x0000000088800000, 0x0000000088800000, 0x0000000088900000|  0%| F|  |TAMS 0x0000000088800000, 0x0000000088800000| Untracked 
| 137|0x0000000088900000, 0x0000000088900000, 0x0000000088a00000|  0%| F|  |TAMS 0x0000000088900000, 0x0000000088900000| Untracked 
| 138|0x0000000088a00000, 0x0000000088a00000, 0x0000000088b00000|  0%| F|  |TAMS 0x0000000088a00000, 0x0000000088a00000| Untracked 
| 139|0x0000000088b00000, 0x0000000088b00000, 0x0000000088c00000|  0%| F|  |TAMS 0x0000000088b00000, 0x0000000088b00000| Untracked 
| 140|0x0000000088c00000, 0x0000000088c00000, 0x0000000088d00000|  0%| F|  |TAMS 0x0000000088c00000, 0x0000000088c00000| Untracked 
| 141|0x0000000088d00000, 0x0000000088d00000, 0x0000000088e00000|  0%| F|  |TAMS 0x0000000088d00000, 0x0000000088d00000| Untracked 
| 142|0x0000000088e00000, 0x0000000088e00000, 0x0000000088f00000|  0%| F|  |TAMS 0x0000000088e00000, 0x0000000088e00000| Untracked 
| 143|0x0000000088f00000, 0x0000000088f00000, 0x0000000089000000|  0%| F|  |TAMS 0x0000000088f00000, 0x0000000088f00000| Untracked 
| 144|0x0000000089000000, 0x0000000089000000, 0x0000000089100000|  0%| F|  |TAMS 0x0000000089000000, 0x0000000089000000| Untracked 
| 145|0x0000000089100000, 0x0000000089100000, 0x0000000089200000|  0%| F|  |TAMS 0x0000000089100000, 0x0000000089100000| Untracked 
| 146|0x0000000089200000, 0x0000000089200000, 0x0000000089300000|  0%| F|  |TAMS 0x0000000089200000, 0x0000000089200000| Untracked 
| 147|0x0000000089300000, 0x0000000089300000, 0x0000000089400000|  0%| F|  |TAMS 0x0000000089300000, 0x0000000089300000| Untracked 
| 148|0x0000000089400000, 0x0000000089400000, 0x0000000089500000|  0%| F|  |TAMS 0x0000000089400000, 0x0000000089400000| Untracked 
| 149|0x0000000089500000, 0x0000000089500000, 0x0000000089600000|  0%| F|  |TAMS 0x0000000089500000, 0x0000000089500000| Untracked 
| 150|0x0000000089600000, 0x0000000089600000, 0x0000000089700000|  0%| F|  |TAMS 0x0000000089600000, 0x0000000089600000| Untracked 
| 151|0x0000000089700000, 0x0000000089700000, 0x0000000089800000|  0%| F|  |TAMS 0x0000000089700000, 0x0000000089700000| Untracked 
| 152|0x0000000089800000, 0x0000000089800000, 0x0000000089900000|  0%| F|  |TAMS 0x0000000089800000, 0x0000000089800000| Untracked 
| 153|0x0000000089900000, 0x0000000089900000, 0x0000000089a00000|  0%| F|  |TAMS 0x0000000089900000, 0x0000000089900000| Untracked 
| 154|0x0000000089a00000, 0x0000000089a00000, 0x0000000089b00000|  0%| F|  |TAMS 0x0000000089a00000, 0x0000000089a00000| Untracked 
| 155|0x0000000089b00000, 0x0000000089b00000, 0x0000000089c00000|  0%| F|  |TAMS 0x0000000089b00000, 0x0000000089b00000| Untracked 
| 156|0x0000000089c00000, 0x0000000089c00000, 0x0000000089d00000|  0%| F|  |TAMS 0x0000000089c00000, 0x0000000089c00000| Untracked 
| 157|0x0000000089d00000, 0x0000000089d00000, 0x0000000089e00000|  0%| F|  |TAMS 0x0000000089d00000, 0x0000000089d00000| Untracked 
| 158|0x0000000089e00000, 0x0000000089e00000, 0x0000000089f00000|  0%| F|  |TAMS 0x0000000089e00000, 0x0000000089e00000| Untracked 

Card table byte_map: [0x000001a6c6eb0000,0x000001a6c72b0000] _byte_map_base: 0x000001a6c6ab0000

Marking Bits (Prev, Next): (CMBitMap*) 0x000001a6b4a42950, (CMBitMap*) 0x000001a6b4a42910
 Prev Bits: [0x000001a6c96b0000, 0x000001a6cb6b0000)
 Next Bits: [0x000001a6c76b0000, 0x000001a6c96b0000)

Polling page: 0x000001a6b2970000

Metaspace:

Usage:
  Non-class:     57.56 MB used.
      Class:      9.34 MB used.
       Both:     66.90 MB used.

Virtual space:
  Non-class space:       64.00 MB reserved,      57.94 MB ( 91%) committed,  8 nodes.
      Class space:        1.00 GB reserved,       9.62 MB ( <1%) committed,  1 nodes.
             Both:        1.06 GB reserved,      67.56 MB (  6%) committed. 

Chunk freelists:
   Non-Class:  1.92 MB
       Class:  2.28 MB
        Both:  4.21 MB

MaxMetaspaceSize: unlimited
CompressedClassSpaceSize: 1.00 GB
Initial GC threshold: 21.00 MB
Current GC threshold: 100.56 MB
CDS: off
MetaspaceReclaimPolicy: balanced
 - commit_granule_bytes: 65536.
 - commit_granule_words: 8192.
 - virtual_space_node_default_size: 1048576.
 - enlarge_chunks_in_place: 1.
 - new_chunks_are_fully_committed: 0.
 - uncommit_free_chunks: 1.
 - use_allocation_guard: 0.
 - handle_deallocations: 1.


Internal statistics:

num_allocs_failed_limit: 3.
num_arena_births: 830.
num_arena_deaths: 0.
num_vsnodes_births: 9.
num_vsnodes_deaths: 0.
num_space_committed: 1081.
num_space_uncommitted: 0.
num_chunks_returned_to_freelist: 3.
num_chunks_taken_from_freelist: 3189.
num_chunk_merges: 3.
num_chunk_splits: 2147.
num_chunks_enlarged: 1488.
num_purges: 0.
num_inconsistent_stats: 0.

CodeHeap 'non-profiled nmethods': size=120064Kb used=3224Kb max_used=3365Kb free=116839Kb
 bounds [0x000001a6bf970000, 0x000001a6bfcc0000, 0x000001a6c6eb0000]
CodeHeap 'profiled nmethods': size=120000Kb used=12069Kb max_used=12069Kb free=107930Kb
 bounds [0x000001a6b7eb0000, 0x000001a6b8a80000, 0x000001a6bf3e0000]
CodeHeap 'non-nmethods': size=5696Kb used=2344Kb max_used=2384Kb free=3351Kb
 bounds [0x000001a6bf3e0000, 0x000001a6bf650000, 0x000001a6bf970000]
 total_blobs=6969 nmethods=6098 adapters=783
 compilation: enabled
              stopped_count=0, restarted_count=0
 full_count=0

Compilation events (20 events):
Event: 82.783 Thread 0x000001a6cdacd470 6903  s    3       org.gradle.internal.classloader.VisitableURLClassLoader::getUserData (48 bytes)
Event: 82.783 Thread 0x000001a6cdacd470 nmethod 6903 0x000001a6b8a75590 code [0x000001a6b8a75780, 0x000001a6b8a75d58]
Event: 82.787 Thread 0x000001a6cdacd470 6904   !   3       sun.invoke.util.VerifyAccess$1::run (16 bytes)
Event: 82.787 Thread 0x000001a6cdacd470 nmethod 6904 0x000001a6b8a75f10 code [0x000001a6b8a760c0, 0x000001a6b8a76268]
Event: 82.806 Thread 0x000001a6cdacd470 6905       3       com.google.common.collect.AbstractMapBasedMultimap::put (92 bytes)
Event: 82.809 Thread 0x000001a6cdacd470 nmethod 6905 0x000001a6b8a76310 code [0x000001a6b8a76540, 0x000001a6b8a76d38]
Event: 82.810 Thread 0x000001a6cdacd470 6906       3       org.gradle.internal.instantiation.generator.AsmBackedClassGenerator$ClassBuilderImpl::access$7100 (4 bytes)
Event: 82.810 Thread 0x000001a6cdacd470 nmethod 6906 0x000001a6b8370890 code [0x000001a6b8370a20, 0x000001a6b8370b18]
Event: 82.811 Thread 0x000001a6cdacd470 6907       3       com.google.common.collect.AbstractMapBasedMultimap$WrappedCollection::iterator (13 bytes)
Event: 82.812 Thread 0x000001a6cdacd470 nmethod 6907 0x000001a6b8a76f90 code [0x000001a6b8a771a0, 0x000001a6b8a77a28]
Event: 82.820 Thread 0x000001a6cdacd470 6908       3       com.google.common.collect.AbstractSetMultimap::put (7 bytes)
Event: 82.820 Thread 0x000001a6cdacd470 nmethod 6908 0x000001a6b8a77c10 code [0x000001a6b8a77da0, 0x000001a6b8a77ee8]
Event: 82.820 Thread 0x000001a6cdacd470 6909       3       com.google.common.collect.LinkedHashMultimap::put (7 bytes)
Event: 82.821 Thread 0x000001a6cdacd470 nmethod 6909 0x000001a6b8a77f90 code [0x000001a6b8a78140, 0x000001a6b8a782e8]
Event: 82.822 Thread 0x000001a6cdacd470 6910       3       com.google.common.collect.LinkedHashMultimap$ValueSet::iterator (9 bytes)
Event: 82.822 Thread 0x000001a6cdacd470 nmethod 6910 0x000001a6b8a78410 code [0x000001a6b8a785c0, 0x000001a6b8a788d8]
Event: 82.824 Thread 0x000001a6cdacd470 6911       1       org.gradle.internal.instantiation.generator.AbstractClassGenerator::getRoleHandler (5 bytes)
Event: 82.825 Thread 0x000001a6cdacd470 nmethod 6911 0x000001a6bfb22990 code [0x000001a6bfb22b20, 0x000001a6bfb22bf8]
Event: 82.830 Thread 0x000001a6cdacd470 6912   !   3       org.objectweb.asm.ClassWriter::getCommonSuperClass (141 bytes)
Event: 82.832 Thread 0x000001a6cdacd470 nmethod 6912 0x000001a6b8a78a10 code [0x000001a6b8a78d20, 0x000001a6b8a79918]

GC Heap History (20 events):
Event: 70.660 GC heap after
{Heap after GC invocations=27 (full 0):
 garbage-first heap   total 119808K, used 69494K [0x0000000080000000, 0x0000000100000000)
  region size 1024K, 2 young (2048K), 2 survivors (2048K)
 Metaspace       used 50111K, committed 50624K, reserved 1097728K
  class space    used 6558K, committed 6784K, reserved 1048576K
}
Event: 73.113 GC heap before
{Heap before GC invocations=27 (full 0):
 garbage-first heap   total 119808K, used 93046K [0x0000000080000000, 0x0000000100000000)
  region size 1024K, 26 young (26624K), 2 survivors (2048K)
 Metaspace       used 52861K, committed 53440K, reserved 1097728K
  class space    used 7054K, committed 7296K, reserved 1048576K
}
Event: 73.124 GC heap after
{Heap after GC invocations=28 (full 0):
 garbage-first heap   total 119808K, used 71304K [0x0000000080000000, 0x0000000100000000)
  region size 1024K, 4 young (4096K), 4 survivors (4096K)
 Metaspace       used 52861K, committed 53440K, reserved 1097728K
  class space    used 7054K, committed 7296K, reserved 1048576K
}
Event: 75.294 GC heap before
{Heap before GC invocations=29 (full 0):
 garbage-first heap   total 124928K, used 94856K [0x0000000080000000, 0x0000000100000000)
  region size 1024K, 27 young (27648K), 4 survivors (4096K)
 Metaspace       used 55781K, committed 56384K, reserved 1105920K
  class space    used 7511K, committed 7808K, reserved 1048576K
}
Event: 75.308 GC heap after
{Heap after GC invocations=30 (full 0):
 garbage-first heap   total 124928K, used 72972K [0x0000000080000000, 0x0000000100000000)
  region size 1024K, 4 young (4096K), 4 survivors (4096K)
 Metaspace       used 55781K, committed 56384K, reserved 1105920K
  class space    used 7511K, committed 7808K, reserved 1048576K
}
Event: 75.586 GC heap before
{Heap before GC invocations=30 (full 0):
 garbage-first heap   total 124928K, used 75020K [0x0000000080000000, 0x0000000100000000)
  region size 1024K, 6 young (6144K), 4 survivors (4096K)
 Metaspace       used 55864K, committed 56512K, reserved 1105920K
  class space    used 7515K, committed 7808K, reserved 1048576K
}
Event: 75.599 GC heap after
{Heap after GC invocations=31 (full 0):
 garbage-first heap   total 124928K, used 73262K [0x0000000080000000, 0x0000000100000000)
  region size 1024K, 1 young (1024K), 1 survivors (1024K)
 Metaspace       used 55864K, committed 56512K, reserved 1105920K
  class space    used 7515K, committed 7808K, reserved 1048576K
}
Event: 77.901 GC heap before
{Heap before GC invocations=31 (full 0):
 garbage-first heap   total 124928K, used 99886K [0x0000000080000000, 0x0000000100000000)
  region size 1024K, 28 young (28672K), 1 survivors (1024K)
 Metaspace       used 56673K, committed 57344K, reserved 1105920K
  class space    used 7583K, committed 7872K, reserved 1048576K
}
Event: 77.915 GC heap after
{Heap after GC invocations=32 (full 0):
 garbage-first heap   total 124928K, used 78358K [0x0000000080000000, 0x0000000100000000)
  region size 1024K, 4 young (4096K), 4 survivors (4096K)
 Metaspace       used 56673K, committed 57344K, reserved 1105920K
  class space    used 7583K, committed 7872K, reserved 1048576K
}
Event: 79.365 GC heap before
{Heap before GC invocations=33 (full 0):
 garbage-first heap   total 135168K, used 106006K [0x0000000080000000, 0x0000000100000000)
  region size 1024K, 26 young (26624K), 4 survivors (4096K)
 Metaspace       used 60773K, committed 61440K, reserved 1105920K
  class space    used 8588K, committed 8896K, reserved 1048576K
}
Event: 79.376 GC heap after
{Heap after GC invocations=34 (full 0):
 garbage-first heap   total 135168K, used 86000K [0x0000000080000000, 0x0000000100000000)
  region size 1024K, 3 young (3072K), 3 survivors (3072K)
 Metaspace       used 60773K, committed 61440K, reserved 1105920K
  class space    used 8588K, committed 8896K, reserved 1048576K
}
Event: 79.498 GC heap before
{Heap before GC invocations=34 (full 0):
 garbage-first heap   total 135168K, used 92144K [0x0000000080000000, 0x0000000100000000)
  region size 1024K, 6 young (6144K), 3 survivors (3072K)
 Metaspace       used 60791K, committed 61440K, reserved 1105920K
  class space    used 8590K, committed 8896K, reserved 1048576K
}
Event: 79.504 GC heap after
{Heap after GC invocations=35 (full 0):
 garbage-first heap   total 135168K, used 91834K [0x0000000080000000, 0x0000000100000000)
  region size 1024K, 1 young (1024K), 1 survivors (1024K)
 Metaspace       used 60791K, committed 61440K, reserved 1105920K
  class space    used 8590K, committed 8896K, reserved 1048576K
}
Event: 79.578 GC heap before
{Heap before GC invocations=35 (full 0):
 garbage-first heap   total 135168K, used 93882K [0x0000000080000000, 0x0000000100000000)
  region size 1024K, 4 young (4096K), 1 survivors (1024K)
 Metaspace       used 61062K, committed 61760K, reserved 1105920K
  class space    used 8640K, committed 8960K, reserved 1048576K
}
Event: 79.580 GC heap after
{Heap after GC invocations=36 (full 0):
 garbage-first heap   total 135168K, used 92939K [0x0000000080000000, 0x0000000100000000)
  region size 1024K, 3 young (3072K), 3 survivors (3072K)
 Metaspace       used 61062K, committed 61760K, reserved 1105920K
  class space    used 8640K, committed 8960K, reserved 1048576K
}
Event: 80.731 GC heap before
{Heap before GC invocations=37 (full 0):
 garbage-first heap   total 162816K, used 111371K [0x0000000080000000, 0x0000000100000000)
  region size 1024K, 21 young (21504K), 3 survivors (3072K)
 Metaspace       used 63117K, committed 63808K, reserved 1105920K
  class space    used 8930K, committed 9216K, reserved 1048576K
}
Event: 80.739 GC heap after
{Heap after GC invocations=38 (full 0):
 garbage-first heap   total 162816K, used 95010K [0x0000000080000000, 0x0000000100000000)
  region size 1024K, 3 young (3072K), 3 survivors (3072K)
 Metaspace       used 63117K, committed 63808K, reserved 1105920K
  class space    used 8930K, committed 9216K, reserved 1048576K
}
Event: 80.917 GC heap before
{Heap before GC invocations=38 (full 0):
 garbage-first heap   total 162816K, used 98082K [0x0000000080000000, 0x0000000100000000)
  region size 1024K, 7 young (7168K), 3 survivors (3072K)
 Metaspace       used 63614K, committed 64256K, reserved 1105920K
  class space    used 8999K, committed 9280K, reserved 1048576K
}
Event: 80.928 GC heap after
{Heap after GC invocations=39 (full 0):
 garbage-first heap   total 162816K, used 93747K [0x0000000080000000, 0x0000000100000000)
  region size 1024K, 1 young (1024K), 1 survivors (1024K)
 Metaspace       used 63614K, committed 64256K, reserved 1105920K
  class space    used 8999K, committed 9280K, reserved 1048576K
}
Event: 82.839 GC heap before
{Heap before GC invocations=39 (full 0):
 garbage-first heap   total 162816K, used 124467K [0x0000000080000000, 0x0000000100000000)
  region size 1024K, 31 young (31744K), 1 survivors (1024K)
 Metaspace       used 68502K, committed 69184K, reserved 1114112K
  class space    used 9566K, committed 9856K, reserved 1048576K
}

Dll operation events (2 events):
Event: 0.035 Loaded shared library D:\ANDROID\jbr\bin\java.dll
Event: 5.284 Loaded shared library D:\ANDROID\jbr\bin\verify.dll

Deoptimization events (20 events):
Event: 81.609 Thread 0x000001a6cf812920 Uncommon trap: trap_request=0xffffffc6 fr.pc=0x000001a6bf9f7218 relative=0x0000000000000058
Event: 81.609 Thread 0x000001a6cf812920 Uncommon trap: reason=bimorphic_or_optimized_type_check action=maybe_recompile pc=0x000001a6bf9f7218 method=java.util.AbstractQueue.add(Ljava/lang/Object;)Z @ 2 c2
Event: 81.609 Thread 0x000001a6cf812920 DEOPT PACKING pc=0x000001a6bf9f7218 sp=0x00000070b8ff6c10
Event: 81.609 Thread 0x000001a6cf812920 DEOPT UNPACKING pc=0x000001a6bf4369a3 sp=0x00000070b8ff6bd8 mode 2
Event: 82.585 Thread 0x000001a6cf812920 Uncommon trap: trap_request=0xffffffde fr.pc=0x000001a6bfacc93c relative=0x000000000000003c
Event: 82.585 Thread 0x000001a6cf812920 Uncommon trap: reason=class_check action=maybe_recompile pc=0x000001a6bfacc93c method=java.lang.StringConcatHelper.stringOf(Ljava/lang/Object;)Ljava/lang/String; @ 5 c2
Event: 82.585 Thread 0x000001a6cf812920 DEOPT PACKING pc=0x000001a6bfacc93c sp=0x00000070b8ff6f80
Event: 82.585 Thread 0x000001a6cf812920 DEOPT UNPACKING pc=0x000001a6bf4369a3 sp=0x00000070b8ff6f10 mode 2
Event: 82.585 Thread 0x000001a6cf812920 Uncommon trap: trap_request=0xffffffde fr.pc=0x000001a6bfacc93c relative=0x000000000000003c
Event: 82.585 Thread 0x000001a6cf812920 Uncommon trap: reason=class_check action=maybe_recompile pc=0x000001a6bfacc93c method=java.lang.StringConcatHelper.stringOf(Ljava/lang/Object;)Ljava/lang/String; @ 5 c2
Event: 82.585 Thread 0x000001a6cf812920 DEOPT PACKING pc=0x000001a6bfacc93c sp=0x00000070b8ff6f80
Event: 82.585 Thread 0x000001a6cf812920 DEOPT UNPACKING pc=0x000001a6bf4369a3 sp=0x00000070b8ff6f10 mode 2
Event: 82.585 Thread 0x000001a6cf812920 Uncommon trap: trap_request=0xffffffde fr.pc=0x000001a6bfacc93c relative=0x000000000000003c
Event: 82.585 Thread 0x000001a6cf812920 Uncommon trap: reason=class_check action=maybe_recompile pc=0x000001a6bfacc93c method=java.lang.StringConcatHelper.stringOf(Ljava/lang/Object;)Ljava/lang/String; @ 5 c2
Event: 82.585 Thread 0x000001a6cf812920 DEOPT PACKING pc=0x000001a6bfacc93c sp=0x00000070b8ff6f80
Event: 82.585 Thread 0x000001a6cf812920 DEOPT UNPACKING pc=0x000001a6bf4369a3 sp=0x00000070b8ff6f10 mode 2
Event: 82.585 Thread 0x000001a6cf812920 Uncommon trap: trap_request=0xffffffde fr.pc=0x000001a6bfacc93c relative=0x000000000000003c
Event: 82.585 Thread 0x000001a6cf812920 Uncommon trap: reason=class_check action=maybe_recompile pc=0x000001a6bfacc93c method=java.lang.StringConcatHelper.stringOf(Ljava/lang/Object;)Ljava/lang/String; @ 5 c2
Event: 82.585 Thread 0x000001a6cf812920 DEOPT PACKING pc=0x000001a6bfacc93c sp=0x00000070b8ff6f80
Event: 82.585 Thread 0x000001a6cf812920 DEOPT UNPACKING pc=0x000001a6bf4369a3 sp=0x00000070b8ff6f10 mode 2

Classes unloaded (0 events):
No events

Classes redefined (0 events):
No events

Internal exceptions (20 events):
Event: 78.118 Thread 0x000001a6cf812920 Exception <a 'java/lang/NoSuchMethodError'{0x0000000087864580}: 'void java.lang.invoke.DirectMethodHandle$Holder.invokeVirtual(java.lang.Object, java.lang.Object)'> (0x0000000087864580) 
thrown [s\src\hotspot\share\interpreter\linkResolver.cpp, line 771]
Event: 78.360 Thread 0x000001a6cf812920 Exception <a 'java/lang/NoSuchMethodError'{0x0000000088227a88}: 'java.lang.Object java.lang.invoke.DirectMethodHandle$Holder.invokeStaticInit(java.lang.Object, int)'> (0x0000000088227a88) 
thrown [s\src\hotspot\share\interpreter\linkResolver.cpp, line 771]
Event: 78.419 Thread 0x000001a6cf812920 Exception <a 'java/lang/NoSuchMethodError'{0x00000000881504d8}: 'int java.lang.invoke.DelegatingMethodHandle$Holder.reinvoke_L(java.lang.Object, java.lang.Object, java.lang.Object, long, int, int)'> (0x00000000881504d8) 
thrown [s\src\hotspot\share\interpreter\linkResolver.cpp, line 771]
Event: 78.421 Thread 0x000001a6cf812920 Exception <a 'java/lang/NoSuchMethodError'{0x00000000881645a8}: 'int java.lang.invoke.DelegatingMethodHandle$Holder.reinvoke_L(java.lang.Object, java.lang.Object, java.lang.Object, long, long, long)'> (0x00000000881645a8) 
thrown [s\src\hotspot\share\interpreter\linkResolver.cpp, line 771]
Event: 78.427 Thread 0x000001a6cf812920 Exception <a 'java/lang/NoSuchMethodError'{0x00000000881747d8}: 'int java.lang.invoke.DelegatingMethodHandle$Holder.reinvoke_L(java.lang.Object, java.lang.Object, java.lang.Object, long, java.lang.Object, java.lang.Object)'> (0x00000000881747d8) 
thrown [s\src\hotspot\share\interpreter\linkResolver.cpp, line 771]
Event: 78.430 Thread 0x000001a6cf812920 Exception <a 'java/lang/NoSuchMethodError'{0x00000000881847a0}: 'void java.lang.invoke.DelegatingMethodHandle$Holder.reinvoke_L(java.lang.Object, java.lang.Object, java.lang.Object, long, java.lang.Object)'> (0x00000000881847a0) 
thrown [s\src\hotspot\share\interpreter\linkResolver.cpp, line 771]
Event: 78.431 Thread 0x000001a6cf812920 Exception <a 'java/lang/NoSuchMethodError'{0x000000008818d0d0}: 'java.lang.Object java.lang.invoke.DirectMethodHandle$Holder.invokeSpecial(java.lang.Object, java.lang.Object, java.lang.Object, java.lang.Object, long)'> (0x000000008818d0d0) 
thrown [s\src\hotspot\share\interpreter\linkResolver.cpp, line 771]
Event: 78.449 Thread 0x000001a6cf812920 Exception <a 'java/lang/NoSuchMethodError'{0x00000000881b2290}: 'long java.lang.invoke.Invokers$Holder.invoke_MT(java.lang.Object, java.lang.Object, java.lang.Object, java.lang.Object)'> (0x00000000881b2290) 
thrown [s\src\hotspot\share\interpreter\linkResolver.cpp, line 771]
Event: 78.451 Thread 0x000001a6cf812920 Exception <a 'java/lang/NoSuchMethodError'{0x00000000881bb8c8}: 'int java.lang.invoke.Invokers$Holder.invoke_MT(java.lang.Object, java.lang.Object, java.lang.Object, java.lang.Object)'> (0x00000000881bb8c8) 
thrown [s\src\hotspot\share\interpreter\linkResolver.cpp, line 771]
Event: 78.457 Thread 0x000001a6cf812920 Exception <a 'java/lang/NoSuchMethodError'{0x00000000881ccbb8}: 'int java.lang.invoke.DelegatingMethodHandle$Holder.reinvoke_L(java.lang.Object, java.lang.Object, java.lang.Object, long, int)'> (0x00000000881ccbb8) 
thrown [s\src\hotspot\share\interpreter\linkResolver.cpp, line 771]
Event: 78.467 Thread 0x000001a6cf812920 Exception <a 'java/lang/NoSuchMethodError'{0x00000000881e0230}: 'java.lang.Object java.lang.invoke.Invokers$Holder.invokeExact_MT(java.lang.Object, java.lang.Object, long, java.lang.Object)'> (0x00000000881e0230) 
thrown [s\src\hotspot\share\interpreter\linkResolver.cpp, line 771]
Event: 79.227 Thread 0x000001a6cf161400 Exception <a 'sun/nio/fs/WindowsException'{0x00000000870118a8}> (0x00000000870118a8) 
thrown [s\src\hotspot\share\prims\jni.cpp, line 517]
Event: 79.234 Thread 0x000001a6cf161400 Exception <a 'sun/nio/fs/WindowsException'{0x000000008702fe00}> (0x000000008702fe00) 
thrown [s\src\hotspot\share\prims\jni.cpp, line 517]
Event: 79.235 Thread 0x000001a6cf161400 Exception <a 'sun/nio/fs/WindowsException'{0x0000000087041368}> (0x0000000087041368) 
thrown [s\src\hotspot\share\prims\jni.cpp, line 517]
Event: 79.252 Thread 0x000001a6cf812920 Implicit null exception at 0x000001a6bfc9c28f to 0x000001a6bfc9c920
Event: 79.252 Thread 0x000001a6cf812920 Implicit null exception at 0x000001a6bfc9d194 to 0x000001a6bfc9d824
Event: 80.190 Thread 0x000001a6cf812920 Exception <a 'java/lang/NoSuchMethodError'{0x0000000089526880}: 'java.lang.Object java.lang.invoke.DirectMethodHandle$Holder.newInvokeSpecial(java.lang.Object, java.lang.Object, java.lang.Object, java.lang.Object, int)'> (0x0000000089526880) 
thrown [s\src\hotspot\share\interpreter\linkResolver.cpp, line 771]
Event: 80.192 Thread 0x000001a6cf812920 Exception <a 'java/lang/NoSuchMethodError'{0x000000008952bc80}: 'java.lang.Object java.lang.invoke.DirectMethodHandle$Holder.invokeSpecial(java.lang.Object, java.lang.Object, java.lang.Object, java.lang.Object, java.lang.Object, int)'> (0x000000008952bc80) 
thrown [s\src\hotspot\share\interpreter\linkResolver.cpp, line 771]
Event: 80.192 Thread 0x000001a6cf812920 Exception <a 'java/lang/NoSuchMethodError'{0x00000000895309b8}: 'java.lang.Object java.lang.invoke.Invokers$Holder.linkToTargetMethod(java.lang.Object, java.lang.Object, java.lang.Object, int, java.lang.Object)'> (0x00000000895309b8) 
thrown [s\src\hotspot\share\interpreter\linkResolver.cpp, line 771]
Event: 81.098 Thread 0x000001a6cf812920 Exception <a 'java/lang/NoSuchMethodError'{0x0000000089c22c78}: 'int java.lang.invoke.DirectMethodHandle$Holder.invokeInterface(java.lang.Object, java.lang.Object, java.lang.Object, java.lang.Object)'> (0x0000000089c22c78) 
thrown [s\src\hotspot\share\interpreter\linkResolver.cpp, line 771]

VM Operations (20 events):
Event: 79.504 Executing VM operation: G1CollectForAllocation done
Event: 79.578 Executing VM operation: G1TryInitiateConcMark
Event: 79.580 Executing VM operation: G1TryInitiateConcMark done
Event: 79.679 Executing VM operation: G1Concurrent
Event: 79.690 Executing VM operation: G1Concurrent done
Event: 79.733 Executing VM operation: G1Concurrent
Event: 79.733 Executing VM operation: G1Concurrent done
Event: 80.376 Executing VM operation: HandshakeAllThreads
Event: 80.376 Executing VM operation: HandshakeAllThreads done
Event: 80.731 Executing VM operation: G1CollectForAllocation
Event: 80.739 Executing VM operation: G1CollectForAllocation done
Event: 80.917 Executing VM operation: G1CollectForAllocation
Event: 80.928 Executing VM operation: G1CollectForAllocation done
Event: 81.078 Executing VM operation: HandshakeAllThreads
Event: 81.078 Executing VM operation: HandshakeAllThreads done
Event: 81.098 Executing VM operation: HandshakeAllThreads
Event: 81.098 Executing VM operation: HandshakeAllThreads done
Event: 82.113 Executing VM operation: Cleanup
Event: 82.115 Executing VM operation: Cleanup done
Event: 82.839 Executing VM operation: G1CollectForAllocation

Events (20 events):
Event: 81.506 loading class java/time/format/DateTimeTextProvider$LocaleStore
Event: 81.506 loading class java/time/format/DateTimeTextProvider$LocaleStore done
Event: 81.506 loading class java/time/format/DateTimeTextProvider
Event: 81.507 loading class java/time/format/DateTimeTextProvider done
Event: 81.507 loading class java/time/format/DateTimeTextProvider$1
Event: 81.507 loading class java/time/format/DateTimeTextProvider$1 done
Event: 81.507 loading class java/time/format/DateTimeFormatterBuilder$1
Event: 81.508 loading class java/time/format/DateTimeFormatterBuilder$1 done
Event: 81.508 loading class java/time/format/DateTimeFormatterBuilder$TextPrinterParser
Event: 81.508 loading class java/time/format/DateTimeFormatterBuilder$TextPrinterParser done
Event: 81.509 loading class java/util/concurrent/Executors$DefaultThreadFactory
Event: 81.509 loading class java/util/concurrent/Executors$DefaultThreadFactory done
Event: 82.042 loading class java/util/IdentityHashMap$KeyIterator
Event: 82.042 loading class java/util/IdentityHashMap$IdentityHashMapIterator
Event: 82.043 loading class java/util/IdentityHashMap$IdentityHashMapIterator done
Event: 82.043 loading class java/util/IdentityHashMap$KeyIterator done
Event: 82.064 loading class jdk/internal/access/foreign/MemorySegmentProxy
Event: 82.065 loading class jdk/internal/access/foreign/MemorySegmentProxy done
Event: 82.591 loading class java/util/regex/Pattern$1
Event: 82.591 loading class java/util/regex/Pattern$1 done


Dynamic libraries:
0x00007ff7a0c80000 - 0x00007ff7a0c8a000 	D:\ANDROID\jbr\bin\java.exe
0x00007ff9b5370000 - 0x00007ff9b5584000 	C:\WINDOWS\SYSTEM32\ntdll.dll
0x00007ff9b3ec0000 - 0x00007ff9b3f84000 	C:\WINDOWS\System32\KERNEL32.DLL
0x00007ff9b2720000 - 0x00007ff9b2ac4000 	C:\WINDOWS\System32\KERNELBASE.dll
0x00007ff9b2ce0000 - 0x00007ff9b2df1000 	C:\WINDOWS\System32\ucrtbase.dll
0x00007ff9a2ce0000 - 0x00007ff9a2cf7000 	D:\ANDROID\jbr\bin\jli.dll
0x00007ff9b39b0000 - 0x00007ff9b3b5e000 	C:\WINDOWS\System32\USER32.dll
0x00007ff9b2b90000 - 0x00007ff9b2bb6000 	C:\WINDOWS\System32\win32u.dll
0x00007ff9b4220000 - 0x00007ff9b4249000 	C:\WINDOWS\System32\GDI32.dll
0x00007ff9b2e70000 - 0x00007ff9b2f88000 	C:\WINDOWS\System32\gdi32full.dll
0x00007ff9b2bc0000 - 0x00007ff9b2c5a000 	C:\WINDOWS\System32\msvcp_win.dll
0x00007ff9a6130000 - 0x00007ff9a614b000 	D:\ANDROID\jbr\bin\VCRUNTIME140.dll
0x00007ff9a2eb0000 - 0x00007ff9a3143000 	C:\WINDOWS\WinSxS\amd64_microsoft.windows.common-controls_6595b64144ccf1df_6.0.22621.2215_none_270d72677387dfc3\COMCTL32.dll
0x00007ff9b3580000 - 0x00007ff9b3627000 	C:\WINDOWS\System32\msvcrt.dll
0x00007ff9b4390000 - 0x00007ff9b43c1000 	C:\WINDOWS\System32\IMM32.DLL
0x00007ff9afa90000 - 0x00007ff9afa9c000 	D:\ANDROID\jbr\bin\vcruntime140_1.dll
0x00007ff9907e0000 - 0x00007ff99086d000 	D:\ANDROID\jbr\bin\msvcp140.dll
0x00007ff956310000 - 0x00007ff956f7e000 	D:\ANDROID\jbr\bin\server\jvm.dll
0x00007ff9b36a0000 - 0x00007ff9b3750000 	C:\WINDOWS\System32\ADVAPI32.dll
0x00007ff9b4770000 - 0x00007ff9b4816000 	C:\WINDOWS\System32\sechost.dll
0x00007ff9b3fa0000 - 0x00007ff9b40b7000 	C:\WINDOWS\System32\RPCRT4.dll
0x00007ff9ab670000 - 0x00007ff9ab6a4000 	C:\WINDOWS\SYSTEM32\WINMM.dll
0x00007ff9ab6b0000 - 0x00007ff9ab6ba000 	C:\WINDOWS\SYSTEM32\VERSION.dll
0x00007ff9a65e0000 - 0x00007ff9a65e9000 	C:\WINDOWS\SYSTEM32\WSOCK32.dll
0x00007ff9b52b0000 - 0x00007ff9b5321000 	C:\WINDOWS\System32\WS2_32.dll
0x00007ff9b16e0000 - 0x00007ff9b16f8000 	C:\WINDOWS\SYSTEM32\kernel.appcore.dll
0x00007ff9ab180000 - 0x00007ff9ab18a000 	D:\ANDROID\jbr\bin\jimage.dll
0x00007ff9a7130000 - 0x00007ff9a735e000 	C:\WINDOWS\SYSTEM32\DBGHELP.DLL
0x00007ff9b43d0000 - 0x00007ff9b475a000 	C:\WINDOWS\System32\combase.dll
0x00007ff9b3750000 - 0x00007ff9b3827000 	C:\WINDOWS\System32\OLEAUT32.dll
0x00007ff998320000 - 0x00007ff998352000 	C:\WINDOWS\SYSTEM32\dbgcore.DLL
0x00007ff9b2c60000 - 0x00007ff9b2cda000 	C:\WINDOWS\System32\bcryptPrimitives.dll
0x00007ff9a60a0000 - 0x00007ff9a60c5000 	D:\ANDROID\jbr\bin\java.dll
0x00007ff9ab160000 - 0x00007ff9ab178000 	D:\ANDROID\jbr\bin\zip.dll
0x00007ff9b4a80000 - 0x00007ff9b52a3000 	C:\WINDOWS\System32\SHELL32.dll
0x00007ff9b0660000 - 0x00007ff9b0f4a000 	C:\WINDOWS\SYSTEM32\windows.storage.dll
0x00007ff9b0520000 - 0x00007ff9b065e000 	C:\WINDOWS\SYSTEM32\wintypes.dll
0x00007ff9b4120000 - 0x00007ff9b4213000 	C:\WINDOWS\System32\SHCORE.dll
0x00007ff9b3950000 - 0x00007ff9b39ae000 	C:\WINDOWS\System32\shlwapi.dll
0x00007ff9b2650000 - 0x00007ff9b2676000 	C:\WINDOWS\SYSTEM32\profapi.dll
0x00007ff9a65f0000 - 0x00007ff9a6609000 	D:\ANDROID\jbr\bin\net.dll
0x00007ff9aa5f0000 - 0x00007ff9aa727000 	C:\WINDOWS\SYSTEM32\WINHTTP.dll
0x00007ff9b1ba0000 - 0x00007ff9b1c09000 	C:\WINDOWS\system32\mswsock.dll
0x00007ff9a6200000 - 0x00007ff9a6216000 	D:\ANDROID\jbr\bin\nio.dll
0x00007ff9a6180000 - 0x00007ff9a6190000 	D:\ANDROID\jbr\bin\verify.dll
0x00007ff992ff0000 - 0x00007ff993017000 	C:\Users\PC\.gradle\native\68d5fa5c4cc2d200863cafc0d521ce42e7d3e7ee720ec0a83991735586a16f82\windows-amd64\native-platform.dll
0x00007ff984540000 - 0x00007ff984684000 	C:\Users\PC\.gradle\native\e376f236ea51e6404a007f0833ffe2c6e607c4080706a723a18a27aeea778392\windows-amd64\native-platform-file-events.dll
0x00007ff9a5e90000 - 0x00007ff9a5e99000 	D:\ANDROID\jbr\bin\management.dll
0x00007ff9a47b0000 - 0x00007ff9a47bb000 	D:\ANDROID\jbr\bin\management_ext.dll
0x00007ff9b4a70000 - 0x00007ff9b4a78000 	C:\WINDOWS\System32\PSAPI.DLL
0x00007ff9b1ec0000 - 0x00007ff9b1edb000 	C:\WINDOWS\SYSTEM32\CRYPTSP.dll
0x00007ff9b16a0000 - 0x00007ff9b16d5000 	C:\WINDOWS\system32\rsaenh.dll
0x00007ff9b1c40000 - 0x00007ff9b1c6c000 	C:\WINDOWS\SYSTEM32\USERENV.dll
0x00007ff9b2000000 - 0x00007ff9b2028000 	C:\WINDOWS\SYSTEM32\bcrypt.dll
0x00007ff9b1ea0000 - 0x00007ff9b1eac000 	C:\WINDOWS\SYSTEM32\CRYPTBASE.dll
0x00007ff9b11f0000 - 0x00007ff9b121d000 	C:\WINDOWS\SYSTEM32\IPHLPAPI.DLL
0x00007ff9b4760000 - 0x00007ff9b4769000 	C:\WINDOWS\System32\NSI.dll
0x00007ff9aa5d0000 - 0x00007ff9aa5e9000 	C:\WINDOWS\SYSTEM32\dhcpcsvc6.DLL
0x00007ff9aa5b0000 - 0x00007ff9aa5cf000 	C:\WINDOWS\SYSTEM32\dhcpcsvc.DLL
0x00007ff9b1270000 - 0x00007ff9b1362000 	C:\WINDOWS\SYSTEM32\DNSAPI.dll
0x00007ff9a4790000 - 0x00007ff9a4798000 	C:\WINDOWS\system32\wshunix.dll

dbghelp: loaded successfully - version: 4.0.5 - missing functions: none
symbol engine: initialized successfully - sym options: 0x614 - pdb path: .;D:\ANDROID\jbr\bin;C:\WINDOWS\SYSTEM32;C:\WINDOWS\WinSxS\amd64_microsoft.windows.common-controls_6595b64144ccf1df_6.0.22621.2215_none_270d72677387dfc3;D:\ANDROID\jbr\bin\server;C:\Users\PC\.gradle\native\68d5fa5c4cc2d200863cafc0d521ce42e7d3e7ee720ec0a83991735586a16f82\windows-amd64;C:\Users\PC\.gradle\native\e376f236ea51e6404a007f0833ffe2c6e607c4080706a723a18a27aeea778392\windows-amd64

VM Arguments:
jvm_args: --add-opens=java.base/java.util=ALL-UNNAMED --add-opens=java.base/java.lang=ALL-UNNAMED --add-opens=java.base/java.lang.invoke=ALL-UNNAMED --add-opens=java.prefs/java.util.prefs=ALL-UNNAMED --add-opens=java.base/java.nio.charset=ALL-UNNAMED --add-opens=java.base/java.net=ALL-UNNAMED --add-opens=java.base/java.util.concurrent.atomic=ALL-UNNAMED -Xmx2048m -Dfile.encoding=UTF-8 -Duser.country=US -Duser.language=en -Duser.variant 
java_command: org.gradle.launcher.daemon.bootstrap.GradleDaemon 8.0
java_class_path (initial): C:\Users\PC\.gradle\wrapper\dists\gradle-8.0-bin\ca5e32bp14vu59qr306oxotwh\gradle-8.0\lib\gradle-launcher-8.0.jar
Launcher Type: SUN_STANDARD

[Global flags]
     intx CICompilerCount                          = 2                                         {product} {ergonomic}
     uint ConcGCThreads                            = 1                                         {product} {ergonomic}
     uint G1ConcRefinementThreads                  = 2                                         {product} {ergonomic}
   size_t G1HeapRegionSize                         = 1048576                                   {product} {ergonomic}
    uintx GCDrainStackTargetSize                   = 64                                        {product} {ergonomic}
   size_t InitialHeapSize                          = 100663296                                 {product} {ergonomic}
   size_t MarkStackSize                            = 4194304                                   {product} {ergonomic}
   size_t MaxHeapSize                              = 2147483648                                {product} {command line}
   size_t MaxNewSize                               = 1287651328                                {product} {ergonomic}
   size_t MinHeapDeltaBytes                        = 1048576                                   {product} {ergonomic}
   size_t MinHeapSize                              = 8388608                                   {product} {ergonomic}
    uintx NonNMethodCodeHeapSize                   = 5826188                                {pd product} {ergonomic}
    uintx NonProfiledCodeHeapSize                  = 122916026                              {pd product} {ergonomic}
    uintx ProfiledCodeHeapSize                     = 122916026                              {pd product} {ergonomic}
    uintx ReservedCodeCacheSize                    = 251658240                              {pd product} {ergonomic}
     bool SegmentedCodeCache                       = true                                      {product} {ergonomic}
   size_t SoftMaxHeapSize                          = 2147483648                             {manageable} {ergonomic}
     bool UseCompressedClassPointers               = true                           {product lp64_product} {ergonomic}
     bool UseCompressedOops                        = true                           {product lp64_product} {ergonomic}
     bool UseG1GC                                  = true                                      {product} {ergonomic}
     bool UseLargePagesIndividualAllocation        = false                                  {pd product} {ergonomic}

Logging:
Log output configuration:
 #0: stdout all=warning uptime,level,tags
 #1: stderr all=off uptime,level,tags

Environment Variables:
PATH=C:\Program Files (x86)\Eclipse Adoptium\jdk-17.0.8.7-hotspot\bin;C:\Program Files (x86)\Common Files\Oracle\Java\javapath;C:\ProgramData\Oracle\Java\javapath;C:\WINDOWS\system32;C:\WINDOWS;C:\WINDOWS\System32\Wbem;C:\WINDOWS\System32\WindowsPowerShell\v1.0\;C:\WINDOWS\System32\OpenSSH\;C:\xampp\php;C:\ProgramData\ComposerSetup\bin;C:\Users\PC\Downloads\chromedriver_win32;C:\Program Files\nodejs\;C:\Program Files\Git\cmd;C:\Users\PC\AppData\Local\Programs\Python\Python310\Scripts\;C:\Users\PC\AppData\Local\Programs\Python\Python310\;C:\Program Files\MySQL\MySQL Shell 8.0\bin\;C:\Users\PC\AppData\Local\Microsoft\WindowsApps;C:\Users\PC\AppData\Local\Programs\Microsoft VS Code\bin;C:\xampp\php;C:\Program Files\Java\jdk1.8.0_161\bin;C:\Users\PC\AppData\Roaming\Composer\vendor\bin;C:\Users\PC\AppData\Roaming\npm;C:\Program Files\nodejs;C:\Users\PC\AppData\Local\GitHubDesktop\bin;D:\MSIB\platform-tools;
USERNAME=PC
OS=Windows_NT
PROCESSOR_IDENTIFIER=AMD64 Family 23 Model 32 Stepping 1, AuthenticAMD
TMP=C:\Users\PC\AppData\Local\Temp
TEMP=C:\Users\PC\AppData\Local\Temp


JNI global refs:
JNI global refs: 23, weak refs: 2

JNI global refs memory usage: 843, weak refs: 841


---------------  S Y S T E M  ---------------

OS:
 Windows 11 , 64 bit Build 22621 (10.0.22621.2215)
OS uptime: 7 days 13:44 hours
Hyper-V role detected

CPU: total 2 (initial active 2) (2 cores per cpu, 1 threads per core) family 23 model 32 stepping 1 microcode 0x0, cx8, cmov, fxsr, mmx, 3dnowpref, sse, sse2, sse3, ssse3, sse4a, sse4.1, sse4.2, popcnt, lzcnt, tsc, tscinvbit, avx, avx2, aes, clmul, bmi1, bmi2, adx, sha, fma, vzeroupper, clflush, clflushopt, hv

Memory: 4k page, system-wide physical 6020M (394M free)
TotalPageFile size 23396M (AvailPageFile size 101M)
current process WorkingSet (physical memory assigned to process): 341M, peak: 342M
current process commit charge ("private bytes"): 368M, peak: 479M

vm_info: OpenJDK 64-Bit Server VM (17.0.6+0-b2043.56-10027231) for windows-amd64 JRE (17.0.6+0-b2043.56-10027231), built on Apr 28 2023 00:43:19 by "androidbuild" with MS VC++ 16.10 / 16.11 (VS2019)

END.
