#
# There is insufficient memory for the Java Runtime Environment to continue.
# Native memory allocation (malloc) failed to allocate 3543248 bytes for Chunk::new
# Possible reasons:
#   The system is out of physical RAM or swap space
#   The process is running with CompressedOops enabled, and the Java Heap may be blocking the growth of the native heap
# Possible solutions:
#   Reduce memory load on the system
#   Increase physical memory or swap space
#   Check if swap backing store is full
#   Decrease Java heap size (-Xmx/-Xms)
#   Decrease number of Java threads
#   Decrease Java thread stack sizes (-Xss)
#   Set larger code cache with -XX:ReservedCodeCacheSize=
#   JVM is running with Unscaled Compressed Oops mode in which the Java heap is
#     placed in the first 4GB address space. The Java Heap base address is the
#     maximum limit for the native heap growth. Please use -XX:HeapBaseMinAddress
#     to set the Java Heap base and to place the Java Heap above 4GB virtual address.
# This output file may be truncated or incomplete.
#
#  Out of Memory Error (arena.cpp:189), pid=2988, tid=14052
#
# JRE version: OpenJDK Runtime Environment (17.0.6) (build 17.0.6+0-b2043.56-10027231)
# Java VM: OpenJDK 64-Bit Server VM (17.0.6+0-b2043.56-10027231, mixed mode, tiered, compressed oops, compressed class ptrs, g1 gc, windows-amd64)
# No core dump will be written. Minidumps are not enabled by default on client versions of Windows
#

---------------  S U M M A R Y ------------

Command Line: --add-opens=java.base/java.util=ALL-UNNAMED --add-opens=java.base/java.lang=ALL-UNNAMED --add-opens=java.base/java.lang.invoke=ALL-UNNAMED --add-opens=java.prefs/java.util.prefs=ALL-UNNAMED --add-opens=java.base/java.nio.charset=ALL-UNNAMED --add-opens=java.base/java.net=ALL-UNNAMED --add-opens=java.base/java.util.concurrent.atomic=ALL-UNNAMED -Xmx2048m -Dfile.encoding=UTF-8 -Duser.country=US -Duser.language=en -Duser.variant org.gradle.launcher.daemon.bootstrap.GradleDaemon 8.0

Host: AMD 3020e with Radeon Graphics                 , 2 cores, 5G,  Windows 11 , 64 bit Build 22621 (10.0.22621.2215)
Time: Mon Sep 25 06:46:32 2023 SE Asia Standard Time elapsed time: 175.996010 seconds (0d 0h 2m 55s)

---------------  T H R E A D  ---------------

Current thread (0x000001d3be8062f0):  JavaThread "C2 CompilerThread0" daemon [_thread_in_native, id=14052, stack(0x00000076d7c00000,0x00000076d7d00000)]


Current CompileTask:
C2: 175996 20748       4       com.android.tools.r8.ir.regalloc.b::c (4041 bytes)

Stack: [0x00000076d7c00000,0x00000076d7d00000]
Native frames: (J=compiled Java code, j=interpreted, Vv=VM code, C=native code)
V  [jvm.dll+0x683c9a]
V  [jvm.dll+0x8427a4]
V  [jvm.dll+0x843f9e]
V  [jvm.dll+0x844603]
V  [jvm.dll+0x249b75]
V  [jvm.dll+0xabcac]
V  [jvm.dll+0xac27c]
V  [jvm.dll+0x368857]
V  [jvm.dll+0x332f31]
V  [jvm.dll+0x3323da]
V  [jvm.dll+0x21c201]
V  [jvm.dll+0x21b621]
V  [jvm.dll+0x1a4fdd]
V  [jvm.dll+0x22b098]
V  [jvm.dll+0x229159]
V  [jvm.dll+0x7f81ec]
V  [jvm.dll+0x7f274a]
V  [jvm.dll+0x682ad5]
C  [ucrtbase.dll+0x29363]
C  [KERNEL32.DLL+0x1257d]
C  [ntdll.dll+0x5aa68]


---------------  P R O C E S S  ---------------

Threads class SMR info:
_java_thread_list=0x000001d3c7eb1930, length=69, elements={
0x000001d3a4ce6fd0, 0x000001d3bdf79260, 0x000001d3bdf7e0e0, 0x000001d3bdf666d0,
0x000001d3bdfa1500, 0x000001d3be800820, 0x000001d3be8011d0, 0x000001d3be8062f0,
0x000001d3be808da0, 0x000001d3be83d600, 0x000001d3be993740, 0x000001d3be999c30,
0x000001d3bfd7ebe0, 0x000001d3c0c253a0, 0x000001d3c02a99f0, 0x000001d3c02ab6d0,
0x000001d3c02aa860, 0x000001d3c02ac070, 0x000001d3c02aa390, 0x000001d3c02a9050,
0x000001d3c02aad30, 0x000001d3c02a9520, 0x000001d3c02aca10, 0x000001d3c02ab200,
0x000001d3c02ac540, 0x000001d3bead1be0, 0x000001d3bead2f20, 0x000001d3bead7280,
0x000001d3bead0d70, 0x000001d3bead1240, 0x000001d3bead4260, 0x000001d3beacff00,
0x000001d3bead33f0, 0x000001d3bead2580, 0x000001d3bead03d0, 0x000001d3bead3d90,
0x000001d3bead4730, 0x000001d3bead55a0, 0x000001d3bead6db0, 0x000001d3bead5a70,
0x000001d3c0f41e70, 0x000001d3c0f3f320, 0x000001d3c0f43680, 0x000001d3c0f3ee50,
0x000001d3c0f42ce0, 0x000001d3c0f3d170, 0x000001d3c0f419a0, 0x000001d3c0f40190,
0x000001d3c0f42340, 0x000001d3c0f3dfe0, 0x000001d3c0f43b50, 0x000001d3c0f3f7f0,
0x000001d3c0f3d640, 0x000001d3c0f3fcc0, 0x000001d3c0f40660, 0x000001d3c0f40b30,
0x000001d3c0f42810, 0x000001d3c0f41000, 0x000001d3c0f431b0, 0x000001d3c3b70250,
0x000001d3c3b6e0a0, 0x000001d3c3b70bf0, 0x000001d3c3b6ea40, 0x000001d3c3b728d0,
0x000001d3c3b71590, 0x000001d3c3b73740, 0x000001d3c3b6f8b0, 0x000001d3c3b6d700,
0x000001d3c0f3c300
}

Java Threads: ( => current thread )
  0x000001d3a4ce6fd0 JavaThread "main" [_thread_blocked, id=15852, stack(0x00000076d6f00000,0x00000076d7000000)]
  0x000001d3bdf79260 JavaThread "Reference Handler" daemon [_thread_blocked, id=11292, stack(0x00000076d7600000,0x00000076d7700000)]
  0x000001d3bdf7e0e0 JavaThread "Finalizer" daemon [_thread_blocked, id=14300, stack(0x00000076d7700000,0x00000076d7800000)]
  0x000001d3bdf666d0 JavaThread "Signal Dispatcher" daemon [_thread_blocked, id=17112, stack(0x00000076d7800000,0x00000076d7900000)]
  0x000001d3bdfa1500 JavaThread "Attach Listener" daemon [_thread_blocked, id=19080, stack(0x00000076d7900000,0x00000076d7a00000)]
  0x000001d3be800820 JavaThread "Service Thread" daemon [_thread_blocked, id=15312, stack(0x00000076d7a00000,0x00000076d7b00000)]
  0x000001d3be8011d0 JavaThread "Monitor Deflation Thread" daemon [_thread_blocked, id=15860, stack(0x00000076d7b00000,0x00000076d7c00000)]
=>0x000001d3be8062f0 JavaThread "C2 CompilerThread0" daemon [_thread_in_native, id=14052, stack(0x00000076d7c00000,0x00000076d7d00000)]
  0x000001d3be808da0 JavaThread "C1 CompilerThread0" daemon [_thread_blocked, id=19692, stack(0x00000076d7d00000,0x00000076d7e00000)]
  0x000001d3be83d600 JavaThread "Sweeper thread" daemon [_thread_blocked, id=8836, stack(0x00000076d7e00000,0x00000076d7f00000)]
  0x000001d3be993740 JavaThread "Common-Cleaner" daemon [_thread_blocked, id=11000, stack(0x00000076d7f00000,0x00000076d8000000)]
  0x000001d3be999c30 JavaThread "Notification Thread" daemon [_thread_blocked, id=18936, stack(0x00000076d8000000,0x00000076d8100000)]
  0x000001d3bfd7ebe0 JavaThread "Daemon health stats" [_thread_blocked, id=2236, stack(0x00000076d8300000,0x00000076d8400000)]
  0x000001d3c0c253a0 JavaThread "Incoming local TCP Connector on port 63618" [_thread_in_native, id=18032, stack(0x00000076d8400000,0x00000076d8500000)]
  0x000001d3c02a99f0 JavaThread "Daemon periodic checks" [_thread_blocked, id=14184, stack(0x00000076d8500000,0x00000076d8600000)]
  0x000001d3c02ab6d0 JavaThread "Daemon" [_thread_blocked, id=15172, stack(0x00000076d8600000,0x00000076d8700000)]
  0x000001d3c02aa860 JavaThread "Handler for socket connection from /127.0.0.1:63618 to /127.0.0.1:63619" [_thread_in_native, id=18880, stack(0x00000076d8700000,0x00000076d8800000)]
  0x000001d3c02ac070 JavaThread "Cancel handler" [_thread_blocked, id=15052, stack(0x00000076d8800000,0x00000076d8900000)]
  0x000001d3c02aa390 JavaThread "Daemon worker" [_thread_blocked, id=18620, stack(0x00000076d8900000,0x00000076d8a00000)]
  0x000001d3c02a9050 JavaThread "Asynchronous log dispatcher for DefaultDaemonConnection: socket connection from /127.0.0.1:63618 to /127.0.0.1:63619" [_thread_blocked, id=11492, stack(0x00000076d8a00000,0x00000076d8b00000)]
  0x000001d3c02aad30 JavaThread "Daemon client event forwarder" [_thread_blocked, id=12628, stack(0x00000076d8c00000,0x00000076d8d00000)]
  0x000001d3c02a9520 JavaThread "Cache worker for journal cache (C:\Users\PC\.gradle\caches\journal-1)" [_thread_blocked, id=6624, stack(0x00000076d8d00000,0x00000076d8e00000)]
  0x000001d3c02aca10 JavaThread "File lock request listener" [_thread_in_native, id=16572, stack(0x00000076d8e00000,0x00000076d8f00000)]
  0x000001d3c02ab200 JavaThread "Cache worker for file hash cache (C:\Users\PC\.gradle\caches\8.0\fileHashes)" [_thread_blocked, id=17588, stack(0x00000076d8f00000,0x00000076d9000000)]
  0x000001d3c02ac540 JavaThread "File watcher server" daemon [_thread_blocked, id=3908, stack(0x00000076d9000000,0x00000076d9100000)]
  0x000001d3bead1be0 JavaThread "File watcher consumer" daemon [_thread_blocked, id=13184, stack(0x00000076d9100000,0x00000076d9200000)]
  0x000001d3bead2f20 JavaThread "Cache worker for checksums cache (D:\MyApp7\.gradle\8.0\checksums)" [_thread_blocked, id=9432, stack(0x00000076d9200000,0x00000076d9300000)]
  0x000001d3bead7280 JavaThread "Cache worker for cache directory md-rule (C:\Users\PC\.gradle\caches\8.0\md-rule)" [_thread_blocked, id=19440, stack(0x00000076d9300000,0x00000076d9400000)]
  0x000001d3bead0d70 JavaThread "Cache worker for file content cache (C:\Users\PC\.gradle\caches\8.0\fileContent)" [_thread_blocked, id=3468, stack(0x00000076d9400000,0x00000076d9500000)]
  0x000001d3bead1240 JavaThread "Cache worker for file hash cache (D:\MyApp7\.gradle\8.0\fileHashes)" [_thread_blocked, id=17320, stack(0x00000076d9500000,0x00000076d9600000)]
  0x000001d3bead4260 JavaThread "Cache worker for cache directory md-supplier (C:\Users\PC\.gradle\caches\8.0\md-supplier)" [_thread_blocked, id=9340, stack(0x00000076d9600000,0x00000076d9700000)]
  0x000001d3beacff00 JavaThread "Cache worker for execution history cache (C:\Users\PC\.gradle\caches\8.0\executionHistory)" [_thread_blocked, id=4076, stack(0x00000076d9700000,0x00000076d9800000)]
  0x000001d3bead33f0 JavaThread "jar transforms" [_thread_blocked, id=20380, stack(0x00000076d9800000,0x00000076d9900000)]
  0x000001d3bead2580 JavaThread "jar transforms Thread 2" [_thread_blocked, id=20252, stack(0x00000076d9900000,0x00000076d9a00000)]
  0x000001d3bead03d0 JavaThread "Cache worker for kotlin-dsl (C:\Users\PC\.gradle\caches\8.0\kotlin-dsl)" [_thread_blocked, id=15864, stack(0x00000076d9a00000,0x00000076d9b00000)]
  0x000001d3bead3d90 JavaThread "Cache worker for dependencies-accessors (D:\MyApp7\.gradle\8.0\dependencies-accessors)" [_thread_blocked, id=5976, stack(0x00000076d9b00000,0x00000076d9c00000)]
  0x000001d3bead4730 JavaThread "Cache worker for Build Output Cleanup Cache (D:\MyApp7\.gradle\buildOutputCleanup)" [_thread_blocked, id=12004, stack(0x00000076d9c00000,0x00000076d9d00000)]
  0x000001d3bead55a0 JavaThread "Unconstrained build operations" [_thread_blocked, id=18808, stack(0x00000076d9d00000,0x00000076d9e00000)]
  0x000001d3bead6db0 JavaThread "Unconstrained build operations Thread 2" [_thread_blocked, id=15648, stack(0x00000076d9e00000,0x00000076d9f00000)]
  0x000001d3bead5a70 JavaThread "Unconstrained build operations Thread 3" [_thread_blocked, id=1744, stack(0x00000076d9f00000,0x00000076da000000)]
  0x000001d3c0f41e70 JavaThread "Unconstrained build operations Thread 4" [_thread_blocked, id=19960, stack(0x00000076da000000,0x00000076da100000)]
  0x000001d3c0f3f320 JavaThread "Unconstrained build operations Thread 5" [_thread_blocked, id=9816, stack(0x00000076da100000,0x00000076da200000)]
  0x000001d3c0f43680 JavaThread "Unconstrained build operations Thread 6" [_thread_blocked, id=13148, stack(0x00000076da200000,0x00000076da300000)]
  0x000001d3c0f3ee50 JavaThread "Unconstrained build operations Thread 7" [_thread_blocked, id=8100, stack(0x00000076da300000,0x00000076da400000)]
  0x000001d3c0f42ce0 JavaThread "Unconstrained build operations Thread 8" [_thread_blocked, id=20300, stack(0x00000076da400000,0x00000076da500000)]
  0x000001d3c0f3d170 JavaThread "Unconstrained build operations Thread 9" [_thread_blocked, id=18816, stack(0x00000076da500000,0x00000076da600000)]
  0x000001d3c0f419a0 JavaThread "Unconstrained build operations Thread 10" [_thread_blocked, id=3472, stack(0x00000076da600000,0x00000076da700000)]
  0x000001d3c0f40190 JavaThread "Unconstrained build operations Thread 11" [_thread_blocked, id=6112, stack(0x00000076da700000,0x00000076da800000)]
  0x000001d3c0f42340 JavaThread "Unconstrained build operations Thread 12" [_thread_blocked, id=12432, stack(0x00000076da800000,0x00000076da900000)]
  0x000001d3c0f3dfe0 JavaThread "Unconstrained build operations Thread 13" [_thread_blocked, id=18108, stack(0x00000076da900000,0x00000076daa00000)]
  0x000001d3c0f43b50 JavaThread "Unconstrained build operations Thread 14" [_thread_blocked, id=3852, stack(0x00000076daa00000,0x00000076dab00000)]
  0x000001d3c0f3f7f0 JavaThread "Unconstrained build operations Thread 15" [_thread_blocked, id=12616, stack(0x00000076dab00000,0x00000076dac00000)]
  0x000001d3c0f3d640 JavaThread "Unconstrained build operations Thread 16" [_thread_blocked, id=1804, stack(0x00000076dac00000,0x00000076dad00000)]
  0x000001d3c0f3fcc0 JavaThread "Unconstrained build operations Thread 17" [_thread_blocked, id=472, stack(0x00000076dad00000,0x00000076dae00000)]
  0x000001d3c0f40660 JavaThread "Unconstrained build operations Thread 18" [_thread_blocked, id=19316, stack(0x00000076dae00000,0x00000076daf00000)]
  0x000001d3c0f40b30 JavaThread "Unconstrained build operations Thread 19" [_thread_in_Java, id=16264, stack(0x00000076daf00000,0x00000076db000000)]
  0x000001d3c0f42810 JavaThread "Unconstrained build operations Thread 20" [_thread_blocked, id=11672, stack(0x00000076db000000,0x00000076db100000)]
  0x000001d3c0f41000 JavaThread "build event listener" [_thread_blocked, id=18544, stack(0x00000076db100000,0x00000076db200000)]
  0x000001d3c0f431b0 JavaThread "Memory manager" [_thread_blocked, id=16612, stack(0x00000076db200000,0x00000076db300000)]
  0x000001d3c3b70250 JavaThread "pool-3-thread-1" [_thread_blocked, id=13328, stack(0x00000076d6d00000,0x00000076d6e00000)]
  0x000001d3c3b6e0a0 JavaThread "build event listener" [_thread_blocked, id=8376, stack(0x00000076d6e00000,0x00000076d6f00000)]
  0x000001d3c3b70bf0 JavaThread "included builds" [_thread_blocked, id=19176, stack(0x00000076db500000,0x00000076db600000)]
  0x000001d3c3b6ea40 JavaThread "Execution worker" [_thread_blocked, id=12468, stack(0x00000076db600000,0x00000076db700000)]
  0x000001d3c3b728d0 JavaThread "Cache worker for execution history cache (D:\MyApp7\.gradle\8.0\executionHistory)" [_thread_blocked, id=6972, stack(0x00000076db700000,0x00000076db800000)]
  0x000001d3c3b71590 JavaThread "WorkerExecutor Queue" [_thread_blocked, id=17976, stack(0x00000076d8b00000,0x00000076d8c00000)]
  0x000001d3c3b73740 JavaThread "WorkerExecutor Queue Thread 3" [_thread_blocked, id=18720, stack(0x00000076db900000,0x00000076dba00000)]
  0x000001d3c3b6f8b0 JavaThread "pool-4-thread-1" [_thread_blocked, id=12484, stack(0x00000076dbb00000,0x00000076dbc00000)]
  0x000001d3c3b6d700 JavaThread "stderr" [_thread_in_native, id=17492, stack(0x00000076dbc00000,0x00000076dbd00000)]
  0x000001d3c0f3c300 JavaThread "stdout" [_thread_in_native, id=3824, stack(0x00000076dbd00000,0x00000076dbe00000)]

Other Threads:
  0x000001d3bdefe8d0 VMThread "VM Thread" [stack: 0x00000076d7500000,0x00000076d7600000] [id=15872] _threads_hazard_ptr=0x000001d3c7eb1930
  0x000001d3be9273a0 WatcherThread [stack: 0x00000076d8100000,0x00000076d8200000] [id=6252]
  0x000001d3a4d42030 GCTaskThread "GC Thread#0" [stack: 0x00000076d7000000,0x00000076d7100000] [id=12612]
  0x000001d3bea41e10 GCTaskThread "GC Thread#1" [stack: 0x00000076d8200000,0x00000076d8300000] [id=7868]
  0x000001d3a4d52f70 ConcurrentGCThread "G1 Main Marker" [stack: 0x00000076d7100000,0x00000076d7200000] [id=3912]
  0x000001d3a4d53980 ConcurrentGCThread "G1 Conc#0" [stack: 0x00000076d7200000,0x00000076d7300000] [id=9716]
  0x000001d3a4dabd60 ConcurrentGCThread "G1 Refine#0" [stack: 0x00000076d7300000,0x00000076d7400000] [id=10872]
  0x000001d3a4dac780 ConcurrentGCThread "G1 Service" [stack: 0x00000076d7400000,0x00000076d7500000] [id=14340]

Threads with active compile tasks:
C2 CompilerThread0   176056 20748       4       com.android.tools.r8.ir.regalloc.b::c (4041 bytes)

VM state: synchronizing (normal execution)

VM Mutex/Monitor currently owned by a thread:  ([mutex/lock_event])
[0x000001d3a4ce1780] Threads_lock - owner thread: 0x000001d3bdefe8d0

Heap address: 0x0000000080000000, size: 2048 MB, Compressed Oops mode: 32-bit

CDS archive(s) not mapped
Compressed class space mapped at: 0x0000000100000000-0x0000000140000000, reserved size: 1073741824
Narrow klass base: 0x0000000000000000, Narrow klass shift: 3, Narrow klass range: 0x140000000

GC Precious Log:
 CPUs: 2 total, 2 available
 Memory: 6020M
 Large Page Support: Disabled
 NUMA Support: Disabled
 Compressed Oops: Enabled (32-bit)
 Heap Region Size: 1M
 Heap Min Capacity: 8M
 Heap Initial Capacity: 96M
 Heap Max Capacity: 2G
 Pre-touch: Disabled
 Parallel Workers: 2
 Concurrent Workers: 1
 Concurrent Refinement Workers: 2
 Periodic GC: Disabled

Heap:
 garbage-first heap   total 237568K, used 172965K [0x0000000080000000, 0x0000000100000000)
  region size 1024K, 39 young (39936K), 5 survivors (5120K)
 Metaspace       used 128504K, committed 129280K, reserved 1163264K
  class space    used 17009K, committed 17408K, reserved 1048576K

Heap Regions: E=young(eden), S=young(survivor), O=old, HS=humongous(starts), HC=humongous(continues), CS=collection set, F=free, OA=open archive, CA=closed archive, TAMS=top-at-mark-start (previous, next)
|   0|0x0000000080000000, 0x0000000080100000, 0x0000000080100000|100%| O|  |TAMS 0x0000000080100000, 0x0000000080000000| Untracked 
|   1|0x0000000080100000, 0x0000000080200000, 0x0000000080200000|100%| O|  |TAMS 0x0000000080200000, 0x0000000080100000| Untracked 
|   2|0x0000000080200000, 0x0000000080300000, 0x0000000080300000|100%| O|  |TAMS 0x0000000080300000, 0x0000000080200000| Untracked 
|   3|0x0000000080300000, 0x0000000080400000, 0x0000000080400000|100%|HS|  |TAMS 0x0000000080400000, 0x0000000080300000| Complete 
|   4|0x0000000080400000, 0x0000000080500000, 0x0000000080500000|100%|HC|  |TAMS 0x0000000080500000, 0x0000000080400000| Complete 
|   5|0x0000000080500000, 0x0000000080600000, 0x0000000080600000|100%|HC|  |TAMS 0x0000000080600000, 0x0000000080500000| Complete 
|   6|0x0000000080600000, 0x0000000080700000, 0x0000000080700000|100%|HC|  |TAMS 0x0000000080700000, 0x0000000080600000| Complete 
|   7|0x0000000080700000, 0x0000000080800000, 0x0000000080800000|100%| O|  |TAMS 0x0000000080800000, 0x0000000080700000| Untracked 
|   8|0x0000000080800000, 0x0000000080900000, 0x0000000080900000|100%| O|  |TAMS 0x0000000080900000, 0x0000000080800000| Untracked 
|   9|0x0000000080900000, 0x0000000080a00000, 0x0000000080a00000|100%| O|  |TAMS 0x0000000080a00000, 0x0000000080900000| Untracked 
|  10|0x0000000080a00000, 0x0000000080b00000, 0x0000000080b00000|100%| O|  |TAMS 0x0000000080b00000, 0x0000000080a00000| Untracked 
|  11|0x0000000080b00000, 0x0000000080c00000, 0x0000000080c00000|100%| O|  |TAMS 0x0000000080c00000, 0x0000000080b00000| Untracked 
|  12|0x0000000080c00000, 0x0000000080d00000, 0x0000000080d00000|100%| O|  |TAMS 0x0000000080d00000, 0x0000000080c00000| Untracked 
|  13|0x0000000080d00000, 0x0000000080e00000, 0x0000000080e00000|100%| O|  |TAMS 0x0000000080e00000, 0x0000000080d00000| Untracked 
|  14|0x0000000080e00000, 0x0000000080f00000, 0x0000000080f00000|100%| O|  |TAMS 0x0000000080f00000, 0x0000000080e00000| Untracked 
|  15|0x0000000080f00000, 0x0000000081000000, 0x0000000081000000|100%| O|  |TAMS 0x0000000081000000, 0x0000000080f00000| Untracked 
|  16|0x0000000081000000, 0x0000000081100000, 0x0000000081100000|100%| O|  |TAMS 0x0000000081100000, 0x0000000081000000| Untracked 
|  17|0x0000000081100000, 0x0000000081200000, 0x0000000081200000|100%| O|  |TAMS 0x0000000081200000, 0x0000000081100000| Untracked 
|  18|0x0000000081200000, 0x0000000081300000, 0x0000000081300000|100%| O|  |TAMS 0x0000000081300000, 0x0000000081200000| Untracked 
|  19|0x0000000081300000, 0x0000000081400000, 0x0000000081400000|100%| O|  |TAMS 0x0000000081400000, 0x0000000081300000| Untracked 
|  20|0x0000000081400000, 0x0000000081500000, 0x0000000081500000|100%| O|  |TAMS 0x0000000081500000, 0x0000000081400000| Untracked 
|  21|0x0000000081500000, 0x0000000081600000, 0x0000000081600000|100%| O|  |TAMS 0x0000000081600000, 0x0000000081500000| Untracked 
|  22|0x0000000081600000, 0x0000000081700000, 0x0000000081700000|100%| O|  |TAMS 0x0000000081700000, 0x0000000081600000| Untracked 
|  23|0x0000000081700000, 0x0000000081800000, 0x0000000081800000|100%| O|  |TAMS 0x0000000081800000, 0x0000000081700000| Untracked 
|  24|0x0000000081800000, 0x0000000081900000, 0x0000000081900000|100%| O|  |TAMS 0x0000000081900000, 0x0000000081800000| Untracked 
|  25|0x0000000081900000, 0x0000000081a00000, 0x0000000081a00000|100%| O|  |TAMS 0x0000000081a00000, 0x0000000081900000| Untracked 
|  26|0x0000000081a00000, 0x0000000081b00000, 0x0000000081b00000|100%| O|  |TAMS 0x0000000081b00000, 0x0000000081a00000| Untracked 
|  27|0x0000000081b00000, 0x0000000081c00000, 0x0000000081c00000|100%| O|  |TAMS 0x0000000081c00000, 0x0000000081b00000| Untracked 
|  28|0x0000000081c00000, 0x0000000081d00000, 0x0000000081d00000|100%| O|  |TAMS 0x0000000081d00000, 0x0000000081c00000| Untracked 
|  29|0x0000000081d00000, 0x0000000081e00000, 0x0000000081e00000|100%| O|  |TAMS 0x0000000081e00000, 0x0000000081d00000| Untracked 
|  30|0x0000000081e00000, 0x0000000081f00000, 0x0000000081f00000|100%| O|  |TAMS 0x0000000081f00000, 0x0000000081e00000| Untracked 
|  31|0x0000000081f00000, 0x0000000082000000, 0x0000000082000000|100%| O|  |TAMS 0x0000000082000000, 0x0000000081f00000| Untracked 
|  32|0x0000000082000000, 0x0000000082100000, 0x0000000082100000|100%|HS|  |TAMS 0x0000000082100000, 0x0000000082000000| Complete 
|  33|0x0000000082100000, 0x0000000082200000, 0x0000000082200000|100%|HS|  |TAMS 0x0000000082200000, 0x0000000082100000| Complete 
|  34|0x0000000082200000, 0x0000000082300000, 0x0000000082300000|100%| O|  |TAMS 0x0000000082300000, 0x0000000082200000| Untracked 
|  35|0x0000000082300000, 0x0000000082400000, 0x0000000082400000|100%| O|  |TAMS 0x0000000082400000, 0x0000000082300000| Untracked 
|  36|0x0000000082400000, 0x0000000082500000, 0x0000000082500000|100%| O|  |TAMS 0x0000000082500000, 0x0000000082400000| Untracked 
|  37|0x0000000082500000, 0x0000000082600000, 0x0000000082600000|100%| O|  |TAMS 0x0000000082600000, 0x0000000082500000| Untracked 
|  38|0x0000000082600000, 0x0000000082700000, 0x0000000082700000|100%|HS|  |TAMS 0x0000000082700000, 0x0000000082600000| Complete 
|  39|0x0000000082700000, 0x0000000082800000, 0x0000000082800000|100%|HC|  |TAMS 0x0000000082800000, 0x0000000082700000| Complete 
|  40|0x0000000082800000, 0x0000000082900000, 0x0000000082900000|100%| O|  |TAMS 0x0000000082900000, 0x0000000082800000| Untracked 
|  41|0x0000000082900000, 0x0000000082a00000, 0x0000000082a00000|100%| O|  |TAMS 0x0000000082900000, 0x0000000082900000| Untracked 
|  42|0x0000000082a00000, 0x0000000082b00000, 0x0000000082b00000|100%| O|  |TAMS 0x0000000082a00000, 0x0000000082a00000| Untracked 
|  43|0x0000000082b00000, 0x0000000082c00000, 0x0000000082c00000|100%| O|  |TAMS 0x0000000082c00000, 0x0000000082b00000| Untracked 
|  44|0x0000000082c00000, 0x0000000082d00000, 0x0000000082d00000|100%|HS|  |TAMS 0x0000000082d00000, 0x0000000082c00000| Complete 
|  45|0x0000000082d00000, 0x0000000082e00000, 0x0000000082e00000|100%|HS|  |TAMS 0x0000000082e00000, 0x0000000082d00000| Complete 
|  46|0x0000000082e00000, 0x0000000082f00000, 0x0000000082f00000|100%|HC|  |TAMS 0x0000000082f00000, 0x0000000082e00000| Complete 
|  47|0x0000000082f00000, 0x0000000083000000, 0x0000000083000000|100%|HC|  |TAMS 0x0000000083000000, 0x0000000082f00000| Complete 
|  48|0x0000000083000000, 0x0000000083100000, 0x0000000083100000|100%|HC|  |TAMS 0x0000000083100000, 0x0000000083000000| Complete 
|  49|0x0000000083100000, 0x0000000083200000, 0x0000000083200000|100%| O|  |TAMS 0x0000000083200000, 0x0000000083100000| Untracked 
|  50|0x0000000083200000, 0x0000000083300000, 0x0000000083300000|100%| O|  |TAMS 0x0000000083300000, 0x0000000083200000| Untracked 
|  51|0x0000000083300000, 0x0000000083400000, 0x0000000083400000|100%| O|  |TAMS 0x0000000083400000, 0x0000000083300000| Untracked 
|  52|0x0000000083400000, 0x0000000083500000, 0x0000000083500000|100%| O|  |TAMS 0x0000000083500000, 0x0000000083400000| Untracked 
|  53|0x0000000083500000, 0x0000000083600000, 0x0000000083600000|100%| O|  |TAMS 0x0000000083600000, 0x0000000083500000| Untracked 
|  54|0x0000000083600000, 0x0000000083700000, 0x0000000083700000|100%| O|  |TAMS 0x0000000083700000, 0x0000000083600000| Untracked 
|  55|0x0000000083700000, 0x0000000083800000, 0x0000000083800000|100%| O|  |TAMS 0x0000000083800000, 0x0000000083700000| Untracked 
|  56|0x0000000083800000, 0x0000000083900000, 0x0000000083900000|100%| O|  |TAMS 0x0000000083900000, 0x0000000083800000| Untracked 
|  57|0x0000000083900000, 0x0000000083a00000, 0x0000000083a00000|100%| O|  |TAMS 0x0000000083a00000, 0x0000000083900000| Untracked 
|  58|0x0000000083a00000, 0x0000000083b00000, 0x0000000083b00000|100%| O|  |TAMS 0x0000000083b00000, 0x0000000083a00000| Untracked 
|  59|0x0000000083b00000, 0x0000000083c00000, 0x0000000083c00000|100%| O|  |TAMS 0x0000000083c00000, 0x0000000083b00000| Untracked 
|  60|0x0000000083c00000, 0x0000000083d00000, 0x0000000083d00000|100%| O|  |TAMS 0x0000000083d00000, 0x0000000083c00000| Untracked 
|  61|0x0000000083d00000, 0x0000000083e00000, 0x0000000083e00000|100%| O|  |TAMS 0x0000000083e00000, 0x0000000083d00000| Untracked 
|  62|0x0000000083e00000, 0x0000000083f00000, 0x0000000083f00000|100%| O|  |TAMS 0x0000000083f00000, 0x0000000083e00000| Untracked 
|  63|0x0000000083f00000, 0x0000000084000000, 0x0000000084000000|100%| O|  |TAMS 0x0000000084000000, 0x0000000083f00000| Untracked 
|  64|0x0000000084000000, 0x0000000084100000, 0x0000000084100000|100%| O|  |TAMS 0x0000000084100000, 0x0000000084000000| Untracked 
|  65|0x0000000084100000, 0x0000000084200000, 0x0000000084200000|100%| O|  |TAMS 0x0000000084200000, 0x0000000084100000| Untracked 
|  66|0x0000000084200000, 0x0000000084300000, 0x0000000084300000|100%| O|  |TAMS 0x0000000084300000, 0x0000000084200000| Untracked 
|  67|0x0000000084300000, 0x0000000084400000, 0x0000000084400000|100%| O|  |TAMS 0x0000000084300000, 0x0000000084300000| Untracked 
|  68|0x0000000084400000, 0x0000000084500000, 0x0000000084500000|100%| O|  |TAMS 0x0000000084400000, 0x0000000084400000| Untracked 
|  69|0x0000000084500000, 0x0000000084600000, 0x0000000084600000|100%| O|  |TAMS 0x0000000084600000, 0x0000000084500000| Untracked 
|  70|0x0000000084600000, 0x0000000084700000, 0x0000000084700000|100%| O|  |TAMS 0x0000000084700000, 0x0000000084600000| Untracked 
|  71|0x0000000084700000, 0x0000000084800000, 0x0000000084800000|100%| O|  |TAMS 0x0000000084800000, 0x0000000084700000| Untracked 
|  72|0x0000000084800000, 0x0000000084900000, 0x0000000084900000|100%| O|  |TAMS 0x0000000084900000, 0x0000000084800000| Untracked 
|  73|0x0000000084900000, 0x0000000084a00000, 0x0000000084a00000|100%| O|  |TAMS 0x0000000084a00000, 0x0000000084900000| Untracked 
|  74|0x0000000084a00000, 0x0000000084b00000, 0x0000000084b00000|100%| O|  |TAMS 0x0000000084b00000, 0x0000000084a00000| Untracked 
|  75|0x0000000084b00000, 0x0000000084c00000, 0x0000000084c00000|100%| O|  |TAMS 0x0000000084c00000, 0x0000000084b00000| Untracked 
|  76|0x0000000084c00000, 0x0000000084d00000, 0x0000000084d00000|100%| O|  |TAMS 0x0000000084d00000, 0x0000000084c00000| Untracked 
|  77|0x0000000084d00000, 0x0000000084e00000, 0x0000000084e00000|100%| O|  |TAMS 0x0000000084e00000, 0x0000000084d00000| Untracked 
|  78|0x0000000084e00000, 0x0000000084f00000, 0x0000000084f00000|100%| O|  |TAMS 0x0000000084f00000, 0x0000000084e00000| Untracked 
|  79|0x0000000084f00000, 0x0000000085000000, 0x0000000085000000|100%| O|  |TAMS 0x0000000085000000, 0x0000000084f00000| Untracked 
|  80|0x0000000085000000, 0x0000000085100000, 0x0000000085100000|100%| O|  |TAMS 0x0000000085100000, 0x0000000085000000| Untracked 
|  81|0x0000000085100000, 0x0000000085200000, 0x0000000085200000|100%| O|  |TAMS 0x0000000085200000, 0x0000000085100000| Untracked 
|  82|0x0000000085200000, 0x0000000085300000, 0x0000000085300000|100%| O|  |TAMS 0x0000000085300000, 0x0000000085200000| Untracked 
|  83|0x0000000085300000, 0x0000000085400000, 0x0000000085400000|100%| O|  |TAMS 0x0000000085400000, 0x0000000085300000| Untracked 
|  84|0x0000000085400000, 0x0000000085500000, 0x0000000085500000|100%| O|  |TAMS 0x0000000085500000, 0x0000000085400000| Untracked 
|  85|0x0000000085500000, 0x0000000085600000, 0x0000000085600000|100%| O|  |TAMS 0x0000000085600000, 0x0000000085500000| Untracked 
|  86|0x0000000085600000, 0x0000000085700000, 0x0000000085700000|100%| O|  |TAMS 0x0000000085700000, 0x0000000085600000| Untracked 
|  87|0x0000000085700000, 0x0000000085800000, 0x0000000085800000|100%| O|  |TAMS 0x0000000085800000, 0x0000000085700000| Untracked 
|  88|0x0000000085800000, 0x0000000085900000, 0x0000000085900000|100%| O|  |TAMS 0x0000000085900000, 0x0000000085800000| Untracked 
|  89|0x0000000085900000, 0x0000000085a00000, 0x0000000085a00000|100%| O|  |TAMS 0x0000000085a00000, 0x0000000085900000| Untracked 
|  90|0x0000000085a00000, 0x0000000085b00000, 0x0000000085b00000|100%| O|  |TAMS 0x0000000085b00000, 0x0000000085a00000| Untracked 
|  91|0x0000000085b00000, 0x0000000085c00000, 0x0000000085c00000|100%| O|  |TAMS 0x0000000085c00000, 0x0000000085b00000| Untracked 
|  92|0x0000000085c00000, 0x0000000085d00000, 0x0000000085d00000|100%| O|  |TAMS 0x0000000085d00000, 0x0000000085c00000| Untracked 
|  93|0x0000000085d00000, 0x0000000085e00000, 0x0000000085e00000|100%| O|  |TAMS 0x0000000085e00000, 0x0000000085d00000| Untracked 
|  94|0x0000000085e00000, 0x0000000085f00000, 0x0000000085f00000|100%| O|  |TAMS 0x0000000085f00000, 0x0000000085e00000| Untracked 
|  95|0x0000000085f00000, 0x0000000086000000, 0x0000000086000000|100%| O|  |TAMS 0x0000000085f00000, 0x0000000085f00000| Untracked 
|  96|0x0000000086000000, 0x0000000086100000, 0x0000000086100000|100%| O|  |TAMS 0x0000000086100000, 0x0000000086000000| Untracked 
|  97|0x0000000086100000, 0x0000000086200000, 0x0000000086200000|100%| O|  |TAMS 0x0000000086200000, 0x0000000086100000| Untracked 
|  98|0x0000000086200000, 0x0000000086300000, 0x0000000086300000|100%| O|  |TAMS 0x0000000086300000, 0x0000000086200000| Untracked 
|  99|0x0000000086300000, 0x0000000086400000, 0x0000000086400000|100%| O|  |TAMS 0x0000000086300000, 0x0000000086300000| Untracked 
| 100|0x0000000086400000, 0x0000000086500000, 0x0000000086500000|100%| O|  |TAMS 0x0000000086400000, 0x0000000086400000| Untracked 
| 101|0x0000000086500000, 0x0000000086600000, 0x0000000086600000|100%| O|  |TAMS 0x0000000086600000, 0x0000000086500000| Untracked 
| 102|0x0000000086600000, 0x0000000086619e00, 0x0000000086700000| 10%| O|  |TAMS 0x0000000086600000, 0x0000000086600000| Untracked 
| 103|0x0000000086700000, 0x0000000086800000, 0x0000000086800000|100%| O|  |TAMS 0x0000000086800000, 0x0000000086700000| Untracked 
| 104|0x0000000086800000, 0x0000000086900000, 0x0000000086900000|100%| O|  |TAMS 0x0000000086900000, 0x0000000086800000| Untracked 
| 105|0x0000000086900000, 0x0000000086a00000, 0x0000000086a00000|100%| O|  |TAMS 0x0000000086a00000, 0x0000000086900000| Untracked 
| 106|0x0000000086a00000, 0x0000000086a00000, 0x0000000086b00000|  0%| F|  |TAMS 0x0000000086a00000, 0x0000000086a00000| Untracked 
| 107|0x0000000086b00000, 0x0000000086c00000, 0x0000000086c00000|100%| O|  |TAMS 0x0000000086c00000, 0x0000000086b00000| Untracked 
| 108|0x0000000086c00000, 0x0000000086d00000, 0x0000000086d00000|100%| O|  |TAMS 0x0000000086d00000, 0x0000000086c00000| Untracked 
| 109|0x0000000086d00000, 0x0000000086e00000, 0x0000000086e00000|100%| O|  |TAMS 0x0000000086e00000, 0x0000000086d00000| Untracked 
| 110|0x0000000086e00000, 0x0000000086f00000, 0x0000000086f00000|100%| O|  |TAMS 0x0000000086f00000, 0x0000000086e00000| Untracked 
| 111|0x0000000086f00000, 0x0000000087000000, 0x0000000087000000|100%| O|  |TAMS 0x0000000087000000, 0x0000000086f00000| Untracked 
| 112|0x0000000087000000, 0x0000000087100000, 0x0000000087100000|100%| O|  |TAMS 0x0000000087100000, 0x0000000087000000| Untracked 
| 113|0x0000000087100000, 0x0000000087100000, 0x0000000087200000|  0%| F|  |TAMS 0x0000000087100000, 0x0000000087100000| Untracked 
| 114|0x0000000087200000, 0x0000000087200000, 0x0000000087300000|  0%| F|  |TAMS 0x0000000087200000, 0x0000000087200000| Untracked 
| 115|0x0000000087300000, 0x0000000087300000, 0x0000000087400000|  0%| F|  |TAMS 0x0000000087300000, 0x0000000087300000| Untracked 
| 116|0x0000000087400000, 0x0000000087500000, 0x0000000087500000|100%| O|  |TAMS 0x0000000087500000, 0x0000000087400000| Untracked 
| 117|0x0000000087500000, 0x0000000087500000, 0x0000000087600000|  0%| F|  |TAMS 0x0000000087500000, 0x0000000087500000| Untracked 
| 118|0x0000000087600000, 0x0000000087600000, 0x0000000087700000|  0%| F|  |TAMS 0x0000000087600000, 0x0000000087600000| Untracked 
| 119|0x0000000087700000, 0x0000000087700000, 0x0000000087800000|  0%| F|  |TAMS 0x0000000087700000, 0x0000000087700000| Untracked 
| 120|0x0000000087800000, 0x0000000087800000, 0x0000000087900000|  0%| F|  |TAMS 0x0000000087800000, 0x0000000087800000| Untracked 
| 121|0x0000000087900000, 0x0000000087a00000, 0x0000000087a00000|100%| O|  |TAMS 0x0000000087a00000, 0x0000000087900000| Untracked 
| 122|0x0000000087a00000, 0x0000000087a00000, 0x0000000087b00000|  0%| F|  |TAMS 0x0000000087a00000, 0x0000000087a00000| Untracked 
| 123|0x0000000087b00000, 0x0000000087c00000, 0x0000000087c00000|100%| O|  |TAMS 0x0000000087c00000, 0x0000000087b00000| Untracked 
| 124|0x0000000087c00000, 0x0000000087d00000, 0x0000000087d00000|100%| O|  |TAMS 0x0000000087d00000, 0x0000000087c00000| Untracked 
| 125|0x0000000087d00000, 0x0000000087e00000, 0x0000000087e00000|100%| O|  |TAMS 0x0000000087e00000, 0x0000000087d00000| Untracked 
| 126|0x0000000087e00000, 0x0000000087f00000, 0x0000000087f00000|100%| O|  |TAMS 0x0000000087f00000, 0x0000000087e00000| Untracked 
| 127|0x0000000087f00000, 0x0000000087f00000, 0x0000000088000000|  0%| F|  |TAMS 0x0000000087f00000, 0x0000000087f00000| Untracked 
| 128|0x0000000088000000, 0x0000000088000000, 0x0000000088100000|  0%| F|  |TAMS 0x0000000088000000, 0x0000000088000000| Untracked 
| 129|0x0000000088100000, 0x0000000088100000, 0x0000000088200000|  0%| F|  |TAMS 0x0000000088100000, 0x0000000088100000| Untracked 
| 130|0x0000000088200000, 0x0000000088300000, 0x0000000088300000|100%| O|  |TAMS 0x0000000088300000, 0x0000000088200000| Untracked 
| 131|0x0000000088300000, 0x0000000088400000, 0x0000000088400000|100%| O|  |TAMS 0x00000000883ac400, 0x0000000088300000| Untracked 
| 132|0x0000000088400000, 0x0000000088500000, 0x0000000088500000|100%| O|  |TAMS 0x0000000088400000, 0x0000000088400000| Untracked 
| 133|0x0000000088500000, 0x0000000088600000, 0x0000000088600000|100%| O|  |TAMS 0x0000000088500000, 0x0000000088500000| Untracked 
| 134|0x0000000088600000, 0x0000000088700000, 0x0000000088700000|100%| O|  |TAMS 0x0000000088600000, 0x0000000088600000| Untracked 
| 135|0x0000000088700000, 0x0000000088800000, 0x0000000088800000|100%| O|  |TAMS 0x0000000088700000, 0x0000000088700000| Untracked 
| 136|0x0000000088800000, 0x0000000088900000, 0x0000000088900000|100%| O|  |TAMS 0x0000000088800000, 0x0000000088800000| Untracked 
| 137|0x0000000088900000, 0x0000000088a00000, 0x0000000088a00000|100%| O|  |TAMS 0x0000000088900000, 0x0000000088900000| Untracked 
| 138|0x0000000088a00000, 0x0000000088b00000, 0x0000000088b00000|100%| O|  |TAMS 0x0000000088a00000, 0x0000000088a00000| Untracked 
| 139|0x0000000088b00000, 0x0000000088c00000, 0x0000000088c00000|100%| O|  |TAMS 0x0000000088b00000, 0x0000000088b00000| Untracked 
| 140|0x0000000088c00000, 0x0000000088d00000, 0x0000000088d00000|100%| O|  |TAMS 0x0000000088c00000, 0x0000000088c00000| Untracked 
| 141|0x0000000088d00000, 0x0000000088e00000, 0x0000000088e00000|100%| O|  |TAMS 0x0000000088d00000, 0x0000000088d00000| Untracked 
| 142|0x0000000088e00000, 0x0000000088f00000, 0x0000000088f00000|100%| O|  |TAMS 0x0000000088e00000, 0x0000000088e00000| Untracked 
| 143|0x0000000088f00000, 0x0000000089000000, 0x0000000089000000|100%| O|  |TAMS 0x0000000088f00000, 0x0000000088f00000| Untracked 
| 144|0x0000000089000000, 0x0000000089000000, 0x0000000089100000|  0%| F|  |TAMS 0x0000000089000000, 0x0000000089000000| Untracked 
| 145|0x0000000089100000, 0x0000000089100000, 0x0000000089200000|  0%| F|  |TAMS 0x0000000089100000, 0x0000000089100000| Untracked 
| 146|0x0000000089200000, 0x0000000089200000, 0x0000000089300000|  0%| F|  |TAMS 0x0000000089200000, 0x0000000089200000| Untracked 
| 147|0x0000000089300000, 0x0000000089300000, 0x0000000089400000|  0%| F|  |TAMS 0x0000000089300000, 0x0000000089300000| Untracked 
| 148|0x0000000089400000, 0x0000000089400000, 0x0000000089500000|  0%| F|  |TAMS 0x0000000089400000, 0x0000000089400000| Untracked 
| 149|0x0000000089500000, 0x0000000089500000, 0x0000000089600000|  0%| F|  |TAMS 0x0000000089500000, 0x0000000089500000| Untracked 
| 150|0x0000000089600000, 0x0000000089600000, 0x0000000089700000|  0%| F|  |TAMS 0x0000000089600000, 0x0000000089600000| Untracked 
| 151|0x0000000089700000, 0x0000000089700000, 0x0000000089800000|  0%| F|  |TAMS 0x0000000089700000, 0x0000000089700000| Untracked 
| 152|0x0000000089800000, 0x0000000089800000, 0x0000000089900000|  0%| F|  |TAMS 0x0000000089800000, 0x0000000089800000| Untracked 
| 153|0x0000000089900000, 0x0000000089900000, 0x0000000089a00000|  0%| F|  |TAMS 0x0000000089900000, 0x0000000089900000| Untracked 
| 154|0x0000000089a00000, 0x0000000089a00000, 0x0000000089b00000|  0%| F|  |TAMS 0x0000000089a00000, 0x0000000089a00000| Untracked 
| 155|0x0000000089b00000, 0x0000000089b00000, 0x0000000089c00000|  0%| F|  |TAMS 0x0000000089b00000, 0x0000000089b00000| Untracked 
| 156|0x0000000089c00000, 0x0000000089ccf7b0, 0x0000000089d00000| 81%| S|CS|TAMS 0x0000000089c00000, 0x0000000089c00000| Complete 
| 157|0x0000000089d00000, 0x0000000089d00000, 0x0000000089e00000|  0%| F|  |TAMS 0x0000000089d00000, 0x0000000089d00000| Untracked 
| 158|0x0000000089e00000, 0x0000000089f00000, 0x0000000089f00000|100%| S|CS|TAMS 0x0000000089e00000, 0x0000000089e00000| Complete 
| 159|0x0000000089f00000, 0x0000000089f00000, 0x000000008a000000|  0%| F|  |TAMS 0x0000000089f00000, 0x0000000089f00000| Untracked 
| 160|0x000000008a000000, 0x000000008a000000, 0x000000008a100000|  0%| F|  |TAMS 0x000000008a000000, 0x000000008a000000| Untracked 
| 161|0x000000008a100000, 0x000000008a100000, 0x000000008a200000|  0%| F|  |TAMS 0x000000008a100000, 0x000000008a100000| Untracked 
| 162|0x000000008a200000, 0x000000008a200000, 0x000000008a300000|  0%| F|  |TAMS 0x000000008a200000, 0x000000008a200000| Untracked 
| 163|0x000000008a300000, 0x000000008a400000, 0x000000008a400000|100%| S|CS|TAMS 0x000000008a300000, 0x000000008a300000| Complete 
| 164|0x000000008a400000, 0x000000008a500000, 0x000000008a500000|100%| S|CS|TAMS 0x000000008a400000, 0x000000008a400000| Complete 
| 165|0x000000008a500000, 0x000000008a600000, 0x000000008a600000|100%| S|CS|TAMS 0x000000008a500000, 0x000000008a500000| Complete 
| 166|0x000000008a600000, 0x000000008a600000, 0x000000008a700000|  0%| F|  |TAMS 0x000000008a600000, 0x000000008a600000| Untracked 
| 167|0x000000008a700000, 0x000000008a700000, 0x000000008a800000|  0%| F|  |TAMS 0x000000008a700000, 0x000000008a700000| Untracked 
| 168|0x000000008a800000, 0x000000008a800000, 0x000000008a900000|  0%| F|  |TAMS 0x000000008a800000, 0x000000008a800000| Untracked 
| 169|0x000000008a900000, 0x000000008a900000, 0x000000008aa00000|  0%| F|  |TAMS 0x000000008a900000, 0x000000008a900000| Untracked 
| 170|0x000000008aa00000, 0x000000008aa00000, 0x000000008ab00000|  0%| F|  |TAMS 0x000000008aa00000, 0x000000008aa00000| Untracked 
| 171|0x000000008ab00000, 0x000000008ab00000, 0x000000008ac00000|  0%| F|  |TAMS 0x000000008ab00000, 0x000000008ab00000| Untracked 
| 172|0x000000008ac00000, 0x000000008ac00000, 0x000000008ad00000|  0%| F|  |TAMS 0x000000008ac00000, 0x000000008ac00000| Untracked 
| 173|0x000000008ad00000, 0x000000008ad00000, 0x000000008ae00000|  0%| F|  |TAMS 0x000000008ad00000, 0x000000008ad00000| Untracked 
| 174|0x000000008ae00000, 0x000000008ae00000, 0x000000008af00000|  0%| F|  |TAMS 0x000000008ae00000, 0x000000008ae00000| Untracked 
| 175|0x000000008af00000, 0x000000008af00000, 0x000000008b000000|  0%| F|  |TAMS 0x000000008af00000, 0x000000008af00000| Untracked 
| 176|0x000000008b000000, 0x000000008b000000, 0x000000008b100000|  0%| F|  |TAMS 0x000000008b000000, 0x000000008b000000| Untracked 
| 177|0x000000008b100000, 0x000000008b100000, 0x000000008b200000|  0%| F|  |TAMS 0x000000008b100000, 0x000000008b100000| Untracked 
| 178|0x000000008b200000, 0x000000008b200000, 0x000000008b300000|  0%| F|  |TAMS 0x000000008b200000, 0x000000008b200000| Untracked 
| 179|0x000000008b300000, 0x000000008b300000, 0x000000008b400000|  0%| F|  |TAMS 0x000000008b300000, 0x000000008b300000| Untracked 
| 180|0x000000008b400000, 0x000000008b400000, 0x000000008b500000|  0%| F|  |TAMS 0x000000008b400000, 0x000000008b400000| Untracked 
| 181|0x000000008b500000, 0x000000008b500000, 0x000000008b600000|  0%| F|  |TAMS 0x000000008b500000, 0x000000008b500000| Untracked 
| 182|0x000000008b600000, 0x000000008b600000, 0x000000008b700000|  0%| F|  |TAMS 0x000000008b600000, 0x000000008b600000| Untracked 
| 183|0x000000008b700000, 0x000000008b700000, 0x000000008b800000|  0%| F|  |TAMS 0x000000008b700000, 0x000000008b700000| Untracked 
| 184|0x000000008b800000, 0x000000008b800000, 0x000000008b900000|  0%| F|  |TAMS 0x000000008b800000, 0x000000008b800000| Untracked 
| 185|0x000000008b900000, 0x000000008b900000, 0x000000008ba00000|  0%| F|  |TAMS 0x000000008b900000, 0x000000008b900000| Untracked 
| 186|0x000000008ba00000, 0x000000008ba00000, 0x000000008bb00000|  0%| F|  |TAMS 0x000000008ba00000, 0x000000008ba00000| Untracked 
| 187|0x000000008bb00000, 0x000000008bb00000, 0x000000008bc00000|  0%| F|  |TAMS 0x000000008bb00000, 0x000000008bb00000| Untracked 
| 188|0x000000008bc00000, 0x000000008bc00000, 0x000000008bd00000|  0%| F|  |TAMS 0x000000008bc00000, 0x000000008bc00000| Untracked 
| 189|0x000000008bd00000, 0x000000008bd00000, 0x000000008be00000|  0%| F|  |TAMS 0x000000008bd00000, 0x000000008bd00000| Untracked 
| 190|0x000000008be00000, 0x000000008be00000, 0x000000008bf00000|  0%| F|  |TAMS 0x000000008be00000, 0x000000008be00000| Untracked 
| 191|0x000000008bf00000, 0x000000008bf00000, 0x000000008c000000|  0%| F|  |TAMS 0x000000008bf00000, 0x000000008bf00000| Untracked 
| 192|0x000000008c000000, 0x000000008c000000, 0x000000008c100000|  0%| F|  |TAMS 0x000000008c000000, 0x000000008c000000| Untracked 
| 193|0x000000008c100000, 0x000000008c100000, 0x000000008c200000|  0%| F|  |TAMS 0x000000008c100000, 0x000000008c100000| Untracked 
| 194|0x000000008c200000, 0x000000008c200000, 0x000000008c300000|  0%| F|  |TAMS 0x000000008c200000, 0x000000008c200000| Untracked 
| 195|0x000000008c300000, 0x000000008c300000, 0x000000008c400000|  0%| F|  |TAMS 0x000000008c300000, 0x000000008c300000| Untracked 
| 196|0x000000008c400000, 0x000000008c400000, 0x000000008c500000|  0%| F|  |TAMS 0x000000008c400000, 0x000000008c400000| Untracked 
| 197|0x000000008c500000, 0x000000008c500000, 0x000000008c600000|  0%| F|  |TAMS 0x000000008c500000, 0x000000008c500000| Untracked 
| 198|0x000000008c600000, 0x000000008c700000, 0x000000008c700000|100%| E|  |TAMS 0x000000008c600000, 0x000000008c600000| Complete 
| 199|0x000000008c700000, 0x000000008c800000, 0x000000008c800000|100%| E|CS|TAMS 0x000000008c700000, 0x000000008c700000| Complete 
| 200|0x000000008c800000, 0x000000008c900000, 0x000000008c900000|100%| E|CS|TAMS 0x000000008c800000, 0x000000008c800000| Complete 
| 201|0x000000008c900000, 0x000000008ca00000, 0x000000008ca00000|100%| E|CS|TAMS 0x000000008c900000, 0x000000008c900000| Complete 
| 202|0x000000008ca00000, 0x000000008cb00000, 0x000000008cb00000|100%| E|CS|TAMS 0x000000008ca00000, 0x000000008ca00000| Complete 
| 203|0x000000008cb00000, 0x000000008cc00000, 0x000000008cc00000|100%| E|CS|TAMS 0x000000008cb00000, 0x000000008cb00000| Complete 
| 204|0x000000008cc00000, 0x000000008cd00000, 0x000000008cd00000|100%| E|CS|TAMS 0x000000008cc00000, 0x000000008cc00000| Complete 
| 205|0x000000008cd00000, 0x000000008ce00000, 0x000000008ce00000|100%| E|CS|TAMS 0x000000008cd00000, 0x000000008cd00000| Complete 
| 206|0x000000008ce00000, 0x000000008cf00000, 0x000000008cf00000|100%| E|CS|TAMS 0x000000008ce00000, 0x000000008ce00000| Complete 
| 207|0x000000008cf00000, 0x000000008d000000, 0x000000008d000000|100%| E|CS|TAMS 0x000000008cf00000, 0x000000008cf00000| Complete 
| 208|0x000000008d000000, 0x000000008d100000, 0x000000008d100000|100%| E|CS|TAMS 0x000000008d000000, 0x000000008d000000| Complete 
| 209|0x000000008d100000, 0x000000008d200000, 0x000000008d200000|100%| E|CS|TAMS 0x000000008d100000, 0x000000008d100000| Complete 
| 210|0x000000008d200000, 0x000000008d300000, 0x000000008d300000|100%| E|CS|TAMS 0x000000008d200000, 0x000000008d200000| Complete 
| 211|0x000000008d300000, 0x000000008d400000, 0x000000008d400000|100%| E|CS|TAMS 0x000000008d300000, 0x000000008d300000| Complete 
| 212|0x000000008d400000, 0x000000008d500000, 0x000000008d500000|100%| E|CS|TAMS 0x000000008d400000, 0x000000008d400000| Complete 
| 213|0x000000008d500000, 0x000000008d600000, 0x000000008d600000|100%| E|CS|TAMS 0x000000008d500000, 0x000000008d500000| Complete 
| 214|0x000000008d600000, 0x000000008d700000, 0x000000008d700000|100%| E|CS|TAMS 0x000000008d600000, 0x000000008d600000| Complete 
| 215|0x000000008d700000, 0x000000008d800000, 0x000000008d800000|100%| E|CS|TAMS 0x000000008d700000, 0x000000008d700000| Complete 
| 216|0x000000008d800000, 0x000000008d900000, 0x000000008d900000|100%| E|CS|TAMS 0x000000008d800000, 0x000000008d800000| Complete 
| 217|0x000000008d900000, 0x000000008da00000, 0x000000008da00000|100%| E|CS|TAMS 0x000000008d900000, 0x000000008d900000| Complete 
| 218|0x000000008da00000, 0x000000008db00000, 0x000000008db00000|100%| E|CS|TAMS 0x000000008da00000, 0x000000008da00000| Complete 
| 219|0x000000008db00000, 0x000000008dc00000, 0x000000008dc00000|100%| E|CS|TAMS 0x000000008db00000, 0x000000008db00000| Complete 
| 220|0x000000008dc00000, 0x000000008dd00000, 0x000000008dd00000|100%| E|CS|TAMS 0x000000008dc00000, 0x000000008dc00000| Complete 
| 221|0x000000008dd00000, 0x000000008de00000, 0x000000008de00000|100%| E|CS|TAMS 0x000000008dd00000, 0x000000008dd00000| Complete 
| 222|0x000000008de00000, 0x000000008df00000, 0x000000008df00000|100%| E|CS|TAMS 0x000000008de00000, 0x000000008de00000| Complete 
| 223|0x000000008df00000, 0x000000008e000000, 0x000000008e000000|100%| E|CS|TAMS 0x000000008df00000, 0x000000008df00000| Complete 
| 224|0x000000008e000000, 0x000000008e100000, 0x000000008e100000|100%| E|CS|TAMS 0x000000008e000000, 0x000000008e000000| Complete 
| 225|0x000000008e100000, 0x000000008e200000, 0x000000008e200000|100%| E|CS|TAMS 0x000000008e100000, 0x000000008e100000| Complete 
| 226|0x000000008e200000, 0x000000008e300000, 0x000000008e300000|100%| E|CS|TAMS 0x000000008e200000, 0x000000008e200000| Complete 
| 227|0x000000008e300000, 0x000000008e400000, 0x000000008e400000|100%| E|CS|TAMS 0x000000008e300000, 0x000000008e300000| Complete 
| 228|0x000000008e400000, 0x000000008e500000, 0x000000008e500000|100%| E|CS|TAMS 0x000000008e400000, 0x000000008e400000| Complete 
| 229|0x000000008e500000, 0x000000008e600000, 0x000000008e600000|100%| E|CS|TAMS 0x000000008e500000, 0x000000008e500000| Complete 
| 230|0x000000008e600000, 0x000000008e700000, 0x000000008e700000|100%| E|CS|TAMS 0x000000008e600000, 0x000000008e600000| Complete 
| 231|0x000000008e700000, 0x000000008e800000, 0x000000008e800000|100%| E|CS|TAMS 0x000000008e700000, 0x000000008e700000| Complete 

Card table byte_map: [0x000001d3b75b0000,0x000001d3b79b0000] _byte_map_base: 0x000001d3b71b0000

Marking Bits (Prev, Next): (CMBitMap*) 0x000001d3a4d42640, (CMBitMap*) 0x000001d3a4d42680
 Prev Bits: [0x000001d3b7db0000, 0x000001d3b9db0000)
 Next Bits: [0x000001d3b9db0000, 0x000001d3bbdb0000)

Polling page: 0x000001d3a44b0000

Metaspace:

Usage:
  Non-class:    108.88 MB used.
      Class:     16.61 MB used.
       Both:    125.49 MB used.

Virtual space:
  Non-class space:      112.00 MB reserved,     109.25 MB ( 98%) committed,  14 nodes.
      Class space:        1.00 GB reserved,      17.00 MB (  2%) committed,  1 nodes.
             Both:        1.11 GB reserved,     126.25 MB ( 11%) committed. 

Chunk freelists:
   Non-Class:  2.08 MB
       Class:  2.94 MB
        Both:  5.02 MB

MaxMetaspaceSize: unlimited
CompressedClassSpaceSize: 1.00 GB
Initial GC threshold: 21.00 MB
Current GC threshold: 179.81 MB
CDS: off
MetaspaceReclaimPolicy: balanced
 - commit_granule_bytes: 65536.
 - commit_granule_words: 8192.
 - virtual_space_node_default_size: 1048576.
 - enlarge_chunks_in_place: 1.
 - new_chunks_are_fully_committed: 0.
 - uncommit_free_chunks: 1.
 - use_allocation_guard: 0.
 - handle_deallocations: 1.


Internal statistics:

num_allocs_failed_limit: 9.
num_arena_births: 1296.
num_arena_deaths: 0.
num_vsnodes_births: 15.
num_vsnodes_deaths: 0.
num_space_committed: 2018.
num_space_uncommitted: 0.
num_chunks_returned_to_freelist: 9.
num_chunks_taken_from_freelist: 6173.
num_chunk_merges: 9.
num_chunk_splits: 4173.
num_chunks_enlarged: 2917.
num_purges: 0.
num_inconsistent_stats: 0.

CodeHeap 'non-profiled nmethods': size=120064Kb used=10835Kb max_used=10938Kb free=109229Kb
 bounds [0x000001d3afc70000, 0x000001d3b0730000, 0x000001d3b71b0000]
CodeHeap 'profiled nmethods': size=120000Kb used=36325Kb max_used=37889Kb free=83674Kb
 bounds [0x000001d3a81b0000, 0x000001d3aa6c0000, 0x000001d3af6e0000]
CodeHeap 'non-nmethods': size=5696Kb used=2460Kb max_used=2543Kb free=3235Kb
 bounds [0x000001d3af6e0000, 0x000001d3af970000, 0x000001d3afc70000]
 total_blobs=18080 nmethods=17077 adapters=913
 compilation: enabled
              stopped_count=0, restarted_count=0
 full_count=0

Compilation events (20 events):
Event: 173.428 Thread 0x000001d3be8062f0 nmethod 20684 0x000001d3b070a090 code [0x000001d3b070ad60, 0x000001d3b07160d8]
Event: 173.433 Thread 0x000001d3be8062f0 20718       4       com.android.tools.r8.internal.Ha::a (148 bytes)
Event: 173.463 Thread 0x000001d3be8062f0 nmethod 20718 0x000001d3b071d310 code [0x000001d3b071d4c0, 0x000001d3b071df18]
Event: 173.463 Thread 0x000001d3be8062f0 20714       4       com.android.tools.r8.graph.u2::a (117 bytes)
Event: 173.537 Thread 0x000001d3be8062f0 nmethod 20714 0x000001d3b071e390 code [0x000001d3b071e520, 0x000001d3b071f138]
Event: 173.538 Thread 0x000001d3be8062f0 20732       4       com.android.tools.r8.graph.H0::a (1039 bytes)
Event: 174.803 Thread 0x000001d3be8062f0 nmethod 20732 0x000001d3b071f490 code [0x000001d3b071fac0, 0x000001d3b0728da8]
Event: 174.808 Thread 0x000001d3be8062f0 20742       4       java.util.LinkedList::remove (77 bytes)
Event: 174.825 Thread 0x000001d3be8062f0 nmethod 20742 0x000001d3b021bc10 code [0x000001d3b021bda0, 0x000001d3b021c358]
Event: 174.825 Thread 0x000001d3be8062f0 20748       4       com.android.tools.r8.ir.regalloc.b::c (4041 bytes)
Event: 175.331 Thread 0x000001d3be808da0 20757       2       com.android.tools.r8.internal.S10::a (27 bytes)
Event: 175.331 Thread 0x000001d3be808da0 nmethod 20757 0x000001d3a81c1010 code [0x000001d3a81c11a0, 0x000001d3a81c12f8]
Event: 175.331 Thread 0x000001d3be808da0 20758       2       com.android.tools.r8.internal.S10::a (104 bytes)
Event: 175.331 Thread 0x000001d3be808da0 nmethod 20758 0x000001d3a81c5590 code [0x000001d3a81c5720, 0x000001d3a81c5878]
Event: 175.341 Thread 0x000001d3be808da0 20760       2       com.android.tools.r8.ir.regalloc.b$$Lambda$1627/0x000000010106b038::applyAsInt (8 bytes)
Event: 175.341 Thread 0x000001d3be808da0 nmethod 20760 0x000001d3a834ec90 code [0x000001d3a834ee20, 0x000001d3a834ef58]
Event: 175.755 Thread 0x000001d3be808da0 20764       2       com.android.tools.r8.ir.regalloc.b$$Lambda$1631/0x000000010106bc40::test (16 bytes)
Event: 175.756 Thread 0x000001d3be808da0 nmethod 20764 0x000001d3a84c8a90 code [0x000001d3a84c8c40, 0x000001d3a84c8e18]
Event: 175.756 Thread 0x000001d3be808da0 20765       2       com.android.tools.r8.ir.regalloc.b::a (30 bytes)
Event: 175.756 Thread 0x000001d3be808da0 nmethod 20765 0x000001d3a851a890 code [0x000001d3a851aa40, 0x000001d3a851abb8]

GC Heap History (20 events):
Event: 155.852 GC heap before
{Heap before GC invocations=90 (full 0):
 garbage-first heap   total 237568K, used 200111K [0x0000000080000000, 0x0000000100000000)
  region size 1024K, 72 young (73728K), 9 survivors (9216K)
 Metaspace       used 127218K, committed 128064K, reserved 1163264K
  class space    used 16846K, committed 17280K, reserved 1048576K
}
Event: 155.876 GC heap after
{Heap after GC invocations=91 (full 0):
 garbage-first heap   total 237568K, used 135783K [0x0000000080000000, 0x0000000100000000)
  region size 1024K, 2 young (2048K), 2 survivors (2048K)
 Metaspace       used 127218K, committed 128064K, reserved 1163264K
  class space    used 16846K, committed 17280K, reserved 1048576K
}
Event: 157.541 GC heap before
{Heap before GC invocations=91 (full 0):
 garbage-first heap   total 237568K, used 201319K [0x0000000080000000, 0x0000000100000000)
  region size 1024K, 66 young (67584K), 2 survivors (2048K)
 Metaspace       used 127472K, committed 128320K, reserved 1163264K
  class space    used 16871K, committed 17280K, reserved 1048576K
}
Event: 157.548 GC heap after
{Heap after GC invocations=92 (full 0):
 garbage-first heap   total 237568K, used 134982K [0x0000000080000000, 0x0000000100000000)
  region size 1024K, 1 young (1024K), 1 survivors (1024K)
 Metaspace       used 127472K, committed 128320K, reserved 1163264K
  class space    used 16871K, committed 17280K, reserved 1048576K
}
Event: 159.448 GC heap before
{Heap before GC invocations=92 (full 0):
 garbage-first heap   total 237568K, used 202566K [0x0000000080000000, 0x0000000100000000)
  region size 1024K, 67 young (68608K), 1 survivors (1024K)
 Metaspace       used 127530K, committed 128384K, reserved 1163264K
  class space    used 16873K, committed 17280K, reserved 1048576K
}
Event: 159.461 GC heap after
{Heap after GC invocations=93 (full 0):
 garbage-first heap   total 237568K, used 138734K [0x0000000080000000, 0x0000000100000000)
  region size 1024K, 5 young (5120K), 5 survivors (5120K)
 Metaspace       used 127530K, committed 128384K, reserved 1163264K
  class space    used 16873K, committed 17280K, reserved 1048576K
}
Event: 160.466 GC heap before
{Heap before GC invocations=93 (full 0):
 garbage-first heap   total 237568K, used 201198K [0x0000000080000000, 0x0000000100000000)
  region size 1024K, 66 young (67584K), 5 survivors (5120K)
 Metaspace       used 127655K, committed 128512K, reserved 1163264K
  class space    used 16900K, committed 17344K, reserved 1048576K
}
Event: 160.477 GC heap after
{Heap after GC invocations=94 (full 0):
 garbage-first heap   total 237568K, used 139038K [0x0000000080000000, 0x0000000100000000)
  region size 1024K, 5 young (5120K), 5 survivors (5120K)
 Metaspace       used 127655K, committed 128512K, reserved 1163264K
  class space    used 16900K, committed 17344K, reserved 1048576K
}
Event: 161.833 GC heap before
{Heap before GC invocations=94 (full 0):
 garbage-first heap   total 237568K, used 203550K [0x0000000080000000, 0x0000000100000000)
  region size 1024K, 68 young (69632K), 5 survivors (5120K)
 Metaspace       used 127719K, committed 128576K, reserved 1163264K
  class space    used 16904K, committed 17344K, reserved 1048576K
}
Event: 161.850 GC heap after
{Heap after GC invocations=95 (full 0):
 garbage-first heap   total 237568K, used 139174K [0x0000000080000000, 0x0000000100000000)
  region size 1024K, 5 young (5120K), 5 survivors (5120K)
 Metaspace       used 127719K, committed 128576K, reserved 1163264K
  class space    used 16904K, committed 17344K, reserved 1048576K
}
Event: 162.661 GC heap before
{Heap before GC invocations=95 (full 0):
 garbage-first heap   total 237568K, used 203686K [0x0000000080000000, 0x0000000100000000)
  region size 1024K, 69 young (70656K), 5 survivors (5120K)
 Metaspace       used 127760K, committed 128576K, reserved 1163264K
  class space    used 16904K, committed 17344K, reserved 1048576K
}
Event: 162.676 GC heap after
{Heap after GC invocations=96 (full 0):
 garbage-first heap   total 237568K, used 139367K [0x0000000080000000, 0x0000000100000000)
  region size 1024K, 5 young (5120K), 5 survivors (5120K)
 Metaspace       used 127760K, committed 128576K, reserved 1163264K
  class space    used 16904K, committed 17344K, reserved 1048576K
}
Event: 163.727 GC heap before
{Heap before GC invocations=96 (full 0):
 garbage-first heap   total 237568K, used 205927K [0x0000000080000000, 0x0000000100000000)
  region size 1024K, 70 young (71680K), 5 survivors (5120K)
 Metaspace       used 127817K, committed 128640K, reserved 1163264K
  class space    used 16919K, committed 17344K, reserved 1048576K
}
Event: 163.738 GC heap after
{Heap after GC invocations=97 (full 0):
 garbage-first heap   total 237568K, used 138796K [0x0000000080000000, 0x0000000100000000)
  region size 1024K, 5 young (5120K), 5 survivors (5120K)
 Metaspace       used 127817K, committed 128640K, reserved 1163264K
  class space    used 16919K, committed 17344K, reserved 1048576K
}
Event: 165.417 GC heap before
{Heap before GC invocations=97 (full 0):
 garbage-first heap   total 237568K, used 206380K [0x0000000080000000, 0x0000000100000000)
  region size 1024K, 71 young (72704K), 5 survivors (5120K)
 Metaspace       used 127929K, committed 128704K, reserved 1163264K
  class space    used 16941K, committed 17344K, reserved 1048576K
}
Event: 165.430 GC heap after
{Heap after GC invocations=98 (full 0):
 garbage-first heap   total 237568K, used 138779K [0x0000000080000000, 0x0000000100000000)
  region size 1024K, 5 young (5120K), 5 survivors (5120K)
 Metaspace       used 127929K, committed 128704K, reserved 1163264K
  class space    used 16941K, committed 17344K, reserved 1048576K
}
Event: 166.877 GC heap before
{Heap before GC invocations=98 (full 0):
 garbage-first heap   total 237568K, used 206363K [0x0000000080000000, 0x0000000100000000)
  region size 1024K, 71 young (72704K), 5 survivors (5120K)
 Metaspace       used 128264K, committed 129088K, reserved 1163264K
  class space    used 17002K, committed 17408K, reserved 1048576K
}
Event: 166.890 GC heap after
{Heap after GC invocations=99 (full 0):
 garbage-first heap   total 237568K, used 139146K [0x0000000080000000, 0x0000000100000000)
  region size 1024K, 5 young (5120K), 5 survivors (5120K)
 Metaspace       used 128264K, committed 129088K, reserved 1163264K
  class space    used 17002K, committed 17408K, reserved 1048576K
}
Event: 172.019 GC heap before
{Heap before GC invocations=99 (full 0):
 garbage-first heap   total 237568K, used 207754K [0x0000000080000000, 0x0000000100000000)
  region size 1024K, 71 young (72704K), 5 survivors (5120K)
 Metaspace       used 128501K, committed 129280K, reserved 1163264K
  class space    used 17008K, committed 17408K, reserved 1048576K
}
Event: 172.056 GC heap after
{Heap after GC invocations=100 (full 0):
 garbage-first heap   total 237568K, used 139173K [0x0000000080000000, 0x0000000100000000)
  region size 1024K, 5 young (5120K), 5 survivors (5120K)
 Metaspace       used 128501K, committed 129280K, reserved 1163264K
  class space    used 17008K, committed 17408K, reserved 1048576K
}

Dll operation events (2 events):
Event: 0.028 Loaded shared library D:\ANDROID\jbr\bin\java.dll
Event: 1.785 Loaded shared library D:\ANDROID\jbr\bin\verify.dll

Deoptimization events (20 events):
Event: 171.730 Thread 0x000001d3c0f40b30 DEOPT PACKING pc=0x000001d3b050c208 sp=0x00000076daff9ff0
Event: 171.730 Thread 0x000001d3c0f40b30 DEOPT UNPACKING pc=0x000001d3af7369a3 sp=0x00000076daff9f88 mode 2
Event: 171.834 Thread 0x000001d3c0f40b30 Uncommon trap: trap_request=0xffffff45 fr.pc=0x000001d3aff0dd00 relative=0x00000000000005c0
Event: 171.835 Thread 0x000001d3c0f40b30 Uncommon trap: reason=unstable_if action=reinterpret pc=0x000001d3aff0dd00 method=com.android.tools.r8.internal.Ha.a([CII)Ljava/lang/String; @ 32 c2
Event: 171.835 Thread 0x000001d3c0f40b30 DEOPT PACKING pc=0x000001d3aff0dd00 sp=0x00000076daffa070
Event: 171.835 Thread 0x000001d3c0f40b30 DEOPT UNPACKING pc=0x000001d3af7369a3 sp=0x00000076daffa050 mode 2
Event: 171.906 Thread 0x000001d3c0f40b30 DEOPT PACKING pc=0x000001d3aa6862a0 sp=0x00000076daff9f30
Event: 171.906 Thread 0x000001d3c0f40b30 DEOPT UNPACKING pc=0x000001d3af737143 sp=0x00000076daff9458 mode 0
Event: 172.281 Thread 0x000001d3c0f40b30 Uncommon trap: trap_request=0xffffff45 fr.pc=0x000001d3b06168f4 relative=0x00000000000085b4
Event: 172.281 Thread 0x000001d3c0f40b30 Uncommon trap: reason=unstable_if action=reinterpret pc=0x000001d3b06168f4 method=com.android.tools.r8.internal.Ha.a(Lcom/android/tools/r8/internal/eF;Lcom/android/tools/r8/internal/id;I)V @ 2314 c2
Event: 172.281 Thread 0x000001d3c0f40b30 DEOPT PACKING pc=0x000001d3b06168f4 sp=0x00000076daff9cc0
Event: 172.281 Thread 0x000001d3c0f40b30 DEOPT UNPACKING pc=0x000001d3af7369a3 sp=0x00000076daff9c28 mode 2
Event: 173.729 Thread 0x000001d3c0f40b30 DEOPT PACKING pc=0x000001d3a96c6619 sp=0x00000076daff9a90
Event: 173.729 Thread 0x000001d3c0f40b30 DEOPT UNPACKING pc=0x000001d3af737143 sp=0x00000076daff8f28 mode 0
Event: 173.742 Thread 0x000001d3c0f40b30 DEOPT PACKING pc=0x000001d3a9f3c971 sp=0x00000076daff9960
Event: 173.742 Thread 0x000001d3c0f40b30 DEOPT UNPACKING pc=0x000001d3af737143 sp=0x00000076daff9170 mode 0
Event: 174.863 Thread 0x000001d3c0f40b30 Uncommon trap: trap_request=0xffffff6e fr.pc=0x000001d3b0726864 relative=0x0000000000006da4
Event: 174.863 Thread 0x000001d3c0f40b30 Uncommon trap: reason=loop_limit_check action=maybe_recompile pc=0x000001d3b0726864 method=com.android.tools.r8.internal.G.putAll(Ljava/util/Map;)V @ 31 c2
Event: 174.863 Thread 0x000001d3c0f40b30 DEOPT PACKING pc=0x000001d3b0726864 sp=0x00000076daff9b10
Event: 174.863 Thread 0x000001d3c0f40b30 DEOPT UNPACKING pc=0x000001d3af7369a3 sp=0x00000076daff9a58 mode 2

Classes unloaded (0 events):
No events

Classes redefined (0 events):
No events

Internal exceptions (20 events):
Event: 146.690 Thread 0x000001d3c0f40b30 Exception <a 'sun/nio/fs/WindowsException'{0x000000008e2f2780}> (0x000000008e2f2780) 
thrown [s\src\hotspot\share\prims\jni.cpp, line 517]
Event: 149.185 Thread 0x000001d3c3b6ea40 Exception <a 'sun/nio/fs/WindowsException'{0x000000008c3bf168}> (0x000000008c3bf168) 
thrown [s\src\hotspot\share\prims\jni.cpp, line 517]
Event: 149.509 Thread 0x000001d3c3b6ea40 Exception <a 'sun/nio/fs/WindowsException'{0x000000008b8ca310}> (0x000000008b8ca310) 
thrown [s\src\hotspot\share\prims\jni.cpp, line 517]
Event: 154.920 Thread 0x000001d3c3b6ea40 Exception <a 'sun/nio/fs/WindowsException'{0x000000008c009128}> (0x000000008c009128) 
thrown [s\src\hotspot\share\prims\jni.cpp, line 517]
Event: 155.195 Thread 0x000001d3c3b6ea40 Exception <a 'sun/nio/fs/WindowsException'{0x000000008b9d2998}> (0x000000008b9d2998) 
thrown [s\src\hotspot\share\prims\jni.cpp, line 517]
Event: 156.808 Thread 0x000001d3c3b6ea40 Exception <a 'sun/nio/fs/WindowsException'{0x000000008c343c38}> (0x000000008c343c38) 
thrown [s\src\hotspot\share\prims\jni.cpp, line 517]
Event: 158.318 Thread 0x000001d3c3b6ea40 Exception <a 'sun/nio/fs/WindowsException'{0x000000008d322398}> (0x000000008d322398) 
thrown [s\src\hotspot\share\prims\jni.cpp, line 517]
Event: 160.073 Thread 0x000001d3c3b6ea40 Exception <a 'java/lang/NoSuchMethodError'{0x000000008bf46eb0}: 'int java.lang.invoke.DirectMethodHandle$Holder.invokeStatic(java.lang.Object, java.lang.Object, int, java.lang.Object)'> (0x000000008bf46eb0) 
thrown [s\src\hotspot\share\interpreter\linkResolver.cpp, line 771]
Event: 163.919 Thread 0x000001d3c3b6ea40 Exception <a 'java/lang/NoSuchMethodError'{0x000000008e1fa678}: 'int java.lang.invoke.DirectMethodHandle$Holder.invokeInterface(java.lang.Object, java.lang.Object, int)'> (0x000000008e1fa678) 
thrown [s\src\hotspot\share\interpreter\linkResolver.cpp, line 771]
Event: 165.325 Thread 0x000001d3c0f40b30 Exception <a 'java/lang/NoSuchMethodError'{0x000000008aad6658}: 'java.lang.Object java.lang.invoke.DirectMethodHandle$Holder.newInvokeSpecial(java.lang.Object, java.lang.Object, java.lang.Object, java.lang.Object, java.lang.Object, java.lang.Object, java.lang.Object, java.lang.Object, java.lang.Object, java.lang.Object)'> (0x000000008aad6658) 
thrown [s\src\hotspot\share\interpreter\linkResolver.cpp, line 771]
Event: 165.325 Thread 0x000001d3c0f40b30 Exception <a 'java/lang/NoSuchMethodError'{0x000000008aadb298}: 'java.lang.Object java.lang.invoke.Invokers$Holder.linkToTargetMethod(java.lang.Object, java.lang.Object, java.lang.Object, java.lang.Object, java.lang.Object, java.lang.Object, java.lang.Object, java.lang.Object, java.lang.Object, java.lang.Object)'> (0x000000008aadb298) 
thrown [s\src\hotspot\share\interpreter\linkResolver.cpp, line 771]
Event: 165.326 Thread 0x000001d3c0f40b30 Exception <a 'java/lang/NoSuchMethodError'{0x000000008aadfc20}: 'int java.lang.invoke.DirectMethodHandle$Holder.invokeSpecial(java.lang.Object, java.lang.Object, int)'> (0x000000008aadfc20) 
thrown [s\src\hotspot\share\interpreter\linkResolver.cpp, line 771]
Event: 165.389 Thread 0x000001d3c0f40b30 Exception <a 'java/lang/IncompatibleClassChangeError'{0x000000008a84a9a8}: Found class java.lang.Object, but interface was expected> (0x000000008a84a9a8) 
thrown [s\src\hotspot\share\interpreter\linkResolver.cpp, line 838]
Event: 165.454 Thread 0x000001d3c0f40b30 Exception <a 'java/lang/NoSuchMethodError'{0x000000008e796498}: 'void java.lang.invoke.DirectMethodHandle$Holder.invokeSpecialIFC(java.lang.Object, java.lang.Object, java.lang.Object, java.lang.Object)'> (0x000000008e796498) 
thrown [s\src\hotspot\share\interpreter\linkResolver.cpp, line 771]
Event: 166.371 Thread 0x000001d3c0f40b30 Implicit null exception at 0x000001d3afcd1f52 to 0x000001d3afcd2064
Event: 167.714 Thread 0x000001d3c0f40b30 Implicit null exception at 0x000001d3b06bfcb9 to 0x000001d3b06bfeec
Event: 168.216 Thread 0x000001d3c0f40b30 Implicit null exception at 0x000001d3b06d7b99 to 0x000001d3b06d7df3
Event: 169.176 Thread 0x000001d3c0f40b30 Exception <a 'sun/nio/fs/WindowsException'{0x000000008ba26b18}> (0x000000008ba26b18) 
thrown [s\src\hotspot\share\prims\jni.cpp, line 517]
Event: 169.306 Thread 0x000001d3c3b6ea40 Exception <a 'sun/nio/fs/WindowsException'{0x000000008b81ca20}> (0x000000008b81ca20) 
thrown [s\src\hotspot\share\prims\jni.cpp, line 517]
Event: 171.234 Thread 0x000001d3c0f40b30 Exception <a 'sun/nio/fs/WindowsException'{0x000000008b371ae8}> (0x000000008b371ae8) 
thrown [s\src\hotspot\share\prims\jni.cpp, line 517]

VM Operations (20 events):
Event: 166.603 Executing VM operation: Cleanup done
Event: 166.877 Executing VM operation: G1CollectForAllocation
Event: 166.891 Executing VM operation: G1CollectForAllocation done
Event: 167.898 Executing VM operation: Cleanup
Event: 167.956 Executing VM operation: Cleanup done
Event: 168.975 Executing VM operation: Cleanup
Event: 169.180 Executing VM operation: Cleanup done
Event: 170.190 Executing VM operation: Cleanup
Event: 170.191 Executing VM operation: Cleanup done
Event: 171.197 Executing VM operation: Cleanup
Event: 171.198 Executing VM operation: Cleanup done
Event: 172.019 Executing VM operation: G1CollectForAllocation
Event: 172.063 Executing VM operation: G1CollectForAllocation done
Event: 172.353 Executing VM operation: HandshakeAllThreads
Event: 172.571 Executing VM operation: HandshakeAllThreads done
Event: 173.421 Executing VM operation: HandshakeAllThreads
Event: 173.745 Executing VM operation: HandshakeAllThreads done
Event: 173.747 Executing VM operation: Cleanup
Event: 173.801 Executing VM operation: Cleanup done
Event: 175.806 Executing VM operation: Cleanup

Events (20 events):
Event: 173.841 Thread 0x000001d3be83d600 flushing nmethod 0x000001d3aa049a90
Event: 173.841 Thread 0x000001d3be83d600 flushing nmethod 0x000001d3aa04f010
Event: 173.841 Thread 0x000001d3be83d600 flushing nmethod 0x000001d3aa058710
Event: 173.842 Thread 0x000001d3be83d600 flushing nmethod 0x000001d3aa075a90
Event: 173.842 Thread 0x000001d3be83d600 flushing nmethod 0x000001d3aa07cf90
Event: 173.842 Thread 0x000001d3be83d600 flushing nmethod 0x000001d3aa0bab10
Event: 173.842 Thread 0x000001d3be83d600 flushing nmethod 0x000001d3aa0bc010
Event: 173.842 Thread 0x000001d3be83d600 flushing nmethod 0x000001d3aa0bd410
Event: 173.842 Thread 0x000001d3be83d600 flushing nmethod 0x000001d3aa0bdf10
Event: 173.842 Thread 0x000001d3be83d600 flushing nmethod 0x000001d3aa0bf190
Event: 173.842 Thread 0x000001d3be83d600 flushing nmethod 0x000001d3aa0e3790
Event: 173.842 Thread 0x000001d3be83d600 flushing nmethod 0x000001d3aa103410
Event: 173.842 Thread 0x000001d3be83d600 flushing nmethod 0x000001d3aa103790
Event: 173.842 Thread 0x000001d3be83d600 flushing nmethod 0x000001d3aa104c90
Event: 173.842 Thread 0x000001d3be83d600 flushing nmethod 0x000001d3aa120d10
Event: 173.842 Thread 0x000001d3be83d600 flushing nmethod 0x000001d3aa142190
Event: 173.843 Thread 0x000001d3be83d600 flushing nmethod 0x000001d3aa180c10
Event: 173.844 Thread 0x000001d3be83d600 flushing nmethod 0x000001d3aa20aa90
Event: 173.844 Thread 0x000001d3be83d600 flushing nmethod 0x000001d3aa24bc90
Event: 173.845 Thread 0x000001d3be83d600 flushing nmethod 0x000001d3aa2bcb10


Dynamic libraries:
0x00007ff6203f0000 - 0x00007ff6203fa000 	D:\ANDROID\jbr\bin\java.exe
0x00007ff9b5370000 - 0x00007ff9b5584000 	C:\WINDOWS\SYSTEM32\ntdll.dll
0x00007ff9b3ec0000 - 0x00007ff9b3f84000 	C:\WINDOWS\System32\KERNEL32.DLL
0x00007ff9b2720000 - 0x00007ff9b2ac4000 	C:\WINDOWS\System32\KERNELBASE.dll
0x00007ff9b2ce0000 - 0x00007ff9b2df1000 	C:\WINDOWS\System32\ucrtbase.dll
0x00007ff9a2ce0000 - 0x00007ff9a2cf7000 	D:\ANDROID\jbr\bin\jli.dll
0x00007ff9b39b0000 - 0x00007ff9b3b5e000 	C:\WINDOWS\System32\USER32.dll
0x00007ff9b2b90000 - 0x00007ff9b2bb6000 	C:\WINDOWS\System32\win32u.dll
0x00007ff9b4220000 - 0x00007ff9b4249000 	C:\WINDOWS\System32\GDI32.dll
0x00007ff9b2e70000 - 0x00007ff9b2f88000 	C:\WINDOWS\System32\gdi32full.dll
0x00007ff9b2bc0000 - 0x00007ff9b2c5a000 	C:\WINDOWS\System32\msvcp_win.dll
0x00007ff9ab280000 - 0x00007ff9ab29b000 	D:\ANDROID\jbr\bin\VCRUNTIME140.dll
0x00007ff9a2eb0000 - 0x00007ff9a3143000 	C:\WINDOWS\WinSxS\amd64_microsoft.windows.common-controls_6595b64144ccf1df_6.0.22621.2215_none_270d72677387dfc3\COMCTL32.dll
0x00007ff9b3580000 - 0x00007ff9b3627000 	C:\WINDOWS\System32\msvcrt.dll
0x00007ff9b4390000 - 0x00007ff9b43c1000 	C:\WINDOWS\System32\IMM32.DLL
0x00007ff9a6590000 - 0x00007ff9a659c000 	D:\ANDROID\jbr\bin\vcruntime140_1.dll
0x00007ff99bde0000 - 0x00007ff99be6d000 	D:\ANDROID\jbr\bin\msvcp140.dll
0x00007ff956310000 - 0x00007ff956f7e000 	D:\ANDROID\jbr\bin\server\jvm.dll
0x00007ff9b36a0000 - 0x00007ff9b3750000 	C:\WINDOWS\System32\ADVAPI32.dll
0x00007ff9b4770000 - 0x00007ff9b4816000 	C:\WINDOWS\System32\sechost.dll
0x00007ff9b3fa0000 - 0x00007ff9b40b7000 	C:\WINDOWS\System32\RPCRT4.dll
0x00007ff9a65e0000 - 0x00007ff9a65e9000 	C:\WINDOWS\SYSTEM32\WSOCK32.dll
0x00007ff9b52b0000 - 0x00007ff9b5321000 	C:\WINDOWS\System32\WS2_32.dll
0x00007ff9ab670000 - 0x00007ff9ab6a4000 	C:\WINDOWS\SYSTEM32\WINMM.dll
0x00007ff9ab6b0000 - 0x00007ff9ab6ba000 	C:\WINDOWS\SYSTEM32\VERSION.dll
0x00007ff9b16e0000 - 0x00007ff9b16f8000 	C:\WINDOWS\SYSTEM32\kernel.appcore.dll
0x00007ff9ab180000 - 0x00007ff9ab18a000 	D:\ANDROID\jbr\bin\jimage.dll
0x00007ff9a7130000 - 0x00007ff9a735e000 	C:\WINDOWS\SYSTEM32\DBGHELP.DLL
0x00007ff9b43d0000 - 0x00007ff9b475a000 	C:\WINDOWS\System32\combase.dll
0x00007ff9b3750000 - 0x00007ff9b3827000 	C:\WINDOWS\System32\OLEAUT32.dll
0x00007ff998320000 - 0x00007ff998352000 	C:\WINDOWS\SYSTEM32\dbgcore.DLL
0x00007ff9b2c60000 - 0x00007ff9b2cda000 	C:\WINDOWS\System32\bcryptPrimitives.dll
0x00007ff9a60a0000 - 0x00007ff9a60c5000 	D:\ANDROID\jbr\bin\java.dll
0x00007ff9ab160000 - 0x00007ff9ab178000 	D:\ANDROID\jbr\bin\zip.dll
0x00007ff9b4a80000 - 0x00007ff9b52a3000 	C:\WINDOWS\System32\SHELL32.dll
0x00007ff9b0660000 - 0x00007ff9b0f4a000 	C:\WINDOWS\SYSTEM32\windows.storage.dll
0x00007ff9b0520000 - 0x00007ff9b065e000 	C:\WINDOWS\SYSTEM32\wintypes.dll
0x00007ff9b4120000 - 0x00007ff9b4213000 	C:\WINDOWS\System32\SHCORE.dll
0x00007ff9b3950000 - 0x00007ff9b39ae000 	C:\WINDOWS\System32\shlwapi.dll
0x00007ff9b2650000 - 0x00007ff9b2676000 	C:\WINDOWS\SYSTEM32\profapi.dll
0x00007ff9a65f0000 - 0x00007ff9a6609000 	D:\ANDROID\jbr\bin\net.dll
0x00007ff9aa5f0000 - 0x00007ff9aa727000 	C:\WINDOWS\SYSTEM32\WINHTTP.dll
0x00007ff9b1ba0000 - 0x00007ff9b1c09000 	C:\WINDOWS\system32\mswsock.dll
0x00007ff9a6200000 - 0x00007ff9a6216000 	D:\ANDROID\jbr\bin\nio.dll
0x00007ff9a6180000 - 0x00007ff9a6190000 	D:\ANDROID\jbr\bin\verify.dll
0x00007ff992ff0000 - 0x00007ff993017000 	C:\Users\PC\.gradle\native\68d5fa5c4cc2d200863cafc0d521ce42e7d3e7ee720ec0a83991735586a16f82\windows-amd64\native-platform.dll
0x00007ff989020000 - 0x00007ff989164000 	C:\Users\PC\.gradle\native\e376f236ea51e6404a007f0833ffe2c6e607c4080706a723a18a27aeea778392\windows-amd64\native-platform-file-events.dll
0x00007ff9a5e90000 - 0x00007ff9a5e99000 	D:\ANDROID\jbr\bin\management.dll
0x00007ff9a47b0000 - 0x00007ff9a47bb000 	D:\ANDROID\jbr\bin\management_ext.dll
0x00007ff9b4a70000 - 0x00007ff9b4a78000 	C:\WINDOWS\System32\PSAPI.DLL
0x00007ff9b1ec0000 - 0x00007ff9b1edb000 	C:\WINDOWS\SYSTEM32\CRYPTSP.dll
0x00007ff9b16a0000 - 0x00007ff9b16d5000 	C:\WINDOWS\system32\rsaenh.dll
0x00007ff9b1c40000 - 0x00007ff9b1c6c000 	C:\WINDOWS\SYSTEM32\USERENV.dll
0x00007ff9b2000000 - 0x00007ff9b2028000 	C:\WINDOWS\SYSTEM32\bcrypt.dll
0x00007ff9b1ea0000 - 0x00007ff9b1eac000 	C:\WINDOWS\SYSTEM32\CRYPTBASE.dll
0x00007ff9b11f0000 - 0x00007ff9b121d000 	C:\WINDOWS\SYSTEM32\IPHLPAPI.DLL
0x00007ff9b4760000 - 0x00007ff9b4769000 	C:\WINDOWS\System32\NSI.dll
0x00007ff9aa5d0000 - 0x00007ff9aa5e9000 	C:\WINDOWS\SYSTEM32\dhcpcsvc6.DLL
0x00007ff9aa5b0000 - 0x00007ff9aa5cf000 	C:\WINDOWS\SYSTEM32\dhcpcsvc.DLL
0x00007ff9b1270000 - 0x00007ff9b1362000 	C:\WINDOWS\SYSTEM32\DNSAPI.dll
0x00007ff9a4790000 - 0x00007ff9a4798000 	C:\WINDOWS\system32\wshunix.dll
0x00007ff991c30000 - 0x00007ff991c47000 	C:\WINDOWS\system32\napinsp.dll
0x00007ff991c10000 - 0x00007ff991c2b000 	C:\WINDOWS\system32\pnrpnsp.dll
0x00007ff991bf0000 - 0x00007ff991c01000 	C:\WINDOWS\System32\winrnr.dll
0x00007ff991bd0000 - 0x00007ff991be5000 	C:\WINDOWS\system32\wshbth.dll
0x00007ff990ed0000 - 0x00007ff990ef1000 	C:\WINDOWS\system32\nlansp_c.dll
0x00007ff99a970000 - 0x00007ff99a97a000 	C:\Windows\System32\rasadhlp.dll
0x00007ff9aa040000 - 0x00007ff9aa0c4000 	C:\WINDOWS\System32\fwpuclnt.dll
0x00007ff9b1750000 - 0x00007ff9b1784000 	C:\WINDOWS\SYSTEM32\ntmarta.dll
0x00007ff9a60f0000 - 0x00007ff9a610e000 	C:\Users\PC\AppData\Local\Temp\native-platform17250133325727120315dir\native-platform.dll

dbghelp: loaded successfully - version: 4.0.5 - missing functions: none
symbol engine: initialized successfully - sym options: 0x614 - pdb path: .;D:\ANDROID\jbr\bin;C:\WINDOWS\SYSTEM32;C:\WINDOWS\WinSxS\amd64_microsoft.windows.common-controls_6595b64144ccf1df_6.0.22621.2215_none_270d72677387dfc3;D:\ANDROID\jbr\bin\server;C:\Users\PC\.gradle\native\68d5fa5c4cc2d200863cafc0d521ce42e7d3e7ee720ec0a83991735586a16f82\windows-amd64;C:\Users\PC\.gradle\native\e376f236ea51e6404a007f0833ffe2c6e607c4080706a723a18a27aeea778392\windows-amd64;C:\Users\PC\AppData\Local\Temp\native-platform17250133325727120315dir

VM Arguments:
jvm_args: --add-opens=java.base/java.util=ALL-UNNAMED --add-opens=java.base/java.lang=ALL-UNNAMED --add-opens=java.base/java.lang.invoke=ALL-UNNAMED --add-opens=java.prefs/java.util.prefs=ALL-UNNAMED --add-opens=java.base/java.nio.charset=ALL-UNNAMED --add-opens=java.base/java.net=ALL-UNNAMED --add-opens=java.base/java.util.concurrent.atomic=ALL-UNNAMED -Xmx2048m -Dfile.encoding=UTF-8 -Duser.country=US -Duser.language=en -Duser.variant 
java_command: org.gradle.launcher.daemon.bootstrap.GradleDaemon 8.0
java_class_path (initial): C:\Users\PC\.gradle\wrapper\dists\gradle-8.0-bin\ca5e32bp14vu59qr306oxotwh\gradle-8.0\lib\gradle-launcher-8.0.jar
Launcher Type: SUN_STANDARD

[Global flags]
     intx CICompilerCount                          = 2                                         {product} {ergonomic}
     uint ConcGCThreads                            = 1                                         {product} {ergonomic}
     uint G1ConcRefinementThreads                  = 2                                         {product} {ergonomic}
   size_t G1HeapRegionSize                         = 1048576                                   {product} {ergonomic}
    uintx GCDrainStackTargetSize                   = 64                                        {product} {ergonomic}
   size_t InitialHeapSize                          = 100663296                                 {product} {ergonomic}
   size_t MarkStackSize                            = 4194304                                   {product} {ergonomic}
   size_t MaxHeapSize                              = 2147483648                                {product} {command line}
   size_t MaxNewSize                               = 1287651328                                {product} {ergonomic}
   size_t MinHeapDeltaBytes                        = 1048576                                   {product} {ergonomic}
   size_t MinHeapSize                              = 8388608                                   {product} {ergonomic}
    uintx NonNMethodCodeHeapSize                   = 5826188                                {pd product} {ergonomic}
    uintx NonProfiledCodeHeapSize                  = 122916026                              {pd product} {ergonomic}
    uintx ProfiledCodeHeapSize                     = 122916026                              {pd product} {ergonomic}
    uintx ReservedCodeCacheSize                    = 251658240                              {pd product} {ergonomic}
     bool SegmentedCodeCache                       = true                                      {product} {ergonomic}
   size_t SoftMaxHeapSize                          = 2147483648                             {manageable} {ergonomic}
     bool UseCompressedClassPointers               = true                           {product lp64_product} {ergonomic}
     bool UseCompressedOops                        = true                           {product lp64_product} {ergonomic}
     bool UseG1GC                                  = true                                      {product} {ergonomic}
     bool UseLargePagesIndividualAllocation        = false                                  {pd product} {ergonomic}

Logging:
Log output configuration:
 #0: stdout all=warning uptime,level,tags
 #1: stderr all=off uptime,level,tags

Environment Variables:
PATH=C:\Program Files (x86)\Eclipse Adoptium\jdk-17.0.8.7-hotspot\bin;C:\Program Files (x86)\Common Files\Oracle\Java\javapath;C:\ProgramData\Oracle\Java\javapath;C:\WINDOWS\system32;C:\WINDOWS;C:\WINDOWS\System32\Wbem;C:\WINDOWS\System32\WindowsPowerShell\v1.0\;C:\WINDOWS\System32\OpenSSH\;C:\xampp\php;C:\ProgramData\ComposerSetup\bin;C:\Users\PC\Downloads\chromedriver_win32;C:\Program Files\nodejs\;C:\Program Files\Git\cmd;C:\Users\PC\AppData\Local\Programs\Python\Python310\Scripts\;C:\Users\PC\AppData\Local\Programs\Python\Python310\;C:\Program Files\MySQL\MySQL Shell 8.0\bin\;C:\Users\PC\AppData\Local\Microsoft\WindowsApps;C:\Users\PC\AppData\Local\Programs\Microsoft VS Code\bin;C:\xampp\php;C:\Program Files\Java\jdk1.8.0_161\bin;C:\Users\PC\AppData\Roaming\Composer\vendor\bin;C:\Users\PC\AppData\Roaming\npm;C:\Program Files\nodejs;C:\Users\PC\AppData\Local\GitHubDesktop\bin;D:\MSIB\platform-tools;
USERNAME=PC
OS=Windows_NT
PROCESSOR_IDENTIFIER=AMD64 Family 23 Model 32 Stepping 1, AuthenticAMD
TMP=C:\Users\PC\AppData\Local\Temp
TEMP=C:\Users\PC\AppData\Local\Temp


JNI global refs:
JNI global refs: 25, weak refs: 28

JNI global refs memory usage: 843, weak refs: 841


---------------  S Y S T E M  ---------------

OS:
 Windows 11 , 64 bit Build 22621 (10.0.22621.2215)
OS uptime: 7 days 13:01 hours
Hyper-V role detected

CPU: total 2 (initial active 2) (2 cores per cpu, 1 threads per core) family 23 model 32 stepping 1 microcode 0x0, cx8, cmov, fxsr, mmx, 3dnowpref, sse, sse2, sse3, ssse3, sse4a, sse4.1, sse4.2, popcnt, lzcnt, tsc, tscinvbit, avx, avx2, aes, clmul, bmi1, bmi2, adx, sha, fma, vzeroupper, clflush, clflushopt, hv

Memory: 4k page, system-wide physical 6020M (260M free)
TotalPageFile size 23396M (AvailPageFile size 4M)
current process WorkingSet (physical memory assigned to process): 488M, peak: 497M
current process commit charge ("private bytes"): 592M, peak: 597M

vm_info: OpenJDK 64-Bit Server VM (17.0.6+0-b2043.56-10027231) for windows-amd64 JRE (17.0.6+0-b2043.56-10027231), built on Apr 28 2023 00:43:19 by "androidbuild" with MS VC++ 16.10 / 16.11 (VS2019)

END.
