#
# There is insufficient memory for the Java Runtime Environment to continue.
# Native memory allocation (mmap) failed to map 917504 bytes for G1 virtual space
# Possible reasons:
#   The system is out of physical RAM or swap space
#   The process is running with CompressedOops enabled, and the Java Heap may be blocking the growth of the native heap
# Possible solutions:
#   Reduce memory load on the system
#   Increase physical memory or swap space
#   Check if swap backing store is full
#   Decrease Java heap size (-Xmx/-Xms)
#   Decrease number of Java threads
#   Decrease Java thread stack sizes (-Xss)
#   Set larger code cache with -XX:ReservedCodeCacheSize=
#   JVM is running with Unscaled Compressed Oops mode in which the Java heap is
#     placed in the first 4GB address space. The Java Heap base address is the
#     maximum limit for the native heap growth. Please use -XX:HeapBaseMinAddress
#     to set the Java Heap base and to place the Java Heap above 4GB virtual address.
# This output file may be truncated or incomplete.
#
#  Out of Memory Error (os_windows.cpp:3769), pid=13208, tid=15832
#
# JRE version: OpenJDK Runtime Environment (17.0.6) (build 17.0.6+0-b2043.56-10027231)
# Java VM: OpenJDK 64-Bit Server VM (17.0.6+0-b2043.56-10027231, mixed mode, tiered, compressed oops, compressed class ptrs, g1 gc, windows-amd64)
# No core dump will be written. Minidumps are not enabled by default on client versions of Windows
#

---------------  S U M M A R Y ------------

Command Line: --add-opens=java.base/java.util=ALL-UNNAMED --add-opens=java.base/java.lang=ALL-UNNAMED --add-opens=java.base/java.lang.invoke=ALL-UNNAMED --add-opens=java.prefs/java.util.prefs=ALL-UNNAMED --add-opens=java.base/java.nio.charset=ALL-UNNAMED --add-opens=java.base/java.net=ALL-UNNAMED --add-opens=java.base/java.util.concurrent.atomic=ALL-UNNAMED -Xmx2048m -Dfile.encoding=UTF-8 -Duser.country=US -Duser.language=en -Duser.variant org.gradle.launcher.daemon.bootstrap.GradleDaemon 8.0

Host: AMD 3020e with Radeon Graphics                 , 2 cores, 5G,  Windows 11 , 64 bit Build 22621 (10.0.22621.2215)
Time: Mon Sep 25 07:32:01 2023 SE Asia Standard Time elapsed time: 48.807076 seconds (0d 0h 0m 48s)

---------------  T H R E A D  ---------------

Current thread (0x000002c3dc38b5f0):  VMThread "VM Thread" [stack: 0x000000ff01100000,0x000000ff01200000] [id=15832]

Stack: [0x000000ff01100000,0x000000ff01200000]
Native frames: (J=compiled Java code, j=interpreted, Vv=VM code, C=native code)
V  [jvm.dll+0x683c9a]
V  [jvm.dll+0x8427a4]
V  [jvm.dll+0x843f9e]
V  [jvm.dll+0x844603]
V  [jvm.dll+0x249b75]
V  [jvm.dll+0x680b69]
V  [jvm.dll+0x67505a]
V  [jvm.dll+0x309acb]
V  [jvm.dll+0x310f86]
V  [jvm.dll+0x360903]
V  [jvm.dll+0x360b1f]
V  [jvm.dll+0x2dfbf8]
V  [jvm.dll+0x2e2ce6]
V  [jvm.dll+0x2ed478]
V  [jvm.dll+0x322150]
V  [jvm.dll+0x848ccb]
V  [jvm.dll+0x849a04]
V  [jvm.dll+0x849f1d]
V  [jvm.dll+0x84a2f4]
V  [jvm.dll+0x84a3c0]
V  [jvm.dll+0x7f274a]
V  [jvm.dll+0x682ad5]
C  [ucrtbase.dll+0x29363]
C  [KERNEL32.DLL+0x1257d]
C  [ntdll.dll+0x5aa68]

VM_Operation (0x000000ff00dffab0): G1Concurrent, mode: safepoint, requested by thread 0x000002c3c31e2f50


---------------  P R O C E S S  ---------------

Threads class SMR info:
_java_thread_list=0x000002c3dfaa2250, length=64, elements={
0x000002c3c3176fb0, 0x000002c3dc40a260, 0x000002c3dc40b0d0, 0x000002c3dc4314d0,
0x000002c3dc432080, 0x000002c3dc432c30, 0x000002c3dc4335e0, 0x000002c3dc3f18e0,
0x000002c3dc43e040, 0x000002c3dc3f5650, 0x000002c3dd137990, 0x000002c3dd137e60,
0x000002c3de6db020, 0x000002c3de2a8c80, 0x000002c3dea06dd0, 0x000002c3de656450,
0x000002c3de035930, 0x000002c3deb35020, 0x000002c3deb5d2b0, 0x000002c3ddcf47b0,
0x000002c3ddcf4c80, 0x000002c3ddcf3e10, 0x000002c3ddcf42e0, 0x000002c3ddcf5150,
0x000002c3ddcf3940, 0x000002c3e0359bb0, 0x000002c3e035e8b0, 0x000002c3e035ed80,
0x000002c3e03600c0, 0x000002c3e0358d40, 0x000002c3e035e3e0, 0x000002c3e035d0a0,
0x000002c3e035f250, 0x000002c3e035f720, 0x000002c3e035b890, 0x000002c3e035aef0,
0x000002c3e035d570, 0x000002c3e035c230, 0x000002c3e035df10, 0x000002c3e1707a10,
0x000002c3e170aa30, 0x000002c3e170d580, 0x000002c3e17083b0, 0x000002c3e170c240,
0x000002c3e170b8a0, 0x000002c3e170c710, 0x000002c3e170da50, 0x000002c3e170af00,
0x000002c3e1709bc0, 0x000002c3e170bd70, 0x000002c3e170cbe0, 0x000002c3e170d0b0,
0x000002c3e1707070, 0x000002c3e170df20, 0x000002c3e170a090, 0x000002c3e170a560,
0x000002c3e170b3d0, 0x000002c3e1707ee0, 0x000002c3e1709220, 0x000002c3ddfaca60,
0x000002c3ddfa8700, 0x000002c3ddfa6ef0, 0x000002c3ddfa73c0, 0x000002c3ddfab250
}

Java Threads: ( => current thread )
  0x000002c3c3176fb0 JavaThread "main" [_thread_blocked, id=2984, stack(0x000000ff00a00000,0x000000ff00b00000)]
  0x000002c3dc40a260 JavaThread "Reference Handler" daemon [_thread_blocked, id=19048, stack(0x000000ff01200000,0x000000ff01300000)]
  0x000002c3dc40b0d0 JavaThread "Finalizer" daemon [_thread_blocked, id=19620, stack(0x000000ff01300000,0x000000ff01400000)]
  0x000002c3dc4314d0 JavaThread "Signal Dispatcher" daemon [_thread_blocked, id=10480, stack(0x000000ff01400000,0x000000ff01500000)]
  0x000002c3dc432080 JavaThread "Attach Listener" daemon [_thread_blocked, id=7524, stack(0x000000ff01500000,0x000000ff01600000)]
  0x000002c3dc432c30 JavaThread "Service Thread" daemon [_thread_blocked, id=15412, stack(0x000000ff01600000,0x000000ff01700000)]
  0x000002c3dc4335e0 JavaThread "Monitor Deflation Thread" daemon [_thread_blocked, id=15932, stack(0x000000ff01700000,0x000000ff01800000)]
  0x000002c3dc3f18e0 JavaThread "C2 CompilerThread0" daemon [_thread_blocked, id=564, stack(0x000000ff01800000,0x000000ff01900000)]
  0x000002c3dc43e040 JavaThread "C1 CompilerThread0" daemon [_thread_blocked, id=17256, stack(0x000000ff01900000,0x000000ff01a00000)]
  0x000002c3dc3f5650 JavaThread "Sweeper thread" daemon [_thread_blocked, id=7968, stack(0x000000ff01a00000,0x000000ff01b00000)]
  0x000002c3dd137990 JavaThread "Common-Cleaner" daemon [_thread_blocked, id=8324, stack(0x000000ff01b00000,0x000000ff01c00000)]
  0x000002c3dd137e60 JavaThread "Notification Thread" daemon [_thread_blocked, id=17564, stack(0x000000ff01c00000,0x000000ff01d00000)]
  0x000002c3de6db020 JavaThread "Daemon health stats" [_thread_blocked, id=9864, stack(0x000000ff01f00000,0x000000ff02000000)]
  0x000002c3de2a8c80 JavaThread "Incoming local TCP Connector on port 50324" [_thread_in_native, id=3888, stack(0x000000ff02000000,0x000000ff02100000)]
  0x000002c3dea06dd0 JavaThread "Daemon periodic checks" [_thread_blocked, id=18380, stack(0x000000ff02100000,0x000000ff02200000)]
  0x000002c3de656450 JavaThread "Daemon" [_thread_blocked, id=5924, stack(0x000000ff02200000,0x000000ff02300000)]
  0x000002c3de035930 JavaThread "Handler for socket connection from /127.0.0.1:50324 to /127.0.0.1:50325" [_thread_in_native, id=15864, stack(0x000000ff02300000,0x000000ff02400000)]
  0x000002c3deb35020 JavaThread "Cancel handler" [_thread_blocked, id=13620, stack(0x000000ff02400000,0x000000ff02500000)]
  0x000002c3deb5d2b0 JavaThread "Daemon worker" [_thread_blocked, id=16336, stack(0x000000ff02500000,0x000000ff02600000)]
  0x000002c3ddcf47b0 JavaThread "Asynchronous log dispatcher for DefaultDaemonConnection: socket connection from /127.0.0.1:50324 to /127.0.0.1:50325" [_thread_blocked, id=14476, stack(0x000000ff02600000,0x000000ff02700000)]
  0x000002c3ddcf4c80 JavaThread "Stdin handler" [_thread_blocked, id=17624, stack(0x000000ff02700000,0x000000ff02800000)]
  0x000002c3ddcf3e10 JavaThread "Daemon client event forwarder" [_thread_blocked, id=10720, stack(0x000000ff02800000,0x000000ff02900000)]
  0x000002c3ddcf42e0 JavaThread "Cache worker for journal cache (C:\Users\PC\.gradle\caches\journal-1)" [_thread_blocked, id=1640, stack(0x000000ff02900000,0x000000ff02a00000)]
  0x000002c3ddcf5150 JavaThread "File lock request listener" [_thread_in_native, id=7476, stack(0x000000ff02a00000,0x000000ff02b00000)]
  0x000002c3ddcf3940 JavaThread "Cache worker for file hash cache (C:\Users\PC\.gradle\caches\8.0\fileHashes)" [_thread_blocked, id=12868, stack(0x000000ff02b00000,0x000000ff02c00000)]
  0x000002c3e0359bb0 JavaThread "File watcher server" daemon [_thread_in_native, id=10728, stack(0x000000ff02c00000,0x000000ff02d00000)]
  0x000002c3e035e8b0 JavaThread "File watcher consumer" daemon [_thread_blocked, id=16416, stack(0x000000ff02d00000,0x000000ff02e00000)]
  0x000002c3e035ed80 JavaThread "jar transforms" [_thread_blocked, id=17768, stack(0x000000ff02e00000,0x000000ff02f00000)]
  0x000002c3e03600c0 JavaThread "jar transforms Thread 2" [_thread_blocked, id=12900, stack(0x000000ff02f00000,0x000000ff03000000)]
  0x000002c3e0358d40 JavaThread "Cache worker for checksums cache (D:\MyApp7\.gradle\8.0\checksums)" [_thread_blocked, id=18864, stack(0x000000ff03000000,0x000000ff03100000)]
  0x000002c3e035e3e0 JavaThread "Cache worker for cache directory md-rule (C:\Users\PC\.gradle\caches\8.0\md-rule)" [_thread_blocked, id=11284, stack(0x000000ff03100000,0x000000ff03200000)]
  0x000002c3e035d0a0 JavaThread "Cache worker for file content cache (C:\Users\PC\.gradle\caches\8.0\fileContent)" [_thread_blocked, id=3824, stack(0x000000ff03200000,0x000000ff03300000)]
  0x000002c3e035f250 JavaThread "Cache worker for file hash cache (D:\MyApp7\.gradle\8.0\fileHashes)" [_thread_blocked, id=15848, stack(0x000000ff03300000,0x000000ff03400000)]
  0x000002c3e035f720 JavaThread "Cache worker for cache directory md-supplier (C:\Users\PC\.gradle\caches\8.0\md-supplier)" [_thread_blocked, id=11924, stack(0x000000ff03400000,0x000000ff03500000)]
  0x000002c3e035b890 JavaThread "Cache worker for execution history cache (C:\Users\PC\.gradle\caches\8.0\executionHistory)" [_thread_blocked, id=13156, stack(0x000000ff03500000,0x000000ff03600000)]
  0x000002c3e035aef0 JavaThread "Cache worker for kotlin-dsl (C:\Users\PC\.gradle\caches\8.0\kotlin-dsl)" [_thread_blocked, id=17520, stack(0x000000ff03600000,0x000000ff03700000)]
  0x000002c3e035d570 JavaThread "Cache worker for dependencies-accessors (D:\MyApp7\.gradle\8.0\dependencies-accessors)" [_thread_blocked, id=12680, stack(0x000000ff03700000,0x000000ff03800000)]
  0x000002c3e035c230 JavaThread "Cache worker for Build Output Cleanup Cache (D:\MyApp7\.gradle\buildOutputCleanup)" [_thread_blocked, id=19552, stack(0x000000ff03800000,0x000000ff03900000)]
  0x000002c3e035df10 JavaThread "Unconstrained build operations" [_thread_blocked, id=9588, stack(0x000000ff03900000,0x000000ff03a00000)]
  0x000002c3e1707a10 JavaThread "Unconstrained build operations Thread 2" [_thread_blocked, id=14184, stack(0x000000ff03a00000,0x000000ff03b00000)]
  0x000002c3e170aa30 JavaThread "Unconstrained build operations Thread 3" [_thread_blocked, id=8716, stack(0x000000ff03b00000,0x000000ff03c00000)]
  0x000002c3e170d580 JavaThread "Unconstrained build operations Thread 4" [_thread_blocked, id=14612, stack(0x000000ff03c00000,0x000000ff03d00000)]
  0x000002c3e17083b0 JavaThread "Unconstrained build operations Thread 5" [_thread_blocked, id=11732, stack(0x000000ff03d00000,0x000000ff03e00000)]
  0x000002c3e170c240 JavaThread "Unconstrained build operations Thread 6" [_thread_blocked, id=1736, stack(0x000000ff03e00000,0x000000ff03f00000)]
  0x000002c3e170b8a0 JavaThread "Unconstrained build operations Thread 7" [_thread_blocked, id=15808, stack(0x000000ff03f00000,0x000000ff04000000)]
  0x000002c3e170c710 JavaThread "Unconstrained build operations Thread 8" [_thread_blocked, id=13884, stack(0x000000ff04000000,0x000000ff04100000)]
  0x000002c3e170da50 JavaThread "Unconstrained build operations Thread 9" [_thread_blocked, id=17072, stack(0x000000ff04100000,0x000000ff04200000)]
  0x000002c3e170af00 JavaThread "Unconstrained build operations Thread 10" [_thread_blocked, id=15588, stack(0x000000ff04200000,0x000000ff04300000)]
  0x000002c3e1709bc0 JavaThread "Unconstrained build operations Thread 11" [_thread_blocked, id=9324, stack(0x000000ff04300000,0x000000ff04400000)]
  0x000002c3e170bd70 JavaThread "Unconstrained build operations Thread 12" [_thread_blocked, id=16584, stack(0x000000ff04400000,0x000000ff04500000)]
  0x000002c3e170cbe0 JavaThread "Unconstrained build operations Thread 13" [_thread_blocked, id=11280, stack(0x000000ff04500000,0x000000ff04600000)]
  0x000002c3e170d0b0 JavaThread "Unconstrained build operations Thread 14" [_thread_blocked, id=18152, stack(0x000000ff04600000,0x000000ff04700000)]
  0x000002c3e1707070 JavaThread "Unconstrained build operations Thread 15" [_thread_blocked, id=11676, stack(0x000000ff04700000,0x000000ff04800000)]
  0x000002c3e170df20 JavaThread "Unconstrained build operations Thread 16" [_thread_blocked, id=6532, stack(0x000000ff04800000,0x000000ff04900000)]
  0x000002c3e170a090 JavaThread "Unconstrained build operations Thread 17" [_thread_blocked, id=8404, stack(0x000000ff04900000,0x000000ff04a00000)]
  0x000002c3e170a560 JavaThread "Unconstrained build operations Thread 18" [_thread_blocked, id=16464, stack(0x000000ff04a00000,0x000000ff04b00000)]
  0x000002c3e170b3d0 JavaThread "Unconstrained build operations Thread 19" [_thread_blocked, id=15092, stack(0x000000ff04b00000,0x000000ff04c00000)]
  0x000002c3e1707ee0 JavaThread "Unconstrained build operations Thread 20" [_thread_blocked, id=7336, stack(0x000000ff04c00000,0x000000ff04d00000)]
  0x000002c3e1709220 JavaThread "Memory manager" [_thread_blocked, id=13592, stack(0x000000ff04d00000,0x000000ff04e00000)]
  0x000002c3ddfaca60 JavaThread "pool-3-thread-1" [_thread_blocked, id=14124, stack(0x000000ff05000000,0x000000ff05100000)]
  0x000002c3ddfa8700 JavaThread "included builds" [_thread_blocked, id=12856, stack(0x000000ff05100000,0x000000ff05200000)]
  0x000002c3ddfa6ef0 JavaThread "Execution worker" [_thread_blocked, id=10696, stack(0x000000ff05200000,0x000000ff05300000)]
  0x000002c3ddfa73c0 JavaThread "Cache worker for execution history cache (D:\MyApp7\.gradle\8.0\executionHistory)" [_thread_blocked, id=1420, stack(0x000000ff05300000,0x000000ff05400000)]
  0x000002c3ddfab250 JavaThread "idea-tooling-model-converter" [_thread_blocked, id=15336, stack(0x000000ff05400000,0x000000ff05500000)]

Other Threads:
=>0x000002c3dc38b5f0 VMThread "VM Thread" [stack: 0x000000ff01100000,0x000000ff01200000] [id=15832]
  0x000002c3dd135660 WatcherThread [stack: 0x000000ff01d00000,0x000000ff01e00000] [id=4284]
  0x000002c3c31d2010 GCTaskThread "GC Thread#0" [stack: 0x000000ff00c00000,0x000000ff00d00000] [id=18604]
  0x000002c3dd34a160 GCTaskThread "GC Thread#1" [stack: 0x000000ff01e00000,0x000000ff01f00000] [id=18064]
  0x000002c3c31e2f50 ConcurrentGCThread "G1 Main Marker" [stack: 0x000000ff00d00000,0x000000ff00e00000] [id=7864]
  0x000002c3c31e3960 ConcurrentGCThread "G1 Conc#0" [stack: 0x000000ff00e00000,0x000000ff00f00000] [id=17816]
  0x000002c3c323bd40 ConcurrentGCThread "G1 Refine#0" [stack: 0x000000ff00f00000,0x000000ff01000000] [id=18440]
  0x000002c3c323c760 ConcurrentGCThread "G1 Service" [stack: 0x000000ff01000000,0x000000ff01100000] [id=12800]

Threads with active compile tasks:

VM state: at safepoint (normal execution)

VM Mutex/Monitor currently owned by a thread:  ([mutex/lock_event])
[0x000002c3c3172c30] Threads_lock - owner thread: 0x000002c3dc38b5f0
[0x000002c3c3171e20] Heap_lock - owner thread: 0x000002c3c31e2f50

Heap address: 0x0000000080000000, size: 2048 MB, Compressed Oops mode: 32-bit

CDS archive(s) not mapped
Compressed class space mapped at: 0x0000000100000000-0x0000000140000000, reserved size: 1073741824
Narrow klass base: 0x0000000000000000, Narrow klass shift: 3, Narrow klass range: 0x140000000

GC Precious Log:
 CPUs: 2 total, 2 available
 Memory: 6020M
 Large Page Support: Disabled
 NUMA Support: Disabled
 Compressed Oops: Enabled (32-bit)
 Heap Region Size: 1M
 Heap Min Capacity: 8M
 Heap Initial Capacity: 96M
 Heap Max Capacity: 2G
 Pre-touch: Disabled
 Parallel Workers: 2
 Concurrent Workers: 1
 Concurrent Refinement Workers: 2
 Periodic GC: Disabled

Heap:
 garbage-first heap   total 190464K, used 146331K [0x0000000080000000, 0x0000000100000000)
  region size 1024K, 5 young (5120K), 2 survivors (2048K)
 Metaspace       used 95201K, committed 95936K, reserved 1138688K
  class space    used 12762K, committed 13120K, reserved 1048576K

Heap Regions: E=young(eden), S=young(survivor), O=old, HS=humongous(starts), HC=humongous(continues), CS=collection set, F=free, OA=open archive, CA=closed archive, TAMS=top-at-mark-start (previous, next)
|   0|0x0000000080000000, 0x0000000080100000, 0x0000000080100000|100%| O|  |TAMS 0x0000000080100000, 0x0000000080000000| Untracked 
|   1|0x0000000080100000, 0x0000000080200000, 0x0000000080200000|100%| O|  |TAMS 0x0000000080200000, 0x0000000080100000| Untracked 
|   2|0x0000000080200000, 0x0000000080300000, 0x0000000080300000|100%| O|  |TAMS 0x0000000080300000, 0x0000000080200000| Untracked 
|   3|0x0000000080300000, 0x0000000080400000, 0x0000000080400000|100%|HS|  |TAMS 0x0000000080400000, 0x0000000080300000| Complete 
|   4|0x0000000080400000, 0x0000000080500000, 0x0000000080500000|100%|HC|  |TAMS 0x0000000080500000, 0x0000000080400000| Complete 
|   5|0x0000000080500000, 0x0000000080600000, 0x0000000080600000|100%|HC|  |TAMS 0x0000000080600000, 0x0000000080500000| Complete 
|   6|0x0000000080600000, 0x0000000080700000, 0x0000000080700000|100%|HC|  |TAMS 0x0000000080700000, 0x0000000080600000| Complete 
|   7|0x0000000080700000, 0x0000000080800000, 0x0000000080800000|100%| O|  |TAMS 0x0000000080800000, 0x0000000080700000| Updating 
|   8|0x0000000080800000, 0x0000000080900000, 0x0000000080900000|100%| O|  |TAMS 0x0000000080900000, 0x0000000080800000| Updating 
|   9|0x0000000080900000, 0x0000000080a00000, 0x0000000080a00000|100%| O|  |TAMS 0x0000000080a00000, 0x0000000080900000| Untracked 
|  10|0x0000000080a00000, 0x0000000080b00000, 0x0000000080b00000|100%| O|  |TAMS 0x0000000080b00000, 0x0000000080a00000| Untracked 
|  11|0x0000000080b00000, 0x0000000080c00000, 0x0000000080c00000|100%| O|  |TAMS 0x0000000080c00000, 0x0000000080b00000| Untracked 
|  12|0x0000000080c00000, 0x0000000080d00000, 0x0000000080d00000|100%| O|  |TAMS 0x0000000080d00000, 0x0000000080c00000| Untracked 
|  13|0x0000000080d00000, 0x0000000080e00000, 0x0000000080e00000|100%| O|  |TAMS 0x0000000080e00000, 0x0000000080d00000| Updating 
|  14|0x0000000080e00000, 0x0000000080f00000, 0x0000000080f00000|100%| O|  |TAMS 0x0000000080f00000, 0x0000000080e00000| Untracked 
|  15|0x0000000080f00000, 0x0000000081000000, 0x0000000081000000|100%| O|  |TAMS 0x0000000081000000, 0x0000000080f00000| Untracked 
|  16|0x0000000081000000, 0x0000000081100000, 0x0000000081100000|100%| O|  |TAMS 0x0000000081100000, 0x0000000081000000| Untracked 
|  17|0x0000000081100000, 0x0000000081200000, 0x0000000081200000|100%| O|  |TAMS 0x0000000081200000, 0x0000000081100000| Untracked 
|  18|0x0000000081200000, 0x0000000081300000, 0x0000000081300000|100%| O|  |TAMS 0x0000000081300000, 0x0000000081200000| Untracked 
|  19|0x0000000081300000, 0x0000000081400000, 0x0000000081400000|100%|HS|  |TAMS 0x0000000081400000, 0x0000000081300000| Complete 
|  20|0x0000000081400000, 0x0000000081500000, 0x0000000081500000|100%|HC|  |TAMS 0x0000000081500000, 0x0000000081400000| Complete 
|  21|0x0000000081500000, 0x0000000081600000, 0x0000000081600000|100%|HS|  |TAMS 0x0000000081600000, 0x0000000081500000| Complete 
|  22|0x0000000081600000, 0x0000000081700000, 0x0000000081700000|100%|HC|  |TAMS 0x0000000081700000, 0x0000000081600000| Complete 
|  23|0x0000000081700000, 0x0000000081800000, 0x0000000081800000|100%|HC|  |TAMS 0x0000000081800000, 0x0000000081700000| Complete 
|  24|0x0000000081800000, 0x0000000081900000, 0x0000000081900000|100%| O|  |TAMS 0x0000000081900000, 0x0000000081800000| Untracked 
|  25|0x0000000081900000, 0x0000000081a00000, 0x0000000081a00000|100%| O|  |TAMS 0x0000000081a00000, 0x0000000081900000| Untracked 
|  26|0x0000000081a00000, 0x0000000081b00000, 0x0000000081b00000|100%| O|  |TAMS 0x0000000081b00000, 0x0000000081a00000| Updating 
|  27|0x0000000081b00000, 0x0000000081c00000, 0x0000000081c00000|100%|HS|  |TAMS 0x0000000081c00000, 0x0000000081b00000| Complete 
|  28|0x0000000081c00000, 0x0000000081d00000, 0x0000000081d00000|100%|HC|  |TAMS 0x0000000081d00000, 0x0000000081c00000| Complete 
|  29|0x0000000081d00000, 0x0000000081e00000, 0x0000000081e00000|100%|HC|  |TAMS 0x0000000081e00000, 0x0000000081d00000| Complete 
|  30|0x0000000081e00000, 0x0000000081f00000, 0x0000000081f00000|100%| O|  |TAMS 0x0000000081f00000, 0x0000000081e00000| Updating 
|  31|0x0000000081f00000, 0x0000000082000000, 0x0000000082000000|100%| O|  |TAMS 0x0000000082000000, 0x0000000081f00000| Untracked 
|  32|0x0000000082000000, 0x0000000082100000, 0x0000000082100000|100%| O|  |TAMS 0x0000000082100000, 0x0000000082000000| Untracked 
|  33|0x0000000082100000, 0x0000000082200000, 0x0000000082200000|100%|HS|  |TAMS 0x0000000082200000, 0x0000000082100000| Complete 
|  34|0x0000000082200000, 0x0000000082300000, 0x0000000082300000|100%|HC|  |TAMS 0x0000000082300000, 0x0000000082200000| Complete 
|  35|0x0000000082300000, 0x0000000082400000, 0x0000000082400000|100%| O|  |TAMS 0x0000000082400000, 0x0000000082300000| Untracked 
|  36|0x0000000082400000, 0x0000000082500000, 0x0000000082500000|100%| O|  |TAMS 0x0000000082500000, 0x0000000082400000| Untracked 
|  37|0x0000000082500000, 0x0000000082600000, 0x0000000082600000|100%| O|  |TAMS 0x0000000082600000, 0x0000000082500000| Untracked 
|  38|0x0000000082600000, 0x0000000082700000, 0x0000000082700000|100%| O|  |TAMS 0x0000000082700000, 0x0000000082600000| Untracked 
|  39|0x0000000082700000, 0x0000000082800000, 0x0000000082800000|100%| O|  |TAMS 0x0000000082800000, 0x0000000082700000| Untracked 
|  40|0x0000000082800000, 0x0000000082900000, 0x0000000082900000|100%| O|  |TAMS 0x0000000082900000, 0x0000000082800000| Untracked 
|  41|0x0000000082900000, 0x0000000082a00000, 0x0000000082a00000|100%| O|  |TAMS 0x0000000082a00000, 0x0000000082900000| Updating 
|  42|0x0000000082a00000, 0x0000000082b00000, 0x0000000082b00000|100%| O|  |TAMS 0x0000000082b00000, 0x0000000082a00000| Untracked 
|  43|0x0000000082b00000, 0x0000000082c00000, 0x0000000082c00000|100%| O|  |TAMS 0x0000000082c00000, 0x0000000082b00000| Untracked 
|  44|0x0000000082c00000, 0x0000000082d00000, 0x0000000082d00000|100%| O|  |TAMS 0x0000000082d00000, 0x0000000082c00000| Updating 
|  45|0x0000000082d00000, 0x0000000082e00000, 0x0000000082e00000|100%| O|  |TAMS 0x0000000082e00000, 0x0000000082d00000| Updating 
|  46|0x0000000082e00000, 0x0000000082f00000, 0x0000000082f00000|100%|HS|  |TAMS 0x0000000082f00000, 0x0000000082e00000| Complete 
|  47|0x0000000082f00000, 0x0000000083000000, 0x0000000083000000|100%|HC|  |TAMS 0x0000000083000000, 0x0000000082f00000| Complete 
|  48|0x0000000083000000, 0x0000000083100000, 0x0000000083100000|100%|HC|  |TAMS 0x0000000083100000, 0x0000000083000000| Complete 
|  49|0x0000000083100000, 0x0000000083200000, 0x0000000083200000|100%|HC|  |TAMS 0x0000000083200000, 0x0000000083100000| Complete 
|  50|0x0000000083200000, 0x0000000083300000, 0x0000000083300000|100%|HC|  |TAMS 0x0000000083300000, 0x0000000083200000| Complete 
|  51|0x0000000083300000, 0x0000000083400000, 0x0000000083400000|100%|HC|  |TAMS 0x0000000083400000, 0x0000000083300000| Complete 
|  52|0x0000000083400000, 0x0000000083500000, 0x0000000083500000|100%|HC|  |TAMS 0x0000000083500000, 0x0000000083400000| Complete 
|  53|0x0000000083500000, 0x0000000083600000, 0x0000000083600000|100%|HC|  |TAMS 0x0000000083600000, 0x0000000083500000| Complete 
|  54|0x0000000083600000, 0x0000000083700000, 0x0000000083700000|100%|HC|  |TAMS 0x0000000083700000, 0x0000000083600000| Complete 
|  55|0x0000000083700000, 0x0000000083800000, 0x0000000083800000|100%|HC|  |TAMS 0x0000000083800000, 0x0000000083700000| Complete 
|  56|0x0000000083800000, 0x0000000083900000, 0x0000000083900000|100%|HC|  |TAMS 0x0000000083900000, 0x0000000083800000| Complete 
|  57|0x0000000083900000, 0x0000000083a00000, 0x0000000083a00000|100%|HC|  |TAMS 0x0000000083a00000, 0x0000000083900000| Complete 
|  58|0x0000000083a00000, 0x0000000083b00000, 0x0000000083b00000|100%| O|  |TAMS 0x0000000083b00000, 0x0000000083a00000| Updating 
|  59|0x0000000083b00000, 0x0000000083c00000, 0x0000000083c00000|100%|HS|  |TAMS 0x0000000083c00000, 0x0000000083b00000| Complete 
|  60|0x0000000083c00000, 0x0000000083d00000, 0x0000000083d00000|100%|HC|  |TAMS 0x0000000083d00000, 0x0000000083c00000| Complete 
|  61|0x0000000083d00000, 0x0000000083e00000, 0x0000000083e00000|100%|HC|  |TAMS 0x0000000083e00000, 0x0000000083d00000| Complete 
|  62|0x0000000083e00000, 0x0000000083f00000, 0x0000000083f00000|100%|HS|  |TAMS 0x0000000083f00000, 0x0000000083e00000| Complete 
|  63|0x0000000083f00000, 0x0000000084000000, 0x0000000084000000|100%|HC|  |TAMS 0x0000000084000000, 0x0000000083f00000| Complete 
|  64|0x0000000084000000, 0x0000000084100000, 0x0000000084100000|100%|HC|  |TAMS 0x0000000084100000, 0x0000000084000000| Complete 
|  65|0x0000000084100000, 0x0000000084200000, 0x0000000084200000|100%| O|  |TAMS 0x0000000084200000, 0x0000000084100000| Untracked 
|  66|0x0000000084200000, 0x0000000084300000, 0x0000000084300000|100%| O|  |TAMS 0x0000000084300000, 0x0000000084200000| Updating 
|  67|0x0000000084300000, 0x0000000084400000, 0x0000000084400000|100%| O|  |TAMS 0x0000000084400000, 0x0000000084300000| Untracked 
|  68|0x0000000084400000, 0x0000000084500000, 0x0000000084500000|100%| O|  |TAMS 0x0000000084500000, 0x0000000084400000| Untracked 
|  69|0x0000000084500000, 0x0000000084600000, 0x0000000084600000|100%| O|  |TAMS 0x0000000084600000, 0x0000000084500000| Updating 
|  70|0x0000000084600000, 0x0000000084700000, 0x0000000084700000|100%| O|  |TAMS 0x0000000084700000, 0x0000000084600000| Untracked 
|  71|0x0000000084700000, 0x0000000084800000, 0x0000000084800000|100%| O|  |TAMS 0x0000000084800000, 0x0000000084700000| Untracked 
|  72|0x0000000084800000, 0x0000000084900000, 0x0000000084900000|100%|HS|  |TAMS 0x0000000084900000, 0x0000000084800000| Complete 
|  73|0x0000000084900000, 0x0000000084a00000, 0x0000000084a00000|100%|HS|  |TAMS 0x0000000084a00000, 0x0000000084900000| Complete 
|  74|0x0000000084a00000, 0x0000000084b00000, 0x0000000084b00000|100%|HS|  |TAMS 0x0000000084b00000, 0x0000000084a00000| Complete 
|  75|0x0000000084b00000, 0x0000000084c00000, 0x0000000084c00000|100%|HC|  |TAMS 0x0000000084c00000, 0x0000000084b00000| Complete 
|  76|0x0000000084c00000, 0x0000000084d00000, 0x0000000084d00000|100%|HS|  |TAMS 0x0000000084d00000, 0x0000000084c00000| Complete 
|  77|0x0000000084d00000, 0x0000000084e00000, 0x0000000084e00000|100%|HS|  |TAMS 0x0000000084e00000, 0x0000000084d00000| Complete 
|  78|0x0000000084e00000, 0x0000000084f00000, 0x0000000084f00000|100%|HC|  |TAMS 0x0000000084f00000, 0x0000000084e00000| Complete 
|  79|0x0000000084f00000, 0x0000000085000000, 0x0000000085000000|100%|HC|  |TAMS 0x0000000085000000, 0x0000000084f00000| Complete 
|  80|0x0000000085000000, 0x0000000085100000, 0x0000000085100000|100%|HC|  |TAMS 0x0000000085100000, 0x0000000085000000| Complete 
|  81|0x0000000085100000, 0x0000000085200000, 0x0000000085200000|100%| O|  |TAMS 0x0000000085200000, 0x0000000085100000| Untracked 
|  82|0x0000000085200000, 0x0000000085300000, 0x0000000085300000|100%| O|  |TAMS 0x0000000085300000, 0x0000000085200000| Untracked 
|  83|0x0000000085300000, 0x0000000085400000, 0x0000000085400000|100%| O|  |TAMS 0x0000000085400000, 0x0000000085300000| Updating 
|  84|0x0000000085400000, 0x0000000085500000, 0x0000000085500000|100%| O|  |TAMS 0x0000000085500000, 0x0000000085400000| Updating 
|  85|0x0000000085500000, 0x0000000085600000, 0x0000000085600000|100%| O|  |TAMS 0x0000000085600000, 0x0000000085500000| Untracked 
|  86|0x0000000085600000, 0x0000000085700000, 0x0000000085700000|100%| O|  |TAMS 0x0000000085700000, 0x0000000085600000| Updating 
|  87|0x0000000085700000, 0x0000000085800000, 0x0000000085800000|100%| O|  |TAMS 0x0000000085800000, 0x0000000085700000| Untracked 
|  88|0x0000000085800000, 0x0000000085900000, 0x0000000085900000|100%| O|  |TAMS 0x0000000085900000, 0x0000000085800000| Untracked 
|  89|0x0000000085900000, 0x0000000085a00000, 0x0000000085a00000|100%| O|  |TAMS 0x0000000085a00000, 0x0000000085900000| Untracked 
|  90|0x0000000085a00000, 0x0000000085b00000, 0x0000000085b00000|100%| O|  |TAMS 0x0000000085b00000, 0x0000000085a00000| Updating 
|  91|0x0000000085b00000, 0x0000000085c00000, 0x0000000085c00000|100%| O|  |TAMS 0x0000000085c00000, 0x0000000085b00000| Untracked 
|  92|0x0000000085c00000, 0x0000000085d00000, 0x0000000085d00000|100%| O|  |TAMS 0x0000000085d00000, 0x0000000085c00000| Untracked 
|  93|0x0000000085d00000, 0x0000000085e00000, 0x0000000085e00000|100%| O|  |TAMS 0x0000000085e00000, 0x0000000085d00000| Untracked 
|  94|0x0000000085e00000, 0x0000000085f00000, 0x0000000085f00000|100%| O|  |TAMS 0x0000000085f00000, 0x0000000085e00000| Untracked 
|  95|0x0000000085f00000, 0x0000000086000000, 0x0000000086000000|100%| O|  |TAMS 0x0000000086000000, 0x0000000085f00000| Untracked 
|  96|0x0000000086000000, 0x0000000086100000, 0x0000000086100000|100%| O|  |TAMS 0x0000000086100000, 0x0000000086000000| Untracked 
|  97|0x0000000086100000, 0x0000000086200000, 0x0000000086200000|100%| O|  |TAMS 0x0000000086200000, 0x0000000086100000| Untracked 
|  98|0x0000000086200000, 0x0000000086300000, 0x0000000086300000|100%| O|  |TAMS 0x0000000086300000, 0x0000000086200000| Untracked 
|  99|0x0000000086300000, 0x0000000086400000, 0x0000000086400000|100%| O|  |TAMS 0x0000000086400000, 0x0000000086300000| Untracked 
| 100|0x0000000086400000, 0x0000000086500000, 0x0000000086500000|100%| O|  |TAMS 0x0000000086500000, 0x0000000086400000| Untracked 
| 101|0x0000000086500000, 0x0000000086600000, 0x0000000086600000|100%| O|  |TAMS 0x0000000086600000, 0x0000000086500000| Untracked 
| 102|0x0000000086600000, 0x0000000086700000, 0x0000000086700000|100%| O|  |TAMS 0x0000000086700000, 0x0000000086600000| Untracked 
| 103|0x0000000086700000, 0x0000000086800000, 0x0000000086800000|100%| O|  |TAMS 0x0000000086800000, 0x0000000086700000| Untracked 
| 104|0x0000000086800000, 0x0000000086900000, 0x0000000086900000|100%| O|  |TAMS 0x0000000086900000, 0x0000000086800000| Untracked 
| 105|0x0000000086900000, 0x0000000086a00000, 0x0000000086a00000|100%| O|  |TAMS 0x0000000086a00000, 0x0000000086900000| Untracked 
| 106|0x0000000086a00000, 0x0000000086b00000, 0x0000000086b00000|100%| O|  |TAMS 0x0000000086b00000, 0x0000000086a00000| Untracked 
| 107|0x0000000086b00000, 0x0000000086c00000, 0x0000000086c00000|100%| O|  |TAMS 0x0000000086c00000, 0x0000000086b00000| Untracked 
| 108|0x0000000086c00000, 0x0000000086d00000, 0x0000000086d00000|100%|HS|  |TAMS 0x0000000086d00000, 0x0000000086c00000| Complete 
| 109|0x0000000086d00000, 0x0000000086e00000, 0x0000000086e00000|100%|HC|  |TAMS 0x0000000086e00000, 0x0000000086d00000| Complete 
| 110|0x0000000086e00000, 0x0000000086f00000, 0x0000000086f00000|100%|HS|  |TAMS 0x0000000086f00000, 0x0000000086e00000| Complete 
| 111|0x0000000086f00000, 0x0000000087000000, 0x0000000087000000|100%|HC|  |TAMS 0x0000000087000000, 0x0000000086f00000| Complete 
| 112|0x0000000087000000, 0x0000000087100000, 0x0000000087100000|100%|HC|  |TAMS 0x0000000087100000, 0x0000000087000000| Complete 
| 113|0x0000000087100000, 0x0000000087200000, 0x0000000087200000|100%|HS|  |TAMS 0x0000000087200000, 0x0000000087100000| Complete 
| 114|0x0000000087200000, 0x0000000087300000, 0x0000000087300000|100%|HC|  |TAMS 0x0000000087300000, 0x0000000087200000| Complete 
| 115|0x0000000087300000, 0x0000000087400000, 0x0000000087400000|100%|HC|  |TAMS 0x0000000087400000, 0x0000000087300000| Complete 
| 116|0x0000000087400000, 0x0000000087500000, 0x0000000087500000|100%|HS|  |TAMS 0x0000000087500000, 0x0000000087400000| Complete 
| 117|0x0000000087500000, 0x0000000087600000, 0x0000000087600000|100%|HC|  |TAMS 0x0000000087600000, 0x0000000087500000| Complete 
| 118|0x0000000087600000, 0x0000000087700000, 0x0000000087700000|100%|HC|  |TAMS 0x0000000087700000, 0x0000000087600000| Complete 
| 119|0x0000000087700000, 0x0000000087800000, 0x0000000087800000|100%|HC|  |TAMS 0x0000000087800000, 0x0000000087700000| Complete 
| 120|0x0000000087800000, 0x0000000087900000, 0x0000000087900000|100%|HC|  |TAMS 0x0000000087900000, 0x0000000087800000| Complete 
| 121|0x0000000087900000, 0x0000000087a00000, 0x0000000087a00000|100%|HC|  |TAMS 0x0000000087a00000, 0x0000000087900000| Complete 
| 122|0x0000000087a00000, 0x0000000087b00000, 0x0000000087b00000|100%|HC|  |TAMS 0x0000000087b00000, 0x0000000087a00000| Complete 
| 123|0x0000000087b00000, 0x0000000087c00000, 0x0000000087c00000|100%|HC|  |TAMS 0x0000000087c00000, 0x0000000087b00000| Complete 
| 124|0x0000000087c00000, 0x0000000087d00000, 0x0000000087d00000|100%|HC|  |TAMS 0x0000000087d00000, 0x0000000087c00000| Complete 
| 125|0x0000000087d00000, 0x0000000087e00000, 0x0000000087e00000|100%|HC|  |TAMS 0x0000000087e00000, 0x0000000087d00000| Complete 
| 126|0x0000000087e00000, 0x0000000087f00000, 0x0000000087f00000|100%|HC|  |TAMS 0x0000000087f00000, 0x0000000087e00000| Complete 
| 127|0x0000000087f00000, 0x0000000088000000, 0x0000000088000000|100%|HC|  |TAMS 0x0000000088000000, 0x0000000087f00000| Complete 
| 128|0x0000000088000000, 0x0000000088100000, 0x0000000088100000|100%|HS|  |TAMS 0x0000000088100000, 0x0000000088000000| Complete 
| 129|0x0000000088100000, 0x0000000088200000, 0x0000000088200000|100%|HC|  |TAMS 0x0000000088200000, 0x0000000088100000| Complete 
| 130|0x0000000088200000, 0x0000000088300000, 0x0000000088300000|100%| O|  |TAMS 0x0000000088300000, 0x0000000088200000| Untracked 
| 131|0x0000000088300000, 0x0000000088400000, 0x0000000088400000|100%| O|  |TAMS 0x0000000088400000, 0x0000000088300000| Untracked 
| 132|0x0000000088400000, 0x0000000088500000, 0x0000000088500000|100%| O|  |TAMS 0x0000000088500000, 0x0000000088400000| Updating 
| 133|0x0000000088500000, 0x0000000088600000, 0x0000000088600000|100%| O|  |TAMS 0x0000000088600000, 0x0000000088500000| Untracked 
| 134|0x0000000088600000, 0x0000000088700000, 0x0000000088700000|100%| O|  |TAMS 0x0000000088600000, 0x0000000088600000| Untracked 
| 135|0x0000000088700000, 0x0000000088756a08, 0x0000000088800000| 33%| O|  |TAMS 0x0000000088700000, 0x0000000088700000| Updating 
| 136|0x0000000088800000, 0x0000000088800000, 0x0000000088900000|  0%| F|  |TAMS 0x0000000088800000, 0x0000000088800000| Untracked 
| 137|0x0000000088900000, 0x0000000088900000, 0x0000000088a00000|  0%| F|  |TAMS 0x0000000088900000, 0x0000000088900000| Untracked 
| 138|0x0000000088a00000, 0x0000000088a00000, 0x0000000088b00000|  0%| F|  |TAMS 0x0000000088a00000, 0x0000000088a00000| Untracked 
| 139|0x0000000088b00000, 0x0000000088b00000, 0x0000000088c00000|  0%| F|  |TAMS 0x0000000088b00000, 0x0000000088b00000| Untracked 
| 140|0x0000000088c00000, 0x0000000088d00000, 0x0000000088d00000|100%| O|  |TAMS 0x0000000088d00000, 0x0000000088c00000| Untracked 
| 141|0x0000000088d00000, 0x0000000088e00000, 0x0000000088e00000|100%| O|  |TAMS 0x0000000088e00000, 0x0000000088d00000| Untracked 
| 142|0x0000000088e00000, 0x0000000088f00000, 0x0000000088f00000|100%| O|  |TAMS 0x0000000088f00000, 0x0000000088e00000| Untracked 
| 143|0x0000000088f00000, 0x0000000089000000, 0x0000000089000000|100%| O|  |TAMS 0x0000000088f56600, 0x0000000088f00000| Updating 
| 144|0x0000000089000000, 0x0000000089000000, 0x0000000089100000|  0%| F|  |TAMS 0x0000000089000000, 0x0000000089000000| Untracked 
| 145|0x0000000089100000, 0x0000000089100000, 0x0000000089200000|  0%| F|  |TAMS 0x0000000089100000, 0x0000000089100000| Untracked 
| 146|0x0000000089200000, 0x0000000089200000, 0x0000000089300000|  0%| F|  |TAMS 0x0000000089200000, 0x0000000089200000| Untracked 
| 147|0x0000000089300000, 0x0000000089300000, 0x0000000089400000|  0%| F|  |TAMS 0x0000000089300000, 0x0000000089300000| Untracked 
| 148|0x0000000089400000, 0x0000000089400000, 0x0000000089500000|  0%| F|  |TAMS 0x0000000089400000, 0x0000000089400000| Untracked 
| 149|0x0000000089500000, 0x0000000089500000, 0x0000000089600000|  0%| F|  |TAMS 0x0000000089500000, 0x0000000089500000| Untracked 
| 150|0x0000000089600000, 0x0000000089600000, 0x0000000089700000|  0%| F|  |TAMS 0x0000000089600000, 0x0000000089600000| Untracked 
| 151|0x0000000089700000, 0x0000000089700000, 0x0000000089800000|  0%| F|  |TAMS 0x0000000089700000, 0x0000000089700000| Untracked 
| 152|0x0000000089800000, 0x0000000089800000, 0x0000000089900000|  0%| F|  |TAMS 0x0000000089800000, 0x0000000089800000| Untracked 
| 153|0x0000000089900000, 0x0000000089900000, 0x0000000089a00000|  0%| F|  |TAMS 0x0000000089900000, 0x0000000089900000| Untracked 
| 154|0x0000000089a00000, 0x0000000089a00000, 0x0000000089b00000|  0%| F|  |TAMS 0x0000000089a00000, 0x0000000089a00000| Untracked 
| 155|0x0000000089b00000, 0x0000000089b00000, 0x0000000089c00000|  0%| F|  |TAMS 0x0000000089b00000, 0x0000000089b00000| Untracked 
| 156|0x0000000089c00000, 0x0000000089c00000, 0x0000000089d00000|  0%| F|  |TAMS 0x0000000089c00000, 0x0000000089c00000| Untracked 
| 157|0x0000000089d00000, 0x0000000089d00000, 0x0000000089e00000|  0%| F|  |TAMS 0x0000000089d00000, 0x0000000089d00000| Untracked 
| 158|0x0000000089e00000, 0x0000000089e00000, 0x0000000089f00000|  0%| F|  |TAMS 0x0000000089e00000, 0x0000000089e00000| Untracked 
| 159|0x0000000089f00000, 0x0000000089f00000, 0x000000008a000000|  0%| F|  |TAMS 0x0000000089f00000, 0x0000000089f00000| Untracked 
| 160|0x000000008a000000, 0x000000008a000000, 0x000000008a100000|  0%| F|  |TAMS 0x000000008a000000, 0x000000008a000000| Untracked 
| 161|0x000000008a100000, 0x000000008a100000, 0x000000008a200000|  0%| F|  |TAMS 0x000000008a100000, 0x000000008a100000| Untracked 
| 162|0x000000008a200000, 0x000000008a200000, 0x000000008a300000|  0%| F|  |TAMS 0x000000008a200000, 0x000000008a200000| Untracked 
| 163|0x000000008a300000, 0x000000008a390498, 0x000000008a400000| 56%| S|CS|TAMS 0x000000008a300000, 0x000000008a300000| Complete 
| 164|0x000000008a400000, 0x000000008a400000, 0x000000008a500000|  0%| F|  |TAMS 0x000000008a400000, 0x000000008a400000| Untracked 
| 165|0x000000008a500000, 0x000000008a500000, 0x000000008a600000|  0%| F|  |TAMS 0x000000008a500000, 0x000000008a500000| Untracked 
| 166|0x000000008a600000, 0x000000008a700000, 0x000000008a700000|100%| S|CS|TAMS 0x000000008a600000, 0x000000008a600000| Complete 
| 167|0x000000008a700000, 0x000000008a700000, 0x000000008a800000|  0%| F|  |TAMS 0x000000008a700000, 0x000000008a700000| Untracked 
| 168|0x000000008a800000, 0x000000008a800000, 0x000000008a900000|  0%| F|  |TAMS 0x000000008a800000, 0x000000008a800000| Untracked 
| 169|0x000000008a900000, 0x000000008a900000, 0x000000008aa00000|  0%| F|  |TAMS 0x000000008a900000, 0x000000008a900000| Untracked 
| 170|0x000000008aa00000, 0x000000008aa00000, 0x000000008ab00000|  0%| F|  |TAMS 0x000000008aa00000, 0x000000008aa00000| Untracked 
| 171|0x000000008ab00000, 0x000000008ab00000, 0x000000008ac00000|  0%| F|  |TAMS 0x000000008ab00000, 0x000000008ab00000| Untracked 
| 172|0x000000008ac00000, 0x000000008ac00000, 0x000000008ad00000|  0%| F|  |TAMS 0x000000008ac00000, 0x000000008ac00000| Untracked 
| 173|0x000000008ad00000, 0x000000008ad00000, 0x000000008ae00000|  0%| F|  |TAMS 0x000000008ad00000, 0x000000008ad00000| Untracked 
| 174|0x000000008ae00000, 0x000000008ae00000, 0x000000008af00000|  0%| F|  |TAMS 0x000000008ae00000, 0x000000008ae00000| Untracked 
| 175|0x000000008af00000, 0x000000008af00000, 0x000000008b000000|  0%| F|  |TAMS 0x000000008af00000, 0x000000008af00000| Untracked 
| 176|0x000000008b000000, 0x000000008b000000, 0x000000008b100000|  0%| F|  |TAMS 0x000000008b000000, 0x000000008b000000| Untracked 
| 177|0x000000008b100000, 0x000000008b100000, 0x000000008b200000|  0%| F|  |TAMS 0x000000008b100000, 0x000000008b100000| Untracked 
| 178|0x000000008b200000, 0x000000008b200000, 0x000000008b300000|  0%| F|  |TAMS 0x000000008b200000, 0x000000008b200000| Untracked 
| 179|0x000000008b300000, 0x000000008b300000, 0x000000008b400000|  0%| F|  |TAMS 0x000000008b300000, 0x000000008b300000| Untracked 
| 180|0x000000008b400000, 0x000000008b400000, 0x000000008b500000|  0%| F|  |TAMS 0x000000008b400000, 0x000000008b400000| Untracked 
| 181|0x000000008b500000, 0x000000008b500000, 0x000000008b600000|  0%| F|  |TAMS 0x000000008b500000, 0x000000008b500000| Untracked 
| 182|0x000000008b600000, 0x000000008b600000, 0x000000008b700000|  0%| F|  |TAMS 0x000000008b600000, 0x000000008b600000| Untracked 
| 183|0x000000008b700000, 0x000000008b7540d8, 0x000000008b800000| 32%| E|  |TAMS 0x000000008b700000, 0x000000008b700000| Complete 
| 184|0x000000008b800000, 0x000000008b900000, 0x000000008b900000|100%| E|CS|TAMS 0x000000008b800000, 0x000000008b800000| Complete 
| 185|0x000000008b900000, 0x000000008ba00000, 0x000000008ba00000|100%| E|CS|TAMS 0x000000008b900000, 0x000000008b900000| Complete 

Card table byte_map: [0x000002c3d5a40000,0x000002c3d5e40000] _byte_map_base: 0x000002c3d5640000

Marking Bits (Prev, Next): (CMBitMap*) 0x000002c3c31d2620, (CMBitMap*) 0x000002c3c31d2660
 Prev Bits: [0x000002c3d6240000, 0x000002c3d8240000)
 Next Bits: [0x000002c3d8240000, 0x000002c3da240000)

Polling page: 0x000002c3c2940000

Metaspace:

Usage:
  Non-class:     80.51 MB used.
      Class:     12.46 MB used.
       Both:     92.97 MB used.

Virtual space:
  Non-class space:       88.00 MB reserved,      80.88 MB ( 92%) committed,  11 nodes.
      Class space:        1.00 GB reserved,      12.81 MB (  1%) committed,  1 nodes.
             Both:        1.09 GB reserved,      93.69 MB (  8%) committed. 

Chunk freelists:
   Non-Class:  2.83 MB
       Class:  3.03 MB
        Both:  5.86 MB

MaxMetaspaceSize: unlimited
CompressedClassSpaceSize: 1.00 GB
Initial GC threshold: 21.00 MB
Current GC threshold: 134.31 MB
CDS: off
MetaspaceReclaimPolicy: balanced
 - commit_granule_bytes: 65536.
 - commit_granule_words: 8192.
 - virtual_space_node_default_size: 1048576.
 - enlarge_chunks_in_place: 1.
 - new_chunks_are_fully_committed: 0.
 - uncommit_free_chunks: 1.
 - use_allocation_guard: 0.
 - handle_deallocations: 1.


Internal statistics:

num_allocs_failed_limit: 3.
num_arena_births: 976.
num_arena_deaths: 0.
num_vsnodes_births: 12.
num_vsnodes_deaths: 0.
num_space_committed: 1498.
num_space_uncommitted: 0.
num_chunks_returned_to_freelist: 3.
num_chunks_taken_from_freelist: 4498.
num_chunk_merges: 3.
num_chunk_splits: 3000.
num_chunks_enlarged: 2046.
num_purges: 0.
num_inconsistent_stats: 0.

CodeHeap 'non-profiled nmethods': size=120064Kb used=5049Kb max_used=5049Kb free=115014Kb
 bounds [0x000002c3ce100000, 0x000002c3ce5f0000, 0x000002c3d5640000]
CodeHeap 'profiled nmethods': size=120000Kb used=18813Kb max_used=18813Kb free=101187Kb
 bounds [0x000002c3c6640000, 0x000002c3c78a0000, 0x000002c3cdb70000]
CodeHeap 'non-nmethods': size=5696Kb used=2393Kb max_used=2429Kb free=3302Kb
 bounds [0x000002c3cdb70000, 0x000002c3cdde0000, 0x000002c3ce100000]
 total_blobs=10050 nmethods=9118 adapters=843
 compilation: enabled
              stopped_count=0, restarted_count=0
 full_count=0

Compilation events (20 events):
Event: 48.711 Thread 0x000002c3dc43e040 9941       3       org.gradle.internal.instantiation.generator.AsmBackedClassGenerator$ClassBuilderImpl$39::<init> (106 bytes)
Event: 48.712 Thread 0x000002c3dc43e040 nmethod 9941 0x000002c3c789ac10 code [0x000002c3c789af40, 0x000002c3c789c818]
Event: 48.712 Thread 0x000002c3dc43e040 9942       3       org.gradle.internal.instantiation.generator.AsmBackedClassGenerator$ClassBuilderImpl::access$6900 (4 bytes)
Event: 48.713 Thread 0x000002c3dc43e040 nmethod 9942 0x000002c3c789d010 code [0x000002c3c789d1a0, 0x000002c3c789d298]
Event: 48.713 Thread 0x000002c3dc43e040 9943       3       java.lang.Class::getConstructors (27 bytes)
Event: 48.713 Thread 0x000002c3dc43e040 nmethod 9943 0x000002c3c789d310 code [0x000002c3c789d500, 0x000002c3c789d818]
Event: 48.716 Thread 0x000002c3dc3f18e0 9944       4       org.gradle.internal.snapshot.impl.StringValueSnapshot::equals (6 bytes)
Event: 48.720 Thread 0x000002c3dc3f18e0 nmethod 9944 0x000002c3ce5ed990 code [0x000002c3ce5edb20, 0x000002c3ce5eddf8]
Event: 48.720 Thread 0x000002c3dc43e040 9945       1       java.lang.Module::getName (5 bytes)
Event: 48.721 Thread 0x000002c3dc43e040 nmethod 9945 0x000002c3ce5edf90 code [0x000002c3ce5ee120, 0x000002c3ce5ee1f8]
Event: 48.722 Thread 0x000002c3dc43e040 9946       3       java.util.ArrayList::listIterator (10 bytes)
Event: 48.722 Thread 0x000002c3dc43e040 nmethod 9946 0x000002c3c789d990 code [0x000002c3c789db40, 0x000002c3c789de98]
Event: 48.760 Thread 0x000002c3dc43e040 9947       3       org.gradle.internal.component.external.model.AbstractLazyModuleComponentResolveMetadata::<init> (31 bytes)
Event: 48.761 Thread 0x000002c3dc43e040 nmethod 9947 0x000002c3c789e010 code [0x000002c3c789e1e0, 0x000002c3c789e648]
Event: 48.761 Thread 0x000002c3dc43e040 9948       3       org.gradle.internal.component.external.model.AbstractLazyModuleComponentResolveMetadata::copyCachedState (21 bytes)
Event: 48.761 Thread 0x000002c3dc43e040 nmethod 9948 0x000002c3c789e810 code [0x000002c3c789e9c0, 0x000002c3c789ed88]
Event: 48.761 Thread 0x000002c3dc43e040 9949  s    3       org.gradle.internal.component.external.model.AbstractLazyModuleComponentResolveMetadata::copyCachedConfigurations (11 bytes)
Event: 48.762 Thread 0x000002c3dc43e040 nmethod 9949 0x000002c3c789ef10 code [0x000002c3c789f0c0, 0x000002c3c789f348]
Event: 48.782 Thread 0x000002c3dc3f18e0 9950       4       java.lang.invoke.Invokers$Holder::linkToTargetMethod (13 bytes)
Event: 48.783 Thread 0x000002c3dc3f18e0 nmethod 9950 0x000002c3ce5ee290 code [0x000002c3ce5ee420, 0x000002c3ce5ee4f8]

GC Heap History (20 events):
Event: 35.139 GC heap before
{Heap before GC invocations=39 (full 0):
 garbage-first heap   total 158720K, used 134085K [0x0000000080000000, 0x0000000100000000)
  region size 1024K, 35 young (35840K), 1 survivors (1024K)
 Metaspace       used 68304K, committed 68992K, reserved 1114112K
  class space    used 9068K, committed 9408K, reserved 1048576K
}
Event: 35.149 GC heap after
{Heap after GC invocations=40 (full 0):
 garbage-first heap   total 190464K, used 96873K [0x0000000080000000, 0x0000000100000000)
  region size 1024K, 4 young (4096K), 4 survivors (4096K)
 Metaspace       used 68304K, committed 68992K, reserved 1114112K
  class space    used 9068K, committed 9408K, reserved 1048576K
}
Event: 37.845 GC heap before
{Heap before GC invocations=41 (full 0):
 garbage-first heap   total 190464K, used 152169K [0x0000000080000000, 0x0000000100000000)
  region size 1024K, 58 young (59392K), 4 survivors (4096K)
 Metaspace       used 73944K, committed 74624K, reserved 1114112K
  class space    used 9802K, committed 10112K, reserved 1048576K
}
Event: 37.860 GC heap after
{Heap after GC invocations=42 (full 0):
 garbage-first heap   total 190464K, used 100560K [0x0000000080000000, 0x0000000100000000)
  region size 1024K, 8 young (8192K), 8 survivors (8192K)
 Metaspace       used 73944K, committed 74624K, reserved 1114112K
  class space    used 9802K, committed 10112K, reserved 1048576K
}
Event: 37.895 GC heap before
{Heap before GC invocations=42 (full 0):
 garbage-first heap   total 190464K, used 101584K [0x0000000080000000, 0x0000000100000000)
  region size 1024K, 9 young (9216K), 8 survivors (8192K)
 Metaspace       used 74055K, committed 74688K, reserved 1114112K
  class space    used 9821K, committed 10112K, reserved 1048576K
}
Event: 37.911 GC heap after
{Heap after GC invocations=43 (full 0):
 garbage-first heap   total 190464K, used 100848K [0x0000000080000000, 0x0000000100000000)
  region size 1024K, 1 young (1024K), 1 survivors (1024K)
 Metaspace       used 74055K, committed 74688K, reserved 1114112K
  class space    used 9821K, committed 10112K, reserved 1048576K
}
Event: 40.003 GC heap before
{Heap before GC invocations=43 (full 0):
 garbage-first heap   total 190464K, used 154096K [0x0000000080000000, 0x0000000100000000)
  region size 1024K, 53 young (54272K), 1 survivors (1024K)
 Metaspace       used 79381K, committed 80000K, reserved 1122304K
  class space    used 10500K, committed 10816K, reserved 1048576K
}
Event: 40.030 GC heap after
{Heap after GC invocations=44 (full 0):
 garbage-first heap   total 190464K, used 105432K [0x0000000080000000, 0x0000000100000000)
  region size 1024K, 6 young (6144K), 6 survivors (6144K)
 Metaspace       used 79381K, committed 80000K, reserved 1122304K
  class space    used 10500K, committed 10816K, reserved 1048576K
}
Event: 41.069 GC heap before
{Heap before GC invocations=44 (full 0):
 garbage-first heap   total 190464K, used 133080K [0x0000000080000000, 0x0000000100000000)
  region size 1024K, 35 young (35840K), 6 survivors (6144K)
 Metaspace       used 81814K, committed 82496K, reserved 1122304K
  class space    used 10829K, committed 11136K, reserved 1048576K
}
Event: 41.089 GC heap after
{Heap after GC invocations=45 (full 0):
 garbage-first heap   total 190464K, used 107387K [0x0000000080000000, 0x0000000100000000)
  region size 1024K, 3 young (3072K), 3 survivors (3072K)
 Metaspace       used 81814K, committed 82496K, reserved 1122304K
  class space    used 10829K, committed 11136K, reserved 1048576K
}
Event: 43.887 GC heap before
{Heap before GC invocations=46 (full 0):
 garbage-first heap   total 190464K, used 153467K [0x0000000080000000, 0x0000000100000000)
  region size 1024K, 47 young (48128K), 3 survivors (3072K)
 Metaspace       used 86982K, committed 87680K, reserved 1130496K
  class space    used 11739K, committed 12096K, reserved 1048576K
}
Event: 43.899 GC heap after
{Heap after GC invocations=47 (full 0):
 garbage-first heap   total 190464K, used 109527K [0x0000000080000000, 0x0000000100000000)
  region size 1024K, 5 young (5120K), 5 survivors (5120K)
 Metaspace       used 86982K, committed 87680K, reserved 1130496K
  class space    used 11739K, committed 12096K, reserved 1048576K
}
Event: 44.109 GC heap before
{Heap before GC invocations=47 (full 0):
 garbage-first heap   total 190464K, used 112599K [0x0000000080000000, 0x0000000100000000)
  region size 1024K, 9 young (9216K), 5 survivors (5120K)
 Metaspace       used 87313K, committed 87936K, reserved 1130496K
  class space    used 11781K, committed 12096K, reserved 1048576K
}
Event: 44.120 GC heap after
{Heap after GC invocations=48 (full 0):
 garbage-first heap   total 190464K, used 109410K [0x0000000080000000, 0x0000000100000000)
  region size 1024K, 1 young (1024K), 1 survivors (1024K)
 Metaspace       used 87313K, committed 87936K, reserved 1130496K
  class space    used 11781K, committed 12096K, reserved 1048576K
}
Event: 47.053 GC heap before
{Heap before GC invocations=48 (full 0):
 garbage-first heap   total 190464K, used 178018K [0x0000000080000000, 0x0000000100000000)
  region size 1024K, 46 young (47104K), 1 survivors (1024K)
 Metaspace       used 92568K, committed 93248K, reserved 1130496K
  class space    used 12431K, committed 12736K, reserved 1048576K
}
Event: 47.069 GC heap after
{Heap after GC invocations=49 (full 0):
 garbage-first heap   total 190464K, used 141017K [0x0000000080000000, 0x0000000100000000)
  region size 1024K, 6 young (6144K), 6 survivors (6144K)
 Metaspace       used 92568K, committed 93248K, reserved 1130496K
  class space    used 12431K, committed 12736K, reserved 1048576K
}
Event: 48.091 GC heap before
{Heap before GC invocations=49 (full 0):
 garbage-first heap   total 190464K, used 160473K [0x0000000080000000, 0x0000000100000000)
  region size 1024K, 26 young (26624K), 6 survivors (6144K)
 Metaspace       used 94139K, committed 94784K, reserved 1138688K
  class space    used 12612K, committed 12928K, reserved 1048576K
}
Event: 48.102 GC heap after
{Heap after GC invocations=50 (full 0):
 garbage-first heap   total 190464K, used 142681K [0x0000000080000000, 0x0000000100000000)
  region size 1024K, 2 young (2048K), 2 survivors (2048K)
 Metaspace       used 94139K, committed 94784K, reserved 1138688K
  class space    used 12612K, committed 12928K, reserved 1048576K
}
Event: 48.605 GC heap before
{Heap before GC invocations=50 (full 0):
 garbage-first heap   total 190464K, used 161113K [0x0000000080000000, 0x0000000100000000)
  region size 1024K, 21 young (21504K), 2 survivors (2048K)
 Metaspace       used 94993K, committed 95744K, reserved 1138688K
  class space    used 12731K, committed 13056K, reserved 1048576K
}
Event: 48.613 GC heap after
{Heap after GC invocations=51 (full 0):
 garbage-first heap   total 190464K, used 144283K [0x0000000080000000, 0x0000000100000000)
  region size 1024K, 2 young (2048K), 2 survivors (2048K)
 Metaspace       used 94993K, committed 95744K, reserved 1138688K
  class space    used 12731K, committed 13056K, reserved 1048576K
}

Dll operation events (2 events):
Event: 0.012 Loaded shared library D:\ANDROID\jbr\bin\java.dll
Event: 4.728 Loaded shared library D:\ANDROID\jbr\bin\verify.dll

Deoptimization events (20 events):
Event: 48.546 Thread 0x000002c3deb5d2b0 DEOPT PACKING pc=0x000002c3ce5a9e40 sp=0x000000ff025f9b90
Event: 48.546 Thread 0x000002c3deb5d2b0 DEOPT UNPACKING pc=0x000002c3cdbc69a3 sp=0x000000ff025f9b08 mode 2
Event: 48.546 Thread 0x000002c3deb5d2b0 Uncommon trap: trap_request=0xffffffbe fr.pc=0x000002c3ce5a9e40 relative=0x0000000000000420
Event: 48.546 Thread 0x000002c3deb5d2b0 Uncommon trap: reason=profile_predicate action=maybe_recompile pc=0x000002c3ce5a9e40 method=jdk.internal.jimage.ImageStringsReader.stringFromByteBufferMatches(Ljava/nio/ByteBuffer;ILjava/lang/String;I)I @ 19 c2
Event: 48.546 Thread 0x000002c3deb5d2b0 DEOPT PACKING pc=0x000002c3ce5a9e40 sp=0x000000ff025f9b90
Event: 48.546 Thread 0x000002c3deb5d2b0 DEOPT UNPACKING pc=0x000002c3cdbc69a3 sp=0x000000ff025f9b08 mode 2
Event: 48.546 Thread 0x000002c3deb5d2b0 Uncommon trap: trap_request=0xffffffbe fr.pc=0x000002c3ce5a9e40 relative=0x0000000000000420
Event: 48.546 Thread 0x000002c3deb5d2b0 Uncommon trap: reason=profile_predicate action=maybe_recompile pc=0x000002c3ce5a9e40 method=jdk.internal.jimage.ImageStringsReader.stringFromByteBufferMatches(Ljava/nio/ByteBuffer;ILjava/lang/String;I)I @ 19 c2
Event: 48.546 Thread 0x000002c3deb5d2b0 DEOPT PACKING pc=0x000002c3ce5a9e40 sp=0x000000ff025f9b90
Event: 48.546 Thread 0x000002c3deb5d2b0 DEOPT UNPACKING pc=0x000002c3cdbc69a3 sp=0x000000ff025f9b08 mode 2
Event: 48.735 Thread 0x000002c3deb5d2b0 Uncommon trap: trap_request=0xffffffc6 fr.pc=0x000002c3ce5c2338 relative=0x0000000000000558
Event: 48.735 Thread 0x000002c3deb5d2b0 Uncommon trap: reason=bimorphic_or_optimized_type_check action=maybe_recompile pc=0x000002c3ce5c2338 method=com.google.common.collect.Sets$1$1.computeNext()Ljava/lang/Object; @ 4 c2
Event: 48.735 Thread 0x000002c3deb5d2b0 DEOPT PACKING pc=0x000002c3ce5c2338 sp=0x000000ff025fa180
Event: 48.735 Thread 0x000002c3deb5d2b0 DEOPT UNPACKING pc=0x000002c3cdbc69a3 sp=0x000000ff025fa078 mode 2
Event: 48.735 Thread 0x000002c3deb5d2b0 Uncommon trap: trap_request=0xffffffde fr.pc=0x000002c3ce5c2308 relative=0x0000000000000528
Event: 48.735 Thread 0x000002c3deb5d2b0 Uncommon trap: reason=class_check action=maybe_recompile pc=0x000002c3ce5c2308 method=com.google.common.collect.Sets$1$1.computeNext()Ljava/lang/Object; @ 26 c2
Event: 48.735 Thread 0x000002c3deb5d2b0 DEOPT PACKING pc=0x000002c3ce5c2308 sp=0x000000ff025fa180
Event: 48.735 Thread 0x000002c3deb5d2b0 DEOPT UNPACKING pc=0x000002c3cdbc69a3 sp=0x000000ff025fa078 mode 2
Event: 48.753 Thread 0x000002c3deb5d2b0 DEOPT PACKING pc=0x000002c3c77f0cac sp=0x000000ff025f98a0
Event: 48.753 Thread 0x000002c3deb5d2b0 DEOPT UNPACKING pc=0x000002c3cdbc7143 sp=0x000000ff025f8db0 mode 0

Classes unloaded (0 events):
No events

Classes redefined (0 events):
No events

Internal exceptions (20 events):
Event: 48.304 Thread 0x000002c3deb5d2b0 Exception <a 'java/lang/ClassNotFoundException'{0x000000008b088978}: org/gradle/internal/extensibility/DefaultExtensionsSchemaCustomizer> (0x000000008b088978) 
thrown [s\src\hotspot\share\classfile\systemDictionary.cpp, line 256]
Event: 48.307 Thread 0x000002c3deb5d2b0 Exception <a 'java/lang/ClassNotFoundException'{0x000000008b0a9b28}: org/gradle/internal/extensibility/ExtensionsStorage$ExtensionHolderBeanInfo> (0x000000008b0a9b28) 
thrown [s\src\hotspot\share\classfile\systemDictionary.cpp, line 256]
Event: 48.307 Thread 0x000002c3deb5d2b0 Exception <a 'java/lang/ClassNotFoundException'{0x000000008b0b2988}: org/gradle/internal/extensibility/ExtensionsStorage$ExtensionHolderCustomizer> (0x000000008b0b2988) 
thrown [s\src\hotspot\share\classfile\systemDictionary.cpp, line 256]
Event: 48.327 Thread 0x000002c3deb5d2b0 Exception <a 'java/lang/ClassNotFoundException'{0x000000008af7d280}: org/gradle/internal/service/scopes/ProjectScopeServicesBeanInfo> (0x000000008af7d280) 
thrown [s\src\hotspot\share\classfile\systemDictionary.cpp, line 256]
Event: 48.328 Thread 0x000002c3deb5d2b0 Exception <a 'java/lang/ClassNotFoundException'{0x000000008af85c98}: org/gradle/internal/service/scopes/ProjectScopeServicesCustomizer> (0x000000008af85c98) 
thrown [s\src\hotspot\share\classfile\systemDictionary.cpp, line 256]
Event: 48.337 Thread 0x000002c3deb5d2b0 Exception <a 'java/lang/ClassNotFoundException'{0x000000008afa7fd8}: org/gradle/api/internal/catalog/DefaultDependenciesAccessorsBeanInfo> (0x000000008afa7fd8) 
thrown [s\src\hotspot\share\classfile\systemDictionary.cpp, line 256]
Event: 48.337 Thread 0x000002c3deb5d2b0 Exception <a 'java/lang/ClassNotFoundException'{0x000000008afb3350}: org/gradle/api/internal/catalog/DefaultDependenciesAccessorsCustomizer> (0x000000008afb3350) 
thrown [s\src\hotspot\share\classfile\systemDictionary.cpp, line 256]
Event: 48.348 Thread 0x000002c3deb5d2b0 Exception <a 'java/lang/ClassNotFoundException'{0x000000008afd5ac0}: org/gradle/internal/classpath/DefaultClassPathBeanInfo> (0x000000008afd5ac0) 
thrown [s\src\hotspot\share\classfile\systemDictionary.cpp, line 256]
Event: 48.349 Thread 0x000002c3deb5d2b0 Exception <a 'java/lang/ClassNotFoundException'{0x000000008afde220}: org/gradle/internal/classpath/DefaultClassPathCustomizer> (0x000000008afde220) 
thrown [s\src\hotspot\share\classfile\systemDictionary.cpp, line 256]
Event: 48.361 Thread 0x000002c3deb5d2b0 Exception <a 'java/lang/ClassNotFoundException'{0x000000008aef54e0}: org/gradle/internal/classpath/DefaultClassPath$ImmutableUniqueListBeanInfo> (0x000000008aef54e0) 
thrown [s\src\hotspot\share\classfile\systemDictionary.cpp, line 256]
Event: 48.361 Thread 0x000002c3deb5d2b0 Exception <a 'java/lang/ClassNotFoundException'{0x000000008aef9d70}: java/util/AbstractListBeanInfo> (0x000000008aef9d70) 
thrown [s\src\hotspot\share\classfile\systemDictionary.cpp, line 256]
Event: 48.362 Thread 0x000002c3deb5d2b0 Exception <a 'java/lang/ClassNotFoundException'{0x000000008aefe5d8}: java/util/AbstractListCustomizer> (0x000000008aefe5d8) 
thrown [s\src\hotspot\share\classfile\systemDictionary.cpp, line 256]
Event: 48.363 Thread 0x000002c3deb5d2b0 Exception <a 'java/lang/ClassNotFoundException'{0x000000008ad12a48}: org/gradle/internal/classpath/DefaultClassPath$ImmutableUniqueListCustomizer> (0x000000008ad12a48) 
thrown [s\src\hotspot\share\classfile\systemDictionary.cpp, line 256]
Event: 48.374 Thread 0x000002c3deb5d2b0 Exception <a 'java/lang/ClassNotFoundException'{0x000000008ad56650}: org/jetbrains/plugins/gradle/model/DefaultDependencyAccessorsModelBeanInfo> (0x000000008ad56650) 
thrown [s\src\hotspot\share\classfile\systemDictionary.cpp, line 256]
Event: 48.374 Thread 0x000002c3deb5d2b0 Exception <a 'java/lang/ClassNotFoundException'{0x000000008ad5ee00}: org/jetbrains/plugins/gradle/model/DefaultDependencyAccessorsModelCustomizer> (0x000000008ad5ee00) 
thrown [s\src\hotspot\share\classfile\systemDictionary.cpp, line 256]
Event: 48.389 Thread 0x000002c3ddfab250 Exception <a 'java/lang/NoSuchMethodError'{0x000000008af6c048}: static Lorg/jetbrains/plugins/gradle/tooling/internal/VersionCatalogsModelImpl;.<clinit>()V> (0x000000008af6c048) 
thrown [s\src\hotspot\share\prims\jni.cpp, line 1108]
Event: 48.428 Thread 0x000002c3deb5d2b0 Exception <a 'java/lang/ClassNotFoundException'{0x000000008abe4c68}: org/gradle/api/internal/tasks/DefaultSourceSetContainer_DecoratedBeanInfo> (0x000000008abe4c68) 
thrown [s\src\hotspot\share\classfile\systemDictionary.cpp, line 256]
Event: 48.431 Thread 0x000002c3deb5d2b0 Exception <a 'java/lang/ClassNotFoundException'{0x000000008abeff78}: org/gradle/api/internal/tasks/DefaultSourceSetContainerBeanInfo> (0x000000008abeff78) 
thrown [s\src\hotspot\share\classfile\systemDictionary.cpp, line 256]
Event: 48.432 Thread 0x000002c3deb5d2b0 Exception <a 'java/lang/ClassNotFoundException'{0x000000008abfb2a8}: org/gradle/api/internal/tasks/DefaultSourceSetContainerCustomizer> (0x000000008abfb2a8) 
thrown [s\src\hotspot\share\classfile\systemDictionary.cpp, line 256]
Event: 48.434 Thread 0x000002c3deb5d2b0 Exception <a 'java/lang/ClassNotFoundException'{0x000000008aa126a0}: org/gradle/api/internal/tasks/DefaultSourceSetContainer_DecoratedCustomizer> (0x000000008aa126a0) 
thrown [s\src\hotspot\share\classfile\systemDictionary.cpp, line 256]

VM Operations (20 events):
Event: 46.425 Executing VM operation: HandshakeAllThreads done
Event: 46.468 Executing VM operation: HandshakeAllThreads
Event: 46.468 Executing VM operation: HandshakeAllThreads done
Event: 47.052 Executing VM operation: G1CollectForAllocation
Event: 47.070 Executing VM operation: G1CollectForAllocation done
Event: 47.394 Executing VM operation: HandshakeAllThreads
Event: 47.395 Executing VM operation: HandshakeAllThreads done
Event: 47.399 Executing VM operation: HandshakeAllThreads
Event: 47.399 Executing VM operation: HandshakeAllThreads done
Event: 48.090 Executing VM operation: G1CollectForAllocation
Event: 48.103 Executing VM operation: G1CollectForAllocation done
Event: 48.605 Executing VM operation: G1CollectForAllocation
Event: 48.613 Executing VM operation: G1CollectForAllocation done
Event: 48.752 Executing VM operation: HandshakeAllThreads
Event: 48.752 Executing VM operation: HandshakeAllThreads done
Event: 48.755 Executing VM operation: HandshakeAllThreads
Event: 48.755 Executing VM operation: HandshakeAllThreads done
Event: 48.757 Executing VM operation: HandshakeAllThreads
Event: 48.757 Executing VM operation: HandshakeAllThreads done
Event: 48.790 Executing VM operation: G1Concurrent

Events (20 events):
Event: 48.275 loading class java/lang/NumberBeanInfo
Event: 48.275 loading class java/lang/NumberBeanInfo done
Event: 48.276 loading class java/lang/NumberCustomizer
Event: 48.276 loading class java/lang/NumberCustomizer done
Event: 48.276 loading class java/lang/NumberCustomizer
Event: 48.276 loading class java/lang/NumberCustomizer done
Event: 48.276 loading class java/lang/IntegerCustomizer
Event: 48.276 loading class java/lang/IntegerCustomizer done
Event: 48.277 loading class java/lang/IntegerCustomizer
Event: 48.277 loading class java/lang/IntegerCustomizer done
Event: 48.277 loading class jdk/internal/ValueBased
Event: 48.277 loading class jdk/internal/ValueBased done
Event: 48.361 loading class java/util/AbstractListBeanInfo
Event: 48.361 loading class java/util/AbstractListBeanInfo done
Event: 48.361 loading class java/util/AbstractListBeanInfo
Event: 48.361 loading class java/util/AbstractListBeanInfo done
Event: 48.361 loading class java/util/AbstractListCustomizer
Event: 48.361 loading class java/util/AbstractListCustomizer done
Event: 48.362 loading class java/util/AbstractListCustomizer
Event: 48.362 loading class java/util/AbstractListCustomizer done


Dynamic libraries:
0x00007ff7a0c80000 - 0x00007ff7a0c8a000 	D:\ANDROID\jbr\bin\java.exe
0x00007ff9b5370000 - 0x00007ff9b5584000 	C:\WINDOWS\SYSTEM32\ntdll.dll
0x00007ff9b3ec0000 - 0x00007ff9b3f84000 	C:\WINDOWS\System32\KERNEL32.DLL
0x00007ff9b2720000 - 0x00007ff9b2ac4000 	C:\WINDOWS\System32\KERNELBASE.dll
0x00007ff9b2ce0000 - 0x00007ff9b2df1000 	C:\WINDOWS\System32\ucrtbase.dll
0x00007ff9a2ce0000 - 0x00007ff9a2cf7000 	D:\ANDROID\jbr\bin\jli.dll
0x00007ff9b39b0000 - 0x00007ff9b3b5e000 	C:\WINDOWS\System32\USER32.dll
0x00007ff9b2b90000 - 0x00007ff9b2bb6000 	C:\WINDOWS\System32\win32u.dll
0x00007ff9b4220000 - 0x00007ff9b4249000 	C:\WINDOWS\System32\GDI32.dll
0x00007ff9b2e70000 - 0x00007ff9b2f88000 	C:\WINDOWS\System32\gdi32full.dll
0x00007ff9b2bc0000 - 0x00007ff9b2c5a000 	C:\WINDOWS\System32\msvcp_win.dll
0x00007ff9a6130000 - 0x00007ff9a614b000 	D:\ANDROID\jbr\bin\VCRUNTIME140.dll
0x00007ff9a2eb0000 - 0x00007ff9a3143000 	C:\WINDOWS\WinSxS\amd64_microsoft.windows.common-controls_6595b64144ccf1df_6.0.22621.2215_none_270d72677387dfc3\COMCTL32.dll
0x00007ff9b3580000 - 0x00007ff9b3627000 	C:\WINDOWS\System32\msvcrt.dll
0x00007ff9b4390000 - 0x00007ff9b43c1000 	C:\WINDOWS\System32\IMM32.DLL
0x00007ff9afa90000 - 0x00007ff9afa9c000 	D:\ANDROID\jbr\bin\vcruntime140_1.dll
0x00007ff9907e0000 - 0x00007ff99086d000 	D:\ANDROID\jbr\bin\msvcp140.dll
0x00007ff956310000 - 0x00007ff956f7e000 	D:\ANDROID\jbr\bin\server\jvm.dll
0x00007ff9b36a0000 - 0x00007ff9b3750000 	C:\WINDOWS\System32\ADVAPI32.dll
0x00007ff9b4770000 - 0x00007ff9b4816000 	C:\WINDOWS\System32\sechost.dll
0x00007ff9b3fa0000 - 0x00007ff9b40b7000 	C:\WINDOWS\System32\RPCRT4.dll
0x00007ff9a65e0000 - 0x00007ff9a65e9000 	C:\WINDOWS\SYSTEM32\WSOCK32.dll
0x00007ff9b52b0000 - 0x00007ff9b5321000 	C:\WINDOWS\System32\WS2_32.dll
0x00007ff9ab670000 - 0x00007ff9ab6a4000 	C:\WINDOWS\SYSTEM32\WINMM.dll
0x00007ff9ab6b0000 - 0x00007ff9ab6ba000 	C:\WINDOWS\SYSTEM32\VERSION.dll
0x00007ff9b16e0000 - 0x00007ff9b16f8000 	C:\WINDOWS\SYSTEM32\kernel.appcore.dll
0x00007ff9ab180000 - 0x00007ff9ab18a000 	D:\ANDROID\jbr\bin\jimage.dll
0x00007ff9a7130000 - 0x00007ff9a735e000 	C:\WINDOWS\SYSTEM32\DBGHELP.DLL
0x00007ff9b43d0000 - 0x00007ff9b475a000 	C:\WINDOWS\System32\combase.dll
0x00007ff9b3750000 - 0x00007ff9b3827000 	C:\WINDOWS\System32\OLEAUT32.dll
0x00007ff998320000 - 0x00007ff998352000 	C:\WINDOWS\SYSTEM32\dbgcore.DLL
0x00007ff9b2c60000 - 0x00007ff9b2cda000 	C:\WINDOWS\System32\bcryptPrimitives.dll
0x00007ff9a60a0000 - 0x00007ff9a60c5000 	D:\ANDROID\jbr\bin\java.dll
0x00007ff9ab160000 - 0x00007ff9ab178000 	D:\ANDROID\jbr\bin\zip.dll
0x00007ff9b4a80000 - 0x00007ff9b52a3000 	C:\WINDOWS\System32\SHELL32.dll
0x00007ff9b0660000 - 0x00007ff9b0f4a000 	C:\WINDOWS\SYSTEM32\windows.storage.dll
0x00007ff9b0520000 - 0x00007ff9b065e000 	C:\WINDOWS\SYSTEM32\wintypes.dll
0x00007ff9b4120000 - 0x00007ff9b4213000 	C:\WINDOWS\System32\SHCORE.dll
0x00007ff9b3950000 - 0x00007ff9b39ae000 	C:\WINDOWS\System32\shlwapi.dll
0x00007ff9b2650000 - 0x00007ff9b2676000 	C:\WINDOWS\SYSTEM32\profapi.dll
0x00007ff9a65f0000 - 0x00007ff9a6609000 	D:\ANDROID\jbr\bin\net.dll
0x00007ff9aa5f0000 - 0x00007ff9aa727000 	C:\WINDOWS\SYSTEM32\WINHTTP.dll
0x00007ff9b1ba0000 - 0x00007ff9b1c09000 	C:\WINDOWS\system32\mswsock.dll
0x00007ff9a6200000 - 0x00007ff9a6216000 	D:\ANDROID\jbr\bin\nio.dll
0x00007ff9a6180000 - 0x00007ff9a6190000 	D:\ANDROID\jbr\bin\verify.dll
0x00007ff992ff0000 - 0x00007ff993017000 	C:\Users\PC\.gradle\native\68d5fa5c4cc2d200863cafc0d521ce42e7d3e7ee720ec0a83991735586a16f82\windows-amd64\native-platform.dll
0x00007ff984540000 - 0x00007ff984684000 	C:\Users\PC\.gradle\native\e376f236ea51e6404a007f0833ffe2c6e607c4080706a723a18a27aeea778392\windows-amd64\native-platform-file-events.dll
0x00007ff9a5e90000 - 0x00007ff9a5e99000 	D:\ANDROID\jbr\bin\management.dll
0x00007ff9a47b0000 - 0x00007ff9a47bb000 	D:\ANDROID\jbr\bin\management_ext.dll
0x00007ff9b4a70000 - 0x00007ff9b4a78000 	C:\WINDOWS\System32\PSAPI.DLL
0x00007ff9b1ec0000 - 0x00007ff9b1edb000 	C:\WINDOWS\SYSTEM32\CRYPTSP.dll
0x00007ff9b16a0000 - 0x00007ff9b16d5000 	C:\WINDOWS\system32\rsaenh.dll
0x00007ff9b1c40000 - 0x00007ff9b1c6c000 	C:\WINDOWS\SYSTEM32\USERENV.dll
0x00007ff9b2000000 - 0x00007ff9b2028000 	C:\WINDOWS\SYSTEM32\bcrypt.dll
0x00007ff9b1ea0000 - 0x00007ff9b1eac000 	C:\WINDOWS\SYSTEM32\CRYPTBASE.dll
0x00007ff9b11f0000 - 0x00007ff9b121d000 	C:\WINDOWS\SYSTEM32\IPHLPAPI.DLL
0x00007ff9b4760000 - 0x00007ff9b4769000 	C:\WINDOWS\System32\NSI.dll
0x00007ff9aa5d0000 - 0x00007ff9aa5e9000 	C:\WINDOWS\SYSTEM32\dhcpcsvc6.DLL
0x00007ff9aa5b0000 - 0x00007ff9aa5cf000 	C:\WINDOWS\SYSTEM32\dhcpcsvc.DLL
0x00007ff9b1270000 - 0x00007ff9b1362000 	C:\WINDOWS\SYSTEM32\DNSAPI.dll
0x00007ff9a4790000 - 0x00007ff9a4798000 	C:\WINDOWS\system32\wshunix.dll

dbghelp: loaded successfully - version: 4.0.5 - missing functions: none
symbol engine: initialized successfully - sym options: 0x614 - pdb path: .;D:\ANDROID\jbr\bin;C:\WINDOWS\SYSTEM32;C:\WINDOWS\WinSxS\amd64_microsoft.windows.common-controls_6595b64144ccf1df_6.0.22621.2215_none_270d72677387dfc3;D:\ANDROID\jbr\bin\server;C:\Users\PC\.gradle\native\68d5fa5c4cc2d200863cafc0d521ce42e7d3e7ee720ec0a83991735586a16f82\windows-amd64;C:\Users\PC\.gradle\native\e376f236ea51e6404a007f0833ffe2c6e607c4080706a723a18a27aeea778392\windows-amd64

VM Arguments:
jvm_args: --add-opens=java.base/java.util=ALL-UNNAMED --add-opens=java.base/java.lang=ALL-UNNAMED --add-opens=java.base/java.lang.invoke=ALL-UNNAMED --add-opens=java.prefs/java.util.prefs=ALL-UNNAMED --add-opens=java.base/java.nio.charset=ALL-UNNAMED --add-opens=java.base/java.net=ALL-UNNAMED --add-opens=java.base/java.util.concurrent.atomic=ALL-UNNAMED -Xmx2048m -Dfile.encoding=UTF-8 -Duser.country=US -Duser.language=en -Duser.variant 
java_command: org.gradle.launcher.daemon.bootstrap.GradleDaemon 8.0
java_class_path (initial): C:\Users\PC\.gradle\wrapper\dists\gradle-8.0-bin\ca5e32bp14vu59qr306oxotwh\gradle-8.0\lib\gradle-launcher-8.0.jar
Launcher Type: SUN_STANDARD

[Global flags]
     intx CICompilerCount                          = 2                                         {product} {ergonomic}
     uint ConcGCThreads                            = 1                                         {product} {ergonomic}
     uint G1ConcRefinementThreads                  = 2                                         {product} {ergonomic}
   size_t G1HeapRegionSize                         = 1048576                                   {product} {ergonomic}
    uintx GCDrainStackTargetSize                   = 64                                        {product} {ergonomic}
   size_t InitialHeapSize                          = 100663296                                 {product} {ergonomic}
   size_t MarkStackSize                            = 4194304                                   {product} {ergonomic}
   size_t MaxHeapSize                              = 2147483648                                {product} {command line}
   size_t MaxNewSize                               = 1287651328                                {product} {ergonomic}
   size_t MinHeapDeltaBytes                        = 1048576                                   {product} {ergonomic}
   size_t MinHeapSize                              = 8388608                                   {product} {ergonomic}
    uintx NonNMethodCodeHeapSize                   = 5826188                                {pd product} {ergonomic}
    uintx NonProfiledCodeHeapSize                  = 122916026                              {pd product} {ergonomic}
    uintx ProfiledCodeHeapSize                     = 122916026                              {pd product} {ergonomic}
    uintx ReservedCodeCacheSize                    = 251658240                              {pd product} {ergonomic}
     bool SegmentedCodeCache                       = true                                      {product} {ergonomic}
   size_t SoftMaxHeapSize                          = 2147483648                             {manageable} {ergonomic}
     bool UseCompressedClassPointers               = true                           {product lp64_product} {ergonomic}
     bool UseCompressedOops                        = true                           {product lp64_product} {ergonomic}
     bool UseG1GC                                  = true                                      {product} {ergonomic}
     bool UseLargePagesIndividualAllocation        = false                                  {pd product} {ergonomic}

Logging:
Log output configuration:
 #0: stdout all=warning uptime,level,tags
 #1: stderr all=off uptime,level,tags

Environment Variables:
PATH=C:\Program Files (x86)\Eclipse Adoptium\jdk-17.0.8.7-hotspot\bin;C:\Program Files (x86)\Common Files\Oracle\Java\javapath;C:\ProgramData\Oracle\Java\javapath;C:\WINDOWS\system32;C:\WINDOWS;C:\WINDOWS\System32\Wbem;C:\WINDOWS\System32\WindowsPowerShell\v1.0\;C:\WINDOWS\System32\OpenSSH\;C:\xampp\php;C:\ProgramData\ComposerSetup\bin;C:\Users\PC\Downloads\chromedriver_win32;C:\Program Files\nodejs\;C:\Program Files\Git\cmd;C:\Users\PC\AppData\Local\Programs\Python\Python310\Scripts\;C:\Users\PC\AppData\Local\Programs\Python\Python310\;C:\Program Files\MySQL\MySQL Shell 8.0\bin\;C:\Users\PC\AppData\Local\Microsoft\WindowsApps;C:\Users\PC\AppData\Local\Programs\Microsoft VS Code\bin;C:\xampp\php;C:\Program Files\Java\jdk1.8.0_161\bin;C:\Users\PC\AppData\Roaming\Composer\vendor\bin;C:\Users\PC\AppData\Roaming\npm;C:\Program Files\nodejs;C:\Users\PC\AppData\Local\GitHubDesktop\bin;D:\MSIB\platform-tools;
USERNAME=PC
OS=Windows_NT
PROCESSOR_IDENTIFIER=AMD64 Family 23 Model 32 Stepping 1, AuthenticAMD
TMP=C:\Users\PC\AppData\Local\Temp
TEMP=C:\Users\PC\AppData\Local\Temp


JNI global refs:
JNI global refs: 23, weak refs: 0

JNI global refs memory usage: 843, weak refs: 841


---------------  S Y S T E M  ---------------

OS:
 Windows 11 , 64 bit Build 22621 (10.0.22621.2215)
OS uptime: 7 days 13:46 hours
Hyper-V role detected

CPU: total 2 (initial active 2) (2 cores per cpu, 1 threads per core) family 23 model 32 stepping 1 microcode 0x0, cx8, cmov, fxsr, mmx, 3dnowpref, sse, sse2, sse3, ssse3, sse4a, sse4.1, sse4.2, popcnt, lzcnt, tsc, tscinvbit, avx, avx2, aes, clmul, bmi1, bmi2, adx, sha, fma, vzeroupper, clflush, clflushopt, hv

Memory: 4k page, system-wide physical 6020M (222M free)
TotalPageFile size 23396M (AvailPageFile size 5M)
current process WorkingSet (physical memory assigned to process): 413M, peak: 415M
current process commit charge ("private bytes"): 499M, peak: 500M

vm_info: OpenJDK 64-Bit Server VM (17.0.6+0-b2043.56-10027231) for windows-amd64 JRE (17.0.6+0-b2043.56-10027231), built on Apr 28 2023 00:43:19 by "androidbuild" with MS VC++ 16.10 / 16.11 (VS2019)

END.
