#
# There is insufficient memory for the Java Runtime Environment to continue.
# Native memory allocation (mmap) failed to map 222298112 bytes for G1 virtual space
# Possible reasons:
#   The system is out of physical RAM or swap space
#   The process is running with CompressedOops enabled, and the Java Heap may be blocking the growth of the native heap
# Possible solutions:
#   Reduce memory load on the system
#   Increase physical memory or swap space
#   Check if swap backing store is full
#   Decrease Java heap size (-Xmx/-Xms)
#   Decrease number of Java threads
#   Decrease Java thread stack sizes (-Xss)
#   Set larger code cache with -XX:ReservedCodeCacheSize=
#   JVM is running with Unscaled Compressed Oops mode in which the Java heap is
#     placed in the first 4GB address space. The Java Heap base address is the
#     maximum limit for the native heap growth. Please use -XX:HeapBaseMinAddress
#     to set the Java Heap base and to place the Java Heap above 4GB virtual address.
# This output file may be truncated or incomplete.
#
#  Out of Memory Error (os_windows.cpp:3769), pid=15612, tid=9480
#
# JRE version: OpenJDK Runtime Environment (17.0.6) (build 17.0.6+0-b2043.56-10027231)
# Java VM: OpenJDK 64-Bit Server VM (17.0.6+0-b2043.56-10027231, mixed mode, tiered, compressed oops, compressed class ptrs, g1 gc, windows-amd64)
# No core dump will be written. Minidumps are not enabled by default on client versions of Windows
#

---------------  S U M M A R Y ------------

Command Line: --add-opens=java.base/java.util=ALL-UNNAMED --add-opens=java.base/java.lang=ALL-UNNAMED --add-opens=java.base/java.lang.invoke=ALL-UNNAMED --add-opens=java.prefs/java.util.prefs=ALL-UNNAMED --add-opens=java.base/java.nio.charset=ALL-UNNAMED --add-opens=java.base/java.net=ALL-UNNAMED --add-opens=java.base/java.util.concurrent.atomic=ALL-UNNAMED -Xmx2048m -Dfile.encoding=UTF-8 -Duser.country=US -Duser.language=en -Duser.variant org.gradle.launcher.daemon.bootstrap.GradleDaemon 8.0

Host: AMD 3020e with Radeon Graphics                 , 2 cores, 5G,  Windows 11 , 64 bit Build 22621 (10.0.22621.2215)
Time: Mon Sep 25 07:14:14 2023 SE Asia Standard Time elapsed time: 52.198607 seconds (0d 0h 0m 52s)

---------------  T H R E A D  ---------------

Current thread (0x000001c071986a10):  VMThread "VM Thread" [stack: 0x000000261b200000,0x000000261b300000] [id=9480]

Stack: [0x000000261b200000,0x000000261b300000]
Native frames: (J=compiled Java code, j=interpreted, Vv=VM code, C=native code)
V  [jvm.dll+0x683c9a]
V  [jvm.dll+0x8427a4]
V  [jvm.dll+0x843f9e]
V  [jvm.dll+0x844603]
V  [jvm.dll+0x249b75]
V  [jvm.dll+0x680b69]
V  [jvm.dll+0x67505a]
V  [jvm.dll+0x309acb]
V  [jvm.dll+0x310f86]
V  [jvm.dll+0x3608ee]
V  [jvm.dll+0x360b1f]
V  [jvm.dll+0x2dfbf8]
V  [jvm.dll+0x2ddec4]
V  [jvm.dll+0x2dd4cc]
V  [jvm.dll+0x322261]
V  [jvm.dll+0x848ccb]
V  [jvm.dll+0x849a04]
V  [jvm.dll+0x849f1d]
V  [jvm.dll+0x84a2f4]
V  [jvm.dll+0x84a3c0]
V  [jvm.dll+0x7f274a]
V  [jvm.dll+0x682ad5]
C  [ucrtbase.dll+0x29363]
C  [KERNEL32.DLL+0x1257d]
C  [ntdll.dll+0x5aa68]

VM_Operation (0x000000261c6f3fb0): G1TryInitiateConcMark, mode: safepoint, requested by thread 0x000001c0730100b0


---------------  P R O C E S S  ---------------

Threads class SMR info:
_java_thread_list=0x000001c079025e40, length=59, elements={
0x000001c058717d70, 0x000001c0719ab260, 0x000001c0719b0840, 0x000001c0719d24d0,
0x000001c0719d3080, 0x000001c0719d3b30, 0x000001c0719d48e0, 0x000001c071995580,
0x000001c071997390, 0x000001c0724693a0, 0x000001c07258e350, 0x000001c0725948a0,
0x000001c073bb08c0, 0x000001c073409150, 0x000001c0737d47a0, 0x000001c07270d580,
0x000001c073422e10, 0x000001c0724ae7c0, 0x000001c0730100b0, 0x000001c073584d40,
0x000001c073583530, 0x000001c073583060, 0x000001c073586550, 0x000001c0735856e0,
0x000001c073583ed0, 0x000001c0735843a0, 0x000001c073585bb0, 0x000001c073584870,
0x000001c073585210, 0x000001c073586080, 0x000001c073586a20, 0x000001c073583a00,
0x000001c072d8fb90, 0x000001c072d90a00, 0x000001c072d90ed0, 0x000001c072d90060,
0x000001c072d8bd00, 0x000001c072d8d510, 0x000001c072d8d040, 0x000001c072d8d9e0,
0x000001c072d8a020, 0x000001c072d8e850, 0x000001c072d913a0, 0x000001c072d89b50,
0x000001c072d8deb0, 0x000001c072d8a4f0, 0x000001c072d8b830, 0x000001c072d8a9c0,
0x000001c072d8e380, 0x000001c072d8ae90, 0x000001c072d8ed20, 0x000001c072d8f1f0,
0x000001c07690d560, 0x000001c07690f240, 0x000001c07690e3d0, 0x000001c076909ba0,
0x000001c07690bd50, 0x000001c07690cbc0, 0x000001c07690d090
}

Java Threads: ( => current thread )
  0x000001c058717d70 JavaThread "main" [_thread_blocked, id=19224, stack(0x000000261ac00000,0x000000261ad00000)]
  0x000001c0719ab260 JavaThread "Reference Handler" daemon [_thread_blocked, id=14428, stack(0x000000261b300000,0x000000261b400000)]
  0x000001c0719b0840 JavaThread "Finalizer" daemon [_thread_blocked, id=8756, stack(0x000000261b400000,0x000000261b500000)]
  0x000001c0719d24d0 JavaThread "Signal Dispatcher" daemon [_thread_blocked, id=20240, stack(0x000000261b500000,0x000000261b600000)]
  0x000001c0719d3080 JavaThread "Attach Listener" daemon [_thread_blocked, id=13800, stack(0x000000261b600000,0x000000261b700000)]
  0x000001c0719d3b30 JavaThread "Service Thread" daemon [_thread_blocked, id=17772, stack(0x000000261b700000,0x000000261b800000)]
  0x000001c0719d48e0 JavaThread "Monitor Deflation Thread" daemon [_thread_blocked, id=9328, stack(0x000000261b800000,0x000000261b900000)]
  0x000001c071995580 JavaThread "C2 CompilerThread0" daemon [_thread_blocked, id=8216, stack(0x000000261b900000,0x000000261ba00000)]
  0x000001c071997390 JavaThread "C1 CompilerThread0" daemon [_thread_blocked, id=2256, stack(0x000000261ba00000,0x000000261bb00000)]
  0x000001c0724693a0 JavaThread "Sweeper thread" daemon [_thread_blocked, id=19060, stack(0x000000261bb00000,0x000000261bc00000)]
  0x000001c07258e350 JavaThread "Common-Cleaner" daemon [_thread_blocked, id=16180, stack(0x000000261bc00000,0x000000261bd00000)]
  0x000001c0725948a0 JavaThread "Notification Thread" daemon [_thread_blocked, id=1992, stack(0x000000261bd00000,0x000000261be00000)]
  0x000001c073bb08c0 JavaThread "Daemon health stats" [_thread_blocked, id=2648, stack(0x000000261c000000,0x000000261c100000)]
  0x000001c073409150 JavaThread "Incoming local TCP Connector on port 65344" [_thread_in_native, id=19644, stack(0x000000261c100000,0x000000261c200000)]
  0x000001c0737d47a0 JavaThread "Daemon periodic checks" [_thread_blocked, id=20196, stack(0x000000261c200000,0x000000261c300000)]
  0x000001c07270d580 JavaThread "Daemon" [_thread_blocked, id=3276, stack(0x000000261c300000,0x000000261c400000)]
  0x000001c073422e10 JavaThread "Handler for socket connection from /127.0.0.1:65344 to /127.0.0.1:65346" [_thread_in_native, id=14216, stack(0x000000261c400000,0x000000261c500000)]
  0x000001c0724ae7c0 JavaThread "Cancel handler" [_thread_blocked, id=16064, stack(0x000000261c500000,0x000000261c600000)]
  0x000001c0730100b0 JavaThread "Daemon worker" [_thread_blocked, id=19556, stack(0x000000261c600000,0x000000261c700000)]
  0x000001c073584d40 JavaThread "Asynchronous log dispatcher for DefaultDaemonConnection: socket connection from /127.0.0.1:65344 to /127.0.0.1:65346" [_thread_blocked, id=2740, stack(0x000000261c700000,0x000000261c800000)]
  0x000001c073583530 JavaThread "Stdin handler" [_thread_blocked, id=4312, stack(0x000000261c800000,0x000000261c900000)]
  0x000001c073583060 JavaThread "Daemon client event forwarder" [_thread_blocked, id=17680, stack(0x000000261c900000,0x000000261ca00000)]
  0x000001c073586550 JavaThread "Cache worker for journal cache (C:\Users\PC\.gradle\caches\journal-1)" [_thread_blocked, id=2916, stack(0x000000261ca00000,0x000000261cb00000)]
  0x000001c0735856e0 JavaThread "File lock request listener" [_thread_in_native, id=20428, stack(0x000000261cb00000,0x000000261cc00000)]
  0x000001c073583ed0 JavaThread "Cache worker for file hash cache (C:\Users\PC\.gradle\caches\8.0\fileHashes)" [_thread_blocked, id=12160, stack(0x000000261cc00000,0x000000261cd00000)]
  0x000001c0735843a0 JavaThread "File watcher server" daemon [_thread_in_native, id=6980, stack(0x000000261ce00000,0x000000261cf00000)]
  0x000001c073585bb0 JavaThread "File watcher consumer" daemon [_thread_blocked, id=20344, stack(0x000000261cf00000,0x000000261d000000)]
  0x000001c073584870 JavaThread "jar transforms" [_thread_blocked, id=11560, stack(0x000000261d000000,0x000000261d100000)]
  0x000001c073585210 JavaThread "jar transforms Thread 2" [_thread_blocked, id=15072, stack(0x000000261d100000,0x000000261d200000)]
  0x000001c073586080 JavaThread "Cache worker for checksums cache (D:\MyApp7\.gradle\8.0\checksums)" [_thread_blocked, id=10472, stack(0x000000261d200000,0x000000261d300000)]
  0x000001c073586a20 JavaThread "Cache worker for cache directory md-rule (C:\Users\PC\.gradle\caches\8.0\md-rule)" [_thread_blocked, id=19096, stack(0x000000261d300000,0x000000261d400000)]
  0x000001c073583a00 JavaThread "Cache worker for file content cache (C:\Users\PC\.gradle\caches\8.0\fileContent)" [_thread_blocked, id=7640, stack(0x000000261d400000,0x000000261d500000)]
  0x000001c072d8fb90 JavaThread "Cache worker for file hash cache (D:\MyApp7\.gradle\8.0\fileHashes)" [_thread_blocked, id=8868, stack(0x000000261d500000,0x000000261d600000)]
  0x000001c072d90a00 JavaThread "Cache worker for cache directory md-supplier (C:\Users\PC\.gradle\caches\8.0\md-supplier)" [_thread_blocked, id=3768, stack(0x000000261d600000,0x000000261d700000)]
  0x000001c072d90ed0 JavaThread "Cache worker for execution history cache (C:\Users\PC\.gradle\caches\8.0\executionHistory)" [_thread_blocked, id=1472, stack(0x000000261d700000,0x000000261d800000)]
  0x000001c072d90060 JavaThread "Cache worker for kotlin-dsl (C:\Users\PC\.gradle\caches\8.0\kotlin-dsl)" [_thread_blocked, id=14800, stack(0x000000261d800000,0x000000261d900000)]
  0x000001c072d8bd00 JavaThread "Cache worker for dependencies-accessors (D:\MyApp7\.gradle\8.0\dependencies-accessors)" [_thread_blocked, id=16992, stack(0x000000261d900000,0x000000261da00000)]
  0x000001c072d8d510 JavaThread "Cache worker for Build Output Cleanup Cache (D:\MyApp7\.gradle\buildOutputCleanup)" [_thread_blocked, id=3964, stack(0x000000261da00000,0x000000261db00000)]
  0x000001c072d8d040 JavaThread "Unconstrained build operations" [_thread_blocked, id=17020, stack(0x000000261db00000,0x000000261dc00000)]
  0x000001c072d8d9e0 JavaThread "Unconstrained build operations Thread 2" [_thread_blocked, id=7160, stack(0x000000261dc00000,0x000000261dd00000)]
  0x000001c072d8a020 JavaThread "Unconstrained build operations Thread 3" [_thread_blocked, id=18600, stack(0x000000261dd00000,0x000000261de00000)]
  0x000001c072d8e850 JavaThread "Unconstrained build operations Thread 4" [_thread_blocked, id=17208, stack(0x000000261de00000,0x000000261df00000)]
  0x000001c072d913a0 JavaThread "Unconstrained build operations Thread 5" [_thread_blocked, id=4112, stack(0x000000261df00000,0x000000261e000000)]
  0x000001c072d89b50 JavaThread "Unconstrained build operations Thread 6" [_thread_blocked, id=14568, stack(0x000000261e000000,0x000000261e100000)]
  0x000001c072d8deb0 JavaThread "Unconstrained build operations Thread 7" [_thread_blocked, id=12916, stack(0x000000261e100000,0x000000261e200000)]
  0x000001c072d8a4f0 JavaThread "Unconstrained build operations Thread 8" [_thread_blocked, id=4860, stack(0x000000261e200000,0x000000261e300000)]
  0x000001c072d8b830 JavaThread "Unconstrained build operations Thread 9" [_thread_blocked, id=9488, stack(0x000000261e300000,0x000000261e400000)]
  0x000001c072d8a9c0 JavaThread "Unconstrained build operations Thread 10" [_thread_blocked, id=18424, stack(0x000000261e400000,0x000000261e500000)]
  0x000001c072d8e380 JavaThread "Unconstrained build operations Thread 11" [_thread_blocked, id=16024, stack(0x000000261e500000,0x000000261e600000)]
  0x000001c072d8ae90 JavaThread "Unconstrained build operations Thread 12" [_thread_blocked, id=16520, stack(0x000000261e600000,0x000000261e700000)]
  0x000001c072d8ed20 JavaThread "Unconstrained build operations Thread 13" [_thread_blocked, id=13656, stack(0x000000261e700000,0x000000261e800000)]
  0x000001c072d8f1f0 JavaThread "Unconstrained build operations Thread 14" [_thread_blocked, id=8088, stack(0x000000261e800000,0x000000261e900000)]
  0x000001c07690d560 JavaThread "Unconstrained build operations Thread 15" [_thread_blocked, id=16236, stack(0x000000261e900000,0x000000261ea00000)]
  0x000001c07690f240 JavaThread "Unconstrained build operations Thread 16" [_thread_blocked, id=5456, stack(0x000000261ea00000,0x000000261eb00000)]
  0x000001c07690e3d0 JavaThread "Unconstrained build operations Thread 17" [_thread_blocked, id=10316, stack(0x000000261eb00000,0x000000261ec00000)]
  0x000001c076909ba0 JavaThread "Unconstrained build operations Thread 18" [_thread_blocked, id=10900, stack(0x000000261ec00000,0x000000261ed00000)]
  0x000001c07690bd50 JavaThread "Unconstrained build operations Thread 19" [_thread_blocked, id=13012, stack(0x000000261ed00000,0x000000261ee00000)]
  0x000001c07690cbc0 JavaThread "Unconstrained build operations Thread 20" [_thread_blocked, id=10984, stack(0x000000261ee00000,0x000000261ef00000)]
  0x000001c07690d090 JavaThread "Memory manager" [_thread_blocked, id=2216, stack(0x000000261ef00000,0x000000261f000000)]

Other Threads:
=>0x000001c071986a10 VMThread "VM Thread" [stack: 0x000000261b200000,0x000000261b300000] [id=9480]
  0x000001c07258c020 WatcherThread [stack: 0x000000261be00000,0x000000261bf00000] [id=17852]
  0x000001c058772de0 GCTaskThread "GC Thread#0" [stack: 0x000000261ad00000,0x000000261ae00000] [id=20460]
  0x000001c072665ef0 GCTaskThread "GC Thread#1" [stack: 0x000000261bf00000,0x000000261c000000] [id=14824]
  0x000001c058783d20 ConcurrentGCThread "G1 Main Marker" [stack: 0x000000261ae00000,0x000000261af00000] [id=18660]
  0x000001c058784730 ConcurrentGCThread "G1 Conc#0" [stack: 0x000000261af00000,0x000000261b000000] [id=14540]
  0x000001c0587dcb20 ConcurrentGCThread "G1 Refine#0" [stack: 0x000000261b000000,0x000000261b100000] [id=10028]
  0x000001c073e5d3d0 ConcurrentGCThread "G1 Refine#1" [stack: 0x000000261cd00000,0x000000261ce00000] [id=6996]
  0x000001c0587dd540 ConcurrentGCThread "G1 Service" [stack: 0x000000261b100000,0x000000261b200000] [id=4424]

Threads with active compile tasks:

VM state: at safepoint (normal execution)

VM Mutex/Monitor currently owned by a thread:  ([mutex/lock_event])
[0x000001c058712ac0] Threads_lock - owner thread: 0x000001c071986a10
[0x000001c0587138d0] Heap_lock - owner thread: 0x000001c0730100b0

Heap address: 0x0000000080000000, size: 2048 MB, Compressed Oops mode: 32-bit

CDS archive(s) not mapped
Compressed class space mapped at: 0x0000000100000000-0x0000000140000000, reserved size: 1073741824
Narrow klass base: 0x0000000000000000, Narrow klass shift: 3, Narrow klass range: 0x140000000

GC Precious Log:
 CPUs: 2 total, 2 available
 Memory: 6020M
 Large Page Support: Disabled
 NUMA Support: Disabled
 Compressed Oops: Enabled (32-bit)
 Heap Region Size: 1M
 Heap Min Capacity: 8M
 Heap Initial Capacity: 96M
 Heap Max Capacity: 2G
 Pre-touch: Disabled
 Parallel Workers: 2
 Concurrent Workers: 1
 Concurrent Refinement Workers: 2
 Periodic GC: Disabled

Heap:
 garbage-first heap   total 217088K, used 143753K [0x0000000080000000, 0x0000000100000000)
  region size 1024K, 2 young (2048K), 2 survivors (2048K)
 Metaspace       used 97832K, committed 98496K, reserved 1138688K
  class space    used 13267K, committed 13568K, reserved 1048576K

Heap Regions: E=young(eden), S=young(survivor), O=old, HS=humongous(starts), HC=humongous(continues), CS=collection set, F=free, OA=open archive, CA=closed archive, TAMS=top-at-mark-start (previous, next)
|   0|0x0000000080000000, 0x0000000080100000, 0x0000000080100000|100%| O|  |TAMS 0x0000000080100000, 0x0000000080100000| Untracked 
|   1|0x0000000080100000, 0x0000000080200000, 0x0000000080200000|100%| O|  |TAMS 0x0000000080200000, 0x0000000080200000| Untracked 
|   2|0x0000000080200000, 0x0000000080300000, 0x0000000080300000|100%| O|  |TAMS 0x0000000080300000, 0x0000000080300000| Untracked 
|   3|0x0000000080300000, 0x0000000080400000, 0x0000000080400000|100%|HS|  |TAMS 0x0000000080400000, 0x0000000080400000| Complete 
|   4|0x0000000080400000, 0x0000000080500000, 0x0000000080500000|100%|HC|  |TAMS 0x0000000080500000, 0x0000000080500000| Complete 
|   5|0x0000000080500000, 0x0000000080600000, 0x0000000080600000|100%|HC|  |TAMS 0x0000000080600000, 0x0000000080600000| Complete 
|   6|0x0000000080600000, 0x0000000080700000, 0x0000000080700000|100%|HC|  |TAMS 0x0000000080700000, 0x0000000080700000| Complete 
|   7|0x0000000080700000, 0x0000000080800000, 0x0000000080800000|100%| O|  |TAMS 0x0000000080800000, 0x0000000080800000| Untracked 
|   8|0x0000000080800000, 0x0000000080900000, 0x0000000080900000|100%| O|  |TAMS 0x0000000080900000, 0x0000000080900000| Untracked 
|   9|0x0000000080900000, 0x00000000809fcc00, 0x0000000080a00000| 98%| O|  |TAMS 0x00000000809fcc00, 0x00000000809fcc00| Untracked 
|  10|0x0000000080a00000, 0x0000000080b00000, 0x0000000080b00000|100%| O|  |TAMS 0x0000000080b00000, 0x0000000080b00000| Untracked 
|  11|0x0000000080b00000, 0x0000000080c00000, 0x0000000080c00000|100%| O|  |TAMS 0x0000000080c00000, 0x0000000080c00000| Untracked 
|  12|0x0000000080c00000, 0x0000000080d00000, 0x0000000080d00000|100%| O|  |TAMS 0x0000000080d00000, 0x0000000080d00000| Untracked 
|  13|0x0000000080d00000, 0x0000000080e00000, 0x0000000080e00000|100%| O|  |TAMS 0x0000000080e00000, 0x0000000080e00000| Untracked 
|  14|0x0000000080e00000, 0x0000000080f00000, 0x0000000080f00000|100%| O|  |TAMS 0x0000000080f00000, 0x0000000080f00000| Untracked 
|  15|0x0000000080f00000, 0x0000000081000000, 0x0000000081000000|100%| O|  |TAMS 0x0000000081000000, 0x0000000081000000| Untracked 
|  16|0x0000000081000000, 0x0000000081100000, 0x0000000081100000|100%| O|  |TAMS 0x0000000081100000, 0x0000000081100000| Untracked 
|  17|0x0000000081100000, 0x0000000081200000, 0x0000000081200000|100%| O|  |TAMS 0x0000000081200000, 0x0000000081200000| Untracked 
|  18|0x0000000081200000, 0x0000000081300000, 0x0000000081300000|100%| O|  |TAMS 0x0000000081300000, 0x0000000081300000| Untracked 
|  19|0x0000000081300000, 0x0000000081400000, 0x0000000081400000|100%| O|  |TAMS 0x0000000081400000, 0x0000000081400000| Untracked 
|  20|0x0000000081400000, 0x0000000081500000, 0x0000000081500000|100%| O|  |TAMS 0x0000000081500000, 0x0000000081500000| Untracked 
|  21|0x0000000081500000, 0x0000000081600000, 0x0000000081600000|100%|HS|  |TAMS 0x0000000081600000, 0x0000000081600000| Complete 
|  22|0x0000000081600000, 0x0000000081700000, 0x0000000081700000|100%|HC|  |TAMS 0x0000000081700000, 0x0000000081700000| Complete 
|  23|0x0000000081700000, 0x0000000081800000, 0x0000000081800000|100%|HS|  |TAMS 0x0000000081800000, 0x0000000081800000| Complete 
|  24|0x0000000081800000, 0x0000000081900000, 0x0000000081900000|100%|HC|  |TAMS 0x0000000081900000, 0x0000000081900000| Complete 
|  25|0x0000000081900000, 0x0000000081a00000, 0x0000000081a00000|100%|HC|  |TAMS 0x0000000081a00000, 0x0000000081a00000| Complete 
|  26|0x0000000081a00000, 0x0000000081b00000, 0x0000000081b00000|100%|HS|  |TAMS 0x0000000081b00000, 0x0000000081b00000| Complete 
|  27|0x0000000081b00000, 0x0000000081c00000, 0x0000000081c00000|100%|HC|  |TAMS 0x0000000081c00000, 0x0000000081c00000| Complete 
|  28|0x0000000081c00000, 0x0000000081d00000, 0x0000000081d00000|100%|HC|  |TAMS 0x0000000081d00000, 0x0000000081d00000| Complete 
|  29|0x0000000081d00000, 0x0000000081e00000, 0x0000000081e00000|100%| O|  |TAMS 0x0000000081e00000, 0x0000000081e00000| Untracked 
|  30|0x0000000081e00000, 0x0000000081f00000, 0x0000000081f00000|100%| O|  |TAMS 0x0000000081f00000, 0x0000000081f00000| Untracked 
|  31|0x0000000081f00000, 0x0000000082000000, 0x0000000082000000|100%| O|  |TAMS 0x0000000082000000, 0x0000000082000000| Untracked 
|  32|0x0000000082000000, 0x0000000082100000, 0x0000000082100000|100%| O|  |TAMS 0x0000000082100000, 0x0000000082100000| Untracked 
|  33|0x0000000082100000, 0x0000000082200000, 0x0000000082200000|100%|HS|  |TAMS 0x0000000082200000, 0x0000000082200000| Complete 
|  34|0x0000000082200000, 0x0000000082300000, 0x0000000082300000|100%|HC|  |TAMS 0x0000000082300000, 0x0000000082300000| Complete 
|  35|0x0000000082300000, 0x0000000082400000, 0x0000000082400000|100%| O|  |TAMS 0x0000000082400000, 0x0000000082400000| Untracked 
|  36|0x0000000082400000, 0x0000000082500000, 0x0000000082500000|100%| O|  |TAMS 0x0000000082500000, 0x0000000082500000| Untracked 
|  37|0x0000000082500000, 0x0000000082600000, 0x0000000082600000|100%| O|  |TAMS 0x0000000082600000, 0x0000000082600000| Untracked 
|  38|0x0000000082600000, 0x0000000082700000, 0x0000000082700000|100%| O|  |TAMS 0x0000000082700000, 0x0000000082700000| Untracked 
|  39|0x0000000082700000, 0x0000000082800000, 0x0000000082800000|100%| O|  |TAMS 0x0000000082800000, 0x0000000082800000| Untracked 
|  40|0x0000000082800000, 0x0000000082900000, 0x0000000082900000|100%| O|  |TAMS 0x0000000082900000, 0x0000000082900000| Untracked 
|  41|0x0000000082900000, 0x0000000082a00000, 0x0000000082a00000|100%|HS|  |TAMS 0x0000000082a00000, 0x0000000082a00000| Complete 
|  42|0x0000000082a00000, 0x0000000082b00000, 0x0000000082b00000|100%|HC|  |TAMS 0x0000000082b00000, 0x0000000082b00000| Complete 
|  43|0x0000000082b00000, 0x0000000082c00000, 0x0000000082c00000|100%|HC|  |TAMS 0x0000000082c00000, 0x0000000082c00000| Complete 
|  44|0x0000000082c00000, 0x0000000082d00000, 0x0000000082d00000|100%|HC|  |TAMS 0x0000000082d00000, 0x0000000082d00000| Complete 
|  45|0x0000000082d00000, 0x0000000082e00000, 0x0000000082e00000|100%|HC|  |TAMS 0x0000000082e00000, 0x0000000082e00000| Complete 
|  46|0x0000000082e00000, 0x0000000082f00000, 0x0000000082f00000|100%|HC|  |TAMS 0x0000000082f00000, 0x0000000082f00000| Complete 
|  47|0x0000000082f00000, 0x0000000083000000, 0x0000000083000000|100%|HC|  |TAMS 0x0000000083000000, 0x0000000083000000| Complete 
|  48|0x0000000083000000, 0x0000000083100000, 0x0000000083100000|100%|HC|  |TAMS 0x0000000083100000, 0x0000000083100000| Complete 
|  49|0x0000000083100000, 0x0000000083200000, 0x0000000083200000|100%|HC|  |TAMS 0x0000000083200000, 0x0000000083200000| Complete 
|  50|0x0000000083200000, 0x0000000083300000, 0x0000000083300000|100%|HC|  |TAMS 0x0000000083300000, 0x0000000083300000| Complete 
|  51|0x0000000083300000, 0x0000000083400000, 0x0000000083400000|100%|HC|  |TAMS 0x0000000083400000, 0x0000000083400000| Complete 
|  52|0x0000000083400000, 0x0000000083500000, 0x0000000083500000|100%|HC|  |TAMS 0x0000000083500000, 0x0000000083500000| Complete 
|  53|0x0000000083500000, 0x0000000083600000, 0x0000000083600000|100%| O|  |TAMS 0x0000000083600000, 0x0000000083600000| Untracked 
|  54|0x0000000083600000, 0x0000000083700000, 0x0000000083700000|100%| O|  |TAMS 0x0000000083700000, 0x0000000083700000| Untracked 
|  55|0x0000000083700000, 0x0000000083800000, 0x0000000083800000|100%| O|  |TAMS 0x0000000083800000, 0x0000000083800000| Untracked 
|  56|0x0000000083800000, 0x0000000083900000, 0x0000000083900000|100%|HS|  |TAMS 0x0000000083900000, 0x0000000083900000| Complete 
|  57|0x0000000083900000, 0x0000000083a00000, 0x0000000083a00000|100%|HC|  |TAMS 0x0000000083a00000, 0x0000000083a00000| Complete 
|  58|0x0000000083a00000, 0x0000000083b00000, 0x0000000083b00000|100%|HC|  |TAMS 0x0000000083b00000, 0x0000000083b00000| Complete 
|  59|0x0000000083b00000, 0x0000000083c00000, 0x0000000083c00000|100%| O|  |TAMS 0x0000000083c00000, 0x0000000083c00000| Untracked 
|  60|0x0000000083c00000, 0x0000000083d00000, 0x0000000083d00000|100%| O|  |TAMS 0x0000000083d00000, 0x0000000083d00000| Untracked 
|  61|0x0000000083d00000, 0x0000000083e00000, 0x0000000083e00000|100%|HS|  |TAMS 0x0000000083e00000, 0x0000000083e00000| Complete 
|  62|0x0000000083e00000, 0x0000000083f00000, 0x0000000083f00000|100%|HC|  |TAMS 0x0000000083f00000, 0x0000000083f00000| Complete 
|  63|0x0000000083f00000, 0x0000000084000000, 0x0000000084000000|100%|HC|  |TAMS 0x0000000084000000, 0x0000000084000000| Complete 
|  64|0x0000000084000000, 0x0000000084100000, 0x0000000084100000|100%| O|  |TAMS 0x0000000084100000, 0x0000000084100000| Untracked 
|  65|0x0000000084100000, 0x0000000084200000, 0x0000000084200000|100%| O|  |TAMS 0x0000000084200000, 0x0000000084200000| Untracked 
|  66|0x0000000084200000, 0x0000000084300000, 0x0000000084300000|100%| O|  |TAMS 0x0000000084300000, 0x0000000084300000| Untracked 
|  67|0x0000000084300000, 0x0000000084400000, 0x0000000084400000|100%| O|  |TAMS 0x0000000084400000, 0x0000000084400000| Untracked 
|  68|0x0000000084400000, 0x0000000084500000, 0x0000000084500000|100%| O|  |TAMS 0x0000000084500000, 0x0000000084500000| Untracked 
|  69|0x0000000084500000, 0x0000000084600000, 0x0000000084600000|100%| O|  |TAMS 0x0000000084600000, 0x0000000084600000| Untracked 
|  70|0x0000000084600000, 0x0000000084700000, 0x0000000084700000|100%| O|  |TAMS 0x0000000084700000, 0x0000000084700000| Untracked 
|  71|0x0000000084700000, 0x0000000084800000, 0x0000000084800000|100%| O|  |TAMS 0x0000000084800000, 0x0000000084800000| Untracked 
|  72|0x0000000084800000, 0x0000000084900000, 0x0000000084900000|100%| O|  |TAMS 0x0000000084900000, 0x0000000084900000| Untracked 
|  73|0x0000000084900000, 0x0000000084a00000, 0x0000000084a00000|100%|HS|  |TAMS 0x0000000084a00000, 0x0000000084a00000| Complete 
|  74|0x0000000084a00000, 0x0000000084b00000, 0x0000000084b00000|100%|HS|  |TAMS 0x0000000084b00000, 0x0000000084b00000| Complete 
|  75|0x0000000084b00000, 0x0000000084c00000, 0x0000000084c00000|100%|HS|  |TAMS 0x0000000084c00000, 0x0000000084c00000| Complete 
|  76|0x0000000084c00000, 0x0000000084d00000, 0x0000000084d00000|100%|HC|  |TAMS 0x0000000084d00000, 0x0000000084d00000| Complete 
|  77|0x0000000084d00000, 0x0000000084e00000, 0x0000000084e00000|100%|HS|  |TAMS 0x0000000084e00000, 0x0000000084e00000| Complete 
|  78|0x0000000084e00000, 0x0000000084f00000, 0x0000000084f00000|100%| O|  |TAMS 0x0000000084f00000, 0x0000000084f00000| Untracked 
|  79|0x0000000084f00000, 0x0000000085000000, 0x0000000085000000|100%| O|  |TAMS 0x0000000085000000, 0x0000000085000000| Untracked 
|  80|0x0000000085000000, 0x0000000085100000, 0x0000000085100000|100%| O|  |TAMS 0x0000000085000000, 0x0000000085100000| Untracked 
|  81|0x0000000085100000, 0x0000000085200000, 0x0000000085200000|100%| O|  |TAMS 0x0000000085100000, 0x0000000085200000| Untracked 
|  82|0x0000000085200000, 0x0000000085300000, 0x0000000085300000|100%|HS|  |TAMS 0x0000000085300000, 0x0000000085300000| Complete 
|  83|0x0000000085300000, 0x0000000085400000, 0x0000000085400000|100%|HC|  |TAMS 0x0000000085400000, 0x0000000085400000| Complete 
|  84|0x0000000085400000, 0x0000000085500000, 0x0000000085500000|100%|HC|  |TAMS 0x0000000085500000, 0x0000000085500000| Complete 
|  85|0x0000000085500000, 0x0000000085600000, 0x0000000085600000|100%|HC|  |TAMS 0x0000000085600000, 0x0000000085600000| Complete 
|  86|0x0000000085600000, 0x0000000085700000, 0x0000000085700000|100%| O|  |TAMS 0x0000000085700000, 0x0000000085700000| Untracked 
|  87|0x0000000085700000, 0x0000000085800000, 0x0000000085800000|100%| O|  |TAMS 0x0000000085800000, 0x0000000085800000| Untracked 
|  88|0x0000000085800000, 0x0000000085900000, 0x0000000085900000|100%| O|  |TAMS 0x0000000085900000, 0x0000000085900000| Untracked 
|  89|0x0000000085900000, 0x0000000085a00000, 0x0000000085a00000|100%| O|  |TAMS 0x0000000085a00000, 0x0000000085a00000| Untracked 
|  90|0x0000000085a00000, 0x0000000085b00000, 0x0000000085b00000|100%| O|  |TAMS 0x0000000085b00000, 0x0000000085b00000| Untracked 
|  91|0x0000000085b00000, 0x0000000085c00000, 0x0000000085c00000|100%| O|  |TAMS 0x0000000085c00000, 0x0000000085c00000| Untracked 
|  92|0x0000000085c00000, 0x0000000085d00000, 0x0000000085d00000|100%| O|  |TAMS 0x0000000085d00000, 0x0000000085d00000| Untracked 
|  93|0x0000000085d00000, 0x0000000085e00000, 0x0000000085e00000|100%| O|  |TAMS 0x0000000085e00000, 0x0000000085e00000| Untracked 
|  94|0x0000000085e00000, 0x0000000085f00000, 0x0000000085f00000|100%| O|  |TAMS 0x0000000085f00000, 0x0000000085f00000| Untracked 
|  95|0x0000000085f00000, 0x0000000086000000, 0x0000000086000000|100%| O|  |TAMS 0x0000000086000000, 0x0000000086000000| Untracked 
|  96|0x0000000086000000, 0x0000000086100000, 0x0000000086100000|100%| O|  |TAMS 0x0000000086100000, 0x0000000086100000| Untracked 
|  97|0x0000000086100000, 0x0000000086200000, 0x0000000086200000|100%| O|  |TAMS 0x00000000861bee00, 0x0000000086200000| Untracked 
|  98|0x0000000086200000, 0x0000000086300000, 0x0000000086300000|100%| O|  |TAMS 0x0000000086200000, 0x0000000086300000| Untracked 
|  99|0x0000000086300000, 0x0000000086400000, 0x0000000086400000|100%| O|  |TAMS 0x0000000086300000, 0x0000000086400000| Untracked 
| 100|0x0000000086400000, 0x0000000086500000, 0x0000000086500000|100%| O|  |TAMS 0x0000000086500000, 0x0000000086500000| Untracked 
| 101|0x0000000086500000, 0x0000000086600000, 0x0000000086600000|100%| O|  |TAMS 0x0000000086600000, 0x0000000086600000| Untracked 
| 102|0x0000000086600000, 0x0000000086700000, 0x0000000086700000|100%| O|  |TAMS 0x0000000086700000, 0x0000000086700000| Untracked 
| 103|0x0000000086700000, 0x0000000086800000, 0x0000000086800000|100%| O|  |TAMS 0x0000000086800000, 0x0000000086800000| Untracked 
| 104|0x0000000086800000, 0x0000000086900000, 0x0000000086900000|100%|HS|  |TAMS 0x0000000086900000, 0x0000000086900000| Complete 
| 105|0x0000000086900000, 0x0000000086a00000, 0x0000000086a00000|100%|HC|  |TAMS 0x0000000086a00000, 0x0000000086a00000| Complete 
| 106|0x0000000086a00000, 0x0000000086b00000, 0x0000000086b00000|100%|HC|  |TAMS 0x0000000086b00000, 0x0000000086b00000| Complete 
| 107|0x0000000086b00000, 0x0000000086c00000, 0x0000000086c00000|100%|HC|  |TAMS 0x0000000086c00000, 0x0000000086c00000| Complete 
| 108|0x0000000086c00000, 0x0000000086d00000, 0x0000000086d00000|100%| O|  |TAMS 0x0000000086c00000, 0x0000000086d00000| Untracked 
| 109|0x0000000086d00000, 0x0000000086e00000, 0x0000000086e00000|100%| O|  |TAMS 0x0000000086d00000, 0x0000000086e00000| Untracked 
| 110|0x0000000086e00000, 0x0000000086f00000, 0x0000000086f00000|100%| O|  |TAMS 0x0000000086e00000, 0x0000000086f00000| Untracked 
| 111|0x0000000086f00000, 0x0000000087000000, 0x0000000087000000|100%| O|  |TAMS 0x0000000086f00000, 0x0000000087000000| Untracked 
| 112|0x0000000087000000, 0x0000000087100000, 0x0000000087100000|100%| O|  |TAMS 0x0000000087000000, 0x0000000087100000| Untracked 
| 113|0x0000000087100000, 0x0000000087200000, 0x0000000087200000|100%| O|  |TAMS 0x0000000087100000, 0x0000000087200000| Untracked 
| 114|0x0000000087200000, 0x0000000087300000, 0x0000000087300000|100%| O|  |TAMS 0x0000000087200000, 0x0000000087300000| Untracked 
| 115|0x0000000087300000, 0x0000000087400000, 0x0000000087400000|100%| O|  |TAMS 0x0000000087300000, 0x0000000087400000| Untracked 
| 116|0x0000000087400000, 0x0000000087500000, 0x0000000087500000|100%| O|  |TAMS 0x0000000087400000, 0x0000000087500000| Untracked 
| 117|0x0000000087500000, 0x0000000087600000, 0x0000000087600000|100%| O|  |TAMS 0x0000000087500000, 0x0000000087600000| Untracked 
| 118|0x0000000087600000, 0x0000000087700000, 0x0000000087700000|100%| O|  |TAMS 0x0000000087600000, 0x0000000087700000| Untracked 
| 119|0x0000000087700000, 0x0000000087800000, 0x0000000087800000|100%| O|  |TAMS 0x0000000087700000, 0x0000000087800000| Untracked 
| 120|0x0000000087800000, 0x0000000087900000, 0x0000000087900000|100%| O|  |TAMS 0x0000000087800000, 0x0000000087900000| Untracked 
| 121|0x0000000087900000, 0x0000000087a00000, 0x0000000087a00000|100%| O|  |TAMS 0x0000000087900000, 0x0000000087a00000| Untracked 
| 122|0x0000000087a00000, 0x0000000087b00000, 0x0000000087b00000|100%| O|  |TAMS 0x0000000087a00000, 0x0000000087b00000| Untracked 
| 123|0x0000000087b00000, 0x0000000087c00000, 0x0000000087c00000|100%| O|  |TAMS 0x0000000087b00000, 0x0000000087c00000| Untracked 
| 124|0x0000000087c00000, 0x0000000087d00000, 0x0000000087d00000|100%| O|  |TAMS 0x0000000087c00000, 0x0000000087d00000| Untracked 
| 125|0x0000000087d00000, 0x0000000087e00000, 0x0000000087e00000|100%| O|  |TAMS 0x0000000087d00000, 0x0000000087e00000| Untracked 
| 126|0x0000000087e00000, 0x0000000087f00000, 0x0000000087f00000|100%| O|  |TAMS 0x0000000087e00000, 0x0000000087f00000| Untracked 
| 127|0x0000000087f00000, 0x0000000088000000, 0x0000000088000000|100%| O|  |TAMS 0x0000000087f00000, 0x0000000088000000| Untracked 
| 128|0x0000000088000000, 0x0000000088100000, 0x0000000088100000|100%| O|  |TAMS 0x0000000088000000, 0x0000000088100000| Untracked 
| 129|0x0000000088100000, 0x0000000088200000, 0x0000000088200000|100%| O|  |TAMS 0x0000000088100000, 0x0000000088200000| Untracked 
| 130|0x0000000088200000, 0x0000000088300000, 0x0000000088300000|100%| O|  |TAMS 0x0000000088200000, 0x0000000088300000| Untracked 
| 131|0x0000000088300000, 0x0000000088400000, 0x0000000088400000|100%| O|  |TAMS 0x0000000088300000, 0x0000000088400000| Untracked 
| 132|0x0000000088400000, 0x0000000088500000, 0x0000000088500000|100%| O|  |TAMS 0x0000000088400000, 0x0000000088400000| Untracked 
| 133|0x0000000088500000, 0x0000000088600000, 0x0000000088600000|100%| O|  |TAMS 0x0000000088500000, 0x0000000088500000| Untracked 
| 134|0x0000000088600000, 0x0000000088700000, 0x0000000088700000|100%| O|  |TAMS 0x0000000088600000, 0x0000000088600000| Untracked 
| 135|0x0000000088700000, 0x0000000088800000, 0x0000000088800000|100%| O|  |TAMS 0x0000000088700000, 0x0000000088700000| Untracked 
| 136|0x0000000088800000, 0x0000000088900000, 0x0000000088900000|100%| O|  |TAMS 0x0000000088800000, 0x0000000088800000| Untracked 
| 137|0x0000000088900000, 0x0000000088a00000, 0x0000000088a00000|100%| O|  |TAMS 0x0000000088900000, 0x0000000088900000| Untracked 
| 138|0x0000000088a00000, 0x0000000088a67000, 0x0000000088b00000| 40%| O|  |TAMS 0x0000000088a00000, 0x0000000088a00000| Untracked 
| 139|0x0000000088b00000, 0x0000000088b00000, 0x0000000088c00000|  0%| F|  |TAMS 0x0000000088b00000, 0x0000000088b00000| Untracked 
| 140|0x0000000088c00000, 0x0000000088c00000, 0x0000000088d00000|  0%| F|  |TAMS 0x0000000088c00000, 0x0000000088c00000| Untracked 
| 141|0x0000000088d00000, 0x0000000088d00000, 0x0000000088e00000|  0%| F|  |TAMS 0x0000000088d00000, 0x0000000088d00000| Untracked 
| 142|0x0000000088e00000, 0x0000000088e00000, 0x0000000088f00000|  0%| F|  |TAMS 0x0000000088e00000, 0x0000000088e00000| Untracked 
| 143|0x0000000088f00000, 0x0000000088f00000, 0x0000000089000000|  0%| F|  |TAMS 0x0000000088f00000, 0x0000000088f00000| Untracked 
| 144|0x0000000089000000, 0x0000000089000000, 0x0000000089100000|  0%| F|  |TAMS 0x0000000089000000, 0x0000000089000000| Untracked 
| 145|0x0000000089100000, 0x0000000089100000, 0x0000000089200000|  0%| F|  |TAMS 0x0000000089100000, 0x0000000089100000| Untracked 
| 146|0x0000000089200000, 0x0000000089200000, 0x0000000089300000|  0%| F|  |TAMS 0x0000000089200000, 0x0000000089200000| Untracked 
| 147|0x0000000089300000, 0x0000000089300000, 0x0000000089400000|  0%| F|  |TAMS 0x0000000089300000, 0x0000000089300000| Untracked 
| 148|0x0000000089400000, 0x0000000089400000, 0x0000000089500000|  0%| F|  |TAMS 0x0000000089400000, 0x0000000089400000| Untracked 
| 149|0x0000000089500000, 0x0000000089500000, 0x0000000089600000|  0%| F|  |TAMS 0x0000000089500000, 0x0000000089500000| Untracked 
| 150|0x0000000089600000, 0x0000000089600000, 0x0000000089700000|  0%| F|  |TAMS 0x0000000089600000, 0x0000000089600000| Untracked 
| 151|0x0000000089700000, 0x0000000089700000, 0x0000000089800000|  0%| F|  |TAMS 0x0000000089700000, 0x0000000089700000| Untracked 
| 152|0x0000000089800000, 0x0000000089800000, 0x0000000089900000|  0%| F|  |TAMS 0x0000000089800000, 0x0000000089800000| Untracked 
| 153|0x0000000089900000, 0x0000000089900000, 0x0000000089a00000|  0%| F|  |TAMS 0x0000000089900000, 0x0000000089900000| Untracked 
| 154|0x0000000089a00000, 0x0000000089a00000, 0x0000000089b00000|  0%| F|  |TAMS 0x0000000089a00000, 0x0000000089a00000| Untracked 
| 155|0x0000000089b00000, 0x0000000089b00000, 0x0000000089c00000|  0%| F|  |TAMS 0x0000000089b00000, 0x0000000089b00000| Untracked 
| 156|0x0000000089c00000, 0x0000000089c00000, 0x0000000089d00000|  0%| F|  |TAMS 0x0000000089c00000, 0x0000000089c00000| Untracked 
| 157|0x0000000089d00000, 0x0000000089d00000, 0x0000000089e00000|  0%| F|  |TAMS 0x0000000089d00000, 0x0000000089d00000| Untracked 
| 158|0x0000000089e00000, 0x0000000089e00000, 0x0000000089f00000|  0%| F|  |TAMS 0x0000000089e00000, 0x0000000089e00000| Untracked 
| 159|0x0000000089f00000, 0x0000000089f00000, 0x000000008a000000|  0%| F|  |TAMS 0x0000000089f00000, 0x0000000089f00000| Untracked 
| 160|0x000000008a000000, 0x000000008a000000, 0x000000008a100000|  0%| F|  |TAMS 0x000000008a000000, 0x000000008a000000| Untracked 
| 161|0x000000008a100000, 0x000000008a100000, 0x000000008a200000|  0%| F|  |TAMS 0x000000008a100000, 0x000000008a100000| Untracked 
| 162|0x000000008a200000, 0x000000008a200000, 0x000000008a300000|  0%| F|  |TAMS 0x000000008a200000, 0x000000008a200000| Untracked 
| 163|0x000000008a300000, 0x000000008a300000, 0x000000008a400000|  0%| F|  |TAMS 0x000000008a300000, 0x000000008a300000| Untracked 
| 164|0x000000008a400000, 0x000000008a400000, 0x000000008a500000|  0%| F|  |TAMS 0x000000008a400000, 0x000000008a400000| Untracked 
| 165|0x000000008a500000, 0x000000008a500000, 0x000000008a600000|  0%| F|  |TAMS 0x000000008a500000, 0x000000008a500000| Untracked 
| 166|0x000000008a600000, 0x000000008a600000, 0x000000008a700000|  0%| F|  |TAMS 0x000000008a600000, 0x000000008a600000| Untracked 
| 167|0x000000008a700000, 0x000000008a700000, 0x000000008a800000|  0%| F|  |TAMS 0x000000008a700000, 0x000000008a700000| Untracked 
| 168|0x000000008a800000, 0x000000008a800000, 0x000000008a900000|  0%| F|  |TAMS 0x000000008a800000, 0x000000008a800000| Untracked 
| 169|0x000000008a900000, 0x000000008a900000, 0x000000008aa00000|  0%| F|  |TAMS 0x000000008a900000, 0x000000008a900000| Untracked 
| 170|0x000000008aa00000, 0x000000008aa00000, 0x000000008ab00000|  0%| F|  |TAMS 0x000000008aa00000, 0x000000008aa00000| Untracked 
| 171|0x000000008ab00000, 0x000000008ab00000, 0x000000008ac00000|  0%| F|  |TAMS 0x000000008ab00000, 0x000000008ab00000| Untracked 
| 172|0x000000008ac00000, 0x000000008ac00000, 0x000000008ad00000|  0%| F|  |TAMS 0x000000008ac00000, 0x000000008ac00000| Untracked 
| 173|0x000000008ad00000, 0x000000008ad00000, 0x000000008ae00000|  0%| F|  |TAMS 0x000000008ad00000, 0x000000008ad00000| Untracked 
| 174|0x000000008ae00000, 0x000000008ae00000, 0x000000008af00000|  0%| F|  |TAMS 0x000000008ae00000, 0x000000008ae00000| Untracked 
| 175|0x000000008af00000, 0x000000008af00000, 0x000000008b000000|  0%| F|  |TAMS 0x000000008af00000, 0x000000008af00000| Untracked 
| 176|0x000000008b000000, 0x000000008b000000, 0x000000008b100000|  0%| F|  |TAMS 0x000000008b000000, 0x000000008b000000| Untracked 
| 177|0x000000008b100000, 0x000000008b100000, 0x000000008b200000|  0%| F|  |TAMS 0x000000008b100000, 0x000000008b100000| Untracked 
| 178|0x000000008b200000, 0x000000008b200000, 0x000000008b300000|  0%| F|  |TAMS 0x000000008b200000, 0x000000008b200000| Untracked 
| 179|0x000000008b300000, 0x000000008b300000, 0x000000008b400000|  0%| F|  |TAMS 0x000000008b300000, 0x000000008b300000| Untracked 
| 180|0x000000008b400000, 0x000000008b400000, 0x000000008b500000|  0%| F|  |TAMS 0x000000008b400000, 0x000000008b400000| Untracked 
| 181|0x000000008b500000, 0x000000008b500000, 0x000000008b600000|  0%| F|  |TAMS 0x000000008b500000, 0x000000008b500000| Untracked 
| 182|0x000000008b600000, 0x000000008b600000, 0x000000008b700000|  0%| F|  |TAMS 0x000000008b600000, 0x000000008b600000| Untracked 
| 183|0x000000008b700000, 0x000000008b700000, 0x000000008b800000|  0%| F|  |TAMS 0x000000008b700000, 0x000000008b700000| Untracked 
| 184|0x000000008b800000, 0x000000008b800000, 0x000000008b900000|  0%| F|  |TAMS 0x000000008b800000, 0x000000008b800000| Untracked 
| 185|0x000000008b900000, 0x000000008b900000, 0x000000008ba00000|  0%| F|  |TAMS 0x000000008b900000, 0x000000008b900000| Untracked 
| 186|0x000000008ba00000, 0x000000008ba00000, 0x000000008bb00000|  0%| F|  |TAMS 0x000000008ba00000, 0x000000008ba00000| Untracked 
| 187|0x000000008bb00000, 0x000000008bb00000, 0x000000008bc00000|  0%| F|  |TAMS 0x000000008bb00000, 0x000000008bb00000| Untracked 
| 188|0x000000008bc00000, 0x000000008bc00000, 0x000000008bd00000|  0%| F|  |TAMS 0x000000008bc00000, 0x000000008bc00000| Untracked 
| 189|0x000000008bd00000, 0x000000008bd00000, 0x000000008be00000|  0%| F|  |TAMS 0x000000008bd00000, 0x000000008bd00000| Untracked 
| 190|0x000000008be00000, 0x000000008be00000, 0x000000008bf00000|  0%| F|  |TAMS 0x000000008be00000, 0x000000008be00000| Untracked 
| 191|0x000000008bf00000, 0x000000008bffead0, 0x000000008c000000| 99%| S|CS|TAMS 0x000000008bf00000, 0x000000008bf00000| Complete 
| 192|0x000000008c000000, 0x000000008c100000, 0x000000008c100000|100%| S|CS|TAMS 0x000000008c000000, 0x000000008c000000| Complete 
| 193|0x000000008c100000, 0x000000008c100000, 0x000000008c200000|  0%| F|  |TAMS 0x000000008c100000, 0x000000008c100000| Untracked 
| 194|0x000000008c200000, 0x000000008c200000, 0x000000008c300000|  0%| F|  |TAMS 0x000000008c200000, 0x000000008c200000| Untracked 
| 195|0x000000008c300000, 0x000000008c300000, 0x000000008c400000|  0%| F|  |TAMS 0x000000008c300000, 0x000000008c300000| Untracked 
| 196|0x000000008c400000, 0x000000008c400000, 0x000000008c500000|  0%| F|  |TAMS 0x000000008c400000, 0x000000008c400000| Untracked 
| 197|0x000000008c500000, 0x000000008c500000, 0x000000008c600000|  0%| F|  |TAMS 0x000000008c500000, 0x000000008c500000| Untracked 
| 198|0x000000008c600000, 0x000000008c600000, 0x000000008c700000|  0%| F|  |TAMS 0x000000008c600000, 0x000000008c600000| Untracked 
| 199|0x000000008c700000, 0x000000008c700000, 0x000000008c800000|  0%| F|  |TAMS 0x000000008c700000, 0x000000008c700000| Untracked 
| 200|0x000000008c800000, 0x000000008c800000, 0x000000008c900000|  0%| F|  |TAMS 0x000000008c800000, 0x000000008c800000| Untracked 
| 201|0x000000008c900000, 0x000000008c900000, 0x000000008ca00000|  0%| F|  |TAMS 0x000000008c900000, 0x000000008c900000| Untracked 
| 202|0x000000008ca00000, 0x000000008ca00000, 0x000000008cb00000|  0%| F|  |TAMS 0x000000008ca00000, 0x000000008ca00000| Untracked 
| 203|0x000000008cb00000, 0x000000008cb00000, 0x000000008cc00000|  0%| F|  |TAMS 0x000000008cb00000, 0x000000008cb00000| Untracked 
| 204|0x000000008cc00000, 0x000000008cc00000, 0x000000008cd00000|  0%| F|  |TAMS 0x000000008cc00000, 0x000000008cc00000| Untracked 
| 205|0x000000008cd00000, 0x000000008cd00000, 0x000000008ce00000|  0%| F|  |TAMS 0x000000008cd00000, 0x000000008cd00000| Untracked 
| 206|0x000000008ce00000, 0x000000008ce00000, 0x000000008cf00000|  0%| F|  |TAMS 0x000000008ce00000, 0x000000008ce00000| Untracked 
| 207|0x000000008cf00000, 0x000000008cf00000, 0x000000008d000000|  0%| F|  |TAMS 0x000000008cf00000, 0x000000008cf00000| Untracked 
| 208|0x000000008d000000, 0x000000008d000000, 0x000000008d100000|  0%| F|  |TAMS 0x000000008d000000, 0x000000008d000000| Untracked 
| 209|0x000000008d100000, 0x000000008d100000, 0x000000008d200000|  0%| F|  |TAMS 0x000000008d100000, 0x000000008d100000| Untracked 
| 210|0x000000008d200000, 0x000000008d200000, 0x000000008d300000|  0%| F|  |TAMS 0x000000008d200000, 0x000000008d200000| Untracked 
| 211|0x000000008d300000, 0x000000008d300000, 0x000000008d400000|  0%| F|  |TAMS 0x000000008d300000, 0x000000008d300000| Untracked 

Card table byte_map: [0x000001c06afe0000,0x000001c06b3e0000] _byte_map_base: 0x000001c06abe0000

Marking Bits (Prev, Next): (CMBitMap*) 0x000001c058773430, (CMBitMap*) 0x000001c0587733f0
 Prev Bits: [0x000001c06d7e0000, 0x000001c06f7e0000)
 Next Bits: [0x000001c06b7e0000, 0x000001c06d7e0000)

Polling page: 0x000001c056720000

Metaspace:

Usage:
  Non-class:     82.58 MB used.
      Class:     12.96 MB used.
       Both:     95.54 MB used.

Virtual space:
  Non-class space:       88.00 MB reserved,      82.94 MB ( 94%) committed,  11 nodes.
      Class space:        1.00 GB reserved,      13.25 MB (  1%) committed,  1 nodes.
             Both:        1.09 GB reserved,      96.19 MB (  9%) committed. 

Chunk freelists:
   Non-Class:  720.00 KB
       Class:  2.75 MB
        Both:  3.45 MB

MaxMetaspaceSize: unlimited
CompressedClassSpaceSize: 1.00 GB
Initial GC threshold: 21.00 MB
Current GC threshold: 153.06 MB
CDS: off
MetaspaceReclaimPolicy: balanced
 - commit_granule_bytes: 65536.
 - commit_granule_words: 8192.
 - virtual_space_node_default_size: 1048576.
 - enlarge_chunks_in_place: 1.
 - new_chunks_are_fully_committed: 0.
 - uncommit_free_chunks: 1.
 - use_allocation_guard: 0.
 - handle_deallocations: 1.


Internal statistics:

num_allocs_failed_limit: 3.
num_arena_births: 914.
num_arena_deaths: 0.
num_vsnodes_births: 12.
num_vsnodes_deaths: 0.
num_space_committed: 1538.
num_space_uncommitted: 0.
num_chunks_returned_to_freelist: 3.
num_chunks_taken_from_freelist: 4284.
num_chunk_merges: 3.
num_chunk_splits: 3038.
num_chunks_enlarged: 2224.
num_purges: 0.
num_inconsistent_stats: 0.

CodeHeap 'non-profiled nmethods': size=120064Kb used=4434Kb max_used=4434Kb free=115629Kb
 bounds [0x000001c0636a0000, 0x000001c063b00000, 0x000001c06abe0000]
CodeHeap 'profiled nmethods': size=120000Kb used=16329Kb max_used=16329Kb free=103670Kb
 bounds [0x000001c05bbe0000, 0x000001c05cbe0000, 0x000001c063110000]
CodeHeap 'non-nmethods': size=5696Kb used=2397Kb max_used=2433Kb free=3298Kb
 bounds [0x000001c063110000, 0x000001c063380000, 0x000001c0636a0000]
 total_blobs=9030 nmethods=8091 adapters=851
 compilation: enabled
              stopped_count=0, restarted_count=0
 full_count=0

Compilation events (20 events):
Event: 52.127 Thread 0x000001c071995580 nmethod 8923 0x000001c063af2c10 code [0x000001c063af2dc0, 0x000001c063af3958]
Event: 52.132 Thread 0x000001c071995580 8934       4       org.jetbrains.kotlin.protobuf.CodedInputStream::readInt32 (5 bytes)
Event: 52.141 Thread 0x000001c071997390 nmethod 8928 0x000001c05cba6f10 code [0x000001c05cba8560, 0x000001c05cbba758]
Event: 52.141 Thread 0x000001c071997390 8929   !   3       org.jetbrains.kotlin.metadata.ProtoBuf$Property::<init> (1283 bytes)
Event: 52.143 Thread 0x000001c071995580 nmethod 8934 0x000001c063af3d90 code [0x000001c063af3f20, 0x000001c063af4268]
Event: 52.146 Thread 0x000001c071995580 8936       4       org.jetbrains.kotlin.protobuf.GeneratedMessageLite::<init> (5 bytes)
Event: 52.146 Thread 0x000001c071995580 nmethod 8936 0x000001c063af4410 code [0x000001c063af4580, 0x000001c063af45f8]
Event: 52.151 Thread 0x000001c071997390 nmethod 8929 0x000001c05cbc0f90 code [0x000001c05cbc1a60, 0x000001c05cbc9968]
Event: 52.152 Thread 0x000001c071997390 8935   !   3       org.jetbrains.kotlin.metadata.ProtoBuf$QualifiedNameTable$QualifiedName::<init> (351 bytes)
Event: 52.155 Thread 0x000001c071997390 nmethod 8935 0x000001c05cbccb10 code [0x000001c05cbccfe0, 0x000001c05cbcf6e8]
Event: 52.155 Thread 0x000001c071997390 8931       3       java.lang.String::<init> (13 bytes)
Event: 52.155 Thread 0x000001c071997390 nmethod 8931 0x000001c05cbd0890 code [0x000001c05cbd0aa0, 0x000001c05cbd10e8]
Event: 52.156 Thread 0x000001c071997390 8932   !   3       java.lang.String::lookupCharset (20 bytes)
Event: 52.156 Thread 0x000001c071997390 nmethod 8932 0x000001c05cbd1410 code [0x000001c05cbd1600, 0x000001c05cbd1b18]
Event: 52.156 Thread 0x000001c071997390 8933       3       org.jetbrains.kotlin.metadata.ProtoBuf$QualifiedNameTable$QualifiedName$Kind::valueOf (42 bytes)
Event: 52.156 Thread 0x000001c071997390 nmethod 8933 0x000001c05cbd1d90 code [0x000001c05cbd1f40, 0x000001c05cbd2158]
Event: 52.156 Thread 0x000001c071997390 8930       3       org.jetbrains.kotlin.metadata.ProtoBuf$ValueParameter::getDefaultInstance (4 bytes)
Event: 52.156 Thread 0x000001c071997390 nmethod 8930 0x000001c05cbd2210 code [0x000001c05cbd23a0, 0x000001c05cbd2498]
Event: 52.156 Thread 0x000001c071997390 8937       1       org.jetbrains.kotlin.serialization.deserialization.DeserializationComponents::getStorageManager (5 bytes)
Event: 52.157 Thread 0x000001c071997390 nmethod 8937 0x000001c063af4710 code [0x000001c063af48a0, 0x000001c063af4978]

GC Heap History (20 events):
Event: 40.128 GC heap after
{Heap after GC invocations=45 (full 0):
 garbage-first heap   total 163840K, used 105165K [0x0000000080000000, 0x0000000100000000)
  region size 1024K, 4 young (4096K), 4 survivors (4096K)
 Metaspace       used 71953K, committed 72704K, reserved 1114112K
  class space    used 10008K, committed 10368K, reserved 1048576K
}
Event: 40.389 GC heap before
{Heap before GC invocations=45 (full 0):
 garbage-first heap   total 163840K, used 108237K [0x0000000080000000, 0x0000000100000000)
  region size 1024K, 8 young (8192K), 4 survivors (4096K)
 Metaspace       used 72331K, committed 73024K, reserved 1114112K
  class space    used 10087K, committed 10432K, reserved 1048576K
}
Event: 40.401 GC heap after
{Heap after GC invocations=46 (full 0):
 garbage-first heap   total 163840K, used 105087K [0x0000000080000000, 0x0000000100000000)
  region size 1024K, 1 young (1024K), 1 survivors (1024K)
 Metaspace       used 72331K, committed 73024K, reserved 1114112K
  class space    used 10087K, committed 10432K, reserved 1048576K
}
Event: 41.288 GC heap before
{Heap before GC invocations=46 (full 0):
 garbage-first heap   total 163840K, used 129663K [0x0000000080000000, 0x0000000100000000)
  region size 1024K, 26 young (26624K), 1 survivors (1024K)
 Metaspace       used 74720K, committed 75456K, reserved 1114112K
  class space    used 10376K, committed 10752K, reserved 1048576K
}
Event: 41.296 GC heap after
{Heap after GC invocations=47 (full 0):
 garbage-first heap   total 217088K, used 106592K [0x0000000080000000, 0x0000000100000000)
  region size 1024K, 3 young (3072K), 3 survivors (3072K)
 Metaspace       used 74720K, committed 75456K, reserved 1114112K
  class space    used 10376K, committed 10752K, reserved 1048576K
}
Event: 45.003 GC heap before
{Heap before GC invocations=48 (full 0):
 garbage-first heap   total 217088K, used 159840K [0x0000000080000000, 0x0000000100000000)
  region size 1024K, 59 young (60416K), 3 survivors (3072K)
 Metaspace       used 81545K, committed 82240K, reserved 1122304K
  class space    used 11261K, committed 11584K, reserved 1048576K
}
Event: 45.019 GC heap after
{Heap after GC invocations=49 (full 0):
 garbage-first heap   total 217088K, used 106184K [0x0000000080000000, 0x0000000100000000)
  region size 1024K, 6 young (6144K), 6 survivors (6144K)
 Metaspace       used 81545K, committed 82240K, reserved 1122304K
  class space    used 11261K, committed 11584K, reserved 1048576K
}
Event: 45.149 GC heap before
{Heap before GC invocations=49 (full 0):
 garbage-first heap   total 217088K, used 110280K [0x0000000080000000, 0x0000000100000000)
  region size 1024K, 10 young (10240K), 6 survivors (6144K)
 Metaspace       used 82098K, committed 82752K, reserved 1122304K
  class space    used 11347K, committed 11648K, reserved 1048576K
}
Event: 45.161 GC heap after
{Heap after GC invocations=50 (full 0):
 garbage-first heap   total 217088K, used 105112K [0x0000000080000000, 0x0000000100000000)
  region size 1024K, 1 young (1024K), 1 survivors (1024K)
 Metaspace       used 82098K, committed 82752K, reserved 1122304K
  class space    used 11347K, committed 11648K, reserved 1048576K
}
Event: 47.824 GC heap before
{Heap before GC invocations=50 (full 0):
 garbage-first heap   total 217088K, used 173720K [0x0000000080000000, 0x0000000100000000)
  region size 1024K, 64 young (65536K), 1 survivors (1024K)
 Metaspace       used 88623K, committed 89280K, reserved 1130496K
  class space    used 12141K, committed 12480K, reserved 1048576K
}
Event: 47.836 GC heap after
{Heap after GC invocations=51 (full 0):
 garbage-first heap   total 217088K, used 113390K [0x0000000080000000, 0x0000000100000000)
  region size 1024K, 5 young (5120K), 5 survivors (5120K)
 Metaspace       used 88623K, committed 89280K, reserved 1130496K
  class space    used 12141K, committed 12480K, reserved 1048576K
}
Event: 48.956 GC heap before
{Heap before GC invocations=51 (full 0):
 garbage-first heap   total 217088K, used 140014K [0x0000000080000000, 0x0000000100000000)
  region size 1024K, 32 young (32768K), 5 survivors (5120K)
 Metaspace       used 93336K, committed 94016K, reserved 1130496K
  class space    used 12757K, committed 13056K, reserved 1048576K
}
Event: 48.967 GC heap after
{Heap after GC invocations=52 (full 0):
 garbage-first heap   total 217088K, used 114293K [0x0000000080000000, 0x0000000100000000)
  region size 1024K, 1 young (1024K), 1 survivors (1024K)
 Metaspace       used 93336K, committed 94016K, reserved 1130496K
  class space    used 12757K, committed 13056K, reserved 1048576K
}
Event: 50.041 GC heap before
{Heap before GC invocations=53 (full 0):
 garbage-first heap   total 217088K, used 179829K [0x0000000080000000, 0x0000000100000000)
  region size 1024K, 60 young (61440K), 1 survivors (1024K)
 Metaspace       used 93479K, committed 94208K, reserved 1130496K
  class space    used 12766K, committed 13120K, reserved 1048576K
}
Event: 50.078 GC heap after
{Heap after GC invocations=54 (full 0):
 garbage-first heap   total 217088K, used 132454K [0x0000000080000000, 0x0000000100000000)
  region size 1024K, 8 young (8192K), 8 survivors (8192K)
 Metaspace       used 93479K, committed 94208K, reserved 1130496K
  class space    used 12766K, committed 13120K, reserved 1048576K
}
Event: 50.115 GC heap before
{Heap before GC invocations=54 (full 0):
 garbage-first heap   total 217088K, used 134502K [0x0000000080000000, 0x0000000100000000)
  region size 1024K, 10 young (10240K), 8 survivors (8192K)
 Metaspace       used 93479K, committed 94208K, reserved 1130496K
  class space    used 12766K, committed 13120K, reserved 1048576K
}
Event: 50.132 GC heap after
{Heap after GC invocations=55 (full 0):
 garbage-first heap   total 217088K, used 133107K [0x0000000080000000, 0x0000000100000000)
  region size 1024K, 2 young (2048K), 2 survivors (2048K)
 Metaspace       used 93479K, committed 94208K, reserved 1130496K
  class space    used 12766K, committed 13120K, reserved 1048576K
}
Event: 51.217 GC heap before
{Heap before GC invocations=55 (full 0):
 garbage-first heap   total 217088K, used 173043K [0x0000000080000000, 0x0000000100000000)
  region size 1024K, 41 young (41984K), 2 survivors (2048K)
 Metaspace       used 95228K, committed 95936K, reserved 1138688K
  class space    used 12980K, committed 13312K, reserved 1048576K
}
Event: 51.237 GC heap after
{Heap after GC invocations=56 (full 0):
 garbage-first heap   total 217088K, used 141299K [0x0000000080000000, 0x0000000100000000)
  region size 1024K, 6 young (6144K), 6 survivors (6144K)
 Metaspace       used 95228K, committed 95936K, reserved 1138688K
  class space    used 12980K, committed 13312K, reserved 1048576K
}
Event: 52.178 GC heap before
{Heap before GC invocations=56 (full 0):
 garbage-first heap   total 217088K, used 159731K [0x0000000080000000, 0x0000000100000000)
  region size 1024K, 25 young (25600K), 6 survivors (6144K)
 Metaspace       used 97832K, committed 98496K, reserved 1138688K
  class space    used 13267K, committed 13568K, reserved 1048576K
}

Dll operation events (2 events):
Event: 0.013 Loaded shared library D:\ANDROID\jbr\bin\java.dll
Event: 5.102 Loaded shared library D:\ANDROID\jbr\bin\verify.dll

Deoptimization events (20 events):
Event: 50.087 Thread 0x000001c0730100b0 Uncommon trap: trap_request=0xffffff45 fr.pc=0x000001c0638597e8 relative=0x0000000000000448
Event: 50.087 Thread 0x000001c0730100b0 Uncommon trap: reason=unstable_if action=reinterpret pc=0x000001c0638597e8 method=java.lang.String.substring(II)Ljava/lang/String; @ 31 c2
Event: 50.087 Thread 0x000001c0730100b0 DEOPT PACKING pc=0x000001c0638597e8 sp=0x000000261c6f5030
Event: 50.087 Thread 0x000001c0730100b0 DEOPT UNPACKING pc=0x000001c0631669a3 sp=0x000000261c6f4f90 mode 2
Event: 50.087 Thread 0x000001c0730100b0 Uncommon trap: trap_request=0xffffff45 fr.pc=0x000001c0636c328c relative=0x000000000000018c
Event: 50.087 Thread 0x000001c0730100b0 Uncommon trap: reason=unstable_if action=reinterpret pc=0x000001c0636c328c method=java.lang.String.equals(Ljava/lang/Object;)Z @ 33 c2
Event: 50.087 Thread 0x000001c0730100b0 DEOPT PACKING pc=0x000001c0636c328c sp=0x000000261c6f5100
Event: 50.087 Thread 0x000001c0730100b0 DEOPT UNPACKING pc=0x000001c0631669a3 sp=0x000000261c6f50a0 mode 2
Event: 50.113 Thread 0x000001c0730100b0 DEOPT PACKING pc=0x000001c05ca8f390 sp=0x000000261c6f5210
Event: 50.113 Thread 0x000001c0730100b0 DEOPT UNPACKING pc=0x000001c063167143 sp=0x000000261c6f4718 mode 0
Event: 50.213 Thread 0x000001c0730100b0 DEOPT PACKING pc=0x000001c05ca8f390 sp=0x000000261c6f5210
Event: 50.213 Thread 0x000001c0730100b0 DEOPT UNPACKING pc=0x000001c063167143 sp=0x000000261c6f4718 mode 0
Event: 51.855 Thread 0x000001c0730100b0 Uncommon trap: trap_request=0xffffff45 fr.pc=0x000001c063aeb08c relative=0x00000000000001ec
Event: 51.855 Thread 0x000001c0730100b0 Uncommon trap: reason=unstable_if action=reinterpret pc=0x000001c063aeb08c method=org.jetbrains.kotlin.protobuf.CodedInputStream.readRawVarint32()I @ 69 c2
Event: 51.855 Thread 0x000001c0730100b0 DEOPT PACKING pc=0x000001c063aeb08c sp=0x000000261c6f1230
Event: 51.855 Thread 0x000001c0730100b0 DEOPT UNPACKING pc=0x000001c0631669a3 sp=0x000000261c6f11b8 mode 2
Event: 51.856 Thread 0x000001c0730100b0 Uncommon trap: trap_request=0xffffff45 fr.pc=0x000001c063aee094 relative=0x00000000000001f4
Event: 51.856 Thread 0x000001c0730100b0 Uncommon trap: reason=unstable_if action=reinterpret pc=0x000001c063aee094 method=org.jetbrains.kotlin.protobuf.CodedInputStream.readRawVarint32()I @ 69 c2
Event: 51.856 Thread 0x000001c0730100b0 DEOPT PACKING pc=0x000001c063aee094 sp=0x000000261c6f1320
Event: 51.856 Thread 0x000001c0730100b0 DEOPT UNPACKING pc=0x000001c0631669a3 sp=0x000000261c6f1250 mode 2

Classes unloaded (0 events):
No events

Classes redefined (0 events):
No events

Internal exceptions (20 events):
Event: 42.625 Thread 0x000001c0730100b0 Exception <a 'java/lang/ClassNotFoundException'{0x000000008bf76d18}: org/gradle/api/plugins/internal/DefaultJavaPluginConventionBeanInfo> (0x000000008bf76d18) 
thrown [s\src\hotspot\share\classfile\systemDictionary.cpp, line 256]
Event: 42.632 Thread 0x000001c0730100b0 Exception <a 'java/lang/ClassNotFoundException'{0x000000008bf8e848}: org/gradle/api/plugins/JavaPluginConventionBeanInfo> (0x000000008bf8e848) 
thrown [s\src\hotspot\share\classfile\systemDictionary.cpp, line 256]
Event: 42.634 Thread 0x000001c0730100b0 Exception <a 'java/lang/ClassNotFoundException'{0x000000008bfa5890}: org/gradle/api/plugins/JavaPluginConventionCustomizer> (0x000000008bfa5890) 
thrown [s\src\hotspot\share\classfile\systemDictionary.cpp, line 256]
Event: 42.656 Thread 0x000001c0730100b0 Exception <a 'java/lang/ClassNotFoundException'{0x000000008bfd0818}: org/gradle/api/plugins/internal/DefaultJavaPluginConventionCustomizer> (0x000000008bfd0818) 
thrown [s\src\hotspot\share\classfile\systemDictionary.cpp, line 256]
Event: 42.770 Thread 0x000001c0730100b0 Exception <a 'java/lang/ClassNotFoundException'{0x000000008be0dc10}: org/gradle/api/plugins/internal/DefaultJavaPluginConvention_DecoratedCustomizer> (0x000000008be0dc10) 
thrown [s\src\hotspot\share\classfile\systemDictionary.cpp, line 256]
Event: 43.595 Thread 0x000001c0730100b0 Exception <a 'java/lang/ClassNotFoundException'{0x000000008b1209d8}: org/jetbrains/kotlin/gradle/targets/js/npm/DefaultNpmDependencyExtensionBeanInfo> (0x000000008b1209d8) 
thrown [s\src\hotspot\share\classfile\systemDictionary.cpp, line 256]
Event: 43.595 Thread 0x000001c0730100b0 Exception <a 'java/lang/ClassNotFoundException'{0x000000008b12c048}: org/jetbrains/kotlin/gradle/targets/js/npm/DefaultNpmDependencyExtensionCustomizer> (0x000000008b12c048) 
thrown [s\src\hotspot\share\classfile\systemDictionary.cpp, line 256]
Event: 43.619 Thread 0x000001c0730100b0 Exception <a 'java/lang/ClassNotFoundException'{0x000000008b197f08}: org/jetbrains/kotlin/gradle/targets/js/npm/NpmDependencyExtensionKt$defaultNpmDependencyDelegate$1BeanInfo> (0x000000008b197f08) 
thrown [s\src\hotspot\share\classfile\systemDictionary.cpp, line 256]
Event: 43.620 Thread 0x000001c0730100b0 Exception <a 'java/lang/ClassNotFoundException'{0x000000008b1a35c0}: org/jetbrains/kotlin/gradle/targets/js/npm/NpmDependencyExtensionDelegateBeanInfo> (0x000000008b1a35c0) 
thrown [s\src\hotspot\share\classfile\systemDictionary.cpp, line 256]
Event: 43.621 Thread 0x000001c0730100b0 Exception <a 'java/lang/ClassNotFoundException'{0x000000008b1aec40}: org/jetbrains/kotlin/gradle/targets/js/npm/NpmDependencyExtensionDelegateCustomizer> (0x000000008b1aec40) 
thrown [s\src\hotspot\share\classfile\systemDictionary.cpp, line 256]
Event: 43.623 Thread 0x000001c0730100b0 Exception <a 'java/lang/ClassNotFoundException'{0x000000008b1d1fb8}: org/jetbrains/kotlin/gradle/targets/js/npm/NpmDependencyExtensionKt$defaultNpmDependencyDelegate$1Customizer> (0x000000008b1d1fb8) 
thrown [s\src\hotspot\share\classfile\systemDictionary.cpp, line 256]
Event: 43.631 Thread 0x000001c0730100b0 Exception <a 'java/lang/ClassNotFoundException'{0x000000008b007840}: org/jetbrains/kotlin/gradle/targets/js/npm/DefaultDevNpmDependencyExtensionBeanInfo> (0x000000008b007840) 
thrown [s\src\hotspot\share\classfile\systemDictionary.cpp, line 256]
Event: 43.633 Thread 0x000001c0730100b0 Exception <a 'java/lang/ClassNotFoundException'{0x000000008b012ec8}: org/jetbrains/kotlin/gradle/targets/js/npm/DefaultDevNpmDependencyExtensionCustomizer> (0x000000008b012ec8) 
thrown [s\src\hotspot\share\classfile\systemDictionary.cpp, line 256]
Event: 43.638 Thread 0x000001c0730100b0 Exception <a 'java/lang/ClassNotFoundException'{0x000000008b04cd30}: org/jetbrains/kotlin/gradle/targets/js/npm/DefaultPeerNpmDependencyExtensionBeanInfo> (0x000000008b04cd30) 
thrown [s\src\hotspot\share\classfile\systemDictionary.cpp, line 256]
Event: 43.638 Thread 0x000001c0730100b0 Exception <a 'java/lang/ClassNotFoundException'{0x000000008b0583e8}: org/jetbrains/kotlin/gradle/targets/js/npm/DefaultPeerNpmDependencyExtensionCustomizer> (0x000000008b0583e8) 
thrown [s\src\hotspot\share\classfile\systemDictionary.cpp, line 256]
Event: 43.645 Thread 0x000001c0730100b0 Exception <a 'java/lang/ClassNotFoundException'{0x000000008b0994a0}: org/jetbrains/kotlin/gradle/targets/js/npm/DefaultPeerNpmDependencyExtension$delegate$1BeanInfo> (0x000000008b0994a0) 
thrown [s\src\hotspot\share\classfile\systemDictionary.cpp, line 256]
Event: 43.645 Thread 0x000001c0730100b0 Exception <a 'java/lang/ClassNotFoundException'{0x000000008b0a4d20}: org/jetbrains/kotlin/gradle/targets/js/npm/DefaultPeerNpmDependencyExtension$delegate$1Customizer> (0x000000008b0a4d20) 
thrown [s\src\hotspot\share\classfile\systemDictionary.cpp, line 256]
Event: 46.845 Thread 0x000001c0730100b0 Exception <a 'java/lang/NoSuchMethodError'{0x000000008a8096f8}: 'long java.lang.invoke.DirectMethodHandle$Holder.invokeStatic(java.lang.Object)'> (0x000000008a8096f8) 
thrown [s\src\hotspot\share\interpreter\linkResolver.cpp, line 771]
Event: 46.845 Thread 0x000001c0730100b0 Exception <a 'java/lang/NoSuchMethodError'{0x000000008a80e298}: 'long java.lang.invoke.DirectMethodHandle$Holder.invokeStaticInit(java.lang.Object)'> (0x000000008a80e298) 
thrown [s\src\hotspot\share\interpreter\linkResolver.cpp, line 771]
Event: 48.869 Thread 0x000001c0730100b0 Exception <a 'java/lang/NoSuchMethodError'{0x000000008bbed118}: 'java.lang.Object java.lang.invoke.Invokers$Holder.invoke_MT(java.lang.Object, java.lang.Object, java.lang.Object)'> (0x000000008bbed118) 
thrown [s\src\hotspot\share\interpreter\linkResolver.cpp, line 771]

VM Operations (20 events):
Event: 48.417 Executing VM operation: HandshakeAllThreads done
Event: 48.951 Executing VM operation: HandshakeAllThreads
Event: 48.951 Executing VM operation: HandshakeAllThreads done
Event: 48.951 Executing VM operation: Cleanup
Event: 48.951 Executing VM operation: Cleanup done
Event: 48.956 Executing VM operation: G1TryInitiateConcMark
Event: 48.967 Executing VM operation: G1TryInitiateConcMark done
Event: 49.102 Executing VM operation: G1Concurrent
Event: 49.119 Executing VM operation: G1Concurrent done
Event: 49.182 Executing VM operation: G1Concurrent
Event: 49.184 Executing VM operation: G1Concurrent done
Event: 50.041 Executing VM operation: G1CollectForAllocation
Event: 50.079 Executing VM operation: G1CollectForAllocation done
Event: 50.115 Executing VM operation: G1CollectForAllocation
Event: 50.132 Executing VM operation: G1CollectForAllocation done
Event: 51.147 Executing VM operation: Cleanup
Event: 51.147 Executing VM operation: Cleanup done
Event: 51.217 Executing VM operation: G1CollectForAllocation
Event: 51.237 Executing VM operation: G1CollectForAllocation done
Event: 52.178 Executing VM operation: G1TryInitiateConcMark

Events (20 events):
Event: 48.867 loading class jdk/internal/misc/ExtendedMapMode
Event: 48.868 loading class jdk/internal/misc/ExtendedMapMode done
Event: 48.869 loading class sun/nio/ch/FileChannelImpl$DefaultUnmapper
Event: 48.870 loading class sun/nio/ch/FileChannelImpl$Unmapper
Event: 48.870 loading class jdk/internal/access/foreign/UnmapperProxy
Event: 48.870 loading class jdk/internal/access/foreign/UnmapperProxy done
Event: 48.870 loading class sun/nio/ch/FileChannelImpl$Unmapper done
Event: 48.870 loading class sun/nio/ch/FileChannelImpl$DefaultUnmapper done
Event: 48.870 loading class sun/nio/ch/Util$4
Event: 48.870 loading class sun/nio/ch/Util$4 done
Event: 48.875 loading class java/io/UTFDataFormatException
Event: 48.875 loading class java/io/UTFDataFormatException done
Event: 48.949 loading class java/nio/file/attribute/DosFileAttributeView
Event: 48.949 loading class java/nio/file/attribute/DosFileAttributeView done
Event: 48.949 loading class sun/nio/fs/WindowsFileAttributeViews$Dos
Event: 48.950 loading class sun/nio/fs/WindowsFileAttributeViews$Dos done
Event: 50.569 loading class java/nio/channels/Channels$ReadableByteChannelImpl
Event: 50.571 loading class java/nio/channels/Channels$ReadableByteChannelImpl done
Event: 50.572 loading class java/nio/channels/NonWritableChannelException
Event: 50.572 loading class java/nio/channels/NonWritableChannelException done


Dynamic libraries:
0x00007ff7a0c80000 - 0x00007ff7a0c8a000 	D:\ANDROID\jbr\bin\java.exe
0x00007ff9b5370000 - 0x00007ff9b5584000 	C:\WINDOWS\SYSTEM32\ntdll.dll
0x00007ff9b3ec0000 - 0x00007ff9b3f84000 	C:\WINDOWS\System32\KERNEL32.DLL
0x00007ff9b2720000 - 0x00007ff9b2ac4000 	C:\WINDOWS\System32\KERNELBASE.dll
0x00007ff9b2ce0000 - 0x00007ff9b2df1000 	C:\WINDOWS\System32\ucrtbase.dll
0x00007ff9a2ce0000 - 0x00007ff9a2cf7000 	D:\ANDROID\jbr\bin\jli.dll
0x00007ff9b39b0000 - 0x00007ff9b3b5e000 	C:\WINDOWS\System32\USER32.dll
0x00007ff9b2b90000 - 0x00007ff9b2bb6000 	C:\WINDOWS\System32\win32u.dll
0x00007ff9b4220000 - 0x00007ff9b4249000 	C:\WINDOWS\System32\GDI32.dll
0x00007ff9b2e70000 - 0x00007ff9b2f88000 	C:\WINDOWS\System32\gdi32full.dll
0x00007ff9b2bc0000 - 0x00007ff9b2c5a000 	C:\WINDOWS\System32\msvcp_win.dll
0x00007ff9a6130000 - 0x00007ff9a614b000 	D:\ANDROID\jbr\bin\VCRUNTIME140.dll
0x00007ff9a2eb0000 - 0x00007ff9a3143000 	C:\WINDOWS\WinSxS\amd64_microsoft.windows.common-controls_6595b64144ccf1df_6.0.22621.2215_none_270d72677387dfc3\COMCTL32.dll
0x00007ff9b3580000 - 0x00007ff9b3627000 	C:\WINDOWS\System32\msvcrt.dll
0x00007ff9b4390000 - 0x00007ff9b43c1000 	C:\WINDOWS\System32\IMM32.DLL
0x00007ff9afa90000 - 0x00007ff9afa9c000 	D:\ANDROID\jbr\bin\vcruntime140_1.dll
0x00007ff9907e0000 - 0x00007ff99086d000 	D:\ANDROID\jbr\bin\msvcp140.dll
0x00007ff956310000 - 0x00007ff956f7e000 	D:\ANDROID\jbr\bin\server\jvm.dll
0x00007ff9b36a0000 - 0x00007ff9b3750000 	C:\WINDOWS\System32\ADVAPI32.dll
0x00007ff9b4770000 - 0x00007ff9b4816000 	C:\WINDOWS\System32\sechost.dll
0x00007ff9b3fa0000 - 0x00007ff9b40b7000 	C:\WINDOWS\System32\RPCRT4.dll
0x00007ff9a65e0000 - 0x00007ff9a65e9000 	C:\WINDOWS\SYSTEM32\WSOCK32.dll
0x00007ff9b52b0000 - 0x00007ff9b5321000 	C:\WINDOWS\System32\WS2_32.dll
0x00007ff9ab670000 - 0x00007ff9ab6a4000 	C:\WINDOWS\SYSTEM32\WINMM.dll
0x00007ff9ab6b0000 - 0x00007ff9ab6ba000 	C:\WINDOWS\SYSTEM32\VERSION.dll
0x00007ff9b16e0000 - 0x00007ff9b16f8000 	C:\WINDOWS\SYSTEM32\kernel.appcore.dll
0x00007ff9ab180000 - 0x00007ff9ab18a000 	D:\ANDROID\jbr\bin\jimage.dll
0x00007ff9a7130000 - 0x00007ff9a735e000 	C:\WINDOWS\SYSTEM32\DBGHELP.DLL
0x00007ff9b43d0000 - 0x00007ff9b475a000 	C:\WINDOWS\System32\combase.dll
0x00007ff9b3750000 - 0x00007ff9b3827000 	C:\WINDOWS\System32\OLEAUT32.dll
0x00007ff998320000 - 0x00007ff998352000 	C:\WINDOWS\SYSTEM32\dbgcore.DLL
0x00007ff9b2c60000 - 0x00007ff9b2cda000 	C:\WINDOWS\System32\bcryptPrimitives.dll
0x00007ff9a60a0000 - 0x00007ff9a60c5000 	D:\ANDROID\jbr\bin\java.dll
0x00007ff9ab160000 - 0x00007ff9ab178000 	D:\ANDROID\jbr\bin\zip.dll
0x00007ff9b4a80000 - 0x00007ff9b52a3000 	C:\WINDOWS\System32\SHELL32.dll
0x00007ff9b0660000 - 0x00007ff9b0f4a000 	C:\WINDOWS\SYSTEM32\windows.storage.dll
0x00007ff9b0520000 - 0x00007ff9b065e000 	C:\WINDOWS\SYSTEM32\wintypes.dll
0x00007ff9b4120000 - 0x00007ff9b4213000 	C:\WINDOWS\System32\SHCORE.dll
0x00007ff9b3950000 - 0x00007ff9b39ae000 	C:\WINDOWS\System32\shlwapi.dll
0x00007ff9b2650000 - 0x00007ff9b2676000 	C:\WINDOWS\SYSTEM32\profapi.dll
0x00007ff9a65f0000 - 0x00007ff9a6609000 	D:\ANDROID\jbr\bin\net.dll
0x00007ff9aa5f0000 - 0x00007ff9aa727000 	C:\WINDOWS\SYSTEM32\WINHTTP.dll
0x00007ff9b1ba0000 - 0x00007ff9b1c09000 	C:\WINDOWS\system32\mswsock.dll
0x00007ff9a6200000 - 0x00007ff9a6216000 	D:\ANDROID\jbr\bin\nio.dll
0x00007ff9a6180000 - 0x00007ff9a6190000 	D:\ANDROID\jbr\bin\verify.dll
0x00007ff992ff0000 - 0x00007ff993017000 	C:\Users\PC\.gradle\native\68d5fa5c4cc2d200863cafc0d521ce42e7d3e7ee720ec0a83991735586a16f82\windows-amd64\native-platform.dll
0x00007ff984540000 - 0x00007ff984684000 	C:\Users\PC\.gradle\native\e376f236ea51e6404a007f0833ffe2c6e607c4080706a723a18a27aeea778392\windows-amd64\native-platform-file-events.dll
0x00007ff9a5e90000 - 0x00007ff9a5e99000 	D:\ANDROID\jbr\bin\management.dll
0x00007ff9a47b0000 - 0x00007ff9a47bb000 	D:\ANDROID\jbr\bin\management_ext.dll
0x00007ff9b4a70000 - 0x00007ff9b4a78000 	C:\WINDOWS\System32\PSAPI.DLL
0x00007ff9b1ec0000 - 0x00007ff9b1edb000 	C:\WINDOWS\SYSTEM32\CRYPTSP.dll
0x00007ff9b16a0000 - 0x00007ff9b16d5000 	C:\WINDOWS\system32\rsaenh.dll
0x00007ff9b1c40000 - 0x00007ff9b1c6c000 	C:\WINDOWS\SYSTEM32\USERENV.dll
0x00007ff9b2000000 - 0x00007ff9b2028000 	C:\WINDOWS\SYSTEM32\bcrypt.dll
0x00007ff9b1ea0000 - 0x00007ff9b1eac000 	C:\WINDOWS\SYSTEM32\CRYPTBASE.dll
0x00007ff9b11f0000 - 0x00007ff9b121d000 	C:\WINDOWS\SYSTEM32\IPHLPAPI.DLL
0x00007ff9b4760000 - 0x00007ff9b4769000 	C:\WINDOWS\System32\NSI.dll
0x00007ff9aa5d0000 - 0x00007ff9aa5e9000 	C:\WINDOWS\SYSTEM32\dhcpcsvc6.DLL
0x00007ff9aa5b0000 - 0x00007ff9aa5cf000 	C:\WINDOWS\SYSTEM32\dhcpcsvc.DLL
0x00007ff9b1270000 - 0x00007ff9b1362000 	C:\WINDOWS\SYSTEM32\DNSAPI.dll
0x00007ff9a4790000 - 0x00007ff9a4798000 	C:\WINDOWS\system32\wshunix.dll

dbghelp: loaded successfully - version: 4.0.5 - missing functions: none
symbol engine: initialized successfully - sym options: 0x614 - pdb path: .;D:\ANDROID\jbr\bin;C:\WINDOWS\SYSTEM32;C:\WINDOWS\WinSxS\amd64_microsoft.windows.common-controls_6595b64144ccf1df_6.0.22621.2215_none_270d72677387dfc3;D:\ANDROID\jbr\bin\server;C:\Users\PC\.gradle\native\68d5fa5c4cc2d200863cafc0d521ce42e7d3e7ee720ec0a83991735586a16f82\windows-amd64;C:\Users\PC\.gradle\native\e376f236ea51e6404a007f0833ffe2c6e607c4080706a723a18a27aeea778392\windows-amd64

VM Arguments:
jvm_args: --add-opens=java.base/java.util=ALL-UNNAMED --add-opens=java.base/java.lang=ALL-UNNAMED --add-opens=java.base/java.lang.invoke=ALL-UNNAMED --add-opens=java.prefs/java.util.prefs=ALL-UNNAMED --add-opens=java.base/java.nio.charset=ALL-UNNAMED --add-opens=java.base/java.net=ALL-UNNAMED --add-opens=java.base/java.util.concurrent.atomic=ALL-UNNAMED -Xmx2048m -Dfile.encoding=UTF-8 -Duser.country=US -Duser.language=en -Duser.variant 
java_command: org.gradle.launcher.daemon.bootstrap.GradleDaemon 8.0
java_class_path (initial): C:\Users\PC\.gradle\wrapper\dists\gradle-8.0-bin\ca5e32bp14vu59qr306oxotwh\gradle-8.0\lib\gradle-launcher-8.0.jar
Launcher Type: SUN_STANDARD

[Global flags]
     intx CICompilerCount                          = 2                                         {product} {ergonomic}
     uint ConcGCThreads                            = 1                                         {product} {ergonomic}
     uint G1ConcRefinementThreads                  = 2                                         {product} {ergonomic}
   size_t G1HeapRegionSize                         = 1048576                                   {product} {ergonomic}
    uintx GCDrainStackTargetSize                   = 64                                        {product} {ergonomic}
   size_t InitialHeapSize                          = 100663296                                 {product} {ergonomic}
   size_t MarkStackSize                            = 4194304                                   {product} {ergonomic}
   size_t MaxHeapSize                              = 2147483648                                {product} {command line}
   size_t MaxNewSize                               = 1287651328                                {product} {ergonomic}
   size_t MinHeapDeltaBytes                        = 1048576                                   {product} {ergonomic}
   size_t MinHeapSize                              = 8388608                                   {product} {ergonomic}
    uintx NonNMethodCodeHeapSize                   = 5826188                                {pd product} {ergonomic}
    uintx NonProfiledCodeHeapSize                  = 122916026                              {pd product} {ergonomic}
    uintx ProfiledCodeHeapSize                     = 122916026                              {pd product} {ergonomic}
    uintx ReservedCodeCacheSize                    = 251658240                              {pd product} {ergonomic}
     bool SegmentedCodeCache                       = true                                      {product} {ergonomic}
   size_t SoftMaxHeapSize                          = 2147483648                             {manageable} {ergonomic}
     bool UseCompressedClassPointers               = true                           {product lp64_product} {ergonomic}
     bool UseCompressedOops                        = true                           {product lp64_product} {ergonomic}
     bool UseG1GC                                  = true                                      {product} {ergonomic}
     bool UseLargePagesIndividualAllocation        = false                                  {pd product} {ergonomic}

Logging:
Log output configuration:
 #0: stdout all=warning uptime,level,tags
 #1: stderr all=off uptime,level,tags

Environment Variables:
PATH=C:\Program Files (x86)\Eclipse Adoptium\jdk-17.0.8.7-hotspot\bin;C:\Program Files (x86)\Common Files\Oracle\Java\javapath;C:\ProgramData\Oracle\Java\javapath;C:\WINDOWS\system32;C:\WINDOWS;C:\WINDOWS\System32\Wbem;C:\WINDOWS\System32\WindowsPowerShell\v1.0\;C:\WINDOWS\System32\OpenSSH\;C:\xampp\php;C:\ProgramData\ComposerSetup\bin;C:\Users\PC\Downloads\chromedriver_win32;C:\Program Files\nodejs\;C:\Program Files\Git\cmd;C:\Users\PC\AppData\Local\Programs\Python\Python310\Scripts\;C:\Users\PC\AppData\Local\Programs\Python\Python310\;C:\Program Files\MySQL\MySQL Shell 8.0\bin\;C:\Users\PC\AppData\Local\Microsoft\WindowsApps;C:\Users\PC\AppData\Local\Programs\Microsoft VS Code\bin;C:\xampp\php;C:\Program Files\Java\jdk1.8.0_161\bin;C:\Users\PC\AppData\Roaming\Composer\vendor\bin;C:\Users\PC\AppData\Roaming\npm;C:\Program Files\nodejs;C:\Users\PC\AppData\Local\GitHubDesktop\bin;D:\MSIB\platform-tools;
USERNAME=PC
OS=Windows_NT
PROCESSOR_IDENTIFIER=AMD64 Family 23 Model 32 Stepping 1, AuthenticAMD
TMP=C:\Users\PC\AppData\Local\Temp
TEMP=C:\Users\PC\AppData\Local\Temp


JNI global refs:
JNI global refs: 22, weak refs: 0

JNI global refs memory usage: 843, weak refs: 841


---------------  S Y S T E M  ---------------

OS:
 Windows 11 , 64 bit Build 22621 (10.0.22621.2215)
OS uptime: 7 days 13:29 hours
Hyper-V role detected

CPU: total 2 (initial active 2) (2 cores per cpu, 1 threads per core) family 23 model 32 stepping 1 microcode 0x0, cx8, cmov, fxsr, mmx, 3dnowpref, sse, sse2, sse3, ssse3, sse4a, sse4.1, sse4.2, popcnt, lzcnt, tsc, tscinvbit, avx, avx2, aes, clmul, bmi1, bmi2, adx, sha, fma, vzeroupper, clflush, clflushopt, hv

Memory: 4k page, system-wide physical 6020M (210M free)
TotalPageFile size 23396M (AvailPageFile size 208M)
current process WorkingSet (physical memory assigned to process): 398M, peak: 400M
current process commit charge ("private bytes"): 469M, peak: 681M

vm_info: OpenJDK 64-Bit Server VM (17.0.6+0-b2043.56-10027231) for windows-amd64 JRE (17.0.6+0-b2043.56-10027231), built on Apr 28 2023 00:43:19 by "androidbuild" with MS VC++ 16.10 / 16.11 (VS2019)

END.
