#
# There is insufficient memory for the Java Runtime Environment to continue.
# Native memory allocation (mmap) failed to map 99614720 bytes for G1 virtual space
# Possible reasons:
#   The system is out of physical RAM or swap space
#   The process is running with CompressedOops enabled, and the Java Heap may be blocking the growth of the native heap
# Possible solutions:
#   Reduce memory load on the system
#   Increase physical memory or swap space
#   Check if swap backing store is full
#   Decrease Java heap size (-Xmx/-Xms)
#   Decrease number of Java threads
#   Decrease Java thread stack sizes (-Xss)
#   Set larger code cache with -XX:ReservedCodeCacheSize=
#   JVM is running with Unscaled Compressed Oops mode in which the Java heap is
#     placed in the first 4GB address space. The Java Heap base address is the
#     maximum limit for the native heap growth. Please use -XX:HeapBaseMinAddress
#     to set the Java Heap base and to place the Java Heap above 4GB virtual address.
# This output file may be truncated or incomplete.
#
#  Out of Memory Error (os_windows.cpp:3769), pid=12516, tid=14284
#
# JRE version: OpenJDK Runtime Environment (17.0.6) (build 17.0.6+0-b2043.56-10027231)
# Java VM: OpenJDK 64-Bit Server VM (17.0.6+0-b2043.56-10027231, mixed mode, tiered, compressed oops, compressed class ptrs, g1 gc, windows-amd64)
# No core dump will be written. Minidumps are not enabled by default on client versions of Windows
#

---------------  S U M M A R Y ------------

Command Line: --add-opens=java.base/java.util=ALL-UNNAMED --add-opens=java.base/java.lang=ALL-UNNAMED --add-opens=java.base/java.lang.invoke=ALL-UNNAMED --add-opens=java.prefs/java.util.prefs=ALL-UNNAMED --add-opens=java.base/java.nio.charset=ALL-UNNAMED --add-opens=java.base/java.net=ALL-UNNAMED --add-opens=java.base/java.util.concurrent.atomic=ALL-UNNAMED -Xmx2048m -Dfile.encoding=UTF-8 -Duser.country=US -Duser.language=en -Duser.variant org.gradle.launcher.daemon.bootstrap.GradleDaemon 8.0

Host: AMD 3020e with Radeon Graphics                 , 2 cores, 5G,  Windows 11 , 64 bit Build 22621 (10.0.22621.2215)
Time: Mon Sep 25 07:17:30 2023 SE Asia Standard Time elapsed time: 168.109703 seconds (0d 0h 2m 48s)

---------------  T H R E A D  ---------------

Current thread (0x000002bcd2b94b30):  VMThread "VM Thread" [stack: 0x000000f7e1100000,0x000000f7e1200000] [id=14284]

Stack: [0x000000f7e1100000,0x000000f7e1200000]
Native frames: (J=compiled Java code, j=interpreted, Vv=VM code, C=native code)
V  [jvm.dll+0x683c9a]
V  [jvm.dll+0x8427a4]
V  [jvm.dll+0x843f9e]
V  [jvm.dll+0x844603]
V  [jvm.dll+0x249b75]
V  [jvm.dll+0x680b69]
V  [jvm.dll+0x67505a]
V  [jvm.dll+0x309acb]
V  [jvm.dll+0x310f86]
V  [jvm.dll+0x3608ee]
V  [jvm.dll+0x360b1f]
V  [jvm.dll+0x2dfbf8]
V  [jvm.dll+0x2e2ce6]
V  [jvm.dll+0x2ed478]
V  [jvm.dll+0x322150]
V  [jvm.dll+0x848ccb]
V  [jvm.dll+0x849a04]
V  [jvm.dll+0x849f1d]
V  [jvm.dll+0x84a2f4]
V  [jvm.dll+0x84a3c0]
V  [jvm.dll+0x7f274a]
V  [jvm.dll+0x682ad5]
C  [ucrtbase.dll+0x29363]
C  [KERNEL32.DLL+0x1257d]
C  [ntdll.dll+0x5aa68]

VM_Operation (0x000000f7e0dff8d0): G1Concurrent, mode: safepoint, requested by thread 0x000002bcb9992f30


---------------  P R O C E S S  ---------------

Threads class SMR info:
_java_thread_list=0x000002bcdacd4d60, length=75, elements={
0x000002bcb9926f10, 0x000002bcd2bb9260, 0x000002bcd2bbe0e0, 0x000002bcd2ba6690,
0x000002bcd2be1500, 0x000002bcd3400080, 0x000002bcd3400a30, 0x000002bcd3401710,
0x000002bcd34041c0, 0x000002bcd346a270, 0x000002bcd358e010, 0x000002bcd35924f0,
0x000002bcd655f850, 0x000002bcd490f0c0, 0x000002bcd58e9980, 0x000002bcd4e643e0,
0x000002bcd4fb9290, 0x000002bcd58f3830, 0x000002bcd58f3d00, 0x000002bcd58f41d0,
0x000002bcd58f2020, 0x000002bcd58f46a0, 0x000002bcd58f5040, 0x000002bcd58f24f0,
0x000002bcd6192460, 0x000002bcd6198970, 0x000002bcd6196c90, 0x000002bcd7abe290,
0x000002bcd7ac0de0, 0x000002bcdd9f0cf0, 0x000002bcdd9ef010, 0x000002bcdd9f11c0,
0x000002bcdd9ee670, 0x000002bcdd9f0350, 0x000002bcdd9ef9b0, 0x000002bcdd9f1690,
0x000002bcd6191f90, 0x000002bcd61967c0, 0x000002bcd61937a0, 0x000002bcd6198e40,
0x000002bcd61932d0, 0x000002bcd6194ae0, 0x000002bcd6195480, 0x000002bcd6199310,
0x000002bcd6191ac0, 0x000002bcd6195950, 0x000002bcd61984a0, 0x000002bcd6194140,
0x000002bcd6197160, 0x000002bcd6197b00, 0x000002bcd6193c70, 0x000002bcd6192930,
0x000002bcd6195e20, 0x000002bcd7abec30, 0x000002bcd7abddc0, 0x000002bcd7ac12b0,
0x000002bcd7abf100, 0x000002bcd7ac0440, 0x000002bcd7abf5d0, 0x000002bcd7ac1780,
0x000002bcd7abff70, 0x000002bcd7ac3e00, 0x000002bcd7abc5b0, 0x000002bcd7abcf50,
0x000002bcd58f5510, 0x000002bcd58f59e0, 0x000002bcd58f2e90, 0x000002bcdd9147a0,
0x000002bcdd9125f0, 0x000002bcdd911780, 0x000002bcdd90ec30, 0x000002bcdd9142d0,
0x000002bcdd911c50, 0x000002bcdd90d8f0, 0x000002bcdd90ddc0
}

Java Threads: ( => current thread )
  0x000002bcb9926f10 JavaThread "main" [_thread_blocked, id=12412, stack(0x000000f7e0b00000,0x000000f7e0c00000)]
  0x000002bcd2bb9260 JavaThread "Reference Handler" daemon [_thread_blocked, id=6328, stack(0x000000f7e1200000,0x000000f7e1300000)]
  0x000002bcd2bbe0e0 JavaThread "Finalizer" daemon [_thread_blocked, id=13376, stack(0x000000f7e1300000,0x000000f7e1400000)]
  0x000002bcd2ba6690 JavaThread "Signal Dispatcher" daemon [_thread_blocked, id=7152, stack(0x000000f7e1400000,0x000000f7e1500000)]
  0x000002bcd2be1500 JavaThread "Attach Listener" daemon [_thread_blocked, id=19196, stack(0x000000f7e1500000,0x000000f7e1600000)]
  0x000002bcd3400080 JavaThread "Service Thread" daemon [_thread_blocked, id=11396, stack(0x000000f7e1600000,0x000000f7e1700000)]
  0x000002bcd3400a30 JavaThread "Monitor Deflation Thread" daemon [_thread_blocked, id=1316, stack(0x000000f7e1700000,0x000000f7e1800000)]
  0x000002bcd3401710 JavaThread "C2 CompilerThread0" daemon [_thread_blocked, id=17748, stack(0x000000f7e1800000,0x000000f7e1900000)]
  0x000002bcd34041c0 JavaThread "C1 CompilerThread0" daemon [_thread_blocked, id=532, stack(0x000000f7e1900000,0x000000f7e1a00000)]
  0x000002bcd346a270 JavaThread "Sweeper thread" daemon [_thread_blocked, id=13888, stack(0x000000f7e1a00000,0x000000f7e1b00000)]
  0x000002bcd358e010 JavaThread "Common-Cleaner" daemon [_thread_blocked, id=18580, stack(0x000000f7e1b00000,0x000000f7e1c00000)]
  0x000002bcd35924f0 JavaThread "Notification Thread" daemon [_thread_blocked, id=7912, stack(0x000000f7e1c00000,0x000000f7e1d00000)]
  0x000002bcd655f850 JavaThread "Daemon health stats" [_thread_blocked, id=14888, stack(0x000000f7e1f00000,0x000000f7e2000000)]
  0x000002bcd490f0c0 JavaThread "Incoming local TCP Connector on port 65431" [_thread_in_native, id=18276, stack(0x000000f7e2000000,0x000000f7e2100000)]
  0x000002bcd58e9980 JavaThread "Daemon periodic checks" [_thread_blocked, id=7408, stack(0x000000f7e2100000,0x000000f7e2200000)]
  0x000002bcd4e643e0 JavaThread "Daemon" [_thread_blocked, id=19280, stack(0x000000f7e2200000,0x000000f7e2300000)]
  0x000002bcd4fb9290 JavaThread "Daemon worker" [_thread_blocked, id=10880, stack(0x000000f7e2500000,0x000000f7e2600000)]
  0x000002bcd58f3830 JavaThread "Cache worker for journal cache (C:\Users\PC\.gradle\caches\journal-1)" [_thread_blocked, id=17764, stack(0x000000f7e2900000,0x000000f7e2a00000)]
  0x000002bcd58f3d00 JavaThread "File lock request listener" [_thread_in_native, id=8780, stack(0x000000f7e2a00000,0x000000f7e2b00000)]
  0x000002bcd58f41d0 JavaThread "Cache worker for file hash cache (C:\Users\PC\.gradle\caches\8.0\fileHashes)" [_thread_blocked, id=5640, stack(0x000000f7e2b00000,0x000000f7e2c00000)]
  0x000002bcd58f2020 JavaThread "File watcher server" daemon [_thread_in_native, id=19732, stack(0x000000f7e2c00000,0x000000f7e2d00000)]
  0x000002bcd58f46a0 JavaThread "File watcher consumer" daemon [_thread_blocked, id=5280, stack(0x000000f7e2d00000,0x000000f7e2e00000)]
  0x000002bcd58f5040 JavaThread "jar transforms" [_thread_blocked, id=6012, stack(0x000000f7e2e00000,0x000000f7e2f00000)]
  0x000002bcd58f24f0 JavaThread "jar transforms Thread 2" [_thread_blocked, id=16756, stack(0x000000f7e2f00000,0x000000f7e3000000)]
  0x000002bcd6192460 JavaThread "Cache worker for file content cache (C:\Users\PC\.gradle\caches\8.0\fileContent)" [_thread_blocked, id=17180, stack(0x000000f7e3200000,0x000000f7e3300000)]
  0x000002bcd6198970 JavaThread "Cache worker for execution history cache (C:\Users\PC\.gradle\caches\8.0\executionHistory)" [_thread_blocked, id=7288, stack(0x000000f7e3500000,0x000000f7e3600000)]
  0x000002bcd6196c90 JavaThread "Cache worker for kotlin-dsl (C:\Users\PC\.gradle\caches\8.0\kotlin-dsl)" [_thread_blocked, id=8528, stack(0x000000f7e3600000,0x000000f7e3700000)]
  0x000002bcd7abe290 JavaThread "Memory manager" [_thread_blocked, id=14936, stack(0x000000f7e4d00000,0x000000f7e4e00000)]
  0x000002bcd7ac0de0 JavaThread "pool-3-thread-1" [_thread_blocked, id=17552, stack(0x000000f7e5000000,0x000000f7e5100000)]
  0x000002bcdd9f0cf0 JavaThread "Handler for socket connection from /127.0.0.1:65431 to /127.0.0.1:49166" [_thread_in_native, id=12588, stack(0x000000f7e0900000,0x000000f7e0a00000)]
  0x000002bcdd9ef010 JavaThread "Cancel handler" [_thread_blocked, id=20220, stack(0x000000f7e0a00000,0x000000f7e0b00000)]
  0x000002bcdd9f11c0 JavaThread "Asynchronous log dispatcher for DefaultDaemonConnection: socket connection from /127.0.0.1:65431 to /127.0.0.1:49166" [_thread_blocked, id=16536, stack(0x000000f7e2300000,0x000000f7e2400000)]
  0x000002bcdd9ee670 JavaThread "Stdin handler" [_thread_blocked, id=12460, stack(0x000000f7e2400000,0x000000f7e2500000)]
  0x000002bcdd9f0350 JavaThread "Daemon client event forwarder" [_thread_blocked, id=11448, stack(0x000000f7e2600000,0x000000f7e2700000)]
  0x000002bcdd9ef9b0 JavaThread "Cache worker for checksums cache (D:\MyApp7\.gradle\8.0\checksums)" [_thread_blocked, id=15884, stack(0x000000f7e2700000,0x000000f7e2800000)]
  0x000002bcdd9f1690 JavaThread "Cache worker for cache directory md-rule (C:\Users\PC\.gradle\caches\8.0\md-rule)" [_thread_blocked, id=17196, stack(0x000000f7e2800000,0x000000f7e2900000)]
  0x000002bcd6191f90 JavaThread "Cache worker for file hash cache (D:\MyApp7\.gradle\8.0\fileHashes)" [_thread_blocked, id=14944, stack(0x000000f7e3000000,0x000000f7e3100000)]
  0x000002bcd61967c0 JavaThread "Cache worker for cache directory md-supplier (C:\Users\PC\.gradle\caches\8.0\md-supplier)" [_thread_blocked, id=6732, stack(0x000000f7e3100000,0x000000f7e3200000)]
  0x000002bcd61937a0 JavaThread "Cache worker for dependencies-accessors (D:\MyApp7\.gradle\8.0\dependencies-accessors)" [_thread_blocked, id=18564, stack(0x000000f7e3300000,0x000000f7e3400000)]
  0x000002bcd6198e40 JavaThread "Cache worker for Build Output Cleanup Cache (D:\MyApp7\.gradle\buildOutputCleanup)" [_thread_blocked, id=6844, stack(0x000000f7e3400000,0x000000f7e3500000)]
  0x000002bcd61932d0 JavaThread "Unconstrained build operations" [_thread_blocked, id=18724, stack(0x000000f7e3700000,0x000000f7e3800000)]
  0x000002bcd6194ae0 JavaThread "Unconstrained build operations Thread 2" [_thread_blocked, id=7656, stack(0x000000f7e3800000,0x000000f7e3900000)]
  0x000002bcd6195480 JavaThread "Unconstrained build operations Thread 3" [_thread_blocked, id=16496, stack(0x000000f7e3900000,0x000000f7e3a00000)]
  0x000002bcd6199310 JavaThread "Unconstrained build operations Thread 4" [_thread_blocked, id=17696, stack(0x000000f7e3a00000,0x000000f7e3b00000)]
  0x000002bcd6191ac0 JavaThread "Unconstrained build operations Thread 5" [_thread_blocked, id=12476, stack(0x000000f7e3b00000,0x000000f7e3c00000)]
  0x000002bcd6195950 JavaThread "Unconstrained build operations Thread 6" [_thread_blocked, id=6420, stack(0x000000f7e3c00000,0x000000f7e3d00000)]
  0x000002bcd61984a0 JavaThread "Unconstrained build operations Thread 7" [_thread_blocked, id=15164, stack(0x000000f7e3d00000,0x000000f7e3e00000)]
  0x000002bcd6194140 JavaThread "Unconstrained build operations Thread 8" [_thread_blocked, id=3372, stack(0x000000f7e3e00000,0x000000f7e3f00000)]
  0x000002bcd6197160 JavaThread "Unconstrained build operations Thread 9" [_thread_blocked, id=4932, stack(0x000000f7e3f00000,0x000000f7e4000000)]
  0x000002bcd6197b00 JavaThread "Unconstrained build operations Thread 10" [_thread_blocked, id=8804, stack(0x000000f7e4000000,0x000000f7e4100000)]
  0x000002bcd6193c70 JavaThread "Unconstrained build operations Thread 11" [_thread_blocked, id=10592, stack(0x000000f7e4100000,0x000000f7e4200000)]
  0x000002bcd6192930 JavaThread "Unconstrained build operations Thread 12" [_thread_blocked, id=19472, stack(0x000000f7e4200000,0x000000f7e4300000)]
  0x000002bcd6195e20 JavaThread "Unconstrained build operations Thread 13" [_thread_blocked, id=2124, stack(0x000000f7e4300000,0x000000f7e4400000)]
  0x000002bcd7abec30 JavaThread "Unconstrained build operations Thread 14" [_thread_blocked, id=2988, stack(0x000000f7e4400000,0x000000f7e4500000)]
  0x000002bcd7abddc0 JavaThread "Unconstrained build operations Thread 15" [_thread_blocked, id=18056, stack(0x000000f7e4500000,0x000000f7e4600000)]
  0x000002bcd7ac12b0 JavaThread "Unconstrained build operations Thread 16" [_thread_blocked, id=6852, stack(0x000000f7e4600000,0x000000f7e4700000)]
  0x000002bcd7abf100 JavaThread "Unconstrained build operations Thread 17" [_thread_blocked, id=12064, stack(0x000000f7e4700000,0x000000f7e4800000)]
  0x000002bcd7ac0440 JavaThread "Unconstrained build operations Thread 18" [_thread_blocked, id=9420, stack(0x000000f7e4800000,0x000000f7e4900000)]
  0x000002bcd7abf5d0 JavaThread "Unconstrained build operations Thread 19" [_thread_blocked, id=18716, stack(0x000000f7e4900000,0x000000f7e4a00000)]
  0x000002bcd7ac1780 JavaThread "Unconstrained build operations Thread 20" [_thread_blocked, id=16332, stack(0x000000f7e4a00000,0x000000f7e4b00000)]
  0x000002bcd7abff70 JavaThread "build event listener" [_thread_blocked, id=19932, stack(0x000000f7e4b00000,0x000000f7e4c00000)]
  0x000002bcd7ac3e00 JavaThread "pool-6-thread-1" [_thread_blocked, id=7188, stack(0x000000f7e4c00000,0x000000f7e4d00000)]
  0x000002bcd7abc5b0 JavaThread "build event listener" [_thread_blocked, id=17588, stack(0x000000f7e4e00000,0x000000f7e4f00000)]
  0x000002bcd7abcf50 JavaThread "included builds" [_thread_blocked, id=14820, stack(0x000000f7e5100000,0x000000f7e5200000)]
  0x000002bcd58f5510 JavaThread "Execution worker" [_thread_blocked, id=1988, stack(0x000000f7e5200000,0x000000f7e5300000)]
  0x000002bcd58f59e0 JavaThread "Cache worker for execution history cache (D:\MyApp7\.gradle\8.0\executionHistory)" [_thread_blocked, id=12432, stack(0x000000f7e5300000,0x000000f7e5400000)]
  0x000002bcd58f2e90 JavaThread "WorkerExecutor Queue" [_thread_in_native, id=19728, stack(0x000000f7e5400000,0x000000f7e5500000)]
  0x000002bcdd9147a0 JavaThread "RMI Scheduler(0)" daemon [_thread_blocked, id=4524, stack(0x000000f7e5500000,0x000000f7e5600000)]
  0x000002bcdd9125f0 JavaThread "RMI RenewClean-[127.0.0.1:17109,org.jetbrains.kotlin.daemon.common.LoopbackNetworkInterface$ClientLoopbackSocketFactory@59a3a728]" daemon [_thread_blocked, id=10336, stack(0x000000f7e5600000,0x000000f7e5700000)]
  0x000002bcdd911780 JavaThread "RMI GC Daemon" daemon [_thread_blocked, id=18060, stack(0x000000f7e5700000,0x000000f7e5800000)]
  0x000002bcdd90ec30 JavaThread "RMI TCP Accept-0" daemon [_thread_in_native, id=3728, stack(0x000000f7e5800000,0x000000f7e5900000)]
  0x000002bcdd9142d0 JavaThread "RMI Reaper" [_thread_blocked, id=19292, stack(0x000000f7e5900000,0x000000f7e5a00000)]
  0x000002bcdd911c50 JavaThread "RMI TCP Connection(1)-127.0.0.1" daemon [_thread_in_native, id=14016, stack(0x000000f7e5a00000,0x000000f7e5b00000)]
  0x000002bcdd90d8f0 JavaThread "WorkerExecutor Queue Thread 2" [_thread_blocked, id=620, stack(0x000000f7e5b00000,0x000000f7e5c00000)]
  0x000002bcdd90ddc0 JavaThread "WorkerExecutor Queue Thread 3" [_thread_in_native, id=17404, stack(0x000000f7e5c00000,0x000000f7e5d00000)]

Other Threads:
=>0x000002bcd2b94b30 VMThread "VM Thread" [stack: 0x000000f7e1100000,0x000000f7e1200000] [id=14284]
  0x000002bcd34e8270 WatcherThread [stack: 0x000000f7e1d00000,0x000000f7e1e00000] [id=19388]
  0x000002bcb9981ff0 GCTaskThread "GC Thread#0" [stack: 0x000000f7e0c00000,0x000000f7e0d00000] [id=3560]
  0x000002bcd3620760 GCTaskThread "GC Thread#1" [stack: 0x000000f7e1e00000,0x000000f7e1f00000] [id=3256]
  0x000002bcb9992f30 ConcurrentGCThread "G1 Main Marker" [stack: 0x000000f7e0d00000,0x000000f7e0e00000] [id=11724]
  0x000002bcb9993940 ConcurrentGCThread "G1 Conc#0" [stack: 0x000000f7e0e00000,0x000000f7e0f00000] [id=12348]
  0x000002bcb99ebd20 ConcurrentGCThread "G1 Refine#0" [stack: 0x000000f7e0f00000,0x000000f7e1000000] [id=9172]
  0x000002bcb99ec740 ConcurrentGCThread "G1 Service" [stack: 0x000000f7e1000000,0x000000f7e1100000] [id=3060]

Threads with active compile tasks:

VM state: at safepoint (normal execution)

VM Mutex/Monitor currently owned by a thread:  ([mutex/lock_event])
[0x000002bcb9921b40] Threads_lock - owner thread: 0x000002bcd2b94b30
[0x000002bcb9922440] Heap_lock - owner thread: 0x000002bcb9992f30

Heap address: 0x0000000080000000, size: 2048 MB, Compressed Oops mode: 32-bit

CDS archive(s) not mapped
Compressed class space mapped at: 0x0000000100000000-0x0000000140000000, reserved size: 1073741824
Narrow klass base: 0x0000000000000000, Narrow klass shift: 3, Narrow klass range: 0x140000000

GC Precious Log:
 CPUs: 2 total, 2 available
 Memory: 6020M
 Large Page Support: Disabled
 NUMA Support: Disabled
 Compressed Oops: Enabled (32-bit)
 Heap Region Size: 1M
 Heap Min Capacity: 8M
 Heap Initial Capacity: 96M
 Heap Max Capacity: 2G
 Pre-touch: Disabled
 Parallel Workers: 2
 Concurrent Workers: 1
 Concurrent Refinement Workers: 2
 Periodic GC: Disabled

Heap:
 garbage-first heap   total 337920K, used 258310K [0x0000000080000000, 0x0000000100000000)
  region size 1024K, 8 young (8192K), 4 survivors (4096K)
 Metaspace       used 125058K, committed 126208K, reserved 1163264K
  class space    used 16413K, committed 16960K, reserved 1048576K

Heap Regions: E=young(eden), S=young(survivor), O=old, HS=humongous(starts), HC=humongous(continues), CS=collection set, F=free, OA=open archive, CA=closed archive, TAMS=top-at-mark-start (previous, next)
|   0|0x0000000080000000, 0x0000000080100000, 0x0000000080100000|100%| O|  |TAMS 0x0000000080100000, 0x0000000080000000| Untracked 
|   1|0x0000000080100000, 0x0000000080200000, 0x0000000080200000|100%| O|  |TAMS 0x0000000080200000, 0x0000000080100000| Untracked 
|   2|0x0000000080200000, 0x0000000080300000, 0x0000000080300000|100%| O|  |TAMS 0x0000000080300000, 0x0000000080200000| Untracked 
|   3|0x0000000080300000, 0x0000000080400000, 0x0000000080400000|100%|HS|  |TAMS 0x0000000080400000, 0x0000000080300000| Complete 
|   4|0x0000000080400000, 0x0000000080500000, 0x0000000080500000|100%|HC|  |TAMS 0x0000000080500000, 0x0000000080400000| Complete 
|   5|0x0000000080500000, 0x0000000080600000, 0x0000000080600000|100%|HC|  |TAMS 0x0000000080600000, 0x0000000080500000| Complete 
|   6|0x0000000080600000, 0x0000000080700000, 0x0000000080700000|100%|HC|  |TAMS 0x0000000080700000, 0x0000000080600000| Complete 
|   7|0x0000000080700000, 0x0000000080800000, 0x0000000080800000|100%| O|  |TAMS 0x0000000080800000, 0x0000000080700000| Updating 
|   8|0x0000000080800000, 0x0000000080900000, 0x0000000080900000|100%| O|  |TAMS 0x0000000080900000, 0x0000000080800000| Untracked 
|   9|0x0000000080900000, 0x0000000080a00000, 0x0000000080a00000|100%| O|  |TAMS 0x0000000080a00000, 0x0000000080900000| Untracked 
|  10|0x0000000080a00000, 0x0000000080b00000, 0x0000000080b00000|100%|HS|  |TAMS 0x0000000080b00000, 0x0000000080a00000| Complete 
|  11|0x0000000080b00000, 0x0000000080c00000, 0x0000000080c00000|100%| O|  |TAMS 0x0000000080c00000, 0x0000000080b00000| Untracked 
|  12|0x0000000080c00000, 0x0000000080d00000, 0x0000000080d00000|100%| O|  |TAMS 0x0000000080d00000, 0x0000000080c00000| Untracked 
|  13|0x0000000080d00000, 0x0000000080e00000, 0x0000000080e00000|100%| O|  |TAMS 0x0000000080e00000, 0x0000000080d00000| Updating 
|  14|0x0000000080e00000, 0x0000000080f00000, 0x0000000080f00000|100%| O|  |TAMS 0x0000000080f00000, 0x0000000080e00000| Untracked 
|  15|0x0000000080f00000, 0x0000000081000000, 0x0000000081000000|100%| O|  |TAMS 0x0000000081000000, 0x0000000080f00000| Untracked 
|  16|0x0000000081000000, 0x0000000081100000, 0x0000000081100000|100%| O|  |TAMS 0x0000000081100000, 0x0000000081000000| Untracked 
|  17|0x0000000081100000, 0x0000000081200000, 0x0000000081200000|100%| O|  |TAMS 0x0000000081200000, 0x0000000081100000| Untracked 
|  18|0x0000000081200000, 0x0000000081300000, 0x0000000081300000|100%| O|  |TAMS 0x0000000081300000, 0x0000000081200000| Untracked 
|  19|0x0000000081300000, 0x0000000081400000, 0x0000000081400000|100%|HS|  |TAMS 0x0000000081400000, 0x0000000081300000| Complete 
|  20|0x0000000081400000, 0x0000000081500000, 0x0000000081500000|100%|HC|  |TAMS 0x0000000081500000, 0x0000000081400000| Complete 
|  21|0x0000000081500000, 0x0000000081600000, 0x0000000081600000|100%|HS|  |TAMS 0x0000000081600000, 0x0000000081500000| Complete 
|  22|0x0000000081600000, 0x0000000081700000, 0x0000000081700000|100%|HC|  |TAMS 0x0000000081700000, 0x0000000081600000| Complete 
|  23|0x0000000081700000, 0x0000000081800000, 0x0000000081800000|100%|HC|  |TAMS 0x0000000081800000, 0x0000000081700000| Complete 
|  24|0x0000000081800000, 0x0000000081900000, 0x0000000081900000|100%| O|  |TAMS 0x0000000081900000, 0x0000000081800000| Untracked 
|  25|0x0000000081900000, 0x0000000081a00000, 0x0000000081a00000|100%| O|  |TAMS 0x0000000081a00000, 0x0000000081900000| Untracked 
|  26|0x0000000081a00000, 0x0000000081b00000, 0x0000000081b00000|100%| O|  |TAMS 0x0000000081b00000, 0x0000000081a00000| Updating 
|  27|0x0000000081b00000, 0x0000000081c00000, 0x0000000081c00000|100%|HS|  |TAMS 0x0000000081c00000, 0x0000000081b00000| Complete 
|  28|0x0000000081c00000, 0x0000000081d00000, 0x0000000081d00000|100%|HC|  |TAMS 0x0000000081d00000, 0x0000000081c00000| Complete 
|  29|0x0000000081d00000, 0x0000000081e00000, 0x0000000081e00000|100%|HC|  |TAMS 0x0000000081e00000, 0x0000000081d00000| Complete 
|  30|0x0000000081e00000, 0x0000000081f00000, 0x0000000081f00000|100%| O|  |TAMS 0x0000000081f00000, 0x0000000081e00000| Untracked 
|  31|0x0000000081f00000, 0x0000000082000000, 0x0000000082000000|100%| O|  |TAMS 0x0000000082000000, 0x0000000081f00000| Untracked 
|  32|0x0000000082000000, 0x0000000082100000, 0x0000000082100000|100%| O|  |TAMS 0x0000000082100000, 0x0000000082000000| Updating 
|  33|0x0000000082100000, 0x0000000082200000, 0x0000000082200000|100%|HS|  |TAMS 0x0000000082200000, 0x0000000082100000| Complete 
|  34|0x0000000082200000, 0x0000000082300000, 0x0000000082300000|100%|HC|  |TAMS 0x0000000082300000, 0x0000000082200000| Complete 
|  35|0x0000000082300000, 0x0000000082400000, 0x0000000082400000|100%| O|  |TAMS 0x0000000082400000, 0x0000000082300000| Updating 
|  36|0x0000000082400000, 0x0000000082500000, 0x0000000082500000|100%| O|  |TAMS 0x0000000082500000, 0x0000000082400000| Untracked 
|  37|0x0000000082500000, 0x0000000082600000, 0x0000000082600000|100%| O|  |TAMS 0x0000000082600000, 0x0000000082500000| Untracked 
|  38|0x0000000082600000, 0x0000000082700000, 0x0000000082700000|100%| O|  |TAMS 0x0000000082700000, 0x0000000082600000| Untracked 
|  39|0x0000000082700000, 0x0000000082800000, 0x0000000082800000|100%| O|  |TAMS 0x0000000082800000, 0x0000000082700000| Untracked 
|  40|0x0000000082800000, 0x0000000082900000, 0x0000000082900000|100%| O|  |TAMS 0x0000000082900000, 0x0000000082800000| Untracked 
|  41|0x0000000082900000, 0x0000000082a00000, 0x0000000082a00000|100%| O|  |TAMS 0x0000000082a00000, 0x0000000082900000| Untracked 
|  42|0x0000000082a00000, 0x0000000082b00000, 0x0000000082b00000|100%|HS|  |TAMS 0x0000000082b00000, 0x0000000082a00000| Complete 
|  43|0x0000000082b00000, 0x0000000082c00000, 0x0000000082c00000|100%|HC|  |TAMS 0x0000000082c00000, 0x0000000082b00000| Complete 
|  44|0x0000000082c00000, 0x0000000082d00000, 0x0000000082d00000|100%|HC|  |TAMS 0x0000000082d00000, 0x0000000082c00000| Complete 
|  45|0x0000000082d00000, 0x0000000082e00000, 0x0000000082e00000|100%| O|  |TAMS 0x0000000082e00000, 0x0000000082d00000| Untracked 
|  46|0x0000000082e00000, 0x0000000082f00000, 0x0000000082f00000|100%|HS|  |TAMS 0x0000000082f00000, 0x0000000082e00000| Complete 
|  47|0x0000000082f00000, 0x0000000083000000, 0x0000000083000000|100%|HC|  |TAMS 0x0000000083000000, 0x0000000082f00000| Complete 
|  48|0x0000000083000000, 0x0000000083100000, 0x0000000083100000|100%|HC|  |TAMS 0x0000000083100000, 0x0000000083000000| Complete 
|  49|0x0000000083100000, 0x0000000083200000, 0x0000000083200000|100%|HC|  |TAMS 0x0000000083200000, 0x0000000083100000| Complete 
|  50|0x0000000083200000, 0x0000000083300000, 0x0000000083300000|100%|HC|  |TAMS 0x0000000083300000, 0x0000000083200000| Complete 
|  51|0x0000000083300000, 0x0000000083400000, 0x0000000083400000|100%|HC|  |TAMS 0x0000000083400000, 0x0000000083300000| Complete 
|  52|0x0000000083400000, 0x0000000083500000, 0x0000000083500000|100%|HC|  |TAMS 0x0000000083500000, 0x0000000083400000| Complete 
|  53|0x0000000083500000, 0x0000000083600000, 0x0000000083600000|100%|HC|  |TAMS 0x0000000083600000, 0x0000000083500000| Complete 
|  54|0x0000000083600000, 0x0000000083700000, 0x0000000083700000|100%|HC|  |TAMS 0x0000000083700000, 0x0000000083600000| Complete 
|  55|0x0000000083700000, 0x0000000083800000, 0x0000000083800000|100%|HC|  |TAMS 0x0000000083800000, 0x0000000083700000| Complete 
|  56|0x0000000083800000, 0x0000000083900000, 0x0000000083900000|100%|HC|  |TAMS 0x0000000083900000, 0x0000000083800000| Complete 
|  57|0x0000000083900000, 0x0000000083a00000, 0x0000000083a00000|100%|HC|  |TAMS 0x0000000083a00000, 0x0000000083900000| Complete 
|  58|0x0000000083a00000, 0x0000000083b00000, 0x0000000083b00000|100%| O|  |TAMS 0x0000000083b00000, 0x0000000083a00000| Updating 
|  59|0x0000000083b00000, 0x0000000083c00000, 0x0000000083c00000|100%|HS|  |TAMS 0x0000000083c00000, 0x0000000083b00000| Complete 
|  60|0x0000000083c00000, 0x0000000083d00000, 0x0000000083d00000|100%|HC|  |TAMS 0x0000000083d00000, 0x0000000083c00000| Complete 
|  61|0x0000000083d00000, 0x0000000083e00000, 0x0000000083e00000|100%|HC|  |TAMS 0x0000000083e00000, 0x0000000083d00000| Complete 
|  62|0x0000000083e00000, 0x0000000083f00000, 0x0000000083f00000|100%| O|  |TAMS 0x0000000083f00000, 0x0000000083e00000| Untracked 
|  63|0x0000000083f00000, 0x0000000084000000, 0x0000000084000000|100%| O|  |TAMS 0x0000000084000000, 0x0000000083f00000| Updating 
|  64|0x0000000084000000, 0x0000000084100000, 0x0000000084100000|100%| O|  |TAMS 0x0000000084100000, 0x0000000084000000| Untracked 
|  65|0x0000000084100000, 0x0000000084200000, 0x0000000084200000|100%| O|  |TAMS 0x0000000084200000, 0x0000000084100000| Updating 
|  66|0x0000000084200000, 0x0000000084300000, 0x0000000084300000|100%| O|  |TAMS 0x0000000084300000, 0x0000000084200000| Untracked 
|  67|0x0000000084300000, 0x0000000084400000, 0x0000000084400000|100%| O|  |TAMS 0x0000000084400000, 0x0000000084300000| Updating 
|  68|0x0000000084400000, 0x0000000084500000, 0x0000000084500000|100%| O|  |TAMS 0x0000000084500000, 0x0000000084400000| Updating 
|  69|0x0000000084500000, 0x0000000084600000, 0x0000000084600000|100%| O|  |TAMS 0x0000000084600000, 0x0000000084500000| Updating 
|  70|0x0000000084600000, 0x0000000084700000, 0x0000000084700000|100%| O|  |TAMS 0x0000000084700000, 0x0000000084600000| Updating 
|  71|0x0000000084700000, 0x0000000084800000, 0x0000000084800000|100%| O|  |TAMS 0x0000000084800000, 0x0000000084700000| Updating 
|  72|0x0000000084800000, 0x0000000084900000, 0x0000000084900000|100%|HS|  |TAMS 0x0000000084900000, 0x0000000084800000| Complete 
|  73|0x0000000084900000, 0x0000000084a00000, 0x0000000084a00000|100%|HS|  |TAMS 0x0000000084a00000, 0x0000000084900000| Complete 
|  74|0x0000000084a00000, 0x0000000084b00000, 0x0000000084b00000|100%|HC|  |TAMS 0x0000000084b00000, 0x0000000084a00000| Complete 
|  75|0x0000000084b00000, 0x0000000084c00000, 0x0000000084c00000|100%|HS|  |TAMS 0x0000000084c00000, 0x0000000084b00000| Complete 
|  76|0x0000000084c00000, 0x0000000084d00000, 0x0000000084d00000|100%|HS|  |TAMS 0x0000000084d00000, 0x0000000084c00000| Complete 
|  77|0x0000000084d00000, 0x0000000084e00000, 0x0000000084e00000|100%|HC|  |TAMS 0x0000000084e00000, 0x0000000084d00000| Complete 
|  78|0x0000000084e00000, 0x0000000084f00000, 0x0000000084f00000|100%|HC|  |TAMS 0x0000000084f00000, 0x0000000084e00000| Complete 
|  79|0x0000000084f00000, 0x0000000085000000, 0x0000000085000000|100%|HC|  |TAMS 0x0000000085000000, 0x0000000084f00000| Complete 
|  80|0x0000000085000000, 0x0000000085100000, 0x0000000085100000|100%| O|  |TAMS 0x0000000085100000, 0x0000000085000000| Updating 
|  81|0x0000000085100000, 0x0000000085200000, 0x0000000085200000|100%| O|  |TAMS 0x0000000085200000, 0x0000000085100000| Untracked 
|  82|0x0000000085200000, 0x0000000085300000, 0x0000000085300000|100%| O|  |TAMS 0x0000000085300000, 0x0000000085200000| Updating 
|  83|0x0000000085300000, 0x0000000085400000, 0x0000000085400000|100%| O|  |TAMS 0x0000000085400000, 0x0000000085300000| Untracked 
|  84|0x0000000085400000, 0x0000000085500000, 0x0000000085500000|100%| O|  |TAMS 0x0000000085500000, 0x0000000085400000| Updating 
|  85|0x0000000085500000, 0x0000000085600000, 0x0000000085600000|100%| O|  |TAMS 0x0000000085600000, 0x0000000085500000| Updating 
|  86|0x0000000085600000, 0x0000000085700000, 0x0000000085700000|100%| O|  |TAMS 0x0000000085700000, 0x0000000085600000| Updating 
|  87|0x0000000085700000, 0x0000000085800000, 0x0000000085800000|100%| O|  |TAMS 0x0000000085800000, 0x0000000085700000| Untracked 
|  88|0x0000000085800000, 0x0000000085900000, 0x0000000085900000|100%| O|  |TAMS 0x0000000085900000, 0x0000000085800000| Untracked 
|  89|0x0000000085900000, 0x0000000085a00000, 0x0000000085a00000|100%| O|  |TAMS 0x0000000085a00000, 0x0000000085900000| Untracked 
|  90|0x0000000085a00000, 0x0000000085b00000, 0x0000000085b00000|100%| O|  |TAMS 0x0000000085b00000, 0x0000000085a00000| Untracked 
|  91|0x0000000085b00000, 0x0000000085c00000, 0x0000000085c00000|100%| O|  |TAMS 0x0000000085c00000, 0x0000000085b00000| Untracked 
|  92|0x0000000085c00000, 0x0000000085d00000, 0x0000000085d00000|100%| O|  |TAMS 0x0000000085d00000, 0x0000000085c00000| Updating 
|  93|0x0000000085d00000, 0x0000000085e00000, 0x0000000085e00000|100%| O|  |TAMS 0x0000000085e00000, 0x0000000085d00000| Updating 
|  94|0x0000000085e00000, 0x0000000085f00000, 0x0000000085f00000|100%| O|  |TAMS 0x0000000085f00000, 0x0000000085e00000| Untracked 
|  95|0x0000000085f00000, 0x0000000086000000, 0x0000000086000000|100%| O|  |TAMS 0x0000000086000000, 0x0000000085f00000| Untracked 
|  96|0x0000000086000000, 0x0000000086100000, 0x0000000086100000|100%| O|  |TAMS 0x0000000086100000, 0x0000000086000000| Untracked 
|  97|0x0000000086100000, 0x0000000086200000, 0x0000000086200000|100%| O|  |TAMS 0x0000000086200000, 0x0000000086100000| Updating 
|  98|0x0000000086200000, 0x0000000086300000, 0x0000000086300000|100%| O|  |TAMS 0x0000000086300000, 0x0000000086200000| Untracked 
|  99|0x0000000086300000, 0x0000000086400000, 0x0000000086400000|100%| O|  |TAMS 0x0000000086400000, 0x0000000086300000| Untracked 
| 100|0x0000000086400000, 0x0000000086500000, 0x0000000086500000|100%| O|  |TAMS 0x0000000086500000, 0x0000000086400000| Updating 
| 101|0x0000000086500000, 0x0000000086600000, 0x0000000086600000|100%| O|  |TAMS 0x0000000086600000, 0x0000000086500000| Updating 
| 102|0x0000000086600000, 0x0000000086700000, 0x0000000086700000|100%| O|  |TAMS 0x0000000086700000, 0x0000000086600000| Updating 
| 103|0x0000000086700000, 0x0000000086800000, 0x0000000086800000|100%| O|  |TAMS 0x0000000086800000, 0x0000000086700000| Updating 
| 104|0x0000000086800000, 0x0000000086900000, 0x0000000086900000|100%| O|  |TAMS 0x0000000086900000, 0x0000000086800000| Untracked 
| 105|0x0000000086900000, 0x0000000086a00000, 0x0000000086a00000|100%| O|  |TAMS 0x0000000086a00000, 0x0000000086900000| Updating 
| 106|0x0000000086a00000, 0x0000000086b00000, 0x0000000086b00000|100%| O|  |TAMS 0x0000000086b00000, 0x0000000086a00000| Updating 
| 107|0x0000000086b00000, 0x0000000086c00000, 0x0000000086c00000|100%| O|  |TAMS 0x0000000086c00000, 0x0000000086b00000| Updating 
| 108|0x0000000086c00000, 0x0000000086d00000, 0x0000000086d00000|100%| O|  |TAMS 0x0000000086d00000, 0x0000000086c00000| Updating 
| 109|0x0000000086d00000, 0x0000000086e00000, 0x0000000086e00000|100%|HS|  |TAMS 0x0000000086e00000, 0x0000000086d00000| Complete 
| 110|0x0000000086e00000, 0x0000000086f00000, 0x0000000086f00000|100%|HC|  |TAMS 0x0000000086f00000, 0x0000000086e00000| Complete 
| 111|0x0000000086f00000, 0x0000000087000000, 0x0000000087000000|100%|HS|  |TAMS 0x0000000087000000, 0x0000000086f00000| Complete 
| 112|0x0000000087000000, 0x0000000087100000, 0x0000000087100000|100%|HC|  |TAMS 0x0000000087100000, 0x0000000087000000| Complete 
| 113|0x0000000087100000, 0x0000000087200000, 0x0000000087200000|100%|HC|  |TAMS 0x0000000087200000, 0x0000000087100000| Complete 
| 114|0x0000000087200000, 0x0000000087300000, 0x0000000087300000|100%|HS|  |TAMS 0x0000000087300000, 0x0000000087200000| Complete 
| 115|0x0000000087300000, 0x0000000087400000, 0x0000000087400000|100%|HC|  |TAMS 0x0000000087400000, 0x0000000087300000| Complete 
| 116|0x0000000087400000, 0x0000000087500000, 0x0000000087500000|100%|HC|  |TAMS 0x0000000087500000, 0x0000000087400000| Complete 
| 117|0x0000000087500000, 0x0000000087600000, 0x0000000087600000|100%|HS|  |TAMS 0x0000000087600000, 0x0000000087500000| Complete 
| 118|0x0000000087600000, 0x0000000087700000, 0x0000000087700000|100%|HC|  |TAMS 0x0000000087700000, 0x0000000087600000| Complete 
| 119|0x0000000087700000, 0x0000000087800000, 0x0000000087800000|100%|HC|  |TAMS 0x0000000087800000, 0x0000000087700000| Complete 
| 120|0x0000000087800000, 0x0000000087900000, 0x0000000087900000|100%|HC|  |TAMS 0x0000000087900000, 0x0000000087800000| Complete 
| 121|0x0000000087900000, 0x0000000087a00000, 0x0000000087a00000|100%|HC|  |TAMS 0x0000000087a00000, 0x0000000087900000| Complete 
| 122|0x0000000087a00000, 0x0000000087b00000, 0x0000000087b00000|100%|HC|  |TAMS 0x0000000087b00000, 0x0000000087a00000| Complete 
| 123|0x0000000087b00000, 0x0000000087c00000, 0x0000000087c00000|100%|HC|  |TAMS 0x0000000087c00000, 0x0000000087b00000| Complete 
| 124|0x0000000087c00000, 0x0000000087d00000, 0x0000000087d00000|100%|HC|  |TAMS 0x0000000087d00000, 0x0000000087c00000| Complete 
| 125|0x0000000087d00000, 0x0000000087e00000, 0x0000000087e00000|100%|HC|  |TAMS 0x0000000087e00000, 0x0000000087d00000| Complete 
| 126|0x0000000087e00000, 0x0000000087f00000, 0x0000000087f00000|100%|HC|  |TAMS 0x0000000087f00000, 0x0000000087e00000| Complete 
| 127|0x0000000087f00000, 0x0000000088000000, 0x0000000088000000|100%|HC|  |TAMS 0x0000000088000000, 0x0000000087f00000| Complete 
| 128|0x0000000088000000, 0x0000000088100000, 0x0000000088100000|100%|HC|  |TAMS 0x0000000088100000, 0x0000000088000000| Complete 
| 129|0x0000000088100000, 0x0000000088200000, 0x0000000088200000|100%|HS|  |TAMS 0x0000000088200000, 0x0000000088100000| Complete 
| 130|0x0000000088200000, 0x0000000088300000, 0x0000000088300000|100%|HC|  |TAMS 0x0000000088300000, 0x0000000088200000| Complete 
| 131|0x0000000088300000, 0x0000000088400000, 0x0000000088400000|100%| O|  |TAMS 0x0000000088400000, 0x0000000088300000| Untracked 
| 132|0x0000000088400000, 0x0000000088500000, 0x0000000088500000|100%| O|  |TAMS 0x0000000088500000, 0x0000000088400000| Untracked 
| 133|0x0000000088500000, 0x0000000088600000, 0x0000000088600000|100%| O|  |TAMS 0x0000000088600000, 0x0000000088500000| Untracked 
| 134|0x0000000088600000, 0x0000000088700000, 0x0000000088700000|100%| O|  |TAMS 0x0000000088700000, 0x0000000088600000| Untracked 
| 135|0x0000000088700000, 0x0000000088800000, 0x0000000088800000|100%| O|  |TAMS 0x0000000088800000, 0x0000000088700000| Untracked 
| 136|0x0000000088800000, 0x0000000088900000, 0x0000000088900000|100%| O|  |TAMS 0x0000000088900000, 0x0000000088800000| Untracked 
| 137|0x0000000088900000, 0x0000000088a00000, 0x0000000088a00000|100%| O|  |TAMS 0x0000000088a00000, 0x0000000088900000| Untracked 
| 138|0x0000000088a00000, 0x0000000088b00000, 0x0000000088b00000|100%| O|  |TAMS 0x0000000088b00000, 0x0000000088a00000| Untracked 
| 139|0x0000000088b00000, 0x0000000088c00000, 0x0000000088c00000|100%| O|  |TAMS 0x0000000088c00000, 0x0000000088b00000| Untracked 
| 140|0x0000000088c00000, 0x0000000088d00000, 0x0000000088d00000|100%| O|  |TAMS 0x0000000088d00000, 0x0000000088c00000| Untracked 
| 141|0x0000000088d00000, 0x0000000088e00000, 0x0000000088e00000|100%| O|  |TAMS 0x0000000088e00000, 0x0000000088d00000| Updating 
| 142|0x0000000088e00000, 0x0000000088f00000, 0x0000000088f00000|100%| O|  |TAMS 0x0000000088f00000, 0x0000000088e00000| Untracked 
| 143|0x0000000088f00000, 0x0000000089000000, 0x0000000089000000|100%| O|  |TAMS 0x0000000089000000, 0x0000000088f00000| Updating 
| 144|0x0000000089000000, 0x0000000089100000, 0x0000000089100000|100%| O|  |TAMS 0x0000000089100000, 0x0000000089000000| Untracked 
| 145|0x0000000089100000, 0x0000000089200000, 0x0000000089200000|100%| O|  |TAMS 0x0000000089200000, 0x0000000089100000| Untracked 
| 146|0x0000000089200000, 0x0000000089300000, 0x0000000089300000|100%| O|  |TAMS 0x0000000089300000, 0x0000000089200000| Untracked 
| 147|0x0000000089300000, 0x0000000089400000, 0x0000000089400000|100%| O|  |TAMS 0x0000000089400000, 0x0000000089300000| Untracked 
| 148|0x0000000089400000, 0x0000000089500000, 0x0000000089500000|100%| O|  |TAMS 0x0000000089500000, 0x0000000089400000| Updating 
| 149|0x0000000089500000, 0x0000000089600000, 0x0000000089600000|100%| O|  |TAMS 0x0000000089600000, 0x0000000089500000| Updating 
| 150|0x0000000089600000, 0x0000000089700000, 0x0000000089700000|100%| O|  |TAMS 0x0000000089700000, 0x0000000089600000| Untracked 
| 151|0x0000000089700000, 0x0000000089800000, 0x0000000089800000|100%| O|  |TAMS 0x0000000089800000, 0x0000000089700000| Untracked 
| 152|0x0000000089800000, 0x0000000089900000, 0x0000000089900000|100%| O|  |TAMS 0x0000000089900000, 0x0000000089800000| Untracked 
| 153|0x0000000089900000, 0x0000000089a00000, 0x0000000089a00000|100%| O|  |TAMS 0x0000000089a00000, 0x0000000089900000| Untracked 
| 154|0x0000000089a00000, 0x0000000089b00000, 0x0000000089b00000|100%| O|  |TAMS 0x0000000089b00000, 0x0000000089a00000| Updating 
| 155|0x0000000089b00000, 0x0000000089c00000, 0x0000000089c00000|100%| O|  |TAMS 0x0000000089c00000, 0x0000000089b00000| Untracked 
| 156|0x0000000089c00000, 0x0000000089d00000, 0x0000000089d00000|100%| O|  |TAMS 0x0000000089d00000, 0x0000000089c00000| Updating 
| 157|0x0000000089d00000, 0x0000000089e00000, 0x0000000089e00000|100%| O|  |TAMS 0x0000000089e00000, 0x0000000089d00000| Untracked 
| 158|0x0000000089e00000, 0x0000000089f00000, 0x0000000089f00000|100%| O|  |TAMS 0x0000000089f00000, 0x0000000089e00000| Untracked 
| 159|0x0000000089f00000, 0x000000008a000000, 0x000000008a000000|100%| O|  |TAMS 0x000000008a000000, 0x0000000089f00000| Updating 
| 160|0x000000008a000000, 0x000000008a100000, 0x000000008a100000|100%| O|  |TAMS 0x000000008a100000, 0x000000008a000000| Updating 
| 161|0x000000008a100000, 0x000000008a200000, 0x000000008a200000|100%| O|  |TAMS 0x000000008a200000, 0x000000008a100000| Untracked 
| 162|0x000000008a200000, 0x000000008a300000, 0x000000008a300000|100%| O|  |TAMS 0x000000008a300000, 0x000000008a200000| Updating 
| 163|0x000000008a300000, 0x000000008a300000, 0x000000008a400000|  0%| F|  |TAMS 0x000000008a300000, 0x000000008a300000| Untracked 
| 164|0x000000008a400000, 0x000000008a500000, 0x000000008a500000|100%| O|  |TAMS 0x000000008a500000, 0x000000008a400000| Updating 
| 165|0x000000008a500000, 0x000000008a600000, 0x000000008a600000|100%| O|  |TAMS 0x000000008a600000, 0x000000008a500000| Untracked 
| 166|0x000000008a600000, 0x000000008a700000, 0x000000008a700000|100%| O|  |TAMS 0x000000008a700000, 0x000000008a600000| Untracked 
| 167|0x000000008a700000, 0x000000008a800000, 0x000000008a800000|100%| O|  |TAMS 0x000000008a800000, 0x000000008a700000| Updating 
| 168|0x000000008a800000, 0x000000008a900000, 0x000000008a900000|100%| O|  |TAMS 0x000000008a900000, 0x000000008a800000| Updating 
| 169|0x000000008a900000, 0x000000008aa00000, 0x000000008aa00000|100%| O|  |TAMS 0x000000008aa00000, 0x000000008a900000| Updating 
| 170|0x000000008aa00000, 0x000000008ab00000, 0x000000008ab00000|100%| O|  |TAMS 0x000000008ab00000, 0x000000008aa00000| Updating 
| 171|0x000000008ab00000, 0x000000008ac00000, 0x000000008ac00000|100%| O|  |TAMS 0x000000008ac00000, 0x000000008ab00000| Updating 
| 172|0x000000008ac00000, 0x000000008ad00000, 0x000000008ad00000|100%| O|  |TAMS 0x000000008ad00000, 0x000000008ac00000| Updating 
| 173|0x000000008ad00000, 0x000000008ae00000, 0x000000008ae00000|100%| O|  |TAMS 0x000000008ae00000, 0x000000008ad00000| Untracked 
| 174|0x000000008ae00000, 0x000000008af00000, 0x000000008af00000|100%| O|  |TAMS 0x000000008af00000, 0x000000008ae00000| Untracked 
| 175|0x000000008af00000, 0x000000008b000000, 0x000000008b000000|100%| O|  |TAMS 0x000000008b000000, 0x000000008af00000| Updating 
| 176|0x000000008b000000, 0x000000008b100000, 0x000000008b100000|100%| O|  |TAMS 0x000000008b100000, 0x000000008b000000| Updating 
| 177|0x000000008b100000, 0x000000008b200000, 0x000000008b200000|100%| O|  |TAMS 0x000000008b200000, 0x000000008b100000| Untracked 
| 178|0x000000008b200000, 0x000000008b300000, 0x000000008b300000|100%| O|  |TAMS 0x000000008b300000, 0x000000008b200000| Updating 
| 179|0x000000008b300000, 0x000000008b400000, 0x000000008b400000|100%| O|  |TAMS 0x000000008b400000, 0x000000008b300000| Updating 
| 180|0x000000008b400000, 0x000000008b500000, 0x000000008b500000|100%| O|  |TAMS 0x000000008b500000, 0x000000008b400000| Untracked 
| 181|0x000000008b500000, 0x000000008b600000, 0x000000008b600000|100%| O|  |TAMS 0x000000008b600000, 0x000000008b500000| Updating 
| 182|0x000000008b600000, 0x000000008b700000, 0x000000008b700000|100%| O|  |TAMS 0x000000008b700000, 0x000000008b600000| Updating 
| 183|0x000000008b700000, 0x000000008b800000, 0x000000008b800000|100%| O|  |TAMS 0x000000008b800000, 0x000000008b700000| Updating 
| 184|0x000000008b800000, 0x000000008b900000, 0x000000008b900000|100%| O|  |TAMS 0x000000008b900000, 0x000000008b800000| Updating 
| 185|0x000000008b900000, 0x000000008ba00000, 0x000000008ba00000|100%| O|  |TAMS 0x000000008ba00000, 0x000000008b900000| Untracked 
| 186|0x000000008ba00000, 0x000000008bb00000, 0x000000008bb00000|100%| O|  |TAMS 0x000000008bb00000, 0x000000008ba00000| Untracked 
| 187|0x000000008bb00000, 0x000000008bc00000, 0x000000008bc00000|100%| O|  |TAMS 0x000000008bc00000, 0x000000008bb00000| Untracked 
| 188|0x000000008bc00000, 0x000000008bd00000, 0x000000008bd00000|100%| O|  |TAMS 0x000000008bd00000, 0x000000008bc00000| Untracked 
| 189|0x000000008bd00000, 0x000000008be00000, 0x000000008be00000|100%| O|  |TAMS 0x000000008be00000, 0x000000008bd00000| Updating 
| 190|0x000000008be00000, 0x000000008bf00000, 0x000000008bf00000|100%| O|  |TAMS 0x000000008bf00000, 0x000000008be00000| Updating 
| 191|0x000000008bf00000, 0x000000008c000000, 0x000000008c000000|100%| O|  |TAMS 0x000000008c000000, 0x000000008bf00000| Updating 
| 192|0x000000008c000000, 0x000000008c100000, 0x000000008c100000|100%| O|  |TAMS 0x000000008c100000, 0x000000008c000000| Updating 
| 193|0x000000008c100000, 0x000000008c200000, 0x000000008c200000|100%| O|  |TAMS 0x000000008c200000, 0x000000008c100000| Updating 
| 194|0x000000008c200000, 0x000000008c300000, 0x000000008c300000|100%| O|  |TAMS 0x000000008c300000, 0x000000008c200000| Updating 
| 195|0x000000008c300000, 0x000000008c400000, 0x000000008c400000|100%| O|  |TAMS 0x000000008c400000, 0x000000008c300000| Updating 
| 196|0x000000008c400000, 0x000000008c500000, 0x000000008c500000|100%| O|  |TAMS 0x000000008c500000, 0x000000008c400000| Updating 
| 197|0x000000008c500000, 0x000000008c600000, 0x000000008c600000|100%| O|  |TAMS 0x000000008c600000, 0x000000008c500000| Updating 
| 198|0x000000008c600000, 0x000000008c700000, 0x000000008c700000|100%| O|  |TAMS 0x000000008c700000, 0x000000008c600000| Updating 
| 199|0x000000008c700000, 0x000000008c800000, 0x000000008c800000|100%| O|  |TAMS 0x000000008c800000, 0x000000008c700000| Untracked 
| 200|0x000000008c800000, 0x000000008c900000, 0x000000008c900000|100%| O|  |TAMS 0x000000008c900000, 0x000000008c800000| Updating 
| 201|0x000000008c900000, 0x000000008ca00000, 0x000000008ca00000|100%| O|  |TAMS 0x000000008ca00000, 0x000000008c900000| Updating 
| 202|0x000000008ca00000, 0x000000008cb00000, 0x000000008cb00000|100%| O|  |TAMS 0x000000008cb00000, 0x000000008ca00000| Updating 
| 203|0x000000008cb00000, 0x000000008cc00000, 0x000000008cc00000|100%| O|  |TAMS 0x000000008cc00000, 0x000000008cb00000| Untracked 
| 204|0x000000008cc00000, 0x000000008cd00000, 0x000000008cd00000|100%| O|  |TAMS 0x000000008cd00000, 0x000000008cc00000| Updating 
| 205|0x000000008cd00000, 0x000000008ce00000, 0x000000008ce00000|100%| O|  |TAMS 0x000000008ce00000, 0x000000008cd00000| Untracked 
| 206|0x000000008ce00000, 0x000000008cf00000, 0x000000008cf00000|100%| O|  |TAMS 0x000000008cf00000, 0x000000008ce00000| Untracked 
| 207|0x000000008cf00000, 0x000000008d000000, 0x000000008d000000|100%| O|  |TAMS 0x000000008d000000, 0x000000008cf00000| Updating 
| 208|0x000000008d000000, 0x000000008d100000, 0x000000008d100000|100%| O|  |TAMS 0x000000008d100000, 0x000000008d000000| Untracked 
| 209|0x000000008d100000, 0x000000008d200000, 0x000000008d200000|100%| O|  |TAMS 0x000000008d200000, 0x000000008d100000| Untracked 
| 210|0x000000008d200000, 0x000000008d300000, 0x000000008d300000|100%| O|  |TAMS 0x000000008d300000, 0x000000008d200000| Untracked 
| 211|0x000000008d300000, 0x000000008d400000, 0x000000008d400000|100%| O|  |TAMS 0x000000008d400000, 0x000000008d300000| Untracked 
| 212|0x000000008d400000, 0x000000008d500000, 0x000000008d500000|100%| O|  |TAMS 0x000000008d500000, 0x000000008d400000| Updating 
| 213|0x000000008d500000, 0x000000008d600000, 0x000000008d600000|100%| O|  |TAMS 0x000000008d600000, 0x000000008d500000| Untracked 
| 214|0x000000008d600000, 0x000000008d700000, 0x000000008d700000|100%| O|  |TAMS 0x000000008d700000, 0x000000008d600000| Untracked 
| 215|0x000000008d700000, 0x000000008d800000, 0x000000008d800000|100%| O|  |TAMS 0x000000008d800000, 0x000000008d700000| Updating 
| 216|0x000000008d800000, 0x000000008d900000, 0x000000008d900000|100%| O|  |TAMS 0x000000008d900000, 0x000000008d800000| Untracked 
| 217|0x000000008d900000, 0x000000008da00000, 0x000000008da00000|100%| O|  |TAMS 0x000000008da00000, 0x000000008d900000| Untracked 
| 218|0x000000008da00000, 0x000000008db00000, 0x000000008db00000|100%| O|  |TAMS 0x000000008db00000, 0x000000008da00000| Untracked 
| 219|0x000000008db00000, 0x000000008dc00000, 0x000000008dc00000|100%| O|  |TAMS 0x000000008dc00000, 0x000000008db00000| Untracked 
| 220|0x000000008dc00000, 0x000000008dd00000, 0x000000008dd00000|100%| O|  |TAMS 0x000000008dd00000, 0x000000008dc00000| Untracked 
| 221|0x000000008dd00000, 0x000000008de00000, 0x000000008de00000|100%| O|  |TAMS 0x000000008de00000, 0x000000008dd00000| Untracked 
| 222|0x000000008de00000, 0x000000008df00000, 0x000000008df00000|100%| O|  |TAMS 0x000000008df00000, 0x000000008de00000| Untracked 
| 223|0x000000008df00000, 0x000000008e000000, 0x000000008e000000|100%| O|  |TAMS 0x000000008e000000, 0x000000008df00000| Untracked 
| 224|0x000000008e000000, 0x000000008e100000, 0x000000008e100000|100%| O|  |TAMS 0x000000008e100000, 0x000000008e000000| Updating 
| 225|0x000000008e100000, 0x000000008e200000, 0x000000008e200000|100%| O|  |TAMS 0x000000008e200000, 0x000000008e100000| Updating 
| 226|0x000000008e200000, 0x000000008e300000, 0x000000008e300000|100%| O|  |TAMS 0x000000008e300000, 0x000000008e200000| Untracked 
| 227|0x000000008e300000, 0x000000008e400000, 0x000000008e400000|100%| O|  |TAMS 0x000000008e400000, 0x000000008e300000| Updating 
| 228|0x000000008e400000, 0x000000008e500000, 0x000000008e500000|100%| O|  |TAMS 0x000000008e500000, 0x000000008e400000| Updating 
| 229|0x000000008e500000, 0x000000008e600000, 0x000000008e600000|100%| O|  |TAMS 0x000000008e600000, 0x000000008e500000| Updating 
| 230|0x000000008e600000, 0x000000008e700000, 0x000000008e700000|100%| O|  |TAMS 0x000000008e700000, 0x000000008e600000| Untracked 
| 231|0x000000008e700000, 0x000000008e800000, 0x000000008e800000|100%| O|  |TAMS 0x000000008e800000, 0x000000008e700000| Untracked 
| 232|0x000000008e800000, 0x000000008e900000, 0x000000008e900000|100%| O|  |TAMS 0x000000008e8f7800, 0x000000008e800000| Updating 
| 233|0x000000008e900000, 0x000000008ea00000, 0x000000008ea00000|100%|HS|  |TAMS 0x000000008ea00000, 0x000000008e900000| Complete 
| 234|0x000000008ea00000, 0x000000008eb00000, 0x000000008eb00000|100%|HC|  |TAMS 0x000000008eb00000, 0x000000008ea00000| Complete 
| 235|0x000000008eb00000, 0x000000008ec00000, 0x000000008ec00000|100%|HS|  |TAMS 0x000000008ec00000, 0x000000008eb00000| Complete 
| 236|0x000000008ec00000, 0x000000008ed00000, 0x000000008ed00000|100%|HS|  |TAMS 0x000000008ed00000, 0x000000008ec00000| Complete 
| 237|0x000000008ed00000, 0x000000008ee00000, 0x000000008ee00000|100%|HS|  |TAMS 0x000000008ee00000, 0x000000008ed00000| Complete 
| 238|0x000000008ee00000, 0x000000008ef00000, 0x000000008ef00000|100%|HC|  |TAMS 0x000000008ef00000, 0x000000008ee00000| Complete 
| 239|0x000000008ef00000, 0x000000008f000000, 0x000000008f000000|100%|HC|  |TAMS 0x000000008f000000, 0x000000008ef00000| Complete 
| 240|0x000000008f000000, 0x000000008f100000, 0x000000008f100000|100%|HC|  |TAMS 0x000000008f100000, 0x000000008f000000| Complete 
| 241|0x000000008f100000, 0x000000008f200000, 0x000000008f200000|100%| O|  |TAMS 0x000000008f100000, 0x000000008f100000| Untracked 
| 242|0x000000008f200000, 0x000000008f300000, 0x000000008f300000|100%| O|  |TAMS 0x000000008f200000, 0x000000008f200000| Untracked 
| 243|0x000000008f300000, 0x000000008f400000, 0x000000008f400000|100%| O|  |TAMS 0x000000008f300000, 0x000000008f300000| Untracked 
| 244|0x000000008f400000, 0x000000008f4cae00, 0x000000008f500000| 79%| O|  |TAMS 0x000000008f400000, 0x000000008f400000| Updating 
| 245|0x000000008f500000, 0x000000008f600000, 0x000000008f600000|100%|HS|  |TAMS 0x000000008f500000, 0x000000008f500000| Complete 
| 246|0x000000008f600000, 0x000000008f700000, 0x000000008f700000|100%|HS|  |TAMS 0x000000008f600000, 0x000000008f600000| Complete 
| 247|0x000000008f700000, 0x000000008f800000, 0x000000008f800000|100%|HC|  |TAMS 0x000000008f700000, 0x000000008f700000| Complete 
| 248|0x000000008f800000, 0x000000008f800000, 0x000000008f900000|  0%| F|  |TAMS 0x000000008f800000, 0x000000008f800000| Untracked 
| 249|0x000000008f900000, 0x000000008f900000, 0x000000008fa00000|  0%| F|  |TAMS 0x000000008f900000, 0x000000008f900000| Untracked 
| 250|0x000000008fa00000, 0x000000008fa00000, 0x000000008fb00000|  0%| F|  |TAMS 0x000000008fa00000, 0x000000008fa00000| Untracked 
| 251|0x000000008fb00000, 0x000000008fb00000, 0x000000008fc00000|  0%| F|  |TAMS 0x000000008fb00000, 0x000000008fb00000| Untracked 
| 252|0x000000008fc00000, 0x000000008fc00000, 0x000000008fd00000|  0%| F|  |TAMS 0x000000008fc00000, 0x000000008fc00000| Untracked 
| 253|0x000000008fd00000, 0x000000008fd00000, 0x000000008fe00000|  0%| F|  |TAMS 0x000000008fd00000, 0x000000008fd00000| Untracked 
| 254|0x000000008fe00000, 0x000000008fe00000, 0x000000008ff00000|  0%| F|  |TAMS 0x000000008fe00000, 0x000000008fe00000| Untracked 
| 255|0x000000008ff00000, 0x000000008ff00000, 0x0000000090000000|  0%| F|  |TAMS 0x000000008ff00000, 0x000000008ff00000| Untracked 
| 256|0x0000000090000000, 0x0000000090000000, 0x0000000090100000|  0%| F|  |TAMS 0x0000000090000000, 0x0000000090000000| Untracked 
| 257|0x0000000090100000, 0x0000000090100000, 0x0000000090200000|  0%| F|  |TAMS 0x0000000090100000, 0x0000000090100000| Untracked 
| 258|0x0000000090200000, 0x0000000090200000, 0x0000000090300000|  0%| F|  |TAMS 0x0000000090200000, 0x0000000090200000| Untracked 
| 259|0x0000000090300000, 0x0000000090300000, 0x0000000090400000|  0%| F|  |TAMS 0x0000000090300000, 0x0000000090300000| Untracked 
| 260|0x0000000090400000, 0x0000000090400000, 0x0000000090500000|  0%| F|  |TAMS 0x0000000090400000, 0x0000000090400000| Untracked 
| 261|0x0000000090500000, 0x0000000090500000, 0x0000000090600000|  0%| F|  |TAMS 0x0000000090500000, 0x0000000090500000| Untracked 
| 262|0x0000000090600000, 0x0000000090600000, 0x0000000090700000|  0%| F|  |TAMS 0x0000000090600000, 0x0000000090600000| Untracked 
| 263|0x0000000090700000, 0x0000000090700000, 0x0000000090800000|  0%| F|  |TAMS 0x0000000090700000, 0x0000000090700000| Untracked 
| 264|0x0000000090800000, 0x0000000090800000, 0x0000000090900000|  0%| F|  |TAMS 0x0000000090800000, 0x0000000090800000| Untracked 
| 265|0x0000000090900000, 0x0000000090900000, 0x0000000090a00000|  0%| F|  |TAMS 0x0000000090900000, 0x0000000090900000| Untracked 
| 266|0x0000000090a00000, 0x0000000090a00000, 0x0000000090b00000|  0%| F|  |TAMS 0x0000000090a00000, 0x0000000090a00000| Untracked 
| 267|0x0000000090b00000, 0x0000000090b00000, 0x0000000090c00000|  0%| F|  |TAMS 0x0000000090b00000, 0x0000000090b00000| Untracked 
| 268|0x0000000090c00000, 0x0000000090c00000, 0x0000000090d00000|  0%| F|  |TAMS 0x0000000090c00000, 0x0000000090c00000| Untracked 
| 269|0x0000000090d00000, 0x0000000090d00000, 0x0000000090e00000|  0%| F|  |TAMS 0x0000000090d00000, 0x0000000090d00000| Untracked 
| 270|0x0000000090e00000, 0x0000000090e00000, 0x0000000090f00000|  0%| F|  |TAMS 0x0000000090e00000, 0x0000000090e00000| Untracked 
| 271|0x0000000090f00000, 0x0000000090f00000, 0x0000000091000000|  0%| F|  |TAMS 0x0000000090f00000, 0x0000000090f00000| Untracked 
| 272|0x0000000091000000, 0x0000000091000000, 0x0000000091100000|  0%| F|  |TAMS 0x0000000091000000, 0x0000000091000000| Untracked 
| 273|0x0000000091100000, 0x0000000091100000, 0x0000000091200000|  0%| F|  |TAMS 0x0000000091100000, 0x0000000091100000| Untracked 
| 274|0x0000000091200000, 0x0000000091200000, 0x0000000091300000|  0%| F|  |TAMS 0x0000000091200000, 0x0000000091200000| Untracked 
| 275|0x0000000091300000, 0x0000000091300000, 0x0000000091400000|  0%| F|  |TAMS 0x0000000091300000, 0x0000000091300000| Untracked 
| 276|0x0000000091400000, 0x0000000091400000, 0x0000000091500000|  0%| F|  |TAMS 0x0000000091400000, 0x0000000091400000| Untracked 
| 277|0x0000000091500000, 0x0000000091500000, 0x0000000091600000|  0%| F|  |TAMS 0x0000000091500000, 0x0000000091500000| Untracked 
| 278|0x0000000091600000, 0x0000000091600000, 0x0000000091700000|  0%| F|  |TAMS 0x0000000091600000, 0x0000000091600000| Untracked 
| 279|0x0000000091700000, 0x0000000091700000, 0x0000000091800000|  0%| F|  |TAMS 0x0000000091700000, 0x0000000091700000| Untracked 
| 280|0x0000000091800000, 0x0000000091800000, 0x0000000091900000|  0%| F|  |TAMS 0x0000000091800000, 0x0000000091800000| Untracked 
| 281|0x0000000091900000, 0x0000000091900000, 0x0000000091a00000|  0%| F|  |TAMS 0x0000000091900000, 0x0000000091900000| Untracked 
| 282|0x0000000091a00000, 0x0000000091a00000, 0x0000000091b00000|  0%| F|  |TAMS 0x0000000091a00000, 0x0000000091a00000| Untracked 
| 283|0x0000000091b00000, 0x0000000091b00000, 0x0000000091c00000|  0%| F|  |TAMS 0x0000000091b00000, 0x0000000091b00000| Untracked 
| 284|0x0000000091c00000, 0x0000000091c00000, 0x0000000091d00000|  0%| F|  |TAMS 0x0000000091c00000, 0x0000000091c00000| Untracked 
| 285|0x0000000091d00000, 0x0000000091d00000, 0x0000000091e00000|  0%| F|  |TAMS 0x0000000091d00000, 0x0000000091d00000| Untracked 
| 286|0x0000000091e00000, 0x0000000091e00000, 0x0000000091f00000|  0%| F|  |TAMS 0x0000000091e00000, 0x0000000091e00000| Untracked 
| 287|0x0000000091f00000, 0x0000000091f00000, 0x0000000092000000|  0%| F|  |TAMS 0x0000000091f00000, 0x0000000091f00000| Untracked 
| 288|0x0000000092000000, 0x0000000092000000, 0x0000000092100000|  0%| F|  |TAMS 0x0000000092000000, 0x0000000092000000| Untracked 
| 289|0x0000000092100000, 0x0000000092100000, 0x0000000092200000|  0%| F|  |TAMS 0x0000000092100000, 0x0000000092100000| Untracked 
| 290|0x0000000092200000, 0x0000000092200000, 0x0000000092300000|  0%| F|  |TAMS 0x0000000092200000, 0x0000000092200000| Untracked 
| 291|0x0000000092300000, 0x0000000092300000, 0x0000000092400000|  0%| F|  |TAMS 0x0000000092300000, 0x0000000092300000| Untracked 
| 292|0x0000000092400000, 0x0000000092400000, 0x0000000092500000|  0%| F|  |TAMS 0x0000000092400000, 0x0000000092400000| Untracked 
| 293|0x0000000092500000, 0x0000000092500000, 0x0000000092600000|  0%| F|  |TAMS 0x0000000092500000, 0x0000000092500000| Untracked 
| 294|0x0000000092600000, 0x0000000092600000, 0x0000000092700000|  0%| F|  |TAMS 0x0000000092600000, 0x0000000092600000| Untracked 
| 295|0x0000000092700000, 0x0000000092700000, 0x0000000092800000|  0%| F|  |TAMS 0x0000000092700000, 0x0000000092700000| Untracked 
| 296|0x0000000092800000, 0x0000000092800000, 0x0000000092900000|  0%| F|  |TAMS 0x0000000092800000, 0x0000000092800000| Untracked 
| 297|0x0000000092900000, 0x0000000092900000, 0x0000000092a00000|  0%| F|  |TAMS 0x0000000092900000, 0x0000000092900000| Untracked 
| 298|0x0000000092a00000, 0x0000000092a76a30, 0x0000000092b00000| 46%| S|CS|TAMS 0x0000000092a00000, 0x0000000092a00000| Complete 
| 299|0x0000000092b00000, 0x0000000092c00000, 0x0000000092c00000|100%| S|CS|TAMS 0x0000000092b00000, 0x0000000092b00000| Complete 
| 300|0x0000000092c00000, 0x0000000092d00000, 0x0000000092d00000|100%| S|CS|TAMS 0x0000000092c00000, 0x0000000092c00000| Complete 
| 301|0x0000000092d00000, 0x0000000092e00000, 0x0000000092e00000|100%| S|CS|TAMS 0x0000000092d00000, 0x0000000092d00000| Complete 
| 302|0x0000000092e00000, 0x0000000092e00000, 0x0000000092f00000|  0%| F|  |TAMS 0x0000000092e00000, 0x0000000092e00000| Untracked 
| 303|0x0000000092f00000, 0x0000000092f00000, 0x0000000093000000|  0%| F|  |TAMS 0x0000000092f00000, 0x0000000092f00000| Untracked 
| 304|0x0000000093000000, 0x0000000093000000, 0x0000000093100000|  0%| F|  |TAMS 0x0000000093000000, 0x0000000093000000| Untracked 
| 305|0x0000000093100000, 0x0000000093100000, 0x0000000093200000|  0%| F|  |TAMS 0x0000000093100000, 0x0000000093100000| Untracked 
| 306|0x0000000093200000, 0x0000000093200000, 0x0000000093300000|  0%| F|  |TAMS 0x0000000093200000, 0x0000000093200000| Untracked 
| 307|0x0000000093300000, 0x0000000093300000, 0x0000000093400000|  0%| F|  |TAMS 0x0000000093300000, 0x0000000093300000| Untracked 
| 308|0x0000000093400000, 0x0000000093400000, 0x0000000093500000|  0%| F|  |TAMS 0x0000000093400000, 0x0000000093400000| Untracked 
| 309|0x0000000093500000, 0x0000000093500000, 0x0000000093600000|  0%| F|  |TAMS 0x0000000093500000, 0x0000000093500000| Untracked 
| 310|0x0000000093600000, 0x0000000093600000, 0x0000000093700000|  0%| F|  |TAMS 0x0000000093600000, 0x0000000093600000| Untracked 
| 311|0x0000000093700000, 0x0000000093700000, 0x0000000093800000|  0%| F|  |TAMS 0x0000000093700000, 0x0000000093700000| Untracked 
| 312|0x0000000093800000, 0x0000000093800000, 0x0000000093900000|  0%| F|  |TAMS 0x0000000093800000, 0x0000000093800000| Untracked 
| 313|0x0000000093900000, 0x0000000093900000, 0x0000000093a00000|  0%| F|  |TAMS 0x0000000093900000, 0x0000000093900000| Untracked 
| 314|0x0000000093a00000, 0x0000000093a00000, 0x0000000093b00000|  0%| F|  |TAMS 0x0000000093a00000, 0x0000000093a00000| Untracked 
| 315|0x0000000093b00000, 0x0000000093b00000, 0x0000000093c00000|  0%| F|  |TAMS 0x0000000093b00000, 0x0000000093b00000| Untracked 
| 316|0x0000000093c00000, 0x0000000093c00000, 0x0000000093d00000|  0%| F|  |TAMS 0x0000000093c00000, 0x0000000093c00000| Untracked 
| 317|0x0000000093d00000, 0x0000000093d00000, 0x0000000093e00000|  0%| F|  |TAMS 0x0000000093d00000, 0x0000000093d00000| Untracked 
| 318|0x0000000093e00000, 0x0000000093e00000, 0x0000000093f00000|  0%| F|  |TAMS 0x0000000093e00000, 0x0000000093e00000| Untracked 
| 319|0x0000000093f00000, 0x0000000093f00000, 0x0000000094000000|  0%| F|  |TAMS 0x0000000093f00000, 0x0000000093f00000| Untracked 
| 320|0x0000000094000000, 0x0000000094000000, 0x0000000094100000|  0%| F|  |TAMS 0x0000000094000000, 0x0000000094000000| Untracked 
| 321|0x0000000094100000, 0x0000000094100000, 0x0000000094200000|  0%| F|  |TAMS 0x0000000094100000, 0x0000000094100000| Untracked 
| 322|0x0000000094200000, 0x0000000094200000, 0x0000000094300000|  0%| F|  |TAMS 0x0000000094200000, 0x0000000094200000| Untracked 
| 323|0x0000000094300000, 0x0000000094300000, 0x0000000094400000|  0%| F|  |TAMS 0x0000000094300000, 0x0000000094300000| Untracked 
| 324|0x0000000094400000, 0x0000000094400000, 0x0000000094500000|  0%| F|  |TAMS 0x0000000094400000, 0x0000000094400000| Untracked 
| 325|0x0000000094500000, 0x0000000094500000, 0x0000000094600000|  0%| F|  |TAMS 0x0000000094500000, 0x0000000094500000| Untracked 
| 326|0x0000000094600000, 0x00000000946ad598, 0x0000000094700000| 67%| E|  |TAMS 0x0000000094600000, 0x0000000094600000| Complete 
| 327|0x0000000094700000, 0x00000000947ef258, 0x0000000094800000| 93%| E|  |TAMS 0x0000000094700000, 0x0000000094700000| Complete 
| 328|0x0000000094800000, 0x0000000094900000, 0x0000000094900000|100%| E|CS|TAMS 0x0000000094800000, 0x0000000094800000| Complete 
| 329|0x0000000094900000, 0x0000000094a00000, 0x0000000094a00000|100%| E|CS|TAMS 0x0000000094900000, 0x0000000094900000| Complete 

Card table byte_map: [0x000002bccc1f0000,0x000002bccc5f0000] _byte_map_base: 0x000002bccbdf0000

Marking Bits (Prev, Next): (CMBitMap*) 0x000002bcb9982600, (CMBitMap*) 0x000002bcb9982640
 Prev Bits: [0x000002bccc9f0000, 0x000002bcce9f0000)
 Next Bits: [0x000002bcce9f0000, 0x000002bcd09f0000)

Polling page: 0x000002bcb7790000

Metaspace:

Usage:
  Non-class:    106.10 MB used.
      Class:     16.03 MB used.
       Both:    122.13 MB used.

Virtual space:
  Non-class space:      112.00 MB reserved,     106.69 MB ( 95%) committed,  14 nodes.
      Class space:        1.00 GB reserved,      16.56 MB (  2%) committed,  1 nodes.
             Both:        1.11 GB reserved,     123.25 MB ( 11%) committed. 

Chunk freelists:
   Non-Class:  544.00 KB
       Class:  3.47 MB
        Both:  4.00 MB

MaxMetaspaceSize: unlimited
CompressedClassSpaceSize: 1.00 GB
Initial GC threshold: 21.00 MB
Current GC threshold: 156.50 MB
CDS: off
MetaspaceReclaimPolicy: balanced
 - commit_granule_bytes: 65536.
 - commit_granule_words: 8192.
 - virtual_space_node_default_size: 1048576.
 - enlarge_chunks_in_place: 1.
 - new_chunks_are_fully_committed: 0.
 - uncommit_free_chunks: 1.
 - use_allocation_guard: 0.
 - handle_deallocations: 1.


Internal statistics:

num_allocs_failed_limit: 3.
num_arena_births: 1810.
num_arena_deaths: 0.
num_vsnodes_births: 15.
num_vsnodes_deaths: 0.
num_space_committed: 1970.
num_space_uncommitted: 0.
num_chunks_returned_to_freelist: 3.
num_chunks_taken_from_freelist: 6938.
num_chunk_merges: 3.
num_chunk_splits: 4424.
num_chunks_enlarged: 2709.
num_purges: 0.
num_inconsistent_stats: 0.

CodeHeap 'non-profiled nmethods': size=120064Kb used=9731Kb max_used=9731Kb free=110332Kb
 bounds [0x000002bcc48b0000, 0x000002bcc5240000, 0x000002bccbdf0000]
CodeHeap 'profiled nmethods': size=120000Kb used=27432Kb max_used=27432Kb free=92567Kb
 bounds [0x000002bcbcdf0000, 0x000002bcbe8c0000, 0x000002bcc4320000]
CodeHeap 'non-nmethods': size=5696Kb used=2476Kb max_used=2527Kb free=3219Kb
 bounds [0x000002bcc4320000, 0x000002bcc45a0000, 0x000002bcc48b0000]
 total_blobs=14533 nmethods=13510 adapters=934
 compilation: enabled
              stopped_count=0, restarted_count=0
 full_count=0

Compilation events (20 events):
Event: 166.718 Thread 0x000002bcd3401710 15975  s    4       java.io.ByteArrayInputStream::read (73 bytes)
Event: 166.723 Thread 0x000002bcd3401710 nmethod 15975 0x000002bcc522b710 code [0x000002bcc522b8a0, 0x000002bcc522bcd8]
Event: 166.724 Thread 0x000002bcd34041c0 15976  s    3       java.io.ByteArrayInputStream::read (36 bytes)
Event: 166.725 Thread 0x000002bcd34041c0 nmethod 15976 0x000002bcbe8ba490 code [0x000002bcbe8ba640, 0x000002bcbe8ba898]
Event: 166.725 Thread 0x000002bcd3401710 15977       4       java.io.ObjectInputStream$PeekInputStream::read (115 bytes)
Event: 166.728 Thread 0x000002bcd3401710 nmethod 15977 0x000002bcc522bf10 code [0x000002bcc522c0a0, 0x000002bcc522c238]
Event: 166.729 Thread 0x000002bcd34041c0 15978       3       org.gradle.internal.classloader.ClassLoaderUtils::defineDecorator (13 bytes)
Event: 166.730 Thread 0x000002bcd34041c0 nmethod 15978 0x000002bcbe8ba990 code [0x000002bcbe8bab20, 0x000002bcbe8bac68]
Event: 166.762 Thread 0x000002bcd34041c0 15979       3       java.util.regex.Pattern$SliceU::match (99 bytes)
Event: 166.763 Thread 0x000002bcd34041c0 nmethod 15979 0x000002bcbe8bad10 code [0x000002bcbe8baf40, 0x000002bcbe8bb6b8]
Event: 166.998 Thread 0x000002bcd3401710 15980       4       java.util.regex.Pattern$$Lambda$6/0x00000001000c1d38::is (5 bytes)
Event: 166.999 Thread 0x000002bcd3401710 nmethod 15980 0x000002bcc522c410 code [0x000002bcc522c580, 0x000002bcc522c658]
Event: 167.473 Thread 0x000002bcd3401710 15981       4       java.lang.Character::codePointBefore (48 bytes)
Event: 167.476 Thread 0x000002bcd3401710 nmethod 15981 0x000002bcc522c790 code [0x000002bcc522c920, 0x000002bcc522ca58]
Event: 167.566 Thread 0x000002bcd3401710 15982   !   4       java.util.concurrent.locks.AbstractQueuedSynchronizer::acquire (407 bytes)
Event: 167.660 Thread 0x000002bcd34041c0 15983       1       com.android.builder.dexing.DexEntry::getDexDirOrJar (5 bytes)
Event: 167.660 Thread 0x000002bcd34041c0 nmethod 15983 0x000002bcc522cc90 code [0x000002bcc522ce20, 0x000002bcc522cef8]
Event: 167.737 Thread 0x000002bcd3401710 nmethod 15982 0x000002bcc522cf90 code [0x000002bcc522d200, 0x000002bcc522f618]
Event: 167.737 Thread 0x000002bcd3401710 15984       4       java.util.regex.Pattern$SliceU::match (99 bytes)
Event: 167.757 Thread 0x000002bcd3401710 nmethod 15984 0x000002bcc5230090 code [0x000002bcc5230240, 0x000002bcc5230998]

GC Heap History (20 events):
Event: 78.074 GC heap before
{Heap before GC invocations=56 (full 0):
 garbage-first heap   total 337920K, used 269777K [0x0000000080000000, 0x0000000100000000)
  region size 1024K, 84 young (86016K), 1 survivors (1024K)
 Metaspace       used 107666K, committed 108608K, reserved 1146880K
  class space    used 14286K, committed 14720K, reserved 1048576K
}
Event: 78.102 GC heap after
{Heap after GC invocations=57 (full 0):
 garbage-first heap   total 337920K, used 194491K [0x0000000080000000, 0x0000000100000000)
  region size 1024K, 10 young (10240K), 10 survivors (10240K)
 Metaspace       used 107666K, committed 108608K, reserved 1146880K
  class space    used 14286K, committed 14720K, reserved 1048576K
}
Event: 81.098 GC heap before
{Heap before GC invocations=57 (full 0):
 garbage-first heap   total 337920K, used 273339K [0x0000000080000000, 0x0000000100000000)
  region size 1024K, 88 young (90112K), 10 survivors (10240K)
 Metaspace       used 109133K, committed 110016K, reserved 1146880K
  class space    used 14436K, committed 14848K, reserved 1048576K
}
Event: 81.142 GC heap after
{Heap after GC invocations=58 (full 0):
 garbage-first heap   total 337920K, used 202418K [0x0000000080000000, 0x0000000100000000)
  region size 1024K, 10 young (10240K), 10 survivors (10240K)
 Metaspace       used 109133K, committed 110016K, reserved 1146880K
  class space    used 14436K, committed 14848K, reserved 1048576K
}
Event: 84.260 GC heap before
{Heap before GC invocations=58 (full 0):
 garbage-first heap   total 337920K, used 277170K [0x0000000080000000, 0x0000000100000000)
  region size 1024K, 83 young (84992K), 10 survivors (10240K)
 Metaspace       used 112722K, committed 113664K, reserved 1155072K
  class space    used 14889K, committed 15296K, reserved 1048576K
}
Event: 84.293 GC heap after
{Heap after GC invocations=59 (full 0):
 garbage-first heap   total 337920K, used 207360K [0x0000000080000000, 0x0000000100000000)
  region size 1024K, 7 young (7168K), 7 survivors (7168K)
 Metaspace       used 112722K, committed 113664K, reserved 1155072K
  class space    used 14889K, committed 15296K, reserved 1048576K
}
Event: 130.047 GC heap before
{Heap before GC invocations=59 (full 0):
 garbage-first heap   total 337920K, used 279040K [0x0000000080000000, 0x0000000100000000)
  region size 1024K, 78 young (79872K), 7 survivors (7168K)
 Metaspace       used 119067K, committed 120128K, reserved 1155072K
  class space    used 15559K, committed 16064K, reserved 1048576K
}
Event: 130.161 GC heap after
{Heap after GC invocations=60 (full 0):
 garbage-first heap   total 337920K, used 214016K [0x0000000080000000, 0x0000000100000000)
  region size 1024K, 7 young (7168K), 7 survivors (7168K)
 Metaspace       used 119067K, committed 120128K, reserved 1155072K
  class space    used 15559K, committed 16064K, reserved 1048576K
}
Event: 137.101 GC heap before
{Heap before GC invocations=60 (full 0):
 garbage-first heap   total 337920K, used 280576K [0x0000000080000000, 0x0000000100000000)
  region size 1024K, 73 young (74752K), 7 survivors (7168K)
 Metaspace       used 121128K, committed 122112K, reserved 1155072K
  class space    used 15800K, committed 16256K, reserved 1048576K
}
Event: 137.150 GC heap after
{Heap after GC invocations=61 (full 0):
 garbage-first heap   total 337920K, used 221184K [0x0000000080000000, 0x0000000100000000)
  region size 1024K, 8 young (8192K), 8 survivors (8192K)
 Metaspace       used 121128K, committed 122112K, reserved 1155072K
  class space    used 15800K, committed 16256K, reserved 1048576K
}
Event: 145.833 GC heap before
{Heap before GC invocations=61 (full 0):
 garbage-first heap   total 337920K, used 282624K [0x0000000080000000, 0x0000000100000000)
  region size 1024K, 69 young (70656K), 8 survivors (8192K)
 Metaspace       used 121904K, committed 122944K, reserved 1163264K
  class space    used 15931K, committed 16448K, reserved 1048576K
}
Event: 145.890 GC heap after
{Heap after GC invocations=62 (full 0):
 garbage-first heap   total 337920K, used 230400K [0x0000000080000000, 0x0000000100000000)
  region size 1024K, 9 young (9216K), 9 survivors (9216K)
 Metaspace       used 121904K, committed 122944K, reserved 1163264K
  class space    used 15931K, committed 16448K, reserved 1048576K
}
Event: 151.166 GC heap before
{Heap before GC invocations=62 (full 0):
 garbage-first heap   total 337920K, used 283648K [0x0000000080000000, 0x0000000100000000)
  region size 1024K, 62 young (63488K), 9 survivors (9216K)
 Metaspace       used 122185K, committed 123200K, reserved 1163264K
  class space    used 15972K, committed 16448K, reserved 1048576K
}
Event: 151.231 GC heap after
{Heap after GC invocations=63 (full 0):
 garbage-first heap   total 337920K, used 236032K [0x0000000080000000, 0x0000000100000000)
  region size 1024K, 6 young (6144K), 6 survivors (6144K)
 Metaspace       used 122185K, committed 123200K, reserved 1163264K
  class space    used 15972K, committed 16448K, reserved 1048576K
}
Event: 156.231 GC heap before
{Heap before GC invocations=63 (full 0):
 garbage-first heap   total 337920K, used 285184K [0x0000000080000000, 0x0000000100000000)
  region size 1024K, 55 young (56320K), 6 survivors (6144K)
 Metaspace       used 123575K, committed 124608K, reserved 1163264K
  class space    used 16199K, committed 16704K, reserved 1048576K
}
Event: 156.337 GC heap after
{Heap after GC invocations=64 (full 0):
 garbage-first heap   total 337920K, used 240640K [0x0000000080000000, 0x0000000100000000)
  region size 1024K, 6 young (6144K), 6 survivors (6144K)
 Metaspace       used 123575K, committed 124608K, reserved 1163264K
  class space    used 16199K, committed 16704K, reserved 1048576K
}
Event: 160.898 GC heap before
{Heap before GC invocations=64 (full 0):
 garbage-first heap   total 337920K, used 286720K [0x0000000080000000, 0x0000000100000000)
  region size 1024K, 52 young (53248K), 6 survivors (6144K)
 Metaspace       used 124733K, committed 125824K, reserved 1163264K
  class space    used 16371K, committed 16896K, reserved 1048576K
}
Event: 160.954 GC heap after
{Heap after GC invocations=65 (full 0):
 garbage-first heap   total 337920K, used 243166K [0x0000000080000000, 0x0000000100000000)
  region size 1024K, 5 young (5120K), 5 survivors (5120K)
 Metaspace       used 124733K, committed 125824K, reserved 1163264K
  class space    used 16371K, committed 16896K, reserved 1048576K
}
Event: 166.959 GC heap before
{Heap before GC invocations=65 (full 0):
 garbage-first heap   total 337920K, used 277982K [0x0000000080000000, 0x0000000100000000)
  region size 1024K, 33 young (33792K), 5 survivors (5120K)
 Metaspace       used 125058K, committed 126208K, reserved 1163264K
  class space    used 16413K, committed 16960K, reserved 1048576K
}
Event: 166.983 GC heap after
{Heap after GC invocations=66 (full 0):
 garbage-first heap   total 337920K, used 254214K [0x0000000080000000, 0x0000000100000000)
  region size 1024K, 4 young (4096K), 4 survivors (4096K)
 Metaspace       used 125058K, committed 126208K, reserved 1163264K
  class space    used 16413K, committed 16960K, reserved 1048576K
}

Dll operation events (2 events):
Event: 0.094 Loaded shared library D:\ANDROID\jbr\bin\java.dll
Event: 3.623 Loaded shared library D:\ANDROID\jbr\bin\verify.dll

Deoptimization events (20 events):
Event: 158.946 Thread 0x000002bcd7abcf50 DEOPT PACKING pc=0x000002bcbdd8846c sp=0x000000f7e51f9d60
Event: 158.946 Thread 0x000002bcd7abcf50 DEOPT UNPACKING pc=0x000002bcc4377143 sp=0x000000f7e51f92b8 mode 0
Event: 159.146 Thread 0x000002bcd7abcf50 DEOPT PACKING pc=0x000002bcbdd8846c sp=0x000000f7e51f8420
Event: 159.146 Thread 0x000002bcd7abcf50 DEOPT UNPACKING pc=0x000002bcc4377143 sp=0x000000f7e51f7978 mode 0
Event: 160.037 Thread 0x000002bcd7abcf50 DEOPT PACKING pc=0x000002bcbdd8846c sp=0x000000f7e51f9ed0
Event: 160.038 Thread 0x000002bcd7abcf50 DEOPT UNPACKING pc=0x000002bcc4377143 sp=0x000000f7e51f9428 mode 0
Event: 160.216 Thread 0x000002bcd6194140 DEOPT PACKING pc=0x000002bcbdd8846c sp=0x000000f7e3efc050
Event: 160.216 Thread 0x000002bcd6194140 DEOPT UNPACKING pc=0x000002bcc4377143 sp=0x000000f7e3efb5a8 mode 0
Event: 160.410 Thread 0x000002bcd7abcf50 Uncommon trap: trap_request=0xffffff45 fr.pc=0x000002bcc4efab30 relative=0x00000000000004d0
Event: 160.410 Thread 0x000002bcd7abcf50 Uncommon trap: reason=unstable_if action=reinterpret pc=0x000002bcc4efab30 method=com.google.common.collect.Lists.equalsImpl(Ljava/util/List;Ljava/lang/Object;)Z @ 85 c2
Event: 160.410 Thread 0x000002bcd7abcf50 DEOPT PACKING pc=0x000002bcc4efab30 sp=0x000000f7e51fc090
Event: 160.410 Thread 0x000002bcd7abcf50 DEOPT UNPACKING pc=0x000002bcc43769a3 sp=0x000000f7e51fc038 mode 2
Event: 164.635 Thread 0x000002bcd7abcf50 Uncommon trap: trap_request=0xffffffc6 fr.pc=0x000002bcc51e9254 relative=0x0000000000005d94
Event: 164.635 Thread 0x000002bcd7abcf50 Uncommon trap: reason=bimorphic_or_optimized_type_check action=maybe_recompile pc=0x000002bcc51e9254 method=org.gradle.internal.snapshot.AbstractListChildMap.store(Lorg/gradle/internal/snapshot/VfsRelativePath;Lorg/gradle/internal/snapshot/CaseSensitivity
Event: 164.635 Thread 0x000002bcd7abcf50 DEOPT PACKING pc=0x000002bcc51e9254 sp=0x000000f7e51fa4f0
Event: 164.635 Thread 0x000002bcd7abcf50 DEOPT UNPACKING pc=0x000002bcc43769a3 sp=0x000000f7e51fa4f0 mode 2
Event: 165.322 Thread 0x000002bcdd90d8f0 Uncommon trap: trap_request=0xffffffde fr.pc=0x000002bcc5122920 relative=0x0000000000000ac0
Event: 165.322 Thread 0x000002bcdd90d8f0 Uncommon trap: reason=class_check action=maybe_recompile pc=0x000002bcc5122920 method=org.gradle.tooling.internal.provider.runner.ClientBuildEventGenerator.started(Lorg/gradle/internal/operations/BuildOperationDescriptor;Lorg/gradle/internal/operations/Op
Event: 165.322 Thread 0x000002bcdd90d8f0 DEOPT PACKING pc=0x000002bcc5122920 sp=0x000000f7e5bfe530
Event: 165.322 Thread 0x000002bcdd90d8f0 DEOPT UNPACKING pc=0x000002bcc43769a3 sp=0x000000f7e5bfe4d8 mode 2

Classes unloaded (0 events):
No events

Classes redefined (0 events):
No events

Internal exceptions (20 events):
Event: 149.810 Thread 0x000002bcd7abcf50 Exception <a 'java/lang/NoSuchMethodError'{0x0000000092616448}: static Lcom/android/build/gradle/internal/scope/InternalArtifactType;.<clinit>()V> (0x0000000092616448) 
thrown [s\src\hotspot\share\prims\jni.cpp, line 1108]
Event: 149.810 Thread 0x000002bcd7abcf50 Exception <a 'java/lang/NoSuchMethodError'{0x0000000092619890}: static Lcom/android/build/api/artifact/Artifact$Single;.<clinit>()V> (0x0000000092619890) 
thrown [s\src\hotspot\share\prims\jni.cpp, line 1108]
Event: 149.810 Thread 0x000002bcd7abcf50 Exception <a 'java/lang/NoSuchMethodError'{0x000000009261c0c8}: static Ljava/lang/Object;.<clinit>()V> (0x000000009261c0c8) 
thrown [s\src\hotspot\share\prims\jni.cpp, line 1108]
Event: 149.812 Thread 0x000002bcd7abcf50 Exception <a 'java/lang/NoSuchMethodError'{0x0000000092635ad0}: static Lcom/android/build/api/artifact/ArtifactKind;.<clinit>()V> (0x0000000092635ad0) 
thrown [s\src\hotspot\share\prims\jni.cpp, line 1108]
Event: 149.812 Thread 0x000002bcd7abcf50 Exception <a 'java/lang/NoSuchMethodError'{0x0000000092636f38}: static Lcom/android/build/api/artifact/ArtifactKind;.<clinit>()V> (0x0000000092636f38) 
thrown [s\src\hotspot\share\prims\jni.cpp, line 1108]
Event: 152.419 Thread 0x000002bcd58f5510 Exception <a 'java/lang/NoSuchMethodError'{0x0000000092b14568}: 'int java.lang.invoke.DirectMethodHandle$Holder.invokeSpecial(java.lang.Object, java.lang.Object, java.lang.Object, java.lang.Object, java.lang.Object)'> (0x0000000092b14568) 
thrown [s\src\hotspot\share\interpreter\linkResolver.cpp, line 771]
Event: 155.767 Thread 0x000002bcd58f5510 Exception <a 'java/lang/NoSuchMethodError'{0x00000000920f1ee0}: static Lorg/jetbrains/kotlin/incremental/ChangedFiles$Unknown;.<clinit>()V> (0x00000000920f1ee0) 
thrown [s\src\hotspot\share\prims\jni.cpp, line 1108]
Event: 155.770 Thread 0x000002bcd58f5510 Exception <a 'java/lang/NoSuchMethodError'{0x0000000091f0fcb8}: static Lorg/jetbrains/kotlin/incremental/ClasspathChanges;.<clinit>()V> (0x0000000091f0fcb8) 
thrown [s\src\hotspot\share\prims\jni.cpp, line 1108]
Event: 155.770 Thread 0x000002bcd58f5510 Exception <a 'java/lang/NoSuchMethodError'{0x0000000091f114c0}: static Lorg/jetbrains/kotlin/incremental/ClasspathChanges;.<clinit>()V> (0x0000000091f114c0) 
thrown [s\src\hotspot\share\prims\jni.cpp, line 1108]
Event: 155.872 Thread 0x000002bcd7abcf50 Exception <a 'sun/nio/fs/WindowsException'{0x0000000091fc0228}> (0x0000000091fc0228) 
thrown [s\src\hotspot\share\prims\jni.cpp, line 517]
Event: 156.782 Thread 0x000002bcd58f2e90 Exception <a 'java/lang/NoSuchMethodError'{0x0000000094571310}: static Lorg/jetbrains/kotlin/daemon/common/LoopbackNetworkInterface$AbstractClientLoopbackSocketFactory;.<clinit>()V> (0x0000000094571310) 
thrown [s\src\hotspot\share\prims\jni.cpp, line 1108]
Event: 156.789 Thread 0x000002bcd58f2e90 Exception <a 'java/lang/NoSuchMethodError'{0x00000000945adb78}: static Lorg/jetbrains/kotlin/daemon/common/LoopbackNetworkInterface$ClientLoopbackSocketFactory;.<clinit>()V> (0x00000000945adb78) 
thrown [s\src\hotspot\share\prims\jni.cpp, line 1108]
Event: 157.093 Thread 0x000002bcd58f2e90 Exception <a 'java/lang/NoSuchMethodError'{0x0000000094050a30}: static [Ljava/rmi/server/ObjID;.<clinit>()V> (0x0000000094050a30) 
thrown [s\src\hotspot\share\prims\jni.cpp, line 1108]
Event: 157.308 Thread 0x000002bcdd9125f0 Exception <a 'java/lang/InterruptedException'{0x0000000093ffb6e0}> (0x0000000093ffb6e0) 
thrown [s\src\hotspot\share\runtime\objectMonitor.cpp, line 1648]
Event: 157.332 Thread 0x000002bcdd9125f0 Exception <a 'java/lang/NoSuchMethodError'{0x0000000093ef1b90}: 'java.lang.Object java.lang.invoke.DirectMethodHandle$Holder.newInvokeSpecial(java.lang.Object, java.lang.Object, int, java.lang.Object, long)'> (0x0000000093ef1b90) 
thrown [s\src\hotspot\share\interpreter\linkResolver.cpp, line 771]
Event: 157.371 Thread 0x000002bcd58f2e90 Exception <a 'java/lang/NoSuchMethodError'{0x0000000093d0f028}: static Lorg/jetbrains/kotlin/daemon/common/CompileService$CallResult;.<clinit>()V> (0x0000000093d0f028) 
thrown [s\src\hotspot\share\prims\jni.cpp, line 1108]
Event: 157.381 Thread 0x000002bcd58f2e90 Exception <a 'java/lang/NoSuchMethodError'{0x0000000093d1eca8}: static Lorg/jetbrains/kotlin/daemon/common/CompileService$CallResult$Good;.<clinit>()V> (0x0000000093d1eca8) 
thrown [s\src\hotspot\share\prims\jni.cpp, line 1108]
Event: 157.386 Thread 0x000002bcd58f2e90 Exception <a 'java/lang/NoSuchMethodError'{0x0000000093d2bb60}: static Lorg/jetbrains/kotlin/daemon/common/DaemonJVMOptions;.<clinit>()V> (0x0000000093d2bb60) 
thrown [s\src\hotspot\share\prims\jni.cpp, line 1108]
Event: 157.478 Thread 0x000002bcd58f2e90 Exception <a 'java/lang/NoSuchMethodError'{0x0000000093bd7ac0}: static Lorg/jetbrains/kotlin/daemon/common/CompileService$CallResult$Ok;.<clinit>()V> (0x0000000093bd7ac0) 
thrown [s\src\hotspot\share\prims\jni.cpp, line 1108]
Event: 157.778 Thread 0x000002bcd58f2e90 Exception <a 'java/lang/NoSuchMethodError'{0x0000000093936ff0}: static [Ljava/lang/Integer;.<clinit>()V> (0x0000000093936ff0) 
thrown [s\src\hotspot\share\prims\jni.cpp, line 1108]

VM Operations (20 events):
Event: 157.327 Executing VM operation: HandshakeAllThreads done
Event: 158.337 Executing VM operation: Cleanup
Event: 158.522 Executing VM operation: Cleanup done
Event: 159.525 Executing VM operation: Cleanup
Event: 159.657 Executing VM operation: Cleanup done
Event: 160.723 Executing VM operation: Cleanup
Event: 160.724 Executing VM operation: Cleanup done
Event: 160.898 Executing VM operation: G1CollectForAllocation
Event: 160.956 Executing VM operation: G1CollectForAllocation done
Event: 162.034 Executing VM operation: Cleanup
Event: 162.034 Executing VM operation: Cleanup done
Event: 163.107 Executing VM operation: Cleanup
Event: 163.107 Executing VM operation: Cleanup done
Event: 165.128 Executing VM operation: Cleanup
Event: 165.129 Executing VM operation: Cleanup done
Event: 166.138 Executing VM operation: Cleanup
Event: 166.138 Executing VM operation: Cleanup done
Event: 166.958 Executing VM operation: G1TryInitiateConcMark
Event: 166.983 Executing VM operation: G1TryInitiateConcMark done
Event: 168.060 Executing VM operation: G1Concurrent

Events (20 events):
Event: 158.557 loading class sun/rmi/transport/Transport$1
Event: 158.557 loading class sun/rmi/transport/Transport$1 done
Event: 158.564 loading class sun/rmi/transport/DGCImpl$LeaseInfo
Event: 158.564 loading class sun/rmi/transport/DGCImpl$LeaseInfo done
Event: 158.564 loading class sun/rmi/transport/DGCImpl$1
Event: 158.565 loading class sun/rmi/transport/DGCImpl$1 done
Event: 158.565 loading class sun/rmi/transport/SequenceEntry
Event: 158.565 loading class sun/rmi/transport/SequenceEntry done
Event: 165.304 Thread 0x000002bcdd90d8f0 Thread added: 0x000002bcdd90d8f0
Event: 165.658 loading class java/nio/file/FileTreeIterator
Event: 165.658 loading class java/nio/file/FileTreeIterator done
Event: 166.406 Thread 0x000002bcdd90ddc0 Thread added: 0x000002bcdd90ddc0
Event: 166.756 loading class sun/nio/fs/Globs
Event: 166.757 loading class sun/nio/fs/Globs done
Event: 166.757 loading class java/util/regex/Pattern$SliceU
Event: 166.758 loading class java/util/regex/Pattern$SliceU done
Event: 166.758 loading class sun/nio/fs/WindowsFileSystem$2
Event: 166.759 loading class java/nio/file/PathMatcher
Event: 166.759 loading class java/nio/file/PathMatcher done
Event: 166.759 loading class sun/nio/fs/WindowsFileSystem$2 done


Dynamic libraries:
0x00007ff7a0c80000 - 0x00007ff7a0c8a000 	D:\ANDROID\jbr\bin\java.exe
0x00007ff9b5370000 - 0x00007ff9b5584000 	C:\WINDOWS\SYSTEM32\ntdll.dll
0x00007ff9b3ec0000 - 0x00007ff9b3f84000 	C:\WINDOWS\System32\KERNEL32.DLL
0x00007ff9b2720000 - 0x00007ff9b2ac4000 	C:\WINDOWS\System32\KERNELBASE.dll
0x00007ff9b2ce0000 - 0x00007ff9b2df1000 	C:\WINDOWS\System32\ucrtbase.dll
0x00007ff9a2ce0000 - 0x00007ff9a2cf7000 	D:\ANDROID\jbr\bin\jli.dll
0x00007ff9b39b0000 - 0x00007ff9b3b5e000 	C:\WINDOWS\System32\USER32.dll
0x00007ff9b2b90000 - 0x00007ff9b2bb6000 	C:\WINDOWS\System32\win32u.dll
0x00007ff9b4220000 - 0x00007ff9b4249000 	C:\WINDOWS\System32\GDI32.dll
0x00007ff9b2e70000 - 0x00007ff9b2f88000 	C:\WINDOWS\System32\gdi32full.dll
0x00007ff9b2bc0000 - 0x00007ff9b2c5a000 	C:\WINDOWS\System32\msvcp_win.dll
0x00007ff9a6130000 - 0x00007ff9a614b000 	D:\ANDROID\jbr\bin\VCRUNTIME140.dll
0x00007ff9a2eb0000 - 0x00007ff9a3143000 	C:\WINDOWS\WinSxS\amd64_microsoft.windows.common-controls_6595b64144ccf1df_6.0.22621.2215_none_270d72677387dfc3\COMCTL32.dll
0x00007ff9b3580000 - 0x00007ff9b3627000 	C:\WINDOWS\System32\msvcrt.dll
0x00007ff9b4390000 - 0x00007ff9b43c1000 	C:\WINDOWS\System32\IMM32.DLL
0x00007ff9afa90000 - 0x00007ff9afa9c000 	D:\ANDROID\jbr\bin\vcruntime140_1.dll
0x00007ff9907e0000 - 0x00007ff99086d000 	D:\ANDROID\jbr\bin\msvcp140.dll
0x00007ff956310000 - 0x00007ff956f7e000 	D:\ANDROID\jbr\bin\server\jvm.dll
0x00007ff9b36a0000 - 0x00007ff9b3750000 	C:\WINDOWS\System32\ADVAPI32.dll
0x00007ff9b4770000 - 0x00007ff9b4816000 	C:\WINDOWS\System32\sechost.dll
0x00007ff9b3fa0000 - 0x00007ff9b40b7000 	C:\WINDOWS\System32\RPCRT4.dll
0x00007ff9a65e0000 - 0x00007ff9a65e9000 	C:\WINDOWS\SYSTEM32\WSOCK32.dll
0x00007ff9b52b0000 - 0x00007ff9b5321000 	C:\WINDOWS\System32\WS2_32.dll
0x00007ff9ab670000 - 0x00007ff9ab6a4000 	C:\WINDOWS\SYSTEM32\WINMM.dll
0x00007ff9ab6b0000 - 0x00007ff9ab6ba000 	C:\WINDOWS\SYSTEM32\VERSION.dll
0x00007ff9b16e0000 - 0x00007ff9b16f8000 	C:\WINDOWS\SYSTEM32\kernel.appcore.dll
0x00007ff9ab180000 - 0x00007ff9ab18a000 	D:\ANDROID\jbr\bin\jimage.dll
0x00007ff9a7130000 - 0x00007ff9a735e000 	C:\WINDOWS\SYSTEM32\DBGHELP.DLL
0x00007ff9b43d0000 - 0x00007ff9b475a000 	C:\WINDOWS\System32\combase.dll
0x00007ff9b3750000 - 0x00007ff9b3827000 	C:\WINDOWS\System32\OLEAUT32.dll
0x00007ff998320000 - 0x00007ff998352000 	C:\WINDOWS\SYSTEM32\dbgcore.DLL
0x00007ff9b2c60000 - 0x00007ff9b2cda000 	C:\WINDOWS\System32\bcryptPrimitives.dll
0x00007ff9a60a0000 - 0x00007ff9a60c5000 	D:\ANDROID\jbr\bin\java.dll
0x00007ff9ab160000 - 0x00007ff9ab178000 	D:\ANDROID\jbr\bin\zip.dll
0x00007ff9b4a80000 - 0x00007ff9b52a3000 	C:\WINDOWS\System32\SHELL32.dll
0x00007ff9b0660000 - 0x00007ff9b0f4a000 	C:\WINDOWS\SYSTEM32\windows.storage.dll
0x00007ff9b0520000 - 0x00007ff9b065e000 	C:\WINDOWS\SYSTEM32\wintypes.dll
0x00007ff9b4120000 - 0x00007ff9b4213000 	C:\WINDOWS\System32\SHCORE.dll
0x00007ff9b3950000 - 0x00007ff9b39ae000 	C:\WINDOWS\System32\shlwapi.dll
0x00007ff9b2650000 - 0x00007ff9b2676000 	C:\WINDOWS\SYSTEM32\profapi.dll
0x00007ff9a65f0000 - 0x00007ff9a6609000 	D:\ANDROID\jbr\bin\net.dll
0x00007ff9aa5f0000 - 0x00007ff9aa727000 	C:\WINDOWS\SYSTEM32\WINHTTP.dll
0x00007ff9b1ba0000 - 0x00007ff9b1c09000 	C:\WINDOWS\system32\mswsock.dll
0x00007ff9a6200000 - 0x00007ff9a6216000 	D:\ANDROID\jbr\bin\nio.dll
0x00007ff9a6180000 - 0x00007ff9a6190000 	D:\ANDROID\jbr\bin\verify.dll
0x00007ff992ff0000 - 0x00007ff993017000 	C:\Users\PC\.gradle\native\68d5fa5c4cc2d200863cafc0d521ce42e7d3e7ee720ec0a83991735586a16f82\windows-amd64\native-platform.dll
0x00007ff984540000 - 0x00007ff984684000 	C:\Users\PC\.gradle\native\e376f236ea51e6404a007f0833ffe2c6e607c4080706a723a18a27aeea778392\windows-amd64\native-platform-file-events.dll
0x00007ff9a5e90000 - 0x00007ff9a5e99000 	D:\ANDROID\jbr\bin\management.dll
0x00007ff9a47b0000 - 0x00007ff9a47bb000 	D:\ANDROID\jbr\bin\management_ext.dll
0x00007ff9b4a70000 - 0x00007ff9b4a78000 	C:\WINDOWS\System32\PSAPI.DLL
0x00007ff9b1ec0000 - 0x00007ff9b1edb000 	C:\WINDOWS\SYSTEM32\CRYPTSP.dll
0x00007ff9b16a0000 - 0x00007ff9b16d5000 	C:\WINDOWS\system32\rsaenh.dll
0x00007ff9b1c40000 - 0x00007ff9b1c6c000 	C:\WINDOWS\SYSTEM32\USERENV.dll
0x00007ff9b2000000 - 0x00007ff9b2028000 	C:\WINDOWS\SYSTEM32\bcrypt.dll
0x00007ff9b1ea0000 - 0x00007ff9b1eac000 	C:\WINDOWS\SYSTEM32\CRYPTBASE.dll
0x00007ff9b11f0000 - 0x00007ff9b121d000 	C:\WINDOWS\SYSTEM32\IPHLPAPI.DLL
0x00007ff9b4760000 - 0x00007ff9b4769000 	C:\WINDOWS\System32\NSI.dll
0x00007ff9aa5d0000 - 0x00007ff9aa5e9000 	C:\WINDOWS\SYSTEM32\dhcpcsvc6.DLL
0x00007ff9aa5b0000 - 0x00007ff9aa5cf000 	C:\WINDOWS\SYSTEM32\dhcpcsvc.DLL
0x00007ff9b1270000 - 0x00007ff9b1362000 	C:\WINDOWS\SYSTEM32\DNSAPI.dll
0x00007ff9a4790000 - 0x00007ff9a4798000 	C:\WINDOWS\system32\wshunix.dll
0x00007ff991c30000 - 0x00007ff991c47000 	C:\WINDOWS\system32\napinsp.dll
0x00007ff991c10000 - 0x00007ff991c2b000 	C:\WINDOWS\system32\pnrpnsp.dll
0x00007ff991bf0000 - 0x00007ff991c01000 	C:\WINDOWS\System32\winrnr.dll
0x00007ff991bd0000 - 0x00007ff991be5000 	C:\WINDOWS\system32\wshbth.dll
0x00007ff990ed0000 - 0x00007ff990ef1000 	C:\WINDOWS\system32\nlansp_c.dll
0x00007ff99a970000 - 0x00007ff99a97a000 	C:\Windows\System32\rasadhlp.dll
0x00007ff9aa040000 - 0x00007ff9aa0c4000 	C:\WINDOWS\System32\fwpuclnt.dll
0x00007ff9adb00000 - 0x00007ff9adb07000 	D:\ANDROID\jbr\bin\rmi.dll

dbghelp: loaded successfully - version: 4.0.5 - missing functions: none
symbol engine: initialized successfully - sym options: 0x614 - pdb path: .;D:\ANDROID\jbr\bin;C:\WINDOWS\SYSTEM32;C:\WINDOWS\WinSxS\amd64_microsoft.windows.common-controls_6595b64144ccf1df_6.0.22621.2215_none_270d72677387dfc3;D:\ANDROID\jbr\bin\server;C:\Users\PC\.gradle\native\68d5fa5c4cc2d200863cafc0d521ce42e7d3e7ee720ec0a83991735586a16f82\windows-amd64;C:\Users\PC\.gradle\native\e376f236ea51e6404a007f0833ffe2c6e607c4080706a723a18a27aeea778392\windows-amd64

VM Arguments:
jvm_args: --add-opens=java.base/java.util=ALL-UNNAMED --add-opens=java.base/java.lang=ALL-UNNAMED --add-opens=java.base/java.lang.invoke=ALL-UNNAMED --add-opens=java.prefs/java.util.prefs=ALL-UNNAMED --add-opens=java.base/java.nio.charset=ALL-UNNAMED --add-opens=java.base/java.net=ALL-UNNAMED --add-opens=java.base/java.util.concurrent.atomic=ALL-UNNAMED -Xmx2048m -Dfile.encoding=UTF-8 -Duser.country=US -Duser.language=en -Duser.variant 
java_command: org.gradle.launcher.daemon.bootstrap.GradleDaemon 8.0
java_class_path (initial): C:\Users\PC\.gradle\wrapper\dists\gradle-8.0-bin\ca5e32bp14vu59qr306oxotwh\gradle-8.0\lib\gradle-launcher-8.0.jar
Launcher Type: SUN_STANDARD

[Global flags]
     intx CICompilerCount                          = 2                                         {product} {ergonomic}
     uint ConcGCThreads                            = 1                                         {product} {ergonomic}
     uint G1ConcRefinementThreads                  = 2                                         {product} {ergonomic}
   size_t G1HeapRegionSize                         = 1048576                                   {product} {ergonomic}
    uintx GCDrainStackTargetSize                   = 64                                        {product} {ergonomic}
   size_t InitialHeapSize                          = 100663296                                 {product} {ergonomic}
   size_t MarkStackSize                            = 4194304                                   {product} {ergonomic}
   size_t MaxHeapSize                              = 2147483648                                {product} {command line}
   size_t MaxNewSize                               = 1287651328                                {product} {ergonomic}
   size_t MinHeapDeltaBytes                        = 1048576                                   {product} {ergonomic}
   size_t MinHeapSize                              = 8388608                                   {product} {ergonomic}
    uintx NonNMethodCodeHeapSize                   = 5826188                                {pd product} {ergonomic}
    uintx NonProfiledCodeHeapSize                  = 122916026                              {pd product} {ergonomic}
    uintx ProfiledCodeHeapSize                     = 122916026                              {pd product} {ergonomic}
    uintx ReservedCodeCacheSize                    = 251658240                              {pd product} {ergonomic}
     bool SegmentedCodeCache                       = true                                      {product} {ergonomic}
   size_t SoftMaxHeapSize                          = 2147483648                             {manageable} {ergonomic}
     bool UseCompressedClassPointers               = true                           {product lp64_product} {ergonomic}
     bool UseCompressedOops                        = true                           {product lp64_product} {ergonomic}
     bool UseG1GC                                  = true                                      {product} {ergonomic}
     bool UseLargePagesIndividualAllocation        = false                                  {pd product} {ergonomic}

Logging:
Log output configuration:
 #0: stdout all=warning uptime,level,tags
 #1: stderr all=off uptime,level,tags

Environment Variables:
PATH=C:\Program Files (x86)\Eclipse Adoptium\jdk-17.0.8.7-hotspot\bin;C:\Program Files (x86)\Common Files\Oracle\Java\javapath;C:\ProgramData\Oracle\Java\javapath;C:\WINDOWS\system32;C:\WINDOWS;C:\WINDOWS\System32\Wbem;C:\WINDOWS\System32\WindowsPowerShell\v1.0\;C:\WINDOWS\System32\OpenSSH\;C:\xampp\php;C:\ProgramData\ComposerSetup\bin;C:\Users\PC\Downloads\chromedriver_win32;C:\Program Files\nodejs\;C:\Program Files\Git\cmd;C:\Users\PC\AppData\Local\Programs\Python\Python310\Scripts\;C:\Users\PC\AppData\Local\Programs\Python\Python310\;C:\Program Files\MySQL\MySQL Shell 8.0\bin\;C:\Users\PC\AppData\Local\Microsoft\WindowsApps;C:\Users\PC\AppData\Local\Programs\Microsoft VS Code\bin;C:\xampp\php;C:\Program Files\Java\jdk1.8.0_161\bin;C:\Users\PC\AppData\Roaming\Composer\vendor\bin;C:\Users\PC\AppData\Roaming\npm;C:\Program Files\nodejs;C:\Users\PC\AppData\Local\GitHubDesktop\bin;D:\MSIB\platform-tools;
USERNAME=PC
OS=Windows_NT
PROCESSOR_IDENTIFIER=AMD64 Family 23 Model 32 Stepping 1, AuthenticAMD
TMP=C:\Users\PC\AppData\Local\Temp
TEMP=C:\Users\PC\AppData\Local\Temp


JNI global refs:
JNI global refs: 23, weak refs: 0

JNI global refs memory usage: 843, weak refs: 841


---------------  S Y S T E M  ---------------

OS:
 Windows 11 , 64 bit Build 22621 (10.0.22621.2215)
OS uptime: 7 days 13:32 hours
Hyper-V role detected

CPU: total 2 (initial active 2) (2 cores per cpu, 1 threads per core) family 23 model 32 stepping 1 microcode 0x0, cx8, cmov, fxsr, mmx, 3dnowpref, sse, sse2, sse3, ssse3, sse4a, sse4.1, sse4.2, popcnt, lzcnt, tsc, tscinvbit, avx, avx2, aes, clmul, bmi1, bmi2, adx, sha, fma, vzeroupper, clflush, clflushopt, hv

Memory: 4k page, system-wide physical 6020M (316M free)
TotalPageFile size 23396M (AvailPageFile size 72M)
current process WorkingSet (physical memory assigned to process): 409M, peak: 492M
current process commit charge ("private bytes"): 654M, peak: 749M

vm_info: OpenJDK 64-Bit Server VM (17.0.6+0-b2043.56-10027231) for windows-amd64 JRE (17.0.6+0-b2043.56-10027231), built on Apr 28 2023 00:43:19 by "androidbuild" with MS VC++ 16.10 / 16.11 (VS2019)

END.
