#
# There is insufficient memory for the Java Runtime Environment to continue.
# Native memory allocation (mmap) failed to map 618659840 bytes for G1 virtual space
# Possible reasons:
#   The system is out of physical RAM or swap space
#   The process is running with CompressedOops enabled, and the Java Heap may be blocking the growth of the native heap
# Possible solutions:
#   Reduce memory load on the system
#   Increase physical memory or swap space
#   Check if swap backing store is full
#   Decrease Java heap size (-Xmx/-Xms)
#   Decrease number of Java threads
#   Decrease Java thread stack sizes (-Xss)
#   Set larger code cache with -XX:ReservedCodeCacheSize=
#   JVM is running with Unscaled Compressed Oops mode in which the Java heap is
#     placed in the first 4GB address space. The Java Heap base address is the
#     maximum limit for the native heap growth. Please use -XX:HeapBaseMinAddress
#     to set the Java Heap base and to place the Java Heap above 4GB virtual address.
# This output file may be truncated or incomplete.
#
#  Out of Memory Error (os_windows.cpp:3769), pid=1232, tid=15328
#
# JRE version: OpenJDK Runtime Environment (17.0.6) (build 17.0.6+0-b2043.56-10027231)
# Java VM: OpenJDK 64-Bit Server VM (17.0.6+0-b2043.56-10027231, mixed mode, tiered, compressed oops, compressed class ptrs, g1 gc, windows-amd64)
# No core dump will be written. Minidumps are not enabled by default on client versions of Windows
#

---------------  S U M M A R Y ------------

Command Line: --add-opens=java.base/java.util=ALL-UNNAMED --add-opens=java.base/java.lang=ALL-UNNAMED --add-opens=java.base/java.lang.invoke=ALL-UNNAMED --add-opens=java.prefs/java.util.prefs=ALL-UNNAMED --add-opens=java.base/java.nio.charset=ALL-UNNAMED --add-opens=java.base/java.net=ALL-UNNAMED --add-opens=java.base/java.util.concurrent.atomic=ALL-UNNAMED -Xmx2048m -Dfile.encoding=UTF-8 -Duser.country=US -Duser.language=en -Duser.variant org.gradle.launcher.daemon.bootstrap.GradleDaemon 8.0

Host: AMD 3020e with Radeon Graphics                 , 2 cores, 5G,  Windows 11 , 64 bit Build 22621 (10.0.22621.2215)
Time: Mon Sep 25 07:25:50 2023 SE Asia Standard Time elapsed time: 86.994923 seconds (0d 0h 1m 26s)

---------------  T H R E A D  ---------------

Current thread (0x000001d8cc7f2c50):  VMThread "VM Thread" [stack: 0x0000008332800000,0x0000008332900000] [id=15328]

Stack: [0x0000008332800000,0x0000008332900000]
Native frames: (J=compiled Java code, j=interpreted, Vv=VM code, C=native code)
V  [jvm.dll+0x683c9a]
V  [jvm.dll+0x8427a4]
V  [jvm.dll+0x843f9e]
V  [jvm.dll+0x844603]
V  [jvm.dll+0x249b75]
V  [jvm.dll+0x680b69]
V  [jvm.dll+0x67505a]
V  [jvm.dll+0x309acb]
V  [jvm.dll+0x310f86]
V  [jvm.dll+0x3608ee]
V  [jvm.dll+0x360b1f]
V  [jvm.dll+0x2dfbf8]
V  [jvm.dll+0x2ddec4]
V  [jvm.dll+0x2dd4cc]
V  [jvm.dll+0x321f3b]
V  [jvm.dll+0x848ccb]
V  [jvm.dll+0x849a04]
V  [jvm.dll+0x849f1d]
V  [jvm.dll+0x84a2f4]
V  [jvm.dll+0x84a3c0]
V  [jvm.dll+0x7f274a]
V  [jvm.dll+0x682ad5]
C  [ucrtbase.dll+0x29363]
C  [KERNEL32.DLL+0x1257d]
C  [ntdll.dll+0x5aa68]

VM_Operation (0x00000083374fab50): G1CollectForAllocation, mode: safepoint, requested by thread 0x000001d8d05a56b0


---------------  P R O C E S S  ---------------

Threads class SMR info:
_java_thread_list=0x000001d8d41381d0, length=75, elements={
0x000001d8b3766fb0, 0x000001d8cc819260, 0x000001d8cc81e880, 0x000001d8cc8404d0,
0x000001d8cc841080, 0x000001d8cc841c30, 0x000001d8cc8425e0, 0x000001d8cc8015f0,
0x000001d8cc805410, 0x000001d8cc805a10, 0x000001d8cd564ff0, 0x000001d8cd5654c0,
0x000001d8ce344100, 0x000001d8ce1c87c0, 0x000001d8ce8863d0, 0x000001d8cff2e880,
0x000001d8cff2f4f0, 0x000001d8cfc32430, 0x000001d8cea0bbb0, 0x000001d8d01355c0,
0x000001d8ce578ce0, 0x000001d8ce579680, 0x000001d8ce578810, 0x000001d8ce57a020,
0x000001d8ce57ae90, 0x000001d8ce5791b0, 0x000001d8ce577e70, 0x000001d8ce57a4f0,
0x000001d8ce57b360, 0x000001d8ce57b830, 0x000001d8ce578340, 0x000001d8cd9fa390,
0x000001d8cd9fc540, 0x000001d8cd9fc070, 0x000001d8cd9fbba0, 0x000001d8cd9fb200,
0x000001d8cd9fb6d0, 0x000001d8d0545800, 0x000001d8d0541970, 0x000001d8d0545cd0,
0x000001d8d0545330, 0x000001d8d0543180, 0x000001d8d05444c0, 0x000001d8d0541e40,
0x000001d8d05427e0, 0x000001d8d0542310, 0x000001d8d0547e80, 0x000001d8d0540fd0,
0x000001d8d05461a0, 0x000001d8d0548350, 0x000001d8d05474e0, 0x000001d8d0542cb0,
0x000001d8d0546670, 0x000001d8d05414a0, 0x000001d8d0546b40, 0x000001d8d0547010,
0x000001d8d0544e60, 0x000001d8d0543ff0, 0x000001d8d05479b0, 0x000001d8d4efc700,
0x000001d8d4efda40, 0x000001d8d4ef7530, 0x000001d8d4efa080, 0x000001d8d4ef8d40,
0x000001d8d4ef9210, 0x000001d8d05a6ec0, 0x000001d8d05a9070, 0x000001d8d05a8ba0,
0x000001d8d05a9540, 0x000001d8d05abbc0, 0x000001d8d05a9a10, 0x000001d8d05ac090,
0x000001d8d05a51e0, 0x000001d8d05a56b0, 0x000001d8d05a7d30
}

Java Threads: ( => current thread )
  0x000001d8b3766fb0 JavaThread "main" [_thread_blocked, id=17508, stack(0x0000008332100000,0x0000008332200000)]
  0x000001d8cc819260 JavaThread "Reference Handler" daemon [_thread_blocked, id=19444, stack(0x0000008332900000,0x0000008332a00000)]
  0x000001d8cc81e880 JavaThread "Finalizer" daemon [_thread_blocked, id=924, stack(0x0000008332a00000,0x0000008332b00000)]
  0x000001d8cc8404d0 JavaThread "Signal Dispatcher" daemon [_thread_blocked, id=3408, stack(0x0000008332b00000,0x0000008332c00000)]
  0x000001d8cc841080 JavaThread "Attach Listener" daemon [_thread_blocked, id=16224, stack(0x0000008332c00000,0x0000008332d00000)]
  0x000001d8cc841c30 JavaThread "Service Thread" daemon [_thread_blocked, id=11188, stack(0x0000008332d00000,0x0000008332e00000)]
  0x000001d8cc8425e0 JavaThread "Monitor Deflation Thread" daemon [_thread_blocked, id=13492, stack(0x0000008332e00000,0x0000008332f00000)]
  0x000001d8cc8015f0 JavaThread "C2 CompilerThread0" daemon [_thread_blocked, id=16860, stack(0x0000008332f00000,0x0000008333000000)]
  0x000001d8cc805410 JavaThread "C1 CompilerThread0" daemon [_thread_blocked, id=20328, stack(0x0000008333000000,0x0000008333100000)]
  0x000001d8cc805a10 JavaThread "Sweeper thread" daemon [_thread_blocked, id=14628, stack(0x0000008333100000,0x0000008333200000)]
  0x000001d8cd564ff0 JavaThread "Common-Cleaner" daemon [_thread_blocked, id=14412, stack(0x0000008333200000,0x0000008333300000)]
  0x000001d8cd5654c0 JavaThread "Notification Thread" daemon [_thread_blocked, id=15800, stack(0x0000008333300000,0x0000008333400000)]
  0x000001d8ce344100 JavaThread "Daemon health stats" [_thread_blocked, id=7504, stack(0x0000008333600000,0x0000008333700000)]
  0x000001d8ce1c87c0 JavaThread "Incoming local TCP Connector on port 49842" [_thread_in_native, id=7392, stack(0x0000008333700000,0x0000008333800000)]
  0x000001d8ce8863d0 JavaThread "Daemon periodic checks" [_thread_blocked, id=3124, stack(0x0000008333800000,0x0000008333900000)]
  0x000001d8cff2e880 JavaThread "Daemon" [_thread_blocked, id=1664, stack(0x0000008333900000,0x0000008333a00000)]
  0x000001d8cff2f4f0 JavaThread "Handler for socket connection from /127.0.0.1:49842 to /127.0.0.1:49844" [_thread_in_native, id=3500, stack(0x0000008333a00000,0x0000008333b00000)]
  0x000001d8cfc32430 JavaThread "Cancel handler" [_thread_blocked, id=12792, stack(0x0000008333b00000,0x0000008333c00000)]
  0x000001d8cea0bbb0 JavaThread "Daemon worker" [_thread_blocked, id=13348, stack(0x0000008333c00000,0x0000008333d00000)]
  0x000001d8d01355c0 JavaThread "Asynchronous log dispatcher for DefaultDaemonConnection: socket connection from /127.0.0.1:49842 to /127.0.0.1:49844" [_thread_blocked, id=8292, stack(0x0000008333d00000,0x0000008333e00000)]
  0x000001d8ce578ce0 JavaThread "Daemon client event forwarder" [_thread_blocked, id=3492, stack(0x0000008333f00000,0x0000008334000000)]
  0x000001d8ce579680 JavaThread "Cache worker for journal cache (C:\Users\PC\.gradle\caches\journal-1)" [_thread_blocked, id=7804, stack(0x0000008334000000,0x0000008334100000)]
  0x000001d8ce578810 JavaThread "File lock request listener" [_thread_in_native, id=4252, stack(0x0000008334100000,0x0000008334200000)]
  0x000001d8ce57a020 JavaThread "Cache worker for file hash cache (C:\Users\PC\.gradle\caches\8.0\fileHashes)" [_thread_blocked, id=11124, stack(0x0000008334200000,0x0000008334300000)]
  0x000001d8ce57ae90 JavaThread "File watcher server" daemon [_thread_in_native, id=14616, stack(0x0000008334300000,0x0000008334400000)]
  0x000001d8ce5791b0 JavaThread "File watcher consumer" daemon [_thread_blocked, id=13364, stack(0x0000008334400000,0x0000008334500000)]
  0x000001d8ce577e70 JavaThread "Cache worker for checksums cache (D:\MyApp7\.gradle\8.0\checksums)" [_thread_blocked, id=14188, stack(0x0000008334500000,0x0000008334600000)]
  0x000001d8ce57a4f0 JavaThread "Cache worker for cache directory md-rule (C:\Users\PC\.gradle\caches\8.0\md-rule)" [_thread_blocked, id=3176, stack(0x0000008334600000,0x0000008334700000)]
  0x000001d8ce57b360 JavaThread "Cache worker for file content cache (C:\Users\PC\.gradle\caches\8.0\fileContent)" [_thread_blocked, id=8044, stack(0x0000008334700000,0x0000008334800000)]
  0x000001d8ce57b830 JavaThread "Cache worker for file hash cache (D:\MyApp7\.gradle\8.0\fileHashes)" [_thread_blocked, id=13828, stack(0x0000008334800000,0x0000008334900000)]
  0x000001d8ce578340 JavaThread "Cache worker for cache directory md-supplier (C:\Users\PC\.gradle\caches\8.0\md-supplier)" [_thread_blocked, id=4584, stack(0x0000008334900000,0x0000008334a00000)]
  0x000001d8cd9fa390 JavaThread "Cache worker for execution history cache (C:\Users\PC\.gradle\caches\8.0\executionHistory)" [_thread_blocked, id=17316, stack(0x0000008334a00000,0x0000008334b00000)]
  0x000001d8cd9fc540 JavaThread "jar transforms" [_thread_blocked, id=2872, stack(0x0000008334c00000,0x0000008334d00000)]
  0x000001d8cd9fc070 JavaThread "jar transforms Thread 2" [_thread_blocked, id=10548, stack(0x0000008334d00000,0x0000008334e00000)]
  0x000001d8cd9fbba0 JavaThread "Cache worker for kotlin-dsl (C:\Users\PC\.gradle\caches\8.0\kotlin-dsl)" [_thread_blocked, id=6880, stack(0x0000008334e00000,0x0000008334f00000)]
  0x000001d8cd9fb200 JavaThread "Cache worker for dependencies-accessors (D:\MyApp7\.gradle\8.0\dependencies-accessors)" [_thread_blocked, id=8876, stack(0x0000008334f00000,0x0000008335000000)]
  0x000001d8cd9fb6d0 JavaThread "Cache worker for Build Output Cleanup Cache (D:\MyApp7\.gradle\buildOutputCleanup)" [_thread_blocked, id=4916, stack(0x0000008335000000,0x0000008335100000)]
  0x000001d8d0545800 JavaThread "Unconstrained build operations" [_thread_blocked, id=6728, stack(0x0000008335100000,0x0000008335200000)]
  0x000001d8d0541970 JavaThread "Unconstrained build operations Thread 2" [_thread_blocked, id=7844, stack(0x0000008335200000,0x0000008335300000)]
  0x000001d8d0545cd0 JavaThread "Unconstrained build operations Thread 3" [_thread_blocked, id=15524, stack(0x0000008335300000,0x0000008335400000)]
  0x000001d8d0545330 JavaThread "Unconstrained build operations Thread 4" [_thread_blocked, id=3860, stack(0x0000008335400000,0x0000008335500000)]
  0x000001d8d0543180 JavaThread "Unconstrained build operations Thread 5" [_thread_blocked, id=8468, stack(0x0000008335500000,0x0000008335600000)]
  0x000001d8d05444c0 JavaThread "Unconstrained build operations Thread 6" [_thread_blocked, id=18144, stack(0x0000008335600000,0x0000008335700000)]
  0x000001d8d0541e40 JavaThread "Unconstrained build operations Thread 7" [_thread_blocked, id=1100, stack(0x0000008335700000,0x0000008335800000)]
  0x000001d8d05427e0 JavaThread "Unconstrained build operations Thread 8" [_thread_blocked, id=16440, stack(0x0000008335800000,0x0000008335900000)]
  0x000001d8d0542310 JavaThread "Unconstrained build operations Thread 9" [_thread_blocked, id=8220, stack(0x0000008335900000,0x0000008335a00000)]
  0x000001d8d0547e80 JavaThread "Unconstrained build operations Thread 10" [_thread_blocked, id=14764, stack(0x0000008335a00000,0x0000008335b00000)]
  0x000001d8d0540fd0 JavaThread "Unconstrained build operations Thread 11" [_thread_blocked, id=15068, stack(0x0000008335b00000,0x0000008335c00000)]
  0x000001d8d05461a0 JavaThread "Unconstrained build operations Thread 12" [_thread_blocked, id=16188, stack(0x0000008335c00000,0x0000008335d00000)]
  0x000001d8d0548350 JavaThread "Unconstrained build operations Thread 13" [_thread_blocked, id=17152, stack(0x0000008335d00000,0x0000008335e00000)]
  0x000001d8d05474e0 JavaThread "Unconstrained build operations Thread 14" [_thread_blocked, id=8564, stack(0x0000008335e00000,0x0000008335f00000)]
  0x000001d8d0542cb0 JavaThread "Unconstrained build operations Thread 15" [_thread_blocked, id=18524, stack(0x0000008335f00000,0x0000008336000000)]
  0x000001d8d0546670 JavaThread "Unconstrained build operations Thread 16" [_thread_blocked, id=12524, stack(0x0000008336000000,0x0000008336100000)]
  0x000001d8d05414a0 JavaThread "Unconstrained build operations Thread 17" [_thread_blocked, id=6360, stack(0x0000008336100000,0x0000008336200000)]
  0x000001d8d0546b40 JavaThread "Unconstrained build operations Thread 18" [_thread_blocked, id=4396, stack(0x0000008336200000,0x0000008336300000)]
  0x000001d8d0547010 JavaThread "Unconstrained build operations Thread 19" [_thread_blocked, id=10668, stack(0x0000008336300000,0x0000008336400000)]
  0x000001d8d0544e60 JavaThread "Unconstrained build operations Thread 20" [_thread_blocked, id=1860, stack(0x0000008336400000,0x0000008336500000)]
  0x000001d8d0543ff0 JavaThread "build event listener" [_thread_blocked, id=15824, stack(0x0000008336500000,0x0000008336600000)]
  0x000001d8d05479b0 JavaThread "Memory manager" [_thread_blocked, id=10268, stack(0x0000008336600000,0x0000008336700000)]
  0x000001d8d4efc700 JavaThread "pool-3-thread-1" [_thread_blocked, id=19956, stack(0x0000008336900000,0x0000008336a00000)]
  0x000001d8d4efda40 JavaThread "build event listener" [_thread_blocked, id=4352, stack(0x0000008336a00000,0x0000008336b00000)]
  0x000001d8d4ef7530 JavaThread "included builds" [_thread_blocked, id=15560, stack(0x0000008336b00000,0x0000008336c00000)]
  0x000001d8d4efa080 JavaThread "Execution worker" [_thread_blocked, id=12756, stack(0x0000008336c00000,0x0000008336d00000)]
  0x000001d8d4ef8d40 JavaThread "Cache worker for execution history cache (D:\MyApp7\.gradle\8.0\executionHistory)" [_thread_blocked, id=13248, stack(0x0000008336d00000,0x0000008336e00000)]
  0x000001d8d4ef9210 JavaThread "WorkerExecutor Queue" [_thread_in_native, id=17884, stack(0x0000008332000000,0x0000008332100000)]
  0x000001d8d05a6ec0 JavaThread "RMI Scheduler(0)" daemon [_thread_blocked, id=17504, stack(0x0000008332200000,0x0000008332300000)]
  0x000001d8d05a9070 JavaThread "RMI RenewClean-[127.0.0.1:17109,org.jetbrains.kotlin.daemon.common.LoopbackNetworkInterface$ClientLoopbackSocketFactory@54fc0403]" daemon [_thread_blocked, id=18200, stack(0x0000008336e00000,0x0000008336f00000)]
  0x000001d8d05a8ba0 JavaThread "RMI GC Daemon" daemon [_thread_blocked, id=12360, stack(0x0000008336f00000,0x0000008337000000)]
  0x000001d8d05a9540 JavaThread "RMI TCP Accept-0" daemon [_thread_in_native, id=13136, stack(0x0000008337000000,0x0000008337100000)]
  0x000001d8d05abbc0 JavaThread "RMI Reaper" [_thread_blocked, id=3608, stack(0x0000008337100000,0x0000008337200000)]
  0x000001d8d05a9a10 JavaThread "RMI TCP Connection(idle)" daemon [_thread_blocked, id=2152, stack(0x0000008337200000,0x0000008337300000)]
  0x000001d8d05ac090 JavaThread "WorkerExecutor Queue Thread 2" [_thread_blocked, id=7228, stack(0x0000008333e00000,0x0000008333f00000)]
  0x000001d8d05a51e0 JavaThread "WorkerExecutor Queue Thread 3" [_thread_blocked, id=3476, stack(0x0000008337300000,0x0000008337400000)]
  0x000001d8d05a56b0 JavaThread "ForkJoinPool-1-worker-1" daemon [_thread_blocked, id=19060, stack(0x0000008337400000,0x0000008337500000)]
  0x000001d8d05a7d30 JavaThread "ForkJoinPool-1-worker-2" daemon [_thread_blocked, id=16180, stack(0x0000008337500000,0x0000008337600000)]

Other Threads:
=>0x000001d8cc7f2c50 VMThread "VM Thread" [stack: 0x0000008332800000,0x0000008332900000] [id=15328]
  0x000001d8cd565990 WatcherThread [stack: 0x0000008333400000,0x0000008333500000] [id=17896]
  0x000001d8b37c2010 GCTaskThread "GC Thread#0" [stack: 0x0000008332300000,0x0000008332400000] [id=7360]
  0x000001d8cd661d10 GCTaskThread "GC Thread#1" [stack: 0x0000008333500000,0x0000008333600000] [id=11852]
  0x000001d8b37d2f50 ConcurrentGCThread "G1 Main Marker" [stack: 0x0000008332400000,0x0000008332500000] [id=1224]
  0x000001d8b37d3960 ConcurrentGCThread "G1 Conc#0" [stack: 0x0000008332500000,0x0000008332600000] [id=18024]
  0x000001d8b382bd40 ConcurrentGCThread "G1 Refine#0" [stack: 0x0000008332600000,0x0000008332700000] [id=1528]
  0x000001d8d060b130 ConcurrentGCThread "G1 Refine#1" [stack: 0x0000008334b00000,0x0000008334c00000] [id=14132]
  0x000001d8b382c760 ConcurrentGCThread "G1 Service" [stack: 0x0000008332700000,0x0000008332800000] [id=14276]

Threads with active compile tasks:
C2 CompilerThread0    87059 13496       4       java.util.jar.JarFile::getJarEntry (9 bytes)

VM state: at safepoint (normal execution)

VM Mutex/Monitor currently owned by a thread:  ([mutex/lock_event])
[0x000001d8b3763380] Threads_lock - owner thread: 0x000001d8cc7f2c50
[0x000001d8b37623c0] Heap_lock - owner thread: 0x000001d8d05a56b0

Heap address: 0x0000000080000000, size: 2048 MB, Compressed Oops mode: 32-bit

CDS archive(s) not mapped
Compressed class space mapped at: 0x0000000100000000-0x0000000140000000, reserved size: 1073741824
Narrow klass base: 0x0000000000000000, Narrow klass shift: 3, Narrow klass range: 0x140000000

GC Precious Log:
 CPUs: 2 total, 2 available
 Memory: 6020M
 Large Page Support: Disabled
 NUMA Support: Disabled
 Compressed Oops: Enabled (32-bit)
 Heap Region Size: 1M
 Heap Min Capacity: 8M
 Heap Initial Capacity: 96M
 Heap Max Capacity: 2G
 Pre-touch: Disabled
 Parallel Workers: 2
 Concurrent Workers: 1
 Concurrent Refinement Workers: 2
 Periodic GC: Disabled

Heap:
 garbage-first heap   total 308224K, used 197066K [0x0000000080000000, 0x0000000100000000)
  region size 1024K, 2 young (2048K), 2 survivors (2048K)
 Metaspace       used 108638K, committed 109376K, reserved 1146880K
  class space    used 14634K, committed 14976K, reserved 1048576K

Heap Regions: E=young(eden), S=young(survivor), O=old, HS=humongous(starts), HC=humongous(continues), CS=collection set, F=free, OA=open archive, CA=closed archive, TAMS=top-at-mark-start (previous, next)
|   0|0x0000000080000000, 0x0000000080100000, 0x0000000080100000|100%| O|  |TAMS 0x0000000080100000, 0x0000000080000000| Untracked 
|   1|0x0000000080100000, 0x0000000080200000, 0x0000000080200000|100%| O|  |TAMS 0x0000000080200000, 0x0000000080100000| Untracked 
|   2|0x0000000080200000, 0x0000000080300000, 0x0000000080300000|100%| O|  |TAMS 0x0000000080300000, 0x0000000080200000| Untracked 
|   3|0x0000000080300000, 0x0000000080400000, 0x0000000080400000|100%|HS|  |TAMS 0x0000000080400000, 0x0000000080300000| Complete 
|   4|0x0000000080400000, 0x0000000080500000, 0x0000000080500000|100%|HC|  |TAMS 0x0000000080500000, 0x0000000080400000| Complete 
|   5|0x0000000080500000, 0x0000000080600000, 0x0000000080600000|100%|HC|  |TAMS 0x0000000080600000, 0x0000000080500000| Complete 
|   6|0x0000000080600000, 0x0000000080700000, 0x0000000080700000|100%|HC|  |TAMS 0x0000000080700000, 0x0000000080600000| Complete 
|   7|0x0000000080700000, 0x0000000080800000, 0x0000000080800000|100%| O|  |TAMS 0x0000000080800000, 0x0000000080700000| Untracked 
|   8|0x0000000080800000, 0x0000000080900000, 0x0000000080900000|100%| O|  |TAMS 0x0000000080900000, 0x0000000080800000| Untracked 
|   9|0x0000000080900000, 0x00000000809f2800, 0x0000000080a00000| 94%| O|  |TAMS 0x00000000809f2800, 0x0000000080900000| Untracked 
|  10|0x0000000080a00000, 0x0000000080b00000, 0x0000000080b00000|100%| O|  |TAMS 0x0000000080b00000, 0x0000000080a00000| Untracked 
|  11|0x0000000080b00000, 0x0000000080c00000, 0x0000000080c00000|100%| O|  |TAMS 0x0000000080c00000, 0x0000000080b00000| Untracked 
|  12|0x0000000080c00000, 0x0000000080d00000, 0x0000000080d00000|100%| O|  |TAMS 0x0000000080d00000, 0x0000000080c00000| Untracked 
|  13|0x0000000080d00000, 0x0000000080e00000, 0x0000000080e00000|100%| O|  |TAMS 0x0000000080e00000, 0x0000000080d00000| Untracked 
|  14|0x0000000080e00000, 0x0000000080f00000, 0x0000000080f00000|100%| O|  |TAMS 0x0000000080f00000, 0x0000000080e00000| Untracked 
|  15|0x0000000080f00000, 0x0000000081000000, 0x0000000081000000|100%| O|  |TAMS 0x0000000081000000, 0x0000000080f00000| Untracked 
|  16|0x0000000081000000, 0x0000000081100000, 0x0000000081100000|100%| O|  |TAMS 0x0000000081100000, 0x0000000081000000| Untracked 
|  17|0x0000000081100000, 0x0000000081200000, 0x0000000081200000|100%| O|  |TAMS 0x0000000081200000, 0x0000000081100000| Untracked 
|  18|0x0000000081200000, 0x0000000081300000, 0x0000000081300000|100%| O|  |TAMS 0x0000000081300000, 0x0000000081200000| Untracked 
|  19|0x0000000081300000, 0x0000000081400000, 0x0000000081400000|100%| O|  |TAMS 0x0000000081400000, 0x0000000081300000| Untracked 
|  20|0x0000000081400000, 0x0000000081500000, 0x0000000081500000|100%| O|  |TAMS 0x0000000081500000, 0x0000000081400000| Untracked 
|  21|0x0000000081500000, 0x0000000081600000, 0x0000000081600000|100%| O|  |TAMS 0x0000000081600000, 0x0000000081500000| Untracked 
|  22|0x0000000081600000, 0x0000000081700000, 0x0000000081700000|100%| O|  |TAMS 0x0000000081700000, 0x0000000081600000| Untracked 
|  23|0x0000000081700000, 0x0000000081800000, 0x0000000081800000|100%| O|  |TAMS 0x0000000081800000, 0x0000000081700000| Untracked 
|  24|0x0000000081800000, 0x0000000081900000, 0x0000000081900000|100%| O|  |TAMS 0x0000000081900000, 0x0000000081800000| Untracked 
|  25|0x0000000081900000, 0x0000000081a00000, 0x0000000081a00000|100%| O|  |TAMS 0x0000000081a00000, 0x0000000081900000| Untracked 
|  26|0x0000000081a00000, 0x0000000081b00000, 0x0000000081b00000|100%| O|  |TAMS 0x0000000081b00000, 0x0000000081a00000| Untracked 
|  27|0x0000000081b00000, 0x0000000081c00000, 0x0000000081c00000|100%| O|  |TAMS 0x0000000081c00000, 0x0000000081b00000| Untracked 
|  28|0x0000000081c00000, 0x0000000081d00000, 0x0000000081d00000|100%| O|  |TAMS 0x0000000081d00000, 0x0000000081c00000| Untracked 
|  29|0x0000000081d00000, 0x0000000081e00000, 0x0000000081e00000|100%| O|  |TAMS 0x0000000081e00000, 0x0000000081d00000| Untracked 
|  30|0x0000000081e00000, 0x0000000081f00000, 0x0000000081f00000|100%| O|  |TAMS 0x0000000081f00000, 0x0000000081e00000| Untracked 
|  31|0x0000000081f00000, 0x0000000082000000, 0x0000000082000000|100%| O|  |TAMS 0x0000000082000000, 0x0000000081f00000| Untracked 
|  32|0x0000000082000000, 0x0000000082100000, 0x0000000082100000|100%| O|  |TAMS 0x0000000082100000, 0x0000000082000000| Untracked 
|  33|0x0000000082100000, 0x0000000082200000, 0x0000000082200000|100%| O|  |TAMS 0x0000000082200000, 0x0000000082100000| Untracked 
|  34|0x0000000082200000, 0x0000000082300000, 0x0000000082300000|100%| O|  |TAMS 0x0000000082300000, 0x0000000082200000| Untracked 
|  35|0x0000000082300000, 0x0000000082400000, 0x0000000082400000|100%| O|  |TAMS 0x0000000082400000, 0x0000000082300000| Untracked 
|  36|0x0000000082400000, 0x0000000082500000, 0x0000000082500000|100%|HS|  |TAMS 0x0000000082500000, 0x0000000082400000| Complete 
|  37|0x0000000082500000, 0x0000000082600000, 0x0000000082600000|100%| O|  |TAMS 0x0000000082600000, 0x0000000082500000| Untracked 
|  38|0x0000000082600000, 0x0000000082700000, 0x0000000082700000|100%|HS|  |TAMS 0x0000000082700000, 0x0000000082600000| Complete 
|  39|0x0000000082700000, 0x0000000082800000, 0x0000000082800000|100%|HS|  |TAMS 0x0000000082800000, 0x0000000082700000| Complete 
|  40|0x0000000082800000, 0x0000000082900000, 0x0000000082900000|100%|HS|  |TAMS 0x0000000082900000, 0x0000000082800000| Complete 
|  41|0x0000000082900000, 0x0000000082a00000, 0x0000000082a00000|100%|HC|  |TAMS 0x0000000082a00000, 0x0000000082900000| Complete 
|  42|0x0000000082a00000, 0x0000000082b00000, 0x0000000082b00000|100%|HS|  |TAMS 0x0000000082b00000, 0x0000000082a00000| Complete 
|  43|0x0000000082b00000, 0x0000000082c00000, 0x0000000082c00000|100%|HS|  |TAMS 0x0000000082c00000, 0x0000000082b00000| Complete 
|  44|0x0000000082c00000, 0x0000000082d00000, 0x0000000082d00000|100%|HC|  |TAMS 0x0000000082d00000, 0x0000000082c00000| Complete 
|  45|0x0000000082d00000, 0x0000000082e00000, 0x0000000082e00000|100%|HC|  |TAMS 0x0000000082e00000, 0x0000000082d00000| Complete 
|  46|0x0000000082e00000, 0x0000000082f00000, 0x0000000082f00000|100%|HC|  |TAMS 0x0000000082f00000, 0x0000000082e00000| Complete 
|  47|0x0000000082f00000, 0x0000000083000000, 0x0000000083000000|100%| O|  |TAMS 0x0000000083000000, 0x0000000082f00000| Untracked 
|  48|0x0000000083000000, 0x0000000083100000, 0x0000000083100000|100%| O|  |TAMS 0x0000000083100000, 0x0000000083000000| Untracked 
|  49|0x0000000083100000, 0x0000000083200000, 0x0000000083200000|100%| O|  |TAMS 0x0000000083200000, 0x0000000083100000| Untracked 
|  50|0x0000000083200000, 0x0000000083300000, 0x0000000083300000|100%| O|  |TAMS 0x0000000083300000, 0x0000000083200000| Untracked 
|  51|0x0000000083300000, 0x0000000083400000, 0x0000000083400000|100%| O|  |TAMS 0x0000000083400000, 0x0000000083300000| Untracked 
|  52|0x0000000083400000, 0x0000000083500000, 0x0000000083500000|100%| O|  |TAMS 0x0000000083500000, 0x0000000083400000| Untracked 
|  53|0x0000000083500000, 0x0000000083600000, 0x0000000083600000|100%| O|  |TAMS 0x0000000083600000, 0x0000000083500000| Untracked 
|  54|0x0000000083600000, 0x0000000083700000, 0x0000000083700000|100%| O|  |TAMS 0x0000000083700000, 0x0000000083600000| Untracked 
|  55|0x0000000083700000, 0x0000000083800000, 0x0000000083800000|100%| O|  |TAMS 0x0000000083800000, 0x0000000083700000| Untracked 
|  56|0x0000000083800000, 0x0000000083900000, 0x0000000083900000|100%| O|  |TAMS 0x0000000083900000, 0x0000000083800000| Untracked 
|  57|0x0000000083900000, 0x0000000083a00000, 0x0000000083a00000|100%| O|  |TAMS 0x0000000083a00000, 0x0000000083900000| Untracked 
|  58|0x0000000083a00000, 0x0000000083b00000, 0x0000000083b00000|100%| O|  |TAMS 0x0000000083b00000, 0x0000000083a00000| Untracked 
|  59|0x0000000083b00000, 0x0000000083c00000, 0x0000000083c00000|100%| O|  |TAMS 0x0000000083c00000, 0x0000000083b00000| Untracked 
|  60|0x0000000083c00000, 0x0000000083d00000, 0x0000000083d00000|100%| O|  |TAMS 0x0000000083d00000, 0x0000000083c00000| Untracked 
|  61|0x0000000083d00000, 0x0000000083e00000, 0x0000000083e00000|100%| O|  |TAMS 0x0000000083e00000, 0x0000000083d00000| Untracked 
|  62|0x0000000083e00000, 0x0000000083f00000, 0x0000000083f00000|100%| O|  |TAMS 0x0000000083f00000, 0x0000000083e00000| Untracked 
|  63|0x0000000083f00000, 0x0000000084000000, 0x0000000084000000|100%| O|  |TAMS 0x0000000084000000, 0x0000000083f00000| Untracked 
|  64|0x0000000084000000, 0x0000000084000000, 0x0000000084100000|  0%| F|  |TAMS 0x0000000084000000, 0x0000000084000000| Untracked 
|  65|0x0000000084100000, 0x0000000084200000, 0x0000000084200000|100%|HS|  |TAMS 0x0000000084200000, 0x0000000084100000| Complete 
|  66|0x0000000084200000, 0x0000000084300000, 0x0000000084300000|100%|HS|  |TAMS 0x0000000084200000, 0x0000000084200000| Complete 
|  67|0x0000000084300000, 0x0000000084400000, 0x0000000084400000|100%| O|  |TAMS 0x0000000084400000, 0x0000000084300000| Untracked 
|  68|0x0000000084400000, 0x0000000084500000, 0x0000000084500000|100%| O|  |TAMS 0x0000000084500000, 0x0000000084400000| Untracked 
|  69|0x0000000084500000, 0x0000000084600000, 0x0000000084600000|100%| O|  |TAMS 0x0000000084600000, 0x0000000084500000| Untracked 
|  70|0x0000000084600000, 0x0000000084700000, 0x0000000084700000|100%| O|  |TAMS 0x0000000084700000, 0x0000000084600000| Untracked 
|  71|0x0000000084700000, 0x0000000084800000, 0x0000000084800000|100%| O|  |TAMS 0x0000000084800000, 0x0000000084700000| Untracked 
|  72|0x0000000084800000, 0x0000000084900000, 0x0000000084900000|100%| O|  |TAMS 0x0000000084900000, 0x0000000084800000| Untracked 
|  73|0x0000000084900000, 0x0000000084a00000, 0x0000000084a00000|100%| O|  |TAMS 0x0000000084a00000, 0x0000000084900000| Untracked 
|  74|0x0000000084a00000, 0x0000000084b00000, 0x0000000084b00000|100%| O|  |TAMS 0x0000000084b00000, 0x0000000084a00000| Untracked 
|  75|0x0000000084b00000, 0x0000000084c00000, 0x0000000084c00000|100%| O|  |TAMS 0x0000000084c00000, 0x0000000084b00000| Untracked 
|  76|0x0000000084c00000, 0x0000000084d00000, 0x0000000084d00000|100%| O|  |TAMS 0x0000000084d00000, 0x0000000084c00000| Untracked 
|  77|0x0000000084d00000, 0x0000000084e00000, 0x0000000084e00000|100%| O|  |TAMS 0x0000000084e00000, 0x0000000084d00000| Untracked 
|  78|0x0000000084e00000, 0x0000000084f00000, 0x0000000084f00000|100%| O|  |TAMS 0x0000000084f00000, 0x0000000084e00000| Untracked 
|  79|0x0000000084f00000, 0x0000000085000000, 0x0000000085000000|100%| O|  |TAMS 0x0000000085000000, 0x0000000084f00000| Untracked 
|  80|0x0000000085000000, 0x0000000085100000, 0x0000000085100000|100%| O|  |TAMS 0x0000000085100000, 0x0000000085000000| Untracked 
|  81|0x0000000085100000, 0x0000000085200000, 0x0000000085200000|100%| O|  |TAMS 0x0000000085200000, 0x0000000085100000| Untracked 
|  82|0x0000000085200000, 0x0000000085300000, 0x0000000085300000|100%| O|  |TAMS 0x0000000085300000, 0x0000000085200000| Untracked 
|  83|0x0000000085300000, 0x0000000085400000, 0x0000000085400000|100%| O|  |TAMS 0x0000000085400000, 0x0000000085300000| Untracked 
|  84|0x0000000085400000, 0x0000000085500000, 0x0000000085500000|100%| O|  |TAMS 0x0000000085500000, 0x0000000085400000| Untracked 
|  85|0x0000000085500000, 0x0000000085600000, 0x0000000085600000|100%| O|  |TAMS 0x0000000085600000, 0x0000000085500000| Untracked 
|  86|0x0000000085600000, 0x0000000085700000, 0x0000000085700000|100%| O|  |TAMS 0x0000000085700000, 0x0000000085600000| Untracked 
|  87|0x0000000085700000, 0x0000000085800000, 0x0000000085800000|100%| O|  |TAMS 0x0000000085800000, 0x0000000085700000| Untracked 
|  88|0x0000000085800000, 0x0000000085900000, 0x0000000085900000|100%| O|  |TAMS 0x0000000085900000, 0x0000000085800000| Untracked 
|  89|0x0000000085900000, 0x0000000085a00000, 0x0000000085a00000|100%| O|  |TAMS 0x0000000085a00000, 0x0000000085900000| Untracked 
|  90|0x0000000085a00000, 0x0000000085b00000, 0x0000000085b00000|100%| O|  |TAMS 0x0000000085b00000, 0x0000000085a00000| Untracked 
|  91|0x0000000085b00000, 0x0000000085c00000, 0x0000000085c00000|100%| O|  |TAMS 0x0000000085c00000, 0x0000000085b00000| Untracked 
|  92|0x0000000085c00000, 0x0000000085d00000, 0x0000000085d00000|100%| O|  |TAMS 0x0000000085d00000, 0x0000000085c00000| Untracked 
|  93|0x0000000085d00000, 0x0000000085e00000, 0x0000000085e00000|100%| O|  |TAMS 0x0000000085e00000, 0x0000000085d00000| Untracked 
|  94|0x0000000085e00000, 0x0000000085f00000, 0x0000000085f00000|100%| O|  |TAMS 0x0000000085f00000, 0x0000000085e00000| Untracked 
|  95|0x0000000085f00000, 0x0000000086000000, 0x0000000086000000|100%| O|  |TAMS 0x0000000086000000, 0x0000000085f00000| Untracked 
|  96|0x0000000086000000, 0x0000000086100000, 0x0000000086100000|100%| O|  |TAMS 0x0000000086100000, 0x0000000086000000| Untracked 
|  97|0x0000000086100000, 0x0000000086200000, 0x0000000086200000|100%| O|  |TAMS 0x0000000086200000, 0x0000000086100000| Untracked 
|  98|0x0000000086200000, 0x0000000086300000, 0x0000000086300000|100%| O|  |TAMS 0x0000000086300000, 0x0000000086200000| Untracked 
|  99|0x0000000086300000, 0x0000000086400000, 0x0000000086400000|100%| O|  |TAMS 0x0000000086400000, 0x0000000086300000| Untracked 
| 100|0x0000000086400000, 0x0000000086500000, 0x0000000086500000|100%| O|  |TAMS 0x0000000086500000, 0x0000000086400000| Untracked 
| 101|0x0000000086500000, 0x0000000086600000, 0x0000000086600000|100%| O|  |TAMS 0x0000000086600000, 0x0000000086500000| Untracked 
| 102|0x0000000086600000, 0x0000000086700000, 0x0000000086700000|100%|HS|  |TAMS 0x0000000086600000, 0x0000000086600000| Complete 
| 103|0x0000000086700000, 0x0000000086800000, 0x0000000086800000|100%| O|  |TAMS 0x0000000086800000, 0x0000000086700000| Untracked 
| 104|0x0000000086800000, 0x0000000086900000, 0x0000000086900000|100%| O|  |TAMS 0x0000000086900000, 0x0000000086800000| Untracked 
| 105|0x0000000086900000, 0x0000000086a00000, 0x0000000086a00000|100%| O|  |TAMS 0x0000000086a00000, 0x0000000086900000| Untracked 
| 106|0x0000000086a00000, 0x0000000086b00000, 0x0000000086b00000|100%| O|  |TAMS 0x0000000086b00000, 0x0000000086a00000| Untracked 
| 107|0x0000000086b00000, 0x0000000086c00000, 0x0000000086c00000|100%| O|  |TAMS 0x0000000086c00000, 0x0000000086b00000| Untracked 
| 108|0x0000000086c00000, 0x0000000086d00000, 0x0000000086d00000|100%| O|  |TAMS 0x0000000086d00000, 0x0000000086c00000| Untracked 
| 109|0x0000000086d00000, 0x0000000086d00000, 0x0000000086e00000|  0%| F|  |TAMS 0x0000000086d00000, 0x0000000086d00000| Untracked 
| 110|0x0000000086e00000, 0x0000000086f00000, 0x0000000086f00000|100%| O|  |TAMS 0x0000000086f00000, 0x0000000086e00000| Untracked 
| 111|0x0000000086f00000, 0x0000000087000000, 0x0000000087000000|100%| O|  |TAMS 0x0000000087000000, 0x0000000086f00000| Untracked 
| 112|0x0000000087000000, 0x0000000087100000, 0x0000000087100000|100%|HS|  |TAMS 0x0000000087100000, 0x0000000087000000| Complete 
| 113|0x0000000087100000, 0x0000000087200000, 0x0000000087200000|100%|HC|  |TAMS 0x0000000087200000, 0x0000000087100000| Complete 
| 114|0x0000000087200000, 0x0000000087300000, 0x0000000087300000|100%|HS|  |TAMS 0x0000000087300000, 0x0000000087200000| Complete 
| 115|0x0000000087300000, 0x0000000087400000, 0x0000000087400000|100%|HC|  |TAMS 0x0000000087400000, 0x0000000087300000| Complete 
| 116|0x0000000087400000, 0x0000000087500000, 0x0000000087500000|100%|HC|  |TAMS 0x0000000087500000, 0x0000000087400000| Complete 
| 117|0x0000000087500000, 0x0000000087600000, 0x0000000087600000|100%|HC|  |TAMS 0x0000000087600000, 0x0000000087500000| Complete 
| 118|0x0000000087600000, 0x0000000087700000, 0x0000000087700000|100%|HS|  |TAMS 0x0000000087700000, 0x0000000087600000| Complete 
| 119|0x0000000087700000, 0x0000000087800000, 0x0000000087800000|100%|HS|  |TAMS 0x0000000087800000, 0x0000000087700000| Complete 
| 120|0x0000000087800000, 0x0000000087900000, 0x0000000087900000|100%|HC|  |TAMS 0x0000000087900000, 0x0000000087800000| Complete 
| 121|0x0000000087900000, 0x0000000087a00000, 0x0000000087a00000|100%|HS|  |TAMS 0x0000000087a00000, 0x0000000087900000| Complete 
| 122|0x0000000087a00000, 0x0000000087b00000, 0x0000000087b00000|100%|HC|  |TAMS 0x0000000087b00000, 0x0000000087a00000| Complete 
| 123|0x0000000087b00000, 0x0000000087c00000, 0x0000000087c00000|100%|HS|  |TAMS 0x0000000087c00000, 0x0000000087b00000| Complete 
| 124|0x0000000087c00000, 0x0000000087d00000, 0x0000000087d00000|100%|HC|  |TAMS 0x0000000087d00000, 0x0000000087c00000| Complete 
| 125|0x0000000087d00000, 0x0000000087e00000, 0x0000000087e00000|100%|HC|  |TAMS 0x0000000087e00000, 0x0000000087d00000| Complete 
| 126|0x0000000087e00000, 0x0000000087f00000, 0x0000000087f00000|100%| O|  |TAMS 0x0000000087f00000, 0x0000000087e00000| Untracked 
| 127|0x0000000087f00000, 0x0000000088000000, 0x0000000088000000|100%| O|  |TAMS 0x0000000088000000, 0x0000000087f00000| Untracked 
| 128|0x0000000088000000, 0x0000000088100000, 0x0000000088100000|100%| O|  |TAMS 0x0000000088100000, 0x0000000088000000| Untracked 
| 129|0x0000000088100000, 0x0000000088200000, 0x0000000088200000|100%|HS|  |TAMS 0x0000000088200000, 0x0000000088100000| Complete 
| 130|0x0000000088200000, 0x0000000088300000, 0x0000000088300000|100%|HC|  |TAMS 0x0000000088300000, 0x0000000088200000| Complete 
| 131|0x0000000088300000, 0x0000000088400000, 0x0000000088400000|100%| O|  |TAMS 0x0000000088400000, 0x0000000088300000| Untracked 
| 132|0x0000000088400000, 0x0000000088500000, 0x0000000088500000|100%|HS|  |TAMS 0x0000000088500000, 0x0000000088400000| Complete 
| 133|0x0000000088500000, 0x0000000088600000, 0x0000000088600000|100%| O|  |TAMS 0x0000000088600000, 0x0000000088500000| Untracked 
| 134|0x0000000088600000, 0x0000000088700000, 0x0000000088700000|100%|HS|  |TAMS 0x0000000088700000, 0x0000000088600000| Complete 
| 135|0x0000000088700000, 0x0000000088800000, 0x0000000088800000|100%| O|  |TAMS 0x0000000088800000, 0x0000000088700000| Untracked 
| 136|0x0000000088800000, 0x0000000088900000, 0x0000000088900000|100%| O|  |TAMS 0x0000000088900000, 0x0000000088800000| Untracked 
| 137|0x0000000088900000, 0x0000000088a00000, 0x0000000088a00000|100%| O|  |TAMS 0x0000000088a00000, 0x0000000088900000| Untracked 
| 138|0x0000000088a00000, 0x0000000088b00000, 0x0000000088b00000|100%| O|  |TAMS 0x0000000088b00000, 0x0000000088a00000| Untracked 
| 139|0x0000000088b00000, 0x0000000088c00000, 0x0000000088c00000|100%| O|  |TAMS 0x0000000088c00000, 0x0000000088b00000| Untracked 
| 140|0x0000000088c00000, 0x0000000088d00000, 0x0000000088d00000|100%| O|  |TAMS 0x0000000088d00000, 0x0000000088c00000| Untracked 
| 141|0x0000000088d00000, 0x0000000088e00000, 0x0000000088e00000|100%|HS|  |TAMS 0x0000000088e00000, 0x0000000088d00000| Complete 
| 142|0x0000000088e00000, 0x0000000088f00000, 0x0000000088f00000|100%|HC|  |TAMS 0x0000000088f00000, 0x0000000088e00000| Complete 
| 143|0x0000000088f00000, 0x0000000089000000, 0x0000000089000000|100%|HC|  |TAMS 0x0000000089000000, 0x0000000088f00000| Complete 
| 144|0x0000000089000000, 0x0000000089100000, 0x0000000089100000|100%|HC|  |TAMS 0x0000000089100000, 0x0000000089000000| Complete 
| 145|0x0000000089100000, 0x0000000089200000, 0x0000000089200000|100%| O|  |TAMS 0x0000000089200000, 0x0000000089100000| Untracked 
| 146|0x0000000089200000, 0x0000000089300000, 0x0000000089300000|100%|HS|  |TAMS 0x0000000089300000, 0x0000000089200000| Complete 
| 147|0x0000000089300000, 0x0000000089400000, 0x0000000089400000|100%| O|  |TAMS 0x00000000893e9600, 0x0000000089300000| Untracked 
| 148|0x0000000089400000, 0x0000000089500000, 0x0000000089500000|100%| O|  |TAMS 0x0000000089400000, 0x0000000089400000| Untracked 
| 149|0x0000000089500000, 0x0000000089600000, 0x0000000089600000|100%| O|  |TAMS 0x0000000089500000, 0x0000000089500000| Untracked 
| 150|0x0000000089600000, 0x0000000089700000, 0x0000000089700000|100%|HS|  |TAMS 0x0000000089700000, 0x0000000089600000| Complete 
| 151|0x0000000089700000, 0x0000000089800000, 0x0000000089800000|100%|HC|  |TAMS 0x0000000089800000, 0x0000000089700000| Complete 
| 152|0x0000000089800000, 0x0000000089900000, 0x0000000089900000|100%| O|  |TAMS 0x0000000089800000, 0x0000000089800000| Untracked 
| 153|0x0000000089900000, 0x0000000089a00000, 0x0000000089a00000|100%| O|  |TAMS 0x0000000089900000, 0x0000000089900000| Untracked 
| 154|0x0000000089a00000, 0x0000000089b00000, 0x0000000089b00000|100%| O|  |TAMS 0x0000000089a00000, 0x0000000089a00000| Untracked 
| 155|0x0000000089b00000, 0x0000000089c00000, 0x0000000089c00000|100%|HS|  |TAMS 0x0000000089c00000, 0x0000000089b00000| Complete 
| 156|0x0000000089c00000, 0x0000000089d00000, 0x0000000089d00000|100%|HC|  |TAMS 0x0000000089d00000, 0x0000000089c00000| Complete 
| 157|0x0000000089d00000, 0x0000000089e00000, 0x0000000089e00000|100%| O|  |TAMS 0x0000000089d00000, 0x0000000089d00000| Untracked 
| 158|0x0000000089e00000, 0x0000000089f00000, 0x0000000089f00000|100%| O|  |TAMS 0x0000000089e00000, 0x0000000089e00000| Untracked 
| 159|0x0000000089f00000, 0x000000008a000000, 0x000000008a000000|100%| O|  |TAMS 0x0000000089f00000, 0x0000000089f00000| Untracked 
| 160|0x000000008a000000, 0x000000008a100000, 0x000000008a100000|100%| O|  |TAMS 0x000000008a000000, 0x000000008a000000| Untracked 
| 161|0x000000008a100000, 0x000000008a200000, 0x000000008a200000|100%| O|  |TAMS 0x000000008a100000, 0x000000008a100000| Untracked 
| 162|0x000000008a200000, 0x000000008a300000, 0x000000008a300000|100%| O|  |TAMS 0x000000008a200000, 0x000000008a200000| Untracked 
| 163|0x000000008a300000, 0x000000008a400000, 0x000000008a400000|100%|HS|  |TAMS 0x000000008a400000, 0x000000008a300000| Complete 
| 164|0x000000008a400000, 0x000000008a500000, 0x000000008a500000|100%|HC|  |TAMS 0x000000008a500000, 0x000000008a400000| Complete 
| 165|0x000000008a500000, 0x000000008a600000, 0x000000008a600000|100%|HC|  |TAMS 0x000000008a600000, 0x000000008a500000| Complete 
| 166|0x000000008a600000, 0x000000008a700000, 0x000000008a700000|100%|HS|  |TAMS 0x000000008a600000, 0x000000008a600000| Complete 
| 167|0x000000008a700000, 0x000000008a800000, 0x000000008a800000|100%|HC|  |TAMS 0x000000008a700000, 0x000000008a700000| Complete 
| 168|0x000000008a800000, 0x000000008a900000, 0x000000008a900000|100%|HS|  |TAMS 0x000000008a800000, 0x000000008a800000| Complete 
| 169|0x000000008a900000, 0x000000008aa00000, 0x000000008aa00000|100%|HC|  |TAMS 0x000000008a900000, 0x000000008a900000| Complete 
| 170|0x000000008aa00000, 0x000000008ab00000, 0x000000008ab00000|100%| O|  |TAMS 0x000000008aa00000, 0x000000008aa00000| Untracked 
| 171|0x000000008ab00000, 0x000000008ac00000, 0x000000008ac00000|100%| O|  |TAMS 0x000000008ab00000, 0x000000008ab00000| Untracked 
| 172|0x000000008ac00000, 0x000000008ad00000, 0x000000008ad00000|100%| O|  |TAMS 0x000000008ac00000, 0x000000008ac00000| Untracked 
| 173|0x000000008ad00000, 0x000000008ae00000, 0x000000008ae00000|100%| O|  |TAMS 0x000000008ad00000, 0x000000008ad00000| Untracked 
| 174|0x000000008ae00000, 0x000000008af00000, 0x000000008af00000|100%| O|  |TAMS 0x000000008ae00000, 0x000000008ae00000| Untracked 
| 175|0x000000008af00000, 0x000000008b000000, 0x000000008b000000|100%| O|  |TAMS 0x000000008af00000, 0x000000008af00000| Untracked 
| 176|0x000000008b000000, 0x000000008b100000, 0x000000008b100000|100%| O|  |TAMS 0x000000008b000000, 0x000000008b000000| Untracked 
| 177|0x000000008b100000, 0x000000008b180000, 0x000000008b200000| 50%| O|  |TAMS 0x000000008b100000, 0x000000008b100000| Untracked 
| 178|0x000000008b200000, 0x000000008b200000, 0x000000008b300000|  0%| F|  |TAMS 0x000000008b200000, 0x000000008b200000| Untracked 
| 179|0x000000008b300000, 0x000000008b300000, 0x000000008b400000|  0%| F|  |TAMS 0x000000008b300000, 0x000000008b300000| Untracked 
| 180|0x000000008b400000, 0x000000008b400000, 0x000000008b500000|  0%| F|  |TAMS 0x000000008b400000, 0x000000008b400000| Untracked 
| 181|0x000000008b500000, 0x000000008b500000, 0x000000008b600000|  0%| F|  |TAMS 0x000000008b500000, 0x000000008b500000| Untracked 
| 182|0x000000008b600000, 0x000000008b600000, 0x000000008b700000|  0%| F|  |TAMS 0x000000008b600000, 0x000000008b600000| Untracked 
| 183|0x000000008b700000, 0x000000008b700000, 0x000000008b800000|  0%| F|  |TAMS 0x000000008b700000, 0x000000008b700000| Untracked 
| 184|0x000000008b800000, 0x000000008b800000, 0x000000008b900000|  0%| F|  |TAMS 0x000000008b800000, 0x000000008b800000| Untracked 
| 185|0x000000008b900000, 0x000000008b900000, 0x000000008ba00000|  0%| F|  |TAMS 0x000000008b900000, 0x000000008b900000| Untracked 
| 186|0x000000008ba00000, 0x000000008ba00000, 0x000000008bb00000|  0%| F|  |TAMS 0x000000008ba00000, 0x000000008ba00000| Untracked 
| 187|0x000000008bb00000, 0x000000008bb00000, 0x000000008bc00000|  0%| F|  |TAMS 0x000000008bb00000, 0x000000008bb00000| Untracked 
| 188|0x000000008bc00000, 0x000000008bc00000, 0x000000008bd00000|  0%| F|  |TAMS 0x000000008bc00000, 0x000000008bc00000| Untracked 
| 189|0x000000008bd00000, 0x000000008bd00000, 0x000000008be00000|  0%| F|  |TAMS 0x000000008bd00000, 0x000000008bd00000| Untracked 
| 190|0x000000008be00000, 0x000000008be00000, 0x000000008bf00000|  0%| F|  |TAMS 0x000000008be00000, 0x000000008be00000| Untracked 
| 191|0x000000008bf00000, 0x000000008bf00000, 0x000000008c000000|  0%| F|  |TAMS 0x000000008bf00000, 0x000000008bf00000| Untracked 
| 192|0x000000008c000000, 0x000000008c000000, 0x000000008c100000|  0%| F|  |TAMS 0x000000008c000000, 0x000000008c000000| Untracked 
| 193|0x000000008c100000, 0x000000008c100000, 0x000000008c200000|  0%| F|  |TAMS 0x000000008c100000, 0x000000008c100000| Untracked 
| 194|0x000000008c200000, 0x000000008c200000, 0x000000008c300000|  0%| F|  |TAMS 0x000000008c200000, 0x000000008c200000| Untracked 
| 195|0x000000008c300000, 0x000000008c300000, 0x000000008c400000|  0%| F|  |TAMS 0x000000008c300000, 0x000000008c300000| Untracked 
| 196|0x000000008c400000, 0x000000008c400000, 0x000000008c500000|  0%| F|  |TAMS 0x000000008c400000, 0x000000008c400000| Untracked 
| 197|0x000000008c500000, 0x000000008c500000, 0x000000008c600000|  0%| F|  |TAMS 0x000000008c500000, 0x000000008c500000| Untracked 
| 198|0x000000008c600000, 0x000000008c600000, 0x000000008c700000|  0%| F|  |TAMS 0x000000008c600000, 0x000000008c600000| Untracked 
| 199|0x000000008c700000, 0x000000008c700000, 0x000000008c800000|  0%| F|  |TAMS 0x000000008c700000, 0x000000008c700000| Untracked 
| 200|0x000000008c800000, 0x000000008c800000, 0x000000008c900000|  0%| F|  |TAMS 0x000000008c800000, 0x000000008c800000| Untracked 
| 201|0x000000008c900000, 0x000000008c900000, 0x000000008ca00000|  0%| F|  |TAMS 0x000000008c900000, 0x000000008c900000| Untracked 
| 202|0x000000008ca00000, 0x000000008ca00000, 0x000000008cb00000|  0%| F|  |TAMS 0x000000008ca00000, 0x000000008ca00000| Untracked 
| 203|0x000000008cb00000, 0x000000008cb00000, 0x000000008cc00000|  0%| F|  |TAMS 0x000000008cb00000, 0x000000008cb00000| Untracked 
| 204|0x000000008cc00000, 0x000000008cc00000, 0x000000008cd00000|  0%| F|  |TAMS 0x000000008cc00000, 0x000000008cc00000| Untracked 
| 205|0x000000008cd00000, 0x000000008cd00000, 0x000000008ce00000|  0%| F|  |TAMS 0x000000008cd00000, 0x000000008cd00000| Untracked 
| 206|0x000000008ce00000, 0x000000008ce00000, 0x000000008cf00000|  0%| F|  |TAMS 0x000000008ce00000, 0x000000008ce00000| Untracked 
| 207|0x000000008cf00000, 0x000000008cf00000, 0x000000008d000000|  0%| F|  |TAMS 0x000000008cf00000, 0x000000008cf00000| Untracked 
| 208|0x000000008d000000, 0x000000008d000000, 0x000000008d100000|  0%| F|  |TAMS 0x000000008d000000, 0x000000008d000000| Untracked 
| 209|0x000000008d100000, 0x000000008d100000, 0x000000008d200000|  0%| F|  |TAMS 0x000000008d100000, 0x000000008d100000| Untracked 
| 210|0x000000008d200000, 0x000000008d200000, 0x000000008d300000|  0%| F|  |TAMS 0x000000008d200000, 0x000000008d200000| Untracked 
| 211|0x000000008d300000, 0x000000008d300000, 0x000000008d400000|  0%| F|  |TAMS 0x000000008d300000, 0x000000008d300000| Untracked 
| 212|0x000000008d400000, 0x000000008d400000, 0x000000008d500000|  0%| F|  |TAMS 0x000000008d400000, 0x000000008d400000| Untracked 
| 213|0x000000008d500000, 0x000000008d500000, 0x000000008d600000|  0%| F|  |TAMS 0x000000008d500000, 0x000000008d500000| Untracked 
| 214|0x000000008d600000, 0x000000008d600000, 0x000000008d700000|  0%| F|  |TAMS 0x000000008d600000, 0x000000008d600000| Untracked 
| 215|0x000000008d700000, 0x000000008d700000, 0x000000008d800000|  0%| F|  |TAMS 0x000000008d700000, 0x000000008d700000| Untracked 
| 216|0x000000008d800000, 0x000000008d800000, 0x000000008d900000|  0%| F|  |TAMS 0x000000008d800000, 0x000000008d800000| Untracked 
| 217|0x000000008d900000, 0x000000008d900000, 0x000000008da00000|  0%| F|  |TAMS 0x000000008d900000, 0x000000008d900000| Untracked 
| 218|0x000000008da00000, 0x000000008da00000, 0x000000008db00000|  0%| F|  |TAMS 0x000000008da00000, 0x000000008da00000| Untracked 
| 219|0x000000008db00000, 0x000000008db00000, 0x000000008dc00000|  0%| F|  |TAMS 0x000000008db00000, 0x000000008db00000| Untracked 
| 220|0x000000008dc00000, 0x000000008dc00000, 0x000000008dd00000|  0%| F|  |TAMS 0x000000008dc00000, 0x000000008dc00000| Untracked 
| 221|0x000000008dd00000, 0x000000008dd00000, 0x000000008de00000|  0%| F|  |TAMS 0x000000008dd00000, 0x000000008dd00000| Untracked 
| 222|0x000000008de00000, 0x000000008de00000, 0x000000008df00000|  0%| F|  |TAMS 0x000000008de00000, 0x000000008de00000| Untracked 
| 223|0x000000008df00000, 0x000000008df00000, 0x000000008e000000|  0%| F|  |TAMS 0x000000008df00000, 0x000000008df00000| Untracked 
| 224|0x000000008e000000, 0x000000008e000000, 0x000000008e100000|  0%| F|  |TAMS 0x000000008e000000, 0x000000008e000000| Untracked 
| 225|0x000000008e100000, 0x000000008e100000, 0x000000008e200000|  0%| F|  |TAMS 0x000000008e100000, 0x000000008e100000| Untracked 
| 226|0x000000008e200000, 0x000000008e200000, 0x000000008e300000|  0%| F|  |TAMS 0x000000008e200000, 0x000000008e200000| Untracked 
| 227|0x000000008e300000, 0x000000008e300000, 0x000000008e400000|  0%| F|  |TAMS 0x000000008e300000, 0x000000008e300000| Untracked 
| 228|0x000000008e400000, 0x000000008e400000, 0x000000008e500000|  0%| F|  |TAMS 0x000000008e400000, 0x000000008e400000| Untracked 
| 229|0x000000008e500000, 0x000000008e500000, 0x000000008e600000|  0%| F|  |TAMS 0x000000008e500000, 0x000000008e500000| Untracked 
| 230|0x000000008e600000, 0x000000008e600000, 0x000000008e700000|  0%| F|  |TAMS 0x000000008e600000, 0x000000008e600000| Untracked 
| 231|0x000000008e700000, 0x000000008e700000, 0x000000008e800000|  0%| F|  |TAMS 0x000000008e700000, 0x000000008e700000| Untracked 
| 232|0x000000008e800000, 0x000000008e800000, 0x000000008e900000|  0%| F|  |TAMS 0x000000008e800000, 0x000000008e800000| Untracked 
| 233|0x000000008e900000, 0x000000008e900000, 0x000000008ea00000|  0%| F|  |TAMS 0x000000008e900000, 0x000000008e900000| Untracked 
| 234|0x000000008ea00000, 0x000000008ea00000, 0x000000008eb00000|  0%| F|  |TAMS 0x000000008ea00000, 0x000000008ea00000| Untracked 
| 235|0x000000008eb00000, 0x000000008eb00000, 0x000000008ec00000|  0%| F|  |TAMS 0x000000008eb00000, 0x000000008eb00000| Untracked 
| 236|0x000000008ec00000, 0x000000008ec00000, 0x000000008ed00000|  0%| F|  |TAMS 0x000000008ec00000, 0x000000008ec00000| Untracked 
| 237|0x000000008ed00000, 0x000000008ed00000, 0x000000008ee00000|  0%| F|  |TAMS 0x000000008ed00000, 0x000000008ed00000| Untracked 
| 238|0x000000008ee00000, 0x000000008ee00000, 0x000000008ef00000|  0%| F|  |TAMS 0x000000008ee00000, 0x000000008ee00000| Untracked 
| 239|0x000000008ef00000, 0x000000008ef00000, 0x000000008f000000|  0%| F|  |TAMS 0x000000008ef00000, 0x000000008ef00000| Untracked 
| 240|0x000000008f000000, 0x000000008f000000, 0x000000008f100000|  0%| F|  |TAMS 0x000000008f000000, 0x000000008f000000| Untracked 
| 241|0x000000008f100000, 0x000000008f100000, 0x000000008f200000|  0%| F|  |TAMS 0x000000008f100000, 0x000000008f100000| Untracked 
| 242|0x000000008f200000, 0x000000008f200000, 0x000000008f300000|  0%| F|  |TAMS 0x000000008f200000, 0x000000008f200000| Untracked 
| 243|0x000000008f300000, 0x000000008f300000, 0x000000008f400000|  0%| F|  |TAMS 0x000000008f300000, 0x000000008f300000| Untracked 
| 244|0x000000008f400000, 0x000000008f400000, 0x000000008f500000|  0%| F|  |TAMS 0x000000008f400000, 0x000000008f400000| Untracked 
| 245|0x000000008f500000, 0x000000008f500000, 0x000000008f600000|  0%| F|  |TAMS 0x000000008f500000, 0x000000008f500000| Untracked 
| 246|0x000000008f600000, 0x000000008f600000, 0x000000008f700000|  0%| F|  |TAMS 0x000000008f600000, 0x000000008f600000| Untracked 
| 247|0x000000008f700000, 0x000000008f700000, 0x000000008f800000|  0%| F|  |TAMS 0x000000008f700000, 0x000000008f700000| Untracked 
| 248|0x000000008f800000, 0x000000008f800000, 0x000000008f900000|  0%| F|  |TAMS 0x000000008f800000, 0x000000008f800000| Untracked 
| 249|0x000000008f900000, 0x000000008f900000, 0x000000008fa00000|  0%| F|  |TAMS 0x000000008f900000, 0x000000008f900000| Untracked 
| 250|0x000000008fa00000, 0x000000008fa00000, 0x000000008fb00000|  0%| F|  |TAMS 0x000000008fa00000, 0x000000008fa00000| Untracked 
| 251|0x000000008fb00000, 0x000000008fb00000, 0x000000008fc00000|  0%| F|  |TAMS 0x000000008fb00000, 0x000000008fb00000| Untracked 
| 252|0x000000008fc00000, 0x000000008fc00000, 0x000000008fd00000|  0%| F|  |TAMS 0x000000008fc00000, 0x000000008fc00000| Untracked 
| 253|0x000000008fd00000, 0x000000008fd00000, 0x000000008fe00000|  0%| F|  |TAMS 0x000000008fd00000, 0x000000008fd00000| Untracked 
| 254|0x000000008fe00000, 0x000000008fe00000, 0x000000008ff00000|  0%| F|  |TAMS 0x000000008fe00000, 0x000000008fe00000| Untracked 
| 255|0x000000008ff00000, 0x000000008ff00000, 0x0000000090000000|  0%| F|  |TAMS 0x000000008ff00000, 0x000000008ff00000| Untracked 
| 256|0x0000000090000000, 0x0000000090000000, 0x0000000090100000|  0%| F|  |TAMS 0x0000000090000000, 0x0000000090000000| Untracked 
| 257|0x0000000090100000, 0x0000000090100000, 0x0000000090200000|  0%| F|  |TAMS 0x0000000090100000, 0x0000000090100000| Untracked 
| 258|0x0000000090200000, 0x0000000090200000, 0x0000000090300000|  0%| F|  |TAMS 0x0000000090200000, 0x0000000090200000| Untracked 
| 259|0x0000000090300000, 0x0000000090300000, 0x0000000090400000|  0%| F|  |TAMS 0x0000000090300000, 0x0000000090300000| Untracked 
| 260|0x0000000090400000, 0x0000000090400000, 0x0000000090500000|  0%| F|  |TAMS 0x0000000090400000, 0x0000000090400000| Untracked 
| 261|0x0000000090500000, 0x0000000090500000, 0x0000000090600000|  0%| F|  |TAMS 0x0000000090500000, 0x0000000090500000| Untracked 
| 262|0x0000000090600000, 0x0000000090600000, 0x0000000090700000|  0%| F|  |TAMS 0x0000000090600000, 0x0000000090600000| Untracked 
| 263|0x0000000090700000, 0x0000000090700000, 0x0000000090800000|  0%| F|  |TAMS 0x0000000090700000, 0x0000000090700000| Untracked 
| 264|0x0000000090800000, 0x0000000090800000, 0x0000000090900000|  0%| F|  |TAMS 0x0000000090800000, 0x0000000090800000| Untracked 
| 265|0x0000000090900000, 0x0000000090900000, 0x0000000090a00000|  0%| F|  |TAMS 0x0000000090900000, 0x0000000090900000| Untracked 
| 266|0x0000000090a00000, 0x0000000090a00000, 0x0000000090b00000|  0%| F|  |TAMS 0x0000000090a00000, 0x0000000090a00000| Untracked 
| 267|0x0000000090b00000, 0x0000000090b00000, 0x0000000090c00000|  0%| F|  |TAMS 0x0000000090b00000, 0x0000000090b00000| Untracked 
| 268|0x0000000090c00000, 0x0000000090c00000, 0x0000000090d00000|  0%| F|  |TAMS 0x0000000090c00000, 0x0000000090c00000| Untracked 
| 269|0x0000000090d00000, 0x0000000090d00000, 0x0000000090e00000|  0%| F|  |TAMS 0x0000000090d00000, 0x0000000090d00000| Untracked 
| 270|0x0000000090e00000, 0x0000000090f00000, 0x0000000090f00000|100%| S|CS|TAMS 0x0000000090e00000, 0x0000000090e00000| Complete 
| 271|0x0000000090f00000, 0x0000000091000000, 0x0000000091000000|100%| S|CS|TAMS 0x0000000090f00000, 0x0000000090f00000| Complete 
| 272|0x0000000091000000, 0x0000000091000000, 0x0000000091100000|  0%| F|  |TAMS 0x0000000091000000, 0x0000000091000000| Untracked 
| 273|0x0000000091100000, 0x0000000091100000, 0x0000000091200000|  0%| F|  |TAMS 0x0000000091100000, 0x0000000091100000| Untracked 
| 274|0x0000000091200000, 0x0000000091200000, 0x0000000091300000|  0%| F|  |TAMS 0x0000000091200000, 0x0000000091200000| Untracked 
| 275|0x0000000091300000, 0x0000000091300000, 0x0000000091400000|  0%| F|  |TAMS 0x0000000091300000, 0x0000000091300000| Untracked 
| 276|0x0000000091400000, 0x0000000091400000, 0x0000000091500000|  0%| F|  |TAMS 0x0000000091400000, 0x0000000091400000| Untracked 
| 277|0x0000000091500000, 0x0000000091500000, 0x0000000091600000|  0%| F|  |TAMS 0x0000000091500000, 0x0000000091500000| Untracked 
| 278|0x0000000091600000, 0x0000000091600000, 0x0000000091700000|  0%| F|  |TAMS 0x0000000091600000, 0x0000000091600000| Untracked 
| 279|0x0000000091700000, 0x0000000091700000, 0x0000000091800000|  0%| F|  |TAMS 0x0000000091700000, 0x0000000091700000| Untracked 
| 280|0x0000000091800000, 0x0000000091800000, 0x0000000091900000|  0%| F|  |TAMS 0x0000000091800000, 0x0000000091800000| Untracked 
| 281|0x0000000091900000, 0x0000000091900000, 0x0000000091a00000|  0%| F|  |TAMS 0x0000000091900000, 0x0000000091900000| Untracked 
| 282|0x0000000091a00000, 0x0000000091a00000, 0x0000000091b00000|  0%| F|  |TAMS 0x0000000091a00000, 0x0000000091a00000| Untracked 
| 283|0x0000000091b00000, 0x0000000091b00000, 0x0000000091c00000|  0%| F|  |TAMS 0x0000000091b00000, 0x0000000091b00000| Untracked 
| 284|0x0000000091c00000, 0x0000000091c00000, 0x0000000091d00000|  0%| F|  |TAMS 0x0000000091c00000, 0x0000000091c00000| Untracked 
|2032|0x00000000ff000000, 0x00000000ff100000, 0x00000000ff100000|100%| O|  |TAMS 0x00000000ff100000, 0x00000000ff000000| Untracked 
|2033|0x00000000ff100000, 0x00000000ff200000, 0x00000000ff200000|100%| O|  |TAMS 0x00000000ff200000, 0x00000000ff100000| Untracked 
|2034|0x00000000ff200000, 0x00000000ff300000, 0x00000000ff300000|100%| O|  |TAMS 0x00000000ff300000, 0x00000000ff200000| Untracked 
|2035|0x00000000ff300000, 0x00000000ff400000, 0x00000000ff400000|100%| O|  |TAMS 0x00000000ff400000, 0x00000000ff300000| Untracked 
|2036|0x00000000ff400000, 0x00000000ff500000, 0x00000000ff500000|100%| O|  |TAMS 0x00000000ff500000, 0x00000000ff400000| Untracked 
|2037|0x00000000ff500000, 0x00000000ff600000, 0x00000000ff600000|100%| O|  |TAMS 0x00000000ff600000, 0x00000000ff500000| Untracked 
|2038|0x00000000ff600000, 0x00000000ff700000, 0x00000000ff700000|100%| O|  |TAMS 0x00000000ff700000, 0x00000000ff600000| Untracked 
|2039|0x00000000ff700000, 0x00000000ff800000, 0x00000000ff800000|100%| O|  |TAMS 0x00000000ff800000, 0x00000000ff700000| Untracked 
|2040|0x00000000ff800000, 0x00000000ff800000, 0x00000000ff900000|  0%| F|  |TAMS 0x00000000ff800000, 0x00000000ff800000| Untracked 
|2041|0x00000000ff900000, 0x00000000ffa00000, 0x00000000ffa00000|100%| O|  |TAMS 0x00000000ffa00000, 0x00000000ff900000| Untracked 
|2042|0x00000000ffa00000, 0x00000000ffb00000, 0x00000000ffb00000|100%| O|  |TAMS 0x00000000ffb00000, 0x00000000ffa00000| Untracked 
|2043|0x00000000ffb00000, 0x00000000ffc00000, 0x00000000ffc00000|100%| O|  |TAMS 0x00000000ffc00000, 0x00000000ffb00000| Untracked 
|2044|0x00000000ffc00000, 0x00000000ffd00000, 0x00000000ffd00000|100%| O|  |TAMS 0x00000000ffd00000, 0x00000000ffc00000| Untracked 
|2045|0x00000000ffd00000, 0x00000000ffe00000, 0x00000000ffe00000|100%| O|  |TAMS 0x00000000ffe00000, 0x00000000ffd00000| Untracked 
|2046|0x00000000ffe00000, 0x00000000fff00000, 0x00000000fff00000|100%| O|  |TAMS 0x00000000fff00000, 0x00000000ffe00000| Untracked 
|2047|0x00000000fff00000, 0x0000000100000000, 0x0000000100000000|100%| O|  |TAMS 0x0000000100000000, 0x00000000fff00000| Untracked 

Card table byte_map: [0x000001d8c5c30000,0x000001d8c6030000] _byte_map_base: 0x000001d8c5830000

Marking Bits (Prev, Next): (CMBitMap*) 0x000001d8b37c2620, (CMBitMap*) 0x000001d8b37c2660
 Prev Bits: [0x000001d8c6430000, 0x000001d8c8430000)
 Next Bits: [0x000001d8c8430000, 0x000001d8ca430000)

Polling page: 0x000001d8b16e0000

Metaspace:

Usage:
  Non-class:     91.80 MB used.
      Class:     14.29 MB used.
       Both:    106.09 MB used.

Virtual space:
  Non-class space:       96.00 MB reserved,      92.19 MB ( 96%) committed,  12 nodes.
      Class space:        1.00 GB reserved,      14.62 MB (  1%) committed,  1 nodes.
             Both:        1.09 GB reserved,     106.81 MB ( 10%) committed. 

Chunk freelists:
   Non-Class:  3.02 MB
       Class:  1.27 MB
        Both:  4.28 MB

MaxMetaspaceSize: unlimited
CompressedClassSpaceSize: 1.00 GB
Initial GC threshold: 21.00 MB
Current GC threshold: 176.81 MB
CDS: off
MetaspaceReclaimPolicy: balanced
 - commit_granule_bytes: 65536.
 - commit_granule_words: 8192.
 - virtual_space_node_default_size: 1048576.
 - enlarge_chunks_in_place: 1.
 - new_chunks_are_fully_committed: 0.
 - uncommit_free_chunks: 1.
 - use_allocation_guard: 0.
 - handle_deallocations: 1.


Internal statistics:

num_allocs_failed_limit: 6.
num_arena_births: 1248.
num_arena_deaths: 0.
num_vsnodes_births: 13.
num_vsnodes_deaths: 0.
num_space_committed: 1708.
num_space_uncommitted: 0.
num_chunks_returned_to_freelist: 6.
num_chunks_taken_from_freelist: 5333.
num_chunk_merges: 6.
num_chunk_splits: 3538.
num_chunks_enlarged: 2372.
num_purges: 0.
num_inconsistent_stats: 0.

CodeHeap 'non-profiled nmethods': size=120064Kb used=6490Kb max_used=7232Kb free=113573Kb
 bounds [0x000001d8be6f0000, 0x000001d8bee10000, 0x000001d8c5c30000]
CodeHeap 'profiled nmethods': size=120000Kb used=22157Kb max_used=24041Kb free=97842Kb
 bounds [0x000001d8b6c30000, 0x000001d8b83b0000, 0x000001d8be160000]
CodeHeap 'non-nmethods': size=5696Kb used=2424Kb max_used=2463Kb free=3271Kb
 bounds [0x000001d8be160000, 0x000001d8be3e0000, 0x000001d8be6f0000]
 total_blobs=12150 nmethods=11179 adapters=883
 compilation: enabled
              stopped_count=0, restarted_count=0
 full_count=0

Compilation events (20 events):
Event: 85.816 Thread 0x000001d8cc805410 nmethod 13484 0x000001d8b6ce4d10 code [0x000001d8b6ce4f40, 0x000001d8b6ce5908]
Event: 85.820 Thread 0x000001d8cc805410 13485       3       com.android.tools.r8.graph.x2::equals (37 bytes)
Event: 85.820 Thread 0x000001d8cc805410 nmethod 13485 0x000001d8b6fe9590 code [0x000001d8b6fe9760, 0x000001d8b6fe9b68]
Event: 85.968 Thread 0x000001d8cc805410 13487       3       java.util.concurrent.ThreadLocalRandom::getProbe (13 bytes)
Event: 85.969 Thread 0x000001d8cc805410 nmethod 13487 0x000001d8b7483210 code [0x000001d8b74833a0, 0x000001d8b74834b8]
Event: 86.012 Thread 0x000001d8cc8015f0 13489       4       com.android.tools.r8.dex.s::f (8 bytes)
Event: 86.015 Thread 0x000001d8cc8015f0 nmethod 13489 0x000001d8beb8a410 code [0x000001d8beb8a5a0, 0x000001d8beb8a6d8]
Event: 86.125 Thread 0x000001d8cc805410 13490       3       com.android.tools.r8.dex.m::c (8 bytes)
Event: 86.125 Thread 0x000001d8cc805410 nmethod 13490 0x000001d8b6cf3c90 code [0x000001d8b6cf3e40, 0x000001d8b6cf40a8]
Event: 86.644 Thread 0x000001d8cc8015f0 13491       4       com.google.common.collect.MapMakerInternalMap$Segment::setValue (19 bytes)
Event: 86.655 Thread 0x000001d8cc8015f0 nmethod 13491 0x000001d8bed18c10 code [0x000001d8bed18de0, 0x000001d8bed19358]
Event: 86.665 Thread 0x000001d8cc8015f0 13493       4       jdk.internal.org.objectweb.asm.ByteVector::put11 (52 bytes)
Event: 86.672 Thread 0x000001d8cc8015f0 nmethod 13493 0x000001d8bec8c590 code [0x000001d8bec8c720, 0x000001d8bec8cbf8]
Event: 86.673 Thread 0x000001d8cc8015f0 13492       4       java.lang.invoke.MethodHandles$Lookup::<init> (84 bytes)
Event: 86.678 Thread 0x000001d8cc8015f0 nmethod 13492 0x000001d8bed6d090 code [0x000001d8bed6d200, 0x000001d8bed6d438]
Event: 86.683 Thread 0x000001d8cc8015f0 13494       4       com.google.common.collect.MapMakerInternalMap$StrongKeyWeakValueEntry$Helper::newEntry (12 bytes)
Event: 86.685 Thread 0x000001d8cc8015f0 nmethod 13494 0x000001d8bed15b10 code [0x000001d8bed15ca0, 0x000001d8bed15e58]
Event: 86.686 Thread 0x000001d8cc8015f0 13495       4       com.google.common.collect.MapMakerInternalMap$StrongKeyWeakValueEntry$Helper::newEntry (16 bytes)
Event: 86.690 Thread 0x000001d8cc8015f0 nmethod 13495 0x000001d8bea95710 code [0x000001d8bea958a0, 0x000001d8bea95b18]
Event: 86.910 Thread 0x000001d8cc8015f0 13496       4       java.util.jar.JarFile::getJarEntry (9 bytes)

GC Heap History (20 events):
Event: 51.058 GC heap after
{Heap after GC invocations=54 (full 0):
 garbage-first heap   total 256000K, used 92948K [0x0000000080000000, 0x0000000100000000)
  region size 1024K, 1 young (1024K), 1 survivors (1024K)
 Metaspace       used 97985K, committed 98688K, reserved 1138688K
  class space    used 13175K, committed 13504K, reserved 1048576K
}
Event: 56.920 GC heap before
{Heap before GC invocations=54 (full 0):
 garbage-first heap   total 256000K, used 187156K [0x0000000080000000, 0x0000000100000000)
  region size 1024K, 94 young (96256K), 1 survivors (1024K)
 Metaspace       used 98719K, committed 99456K, reserved 1138688K
  class space    used 13222K, committed 13568K, reserved 1048576K
}
Event: 56.941 GC heap after
{Heap after GC invocations=55 (full 0):
 garbage-first heap   total 256000K, used 100481K [0x0000000080000000, 0x0000000100000000)
  region size 1024K, 9 young (9216K), 9 survivors (9216K)
 Metaspace       used 98719K, committed 99456K, reserved 1138688K
  class space    used 13222K, committed 13568K, reserved 1048576K
}
Event: 61.104 GC heap before
{Heap before GC invocations=55 (full 0):
 garbage-first heap   total 256000K, used 193665K [0x0000000080000000, 0x0000000100000000)
  region size 1024K, 101 young (103424K), 9 survivors (9216K)
 Metaspace       used 99408K, committed 100096K, reserved 1138688K
  class space    used 13301K, committed 13632K, reserved 1048576K
}
Event: 61.143 GC heap after
{Heap after GC invocations=56 (full 0):
 garbage-first heap   total 256000K, used 106641K [0x0000000080000000, 0x0000000100000000)
  region size 1024K, 9 young (9216K), 9 survivors (9216K)
 Metaspace       used 99408K, committed 100096K, reserved 1138688K
  class space    used 13301K, committed 13632K, reserved 1048576K
}
Event: 67.936 GC heap before
{Heap before GC invocations=57 (full 0):
 garbage-first heap   total 256000K, used 198801K [0x0000000080000000, 0x0000000100000000)
  region size 1024K, 100 young (102400K), 9 survivors (9216K)
 Metaspace       used 104026K, committed 104768K, reserved 1146880K
  class space    used 13930K, committed 14272K, reserved 1048576K
}
Event: 67.968 GC heap after
{Heap after GC invocations=58 (full 0):
 garbage-first heap   total 256000K, used 114122K [0x0000000080000000, 0x0000000100000000)
  region size 1024K, 9 young (9216K), 9 survivors (9216K)
 Metaspace       used 104026K, committed 104768K, reserved 1146880K
  class space    used 13930K, committed 14272K, reserved 1048576K
}
Event: 68.304 GC heap before
{Heap before GC invocations=58 (full 0):
 garbage-first heap   total 256000K, used 117194K [0x0000000080000000, 0x0000000100000000)
  region size 1024K, 12 young (12288K), 9 survivors (9216K)
 Metaspace       used 104026K, committed 104768K, reserved 1146880K
  class space    used 13930K, committed 14272K, reserved 1048576K
}
Event: 68.328 GC heap after
{Heap after GC invocations=59 (full 0):
 garbage-first heap   total 256000K, used 113098K [0x0000000080000000, 0x0000000100000000)
  region size 1024K, 1 young (1024K), 1 survivors (1024K)
 Metaspace       used 104026K, committed 104768K, reserved 1146880K
  class space    used 13930K, committed 14272K, reserved 1048576K
}
Event: 71.425 GC heap before
{Heap before GC invocations=59 (full 0):
 garbage-first heap   total 256000K, used 130506K [0x0000000080000000, 0x0000000100000000)
  region size 1024K, 19 young (19456K), 1 survivors (1024K)
 Metaspace       used 104359K, committed 105152K, reserved 1146880K
  class space    used 13972K, committed 14336K, reserved 1048576K
}
Event: 71.433 GC heap after
{Heap after GC invocations=60 (full 0):
 garbage-first heap   total 256000K, used 114590K [0x0000000080000000, 0x0000000100000000)
  region size 1024K, 3 young (3072K), 3 survivors (3072K)
 Metaspace       used 104359K, committed 105152K, reserved 1146880K
  class space    used 13972K, committed 14336K, reserved 1048576K
}
Event: 84.400 GC heap before
{Heap before GC invocations=61 (full 0):
 garbage-first heap   total 256000K, used 240542K [0x0000000080000000, 0x0000000100000000)
  region size 1024K, 70 young (71680K), 3 survivors (3072K)
 Metaspace       used 107830K, committed 108608K, reserved 1146880K
  class space    used 14465K, committed 14848K, reserved 1048576K
}
Event: 84.458 GC heap after
{Heap after GC invocations=62 (full 0):
 garbage-first heap   total 272384K, used 173661K [0x0000000080000000, 0x0000000100000000)
  region size 1024K, 12 young (12288K), 12 survivors (12288K)
 Metaspace       used 107830K, committed 108608K, reserved 1146880K
  class space    used 14465K, committed 14848K, reserved 1048576K
}
Event: 84.471 GC heap before
{Heap before GC invocations=62 (full 0):
 garbage-first heap   total 272384K, used 174685K [0x0000000080000000, 0x0000000100000000)
  region size 1024K, 13 young (13312K), 12 survivors (12288K)
 Metaspace       used 107830K, committed 108608K, reserved 1146880K
  class space    used 14465K, committed 14848K, reserved 1048576K
}
Event: 84.510 GC heap after
{Heap after GC invocations=63 (full 0):
 garbage-first heap   total 272384K, used 173935K [0x0000000080000000, 0x0000000100000000)
  region size 1024K, 1 young (1024K), 1 survivors (1024K)
 Metaspace       used 107830K, committed 108608K, reserved 1146880K
  class space    used 14465K, committed 14848K, reserved 1048576K
}
Event: 84.624 GC heap before
{Heap before GC invocations=63 (full 0):
 garbage-first heap   total 272384K, used 174959K [0x0000000080000000, 0x0000000100000000)
  region size 1024K, 3 young (3072K), 1 survivors (1024K)
 Metaspace       used 107830K, committed 108608K, reserved 1146880K
  class space    used 14465K, committed 14848K, reserved 1048576K
}
Event: 84.632 GC heap after
{Heap after GC invocations=64 (full 0):
 garbage-first heap   total 272384K, used 174435K [0x0000000080000000, 0x0000000100000000)
  region size 1024K, 2 young (2048K), 2 survivors (2048K)
 Metaspace       used 107830K, committed 108608K, reserved 1146880K
  class space    used 14465K, committed 14848K, reserved 1048576K
}
Event: 85.843 GC heap before
{Heap before GC invocations=65 (full 0):
 garbage-first heap   total 304128K, used 211299K [0x0000000080000000, 0x0000000100000000)
  region size 1024K, 37 young (37888K), 2 survivors (2048K)
 Metaspace       used 107832K, committed 108608K, reserved 1146880K
  class space    used 14465K, committed 14848K, reserved 1048576K
}
Event: 85.891 GC heap after
{Heap after GC invocations=66 (full 0):
 garbage-first heap   total 304128K, used 190168K [0x0000000080000000, 0x0000000100000000)
  region size 1024K, 5 young (5120K), 5 survivors (5120K)
 Metaspace       used 107832K, committed 108608K, reserved 1146880K
  class space    used 14465K, committed 14848K, reserved 1048576K
}
Event: 86.942 GC heap before
{Heap before GC invocations=66 (full 0):
 garbage-first heap   total 304128K, used 202456K [0x0000000080000000, 0x0000000100000000)
  region size 1024K, 14 young (14336K), 5 survivors (5120K)
 Metaspace       used 108638K, committed 109376K, reserved 1146880K
  class space    used 14634K, committed 14976K, reserved 1048576K
}

Dll operation events (2 events):
Event: 0.023 Loaded shared library D:\ANDROID\jbr\bin\java.dll
Event: 2.013 Loaded shared library D:\ANDROID\jbr\bin\verify.dll

Deoptimization events (20 events):
Event: 84.311 Thread 0x000001d8d05a51e0 DEOPT PACKING pc=0x000001d8b82c9ce2 sp=0x00000083373fd690
Event: 84.311 Thread 0x000001d8d05a51e0 DEOPT UNPACKING pc=0x000001d8be1b7143 sp=0x00000083373fcc68 mode 3
Event: 84.788 Thread 0x000001d8d05a51e0 Uncommon trap: trap_request=0xffffff45 fr.pc=0x000001d8be738714 relative=0x0000000000001174
Event: 84.788 Thread 0x000001d8d05a51e0 Uncommon trap: reason=unstable_if action=reinterpret pc=0x000001d8be738714 method=java.util.concurrent.ConcurrentHashMap.putVal(Ljava/lang/Object;Ljava/lang/Object;Z)Ljava/lang/Object; @ 401 c2
Event: 84.788 Thread 0x000001d8d05a51e0 DEOPT PACKING pc=0x000001d8be738714 sp=0x00000083373fd9f0
Event: 84.788 Thread 0x000001d8d05a51e0 DEOPT UNPACKING pc=0x000001d8be1b69a3 sp=0x00000083373fd980 mode 2
Event: 85.278 Thread 0x000001d8d05a51e0 DEOPT PACKING pc=0x000001d8b83a6aa0 sp=0x00000083373fd870
Event: 85.278 Thread 0x000001d8d05a51e0 DEOPT UNPACKING pc=0x000001d8be1b7143 sp=0x00000083373fcd70 mode 0
Event: 85.305 Thread 0x000001d8d05a51e0 DEOPT PACKING pc=0x000001d8b83aa9aa sp=0x00000083373fd830
Event: 85.305 Thread 0x000001d8d05a51e0 DEOPT UNPACKING pc=0x000001d8be1b7143 sp=0x00000083373fcd70 mode 0
Event: 85.392 Thread 0x000001d8d05a51e0 DEOPT PACKING pc=0x000001d8b83a6aa0 sp=0x00000083373fd870
Event: 85.392 Thread 0x000001d8d05a51e0 DEOPT UNPACKING pc=0x000001d8be1b7143 sp=0x00000083373fcd70 mode 0
Event: 85.814 Thread 0x000001d8d05a51e0 Uncommon trap: trap_request=0xffffff45 fr.pc=0x000001d8beb400a0 relative=0x0000000000000480
Event: 85.815 Thread 0x000001d8d05a51e0 Uncommon trap: reason=unstable_if action=reinterpret pc=0x000001d8beb400a0 method=com.android.tools.r8.graph.x2.equals(Ljava/lang/Object;)Z @ 28 c2
Event: 85.815 Thread 0x000001d8d05a51e0 DEOPT PACKING pc=0x000001d8beb400a0 sp=0x00000083373fd940
Event: 85.815 Thread 0x000001d8d05a51e0 DEOPT UNPACKING pc=0x000001d8be1b69a3 sp=0x00000083373fd868 mode 2
Event: 85.819 Thread 0x000001d8d05a51e0 Uncommon trap: trap_request=0xffffff45 fr.pc=0x000001d8be8f7b20 relative=0x0000000000000200
Event: 85.819 Thread 0x000001d8d05a51e0 Uncommon trap: reason=unstable_if action=reinterpret pc=0x000001d8be8f7b20 method=com.android.tools.r8.graph.x2.equals(Ljava/lang/Object;)Z @ 28 c2
Event: 85.820 Thread 0x000001d8d05a51e0 DEOPT PACKING pc=0x000001d8be8f7b20 sp=0x00000083373fd8b0
Event: 85.820 Thread 0x000001d8d05a51e0 DEOPT UNPACKING pc=0x000001d8be1b69a3 sp=0x00000083373fd840 mode 2

Classes unloaded (0 events):
No events

Classes redefined (0 events):
No events

Internal exceptions (20 events):
Event: 63.583 Thread 0x000001d8d4efa080 Exception <a 'java/lang/NoSuchMethodError'{0x000000008dabf0b0}: static Lorg/jetbrains/kotlin/incremental/ChangedFiles$Unknown;.<clinit>()V> (0x000000008dabf0b0) 
thrown [s\src\hotspot\share\prims\jni.cpp, line 1108]
Event: 63.585 Thread 0x000001d8d4efa080 Exception <a 'java/lang/NoSuchMethodError'{0x000000008dadc8d0}: static Lorg/jetbrains/kotlin/incremental/ClasspathChanges;.<clinit>()V> (0x000000008dadc8d0) 
thrown [s\src\hotspot\share\prims\jni.cpp, line 1108]
Event: 63.585 Thread 0x000001d8d4efa080 Exception <a 'java/lang/NoSuchMethodError'{0x000000008dade0d8}: static Lorg/jetbrains/kotlin/incremental/ClasspathChanges;.<clinit>()V> (0x000000008dade0d8) 
thrown [s\src\hotspot\share\prims\jni.cpp, line 1108]
Event: 63.678 Thread 0x000001d8d4ef7530 Exception <a 'sun/nio/fs/WindowsException'{0x000000008d9c2ac8}> (0x000000008d9c2ac8) 
thrown [s\src\hotspot\share\prims\jni.cpp, line 517]
Event: 64.182 Thread 0x000001d8d4ef9210 Exception <a 'java/lang/NoSuchMethodError'{0x000000008cbfe200}: static Lorg/jetbrains/kotlin/daemon/common/LoopbackNetworkInterface$AbstractClientLoopbackSocketFactory;.<clinit>()V> (0x000000008cbfe200) 
thrown [s\src\hotspot\share\prims\jni.cpp, line 1108]
Event: 64.183 Thread 0x000001d8d4ef9210 Exception <a 'java/lang/NoSuchMethodError'{0x000000008ca09bf0}: static Lorg/jetbrains/kotlin/daemon/common/LoopbackNetworkInterface$ClientLoopbackSocketFactory;.<clinit>()V> (0x000000008ca09bf0) 
thrown [s\src\hotspot\share\prims\jni.cpp, line 1108]
Event: 64.358 Thread 0x000001d8d4ef9210 Exception <a 'java/lang/NoSuchMethodError'{0x000000008ca8d630}: static [Ljava/rmi/server/ObjID;.<clinit>()V> (0x000000008ca8d630) 
thrown [s\src\hotspot\share\prims\jni.cpp, line 1108]
Event: 64.363 Thread 0x000001d8d4ef9210 Exception <a 'java/lang/NoSuchMethodError'{0x000000008c7609c8}: static [B.<clinit>()V> (0x000000008c7609c8) 
thrown [s\src\hotspot\share\prims\jni.cpp, line 1108]
Event: 64.381 Thread 0x000001d8d05a9070 Exception <a 'java/lang/InterruptedException'{0x000000008c7fd1f8}> (0x000000008c7fd1f8) 
thrown [s\src\hotspot\share\runtime\objectMonitor.cpp, line 1648]
Event: 64.383 Thread 0x000001d8d05a9070 Exception <a 'java/lang/NoSuchMethodError'{0x000000008c618c20}: 'java.lang.Object java.lang.invoke.DirectMethodHandle$Holder.newInvokeSpecial(java.lang.Object, java.lang.Object, int, java.lang.Object, long)'> (0x000000008c618c20) 
thrown [s\src\hotspot\share\interpreter\linkResolver.cpp, line 771]
Event: 64.429 Thread 0x000001d8d4ef9210 Exception <a 'java/lang/NoSuchMethodError'{0x000000008c5e75e0}: static Lorg/jetbrains/kotlin/daemon/common/CompileService$CallResult;.<clinit>()V> (0x000000008c5e75e0) 
thrown [s\src\hotspot\share\prims\jni.cpp, line 1108]
Event: 64.430 Thread 0x000001d8d4ef9210 Exception <a 'java/lang/NoSuchMethodError'{0x000000008c5f2d60}: static Lorg/jetbrains/kotlin/daemon/common/CompileService$CallResult$Good;.<clinit>()V> (0x000000008c5f2d60) 
thrown [s\src\hotspot\share\prims\jni.cpp, line 1108]
Event: 64.434 Thread 0x000001d8d4ef9210 Exception <a 'java/lang/NoSuchMethodError'{0x000000008c406a70}: static Lorg/jetbrains/kotlin/daemon/common/DaemonJVMOptions;.<clinit>()V> (0x000000008c406a70) 
thrown [s\src\hotspot\share\prims\jni.cpp, line 1108]
Event: 64.445 Thread 0x000001d8d4ef9210 Exception <a 'java/lang/NoSuchMethodError'{0x000000008c42ba68}: static Lorg/jetbrains/kotlin/daemon/common/CompileService$CallResult$Ok;.<clinit>()V> (0x000000008c42ba68) 
thrown [s\src\hotspot\share\prims\jni.cpp, line 1108]
Event: 64.512 Thread 0x000001d8d4ef9210 Exception <a 'java/lang/NoSuchMethodError'{0x000000008c3a4438}: static [Ljava/lang/Integer;.<clinit>()V> (0x000000008c3a4438) 
thrown [s\src\hotspot\share\prims\jni.cpp, line 1108]
Event: 73.313 Thread 0x000001d8d05a51e0 Exception <a 'sun/nio/fs/WindowsException'{0x000000008f2561e8}> (0x000000008f2561e8) 
thrown [s\src\hotspot\share\prims\jni.cpp, line 517]
Event: 81.930 Thread 0x000001d8d05a51e0 Exception <a 'java/lang/NoSuchMethodError'{0x000000008e9d4e78}: 'java.lang.Object java.lang.invoke.DirectMethodHandle$Holder.invokeStaticInit(java.lang.Object, java.lang.Object, java.lang.Object, java.lang.Object, java.lang.Object, java.lang.Object, java.lang.Object, java.lang.Object, java.lang.Object, java.lang.Object, java.lang.Object, java.lang.Object, java.lang.Object, java.lang.Object, java.lang.Object, java.lang.Object, java.lang.Object, java.lang.Object, java.lang.Object, java.lang.Object, int, java
Event: 86.645 Thread 0x000001d8d05a56b0 Exception <a 'java/lang/IncompatibleClassChangeError'{0x00000000911ca9b0}: Found class java.lang.Object, but interface was expected> (0x00000000911ca9b0) 
thrown [s\src\hotspot\share\interpreter\linkResolver.cpp, line 838]
Event: 86.652 Thread 0x000001d8d05a56b0 Exception <a 'java/lang/IncompatibleClassChangeError'{0x00000000911f3cc8}: Found class java.lang.Object, but interface was expected> (0x00000000911f3cc8) 
thrown [s\src\hotspot\share\interpreter\linkResolver.cpp, line 838]
Event: 86.653 Thread 0x000001d8d05a56b0 Exception <a 'java/lang/IncompatibleClassChangeError'{0x00000000911faf80}: Found class java.lang.Object, but interface was expected> (0x00000000911faf80) 
thrown [s\src\hotspot\share\interpreter\linkResolver.cpp, line 838]

VM Operations (20 events):
Event: 84.074 Executing VM operation: Cleanup done
Event: 84.282 Executing VM operation: HandshakeAllThreads
Event: 84.282 Executing VM operation: HandshakeAllThreads done
Event: 84.400 Executing VM operation: G1CollectForAllocation
Event: 84.462 Executing VM operation: G1CollectForAllocation done
Event: 84.471 Executing VM operation: G1CollectForAllocation
Event: 84.511 Executing VM operation: G1CollectForAllocation done
Event: 84.511 Executing VM operation: HandshakeAllThreads
Event: 84.511 Executing VM operation: HandshakeAllThreads done
Event: 84.624 Executing VM operation: G1TryInitiateConcMark
Event: 84.644 Executing VM operation: G1TryInitiateConcMark done
Event: 84.886 Executing VM operation: HandshakeAllThreads
Event: 84.942 Executing VM operation: HandshakeAllThreads done
Event: 85.004 Executing VM operation: G1Concurrent
Event: 85.054 Executing VM operation: G1Concurrent done
Event: 85.211 Executing VM operation: G1Concurrent
Event: 85.222 Executing VM operation: G1Concurrent done
Event: 85.842 Executing VM operation: G1CollectForAllocation
Event: 85.891 Executing VM operation: G1CollectForAllocation done
Event: 86.942 Executing VM operation: G1CollectForAllocation

Events (20 events):
Event: 84.964 Thread 0x000001d8cc805a10 flushing nmethod 0x000001d8b8353210
Event: 84.964 Thread 0x000001d8cc805a10 flushing nmethod 0x000001d8b836b990
Event: 84.964 Thread 0x000001d8cc805a10 flushing nmethod 0x000001d8b836c810
Event: 84.964 Thread 0x000001d8cc805a10 flushing nmethod 0x000001d8b8372d10
Event: 84.964 Thread 0x000001d8cc805a10 flushing nmethod 0x000001d8b8387590
Event: 84.964 Thread 0x000001d8cc805a10 flushing nmethod 0x000001d8b8387c10
Event: 84.965 Thread 0x000001d8cc805a10 flushing nmethod 0x000001d8b8391b90
Event: 84.965 Thread 0x000001d8cc805a10 flushing nmethod 0x000001d8b8393810
Event: 85.962 loading class java/util/concurrent/ForkJoinTask
Event: 85.964 loading class java/util/concurrent/ForkJoinTask done
Event: 85.964 loading class java/util/concurrent/ForkJoinTask$AdaptedRunnableAction
Event: 85.966 loading class java/util/concurrent/ForkJoinTask$AdaptedRunnableAction done
Event: 85.966 loading class java/util/concurrent/ForkJoinTask$Aux
Event: 85.966 loading class java/util/concurrent/ForkJoinTask$Aux done
Event: 85.967 loading class java/util/concurrent/ForkJoinPool$DefaultForkJoinWorkerThreadFactory$1
Event: 85.967 loading class java/util/concurrent/ForkJoinPool$DefaultForkJoinWorkerThreadFactory$1 done
Event: 85.968 Thread 0x000001d8d05a56b0 Thread added: 0x000001d8d05a56b0
Event: 86.012 Thread 0x000001d8d05a7d30 Thread added: 0x000001d8d05a7d30
Event: 86.107 loading class java/lang/reflect/GenericSignatureFormatError
Event: 86.111 loading class java/lang/reflect/GenericSignatureFormatError done


Dynamic libraries:
0x00007ff7a0c80000 - 0x00007ff7a0c8a000 	D:\ANDROID\jbr\bin\java.exe
0x00007ff9b5370000 - 0x00007ff9b5584000 	C:\WINDOWS\SYSTEM32\ntdll.dll
0x00007ff9b3ec0000 - 0x00007ff9b3f84000 	C:\WINDOWS\System32\KERNEL32.DLL
0x00007ff9b2720000 - 0x00007ff9b2ac4000 	C:\WINDOWS\System32\KERNELBASE.dll
0x00007ff9b2ce0000 - 0x00007ff9b2df1000 	C:\WINDOWS\System32\ucrtbase.dll
0x00007ff9a2ce0000 - 0x00007ff9a2cf7000 	D:\ANDROID\jbr\bin\jli.dll
0x00007ff9b39b0000 - 0x00007ff9b3b5e000 	C:\WINDOWS\System32\USER32.dll
0x00007ff9b2b90000 - 0x00007ff9b2bb6000 	C:\WINDOWS\System32\win32u.dll
0x00007ff9b4220000 - 0x00007ff9b4249000 	C:\WINDOWS\System32\GDI32.dll
0x00007ff9b2e70000 - 0x00007ff9b2f88000 	C:\WINDOWS\System32\gdi32full.dll
0x00007ff9b2bc0000 - 0x00007ff9b2c5a000 	C:\WINDOWS\System32\msvcp_win.dll
0x00007ff9a6130000 - 0x00007ff9a614b000 	D:\ANDROID\jbr\bin\VCRUNTIME140.dll
0x00007ff9a2eb0000 - 0x00007ff9a3143000 	C:\WINDOWS\WinSxS\amd64_microsoft.windows.common-controls_6595b64144ccf1df_6.0.22621.2215_none_270d72677387dfc3\COMCTL32.dll
0x00007ff9b3580000 - 0x00007ff9b3627000 	C:\WINDOWS\System32\msvcrt.dll
0x00007ff9b4390000 - 0x00007ff9b43c1000 	C:\WINDOWS\System32\IMM32.DLL
0x00007ff9afa90000 - 0x00007ff9afa9c000 	D:\ANDROID\jbr\bin\vcruntime140_1.dll
0x00007ff9907e0000 - 0x00007ff99086d000 	D:\ANDROID\jbr\bin\msvcp140.dll
0x00007ff956310000 - 0x00007ff956f7e000 	D:\ANDROID\jbr\bin\server\jvm.dll
0x00007ff9b36a0000 - 0x00007ff9b3750000 	C:\WINDOWS\System32\ADVAPI32.dll
0x00007ff9b4770000 - 0x00007ff9b4816000 	C:\WINDOWS\System32\sechost.dll
0x00007ff9b3fa0000 - 0x00007ff9b40b7000 	C:\WINDOWS\System32\RPCRT4.dll
0x00007ff9a65e0000 - 0x00007ff9a65e9000 	C:\WINDOWS\SYSTEM32\WSOCK32.dll
0x00007ff9b52b0000 - 0x00007ff9b5321000 	C:\WINDOWS\System32\WS2_32.dll
0x00007ff9ab670000 - 0x00007ff9ab6a4000 	C:\WINDOWS\SYSTEM32\WINMM.dll
0x00007ff9ab6b0000 - 0x00007ff9ab6ba000 	C:\WINDOWS\SYSTEM32\VERSION.dll
0x00007ff9b16e0000 - 0x00007ff9b16f8000 	C:\WINDOWS\SYSTEM32\kernel.appcore.dll
0x00007ff9ab180000 - 0x00007ff9ab18a000 	D:\ANDROID\jbr\bin\jimage.dll
0x00007ff9a7130000 - 0x00007ff9a735e000 	C:\WINDOWS\SYSTEM32\DBGHELP.DLL
0x00007ff9b43d0000 - 0x00007ff9b475a000 	C:\WINDOWS\System32\combase.dll
0x00007ff9b3750000 - 0x00007ff9b3827000 	C:\WINDOWS\System32\OLEAUT32.dll
0x00007ff998320000 - 0x00007ff998352000 	C:\WINDOWS\SYSTEM32\dbgcore.DLL
0x00007ff9b2c60000 - 0x00007ff9b2cda000 	C:\WINDOWS\System32\bcryptPrimitives.dll
0x00007ff9a60a0000 - 0x00007ff9a60c5000 	D:\ANDROID\jbr\bin\java.dll
0x00007ff9ab160000 - 0x00007ff9ab178000 	D:\ANDROID\jbr\bin\zip.dll
0x00007ff9b4a80000 - 0x00007ff9b52a3000 	C:\WINDOWS\System32\SHELL32.dll
0x00007ff9b0660000 - 0x00007ff9b0f4a000 	C:\WINDOWS\SYSTEM32\windows.storage.dll
0x00007ff9b0520000 - 0x00007ff9b065e000 	C:\WINDOWS\SYSTEM32\wintypes.dll
0x00007ff9b4120000 - 0x00007ff9b4213000 	C:\WINDOWS\System32\SHCORE.dll
0x00007ff9b3950000 - 0x00007ff9b39ae000 	C:\WINDOWS\System32\shlwapi.dll
0x00007ff9b2650000 - 0x00007ff9b2676000 	C:\WINDOWS\SYSTEM32\profapi.dll
0x00007ff9a65f0000 - 0x00007ff9a6609000 	D:\ANDROID\jbr\bin\net.dll
0x00007ff9aa5f0000 - 0x00007ff9aa727000 	C:\WINDOWS\SYSTEM32\WINHTTP.dll
0x00007ff9b1ba0000 - 0x00007ff9b1c09000 	C:\WINDOWS\system32\mswsock.dll
0x00007ff9a6200000 - 0x00007ff9a6216000 	D:\ANDROID\jbr\bin\nio.dll
0x00007ff9a6180000 - 0x00007ff9a6190000 	D:\ANDROID\jbr\bin\verify.dll
0x00007ff992ff0000 - 0x00007ff993017000 	C:\Users\PC\.gradle\native\68d5fa5c4cc2d200863cafc0d521ce42e7d3e7ee720ec0a83991735586a16f82\windows-amd64\native-platform.dll
0x00007ff984540000 - 0x00007ff984684000 	C:\Users\PC\.gradle\native\e376f236ea51e6404a007f0833ffe2c6e607c4080706a723a18a27aeea778392\windows-amd64\native-platform-file-events.dll
0x00007ff9a5e90000 - 0x00007ff9a5e99000 	D:\ANDROID\jbr\bin\management.dll
0x00007ff9a47b0000 - 0x00007ff9a47bb000 	D:\ANDROID\jbr\bin\management_ext.dll
0x00007ff9b4a70000 - 0x00007ff9b4a78000 	C:\WINDOWS\System32\PSAPI.DLL
0x00007ff9b1ec0000 - 0x00007ff9b1edb000 	C:\WINDOWS\SYSTEM32\CRYPTSP.dll
0x00007ff9b16a0000 - 0x00007ff9b16d5000 	C:\WINDOWS\system32\rsaenh.dll
0x00007ff9b1c40000 - 0x00007ff9b1c6c000 	C:\WINDOWS\SYSTEM32\USERENV.dll
0x00007ff9b2000000 - 0x00007ff9b2028000 	C:\WINDOWS\SYSTEM32\bcrypt.dll
0x00007ff9b1ea0000 - 0x00007ff9b1eac000 	C:\WINDOWS\SYSTEM32\CRYPTBASE.dll
0x00007ff9b11f0000 - 0x00007ff9b121d000 	C:\WINDOWS\SYSTEM32\IPHLPAPI.DLL
0x00007ff9b4760000 - 0x00007ff9b4769000 	C:\WINDOWS\System32\NSI.dll
0x00007ff9aa5d0000 - 0x00007ff9aa5e9000 	C:\WINDOWS\SYSTEM32\dhcpcsvc6.DLL
0x00007ff9aa5b0000 - 0x00007ff9aa5cf000 	C:\WINDOWS\SYSTEM32\dhcpcsvc.DLL
0x00007ff9b1270000 - 0x00007ff9b1362000 	C:\WINDOWS\SYSTEM32\DNSAPI.dll
0x00007ff9a4790000 - 0x00007ff9a4798000 	C:\WINDOWS\system32\wshunix.dll
0x00007ff991c30000 - 0x00007ff991c47000 	C:\WINDOWS\system32\napinsp.dll
0x00007ff991c10000 - 0x00007ff991c2b000 	C:\WINDOWS\system32\pnrpnsp.dll
0x00007ff991bf0000 - 0x00007ff991c01000 	C:\WINDOWS\System32\winrnr.dll
0x00007ff991bd0000 - 0x00007ff991be5000 	C:\WINDOWS\system32\wshbth.dll
0x00007ff990ed0000 - 0x00007ff990ef1000 	C:\WINDOWS\system32\nlansp_c.dll
0x00007ff99a970000 - 0x00007ff99a97a000 	C:\Windows\System32\rasadhlp.dll
0x00007ff9aa040000 - 0x00007ff9aa0c4000 	C:\WINDOWS\System32\fwpuclnt.dll
0x00007ff9adb00000 - 0x00007ff9adb07000 	D:\ANDROID\jbr\bin\rmi.dll

dbghelp: loaded successfully - version: 4.0.5 - missing functions: none
symbol engine: initialized successfully - sym options: 0x614 - pdb path: .;D:\ANDROID\jbr\bin;C:\WINDOWS\SYSTEM32;C:\WINDOWS\WinSxS\amd64_microsoft.windows.common-controls_6595b64144ccf1df_6.0.22621.2215_none_270d72677387dfc3;D:\ANDROID\jbr\bin\server;C:\Users\PC\.gradle\native\68d5fa5c4cc2d200863cafc0d521ce42e7d3e7ee720ec0a83991735586a16f82\windows-amd64;C:\Users\PC\.gradle\native\e376f236ea51e6404a007f0833ffe2c6e607c4080706a723a18a27aeea778392\windows-amd64

VM Arguments:
jvm_args: --add-opens=java.base/java.util=ALL-UNNAMED --add-opens=java.base/java.lang=ALL-UNNAMED --add-opens=java.base/java.lang.invoke=ALL-UNNAMED --add-opens=java.prefs/java.util.prefs=ALL-UNNAMED --add-opens=java.base/java.nio.charset=ALL-UNNAMED --add-opens=java.base/java.net=ALL-UNNAMED --add-opens=java.base/java.util.concurrent.atomic=ALL-UNNAMED -Xmx2048m -Dfile.encoding=UTF-8 -Duser.country=US -Duser.language=en -Duser.variant 
java_command: org.gradle.launcher.daemon.bootstrap.GradleDaemon 8.0
java_class_path (initial): C:\Users\PC\.gradle\wrapper\dists\gradle-8.0-bin\ca5e32bp14vu59qr306oxotwh\gradle-8.0\lib\gradle-launcher-8.0.jar
Launcher Type: SUN_STANDARD

[Global flags]
     intx CICompilerCount                          = 2                                         {product} {ergonomic}
     uint ConcGCThreads                            = 1                                         {product} {ergonomic}
     uint G1ConcRefinementThreads                  = 2                                         {product} {ergonomic}
   size_t G1HeapRegionSize                         = 1048576                                   {product} {ergonomic}
    uintx GCDrainStackTargetSize                   = 64                                        {product} {ergonomic}
   size_t InitialHeapSize                          = 100663296                                 {product} {ergonomic}
   size_t MarkStackSize                            = 4194304                                   {product} {ergonomic}
   size_t MaxHeapSize                              = 2147483648                                {product} {command line}
   size_t MaxNewSize                               = 1287651328                                {product} {ergonomic}
   size_t MinHeapDeltaBytes                        = 1048576                                   {product} {ergonomic}
   size_t MinHeapSize                              = 8388608                                   {product} {ergonomic}
    uintx NonNMethodCodeHeapSize                   = 5826188                                {pd product} {ergonomic}
    uintx NonProfiledCodeHeapSize                  = 122916026                              {pd product} {ergonomic}
    uintx ProfiledCodeHeapSize                     = 122916026                              {pd product} {ergonomic}
    uintx ReservedCodeCacheSize                    = 251658240                              {pd product} {ergonomic}
     bool SegmentedCodeCache                       = true                                      {product} {ergonomic}
   size_t SoftMaxHeapSize                          = 2147483648                             {manageable} {ergonomic}
     bool UseCompressedClassPointers               = true                           {product lp64_product} {ergonomic}
     bool UseCompressedOops                        = true                           {product lp64_product} {ergonomic}
     bool UseG1GC                                  = true                                      {product} {ergonomic}
     bool UseLargePagesIndividualAllocation        = false                                  {pd product} {ergonomic}

Logging:
Log output configuration:
 #0: stdout all=warning uptime,level,tags
 #1: stderr all=off uptime,level,tags

Environment Variables:
PATH=C:\Program Files (x86)\Eclipse Adoptium\jdk-17.0.8.7-hotspot\bin;C:\Program Files (x86)\Common Files\Oracle\Java\javapath;C:\ProgramData\Oracle\Java\javapath;C:\WINDOWS\system32;C:\WINDOWS;C:\WINDOWS\System32\Wbem;C:\WINDOWS\System32\WindowsPowerShell\v1.0\;C:\WINDOWS\System32\OpenSSH\;C:\xampp\php;C:\ProgramData\ComposerSetup\bin;C:\Users\PC\Downloads\chromedriver_win32;C:\Program Files\nodejs\;C:\Program Files\Git\cmd;C:\Users\PC\AppData\Local\Programs\Python\Python310\Scripts\;C:\Users\PC\AppData\Local\Programs\Python\Python310\;C:\Program Files\MySQL\MySQL Shell 8.0\bin\;C:\Users\PC\AppData\Local\Microsoft\WindowsApps;C:\Users\PC\AppData\Local\Programs\Microsoft VS Code\bin;C:\xampp\php;C:\Program Files\Java\jdk1.8.0_161\bin;C:\Users\PC\AppData\Roaming\Composer\vendor\bin;C:\Users\PC\AppData\Roaming\npm;C:\Program Files\nodejs;C:\Users\PC\AppData\Local\GitHubDesktop\bin;D:\MSIB\platform-tools;
USERNAME=PC
OS=Windows_NT
PROCESSOR_IDENTIFIER=AMD64 Family 23 Model 32 Stepping 1, AuthenticAMD
TMP=C:\Users\PC\AppData\Local\Temp
TEMP=C:\Users\PC\AppData\Local\Temp


JNI global refs:
JNI global refs: 23, weak refs: 0

JNI global refs memory usage: 843, weak refs: 841


---------------  S Y S T E M  ---------------

OS:
 Windows 11 , 64 bit Build 22621 (10.0.22621.2215)
OS uptime: 7 days 13:40 hours
Hyper-V role detected

CPU: total 2 (initial active 2) (2 cores per cpu, 1 threads per core) family 23 model 32 stepping 1 microcode 0x0, cx8, cmov, fxsr, mmx, 3dnowpref, sse, sse2, sse3, ssse3, sse4a, sse4.1, sse4.2, popcnt, lzcnt, tsc, tscinvbit, avx, avx2, aes, clmul, bmi1, bmi2, adx, sha, fma, vzeroupper, clflush, clflushopt, hv

Memory: 4k page, system-wide physical 6020M (525M free)
TotalPageFile size 23396M (AvailPageFile size 394M)
current process WorkingSet (physical memory assigned to process): 533M, peak: 547M
current process commit charge ("private bytes"): 582M, peak: 1172M

vm_info: OpenJDK 64-Bit Server VM (17.0.6+0-b2043.56-10027231) for windows-amd64 JRE (17.0.6+0-b2043.56-10027231), built on Apr 28 2023 00:43:19 by "androidbuild" with MS VC++ 16.10 / 16.11 (VS2019)

END.
