#
# There is insufficient memory for the Java Runtime Environment to continue.
# Native memory allocation (malloc) failed to allocate 1685392 bytes for Chunk::new
# Possible reasons:
#   The system is out of physical RAM or swap space
#   The process is running with CompressedOops enabled, and the Java Heap may be blocking the growth of the native heap
# Possible solutions:
#   Reduce memory load on the system
#   Increase physical memory or swap space
#   Check if swap backing store is full
#   Decrease Java heap size (-Xmx/-Xms)
#   Decrease number of Java threads
#   Decrease Java thread stack sizes (-Xss)
#   Set larger code cache with -XX:ReservedCodeCacheSize=
#   JVM is running with Unscaled Compressed Oops mode in which the Java heap is
#     placed in the first 4GB address space. The Java Heap base address is the
#     maximum limit for the native heap growth. Please use -XX:HeapBaseMinAddress
#     to set the Java Heap base and to place the Java Heap above 4GB virtual address.
# This output file may be truncated or incomplete.
#
#  Out of Memory Error (arena.cpp:189), pid=13524, tid=19016
#
# JRE version: OpenJDK Runtime Environment (17.0.6) (build 17.0.6+0-b2043.56-10027231)
# Java VM: OpenJDK 64-Bit Server VM (17.0.6+0-b2043.56-10027231, mixed mode, tiered, compressed oops, compressed class ptrs, g1 gc, windows-amd64)
# No core dump will be written. Minidumps are not enabled by default on client versions of Windows
#

---------------  S U M M A R Y ------------

Command Line: --add-opens=java.base/java.util=ALL-UNNAMED --add-opens=java.base/java.lang=ALL-UNNAMED --add-opens=java.base/java.lang.invoke=ALL-UNNAMED --add-opens=java.prefs/java.util.prefs=ALL-UNNAMED --add-opens=java.base/java.nio.charset=ALL-UNNAMED --add-opens=java.base/java.net=ALL-UNNAMED --add-opens=java.base/java.util.concurrent.atomic=ALL-UNNAMED -Xmx2048m -Dfile.encoding=UTF-8 -Duser.country=US -Duser.language=en -Duser.variant org.gradle.launcher.daemon.bootstrap.GradleDaemon 8.0

Host: AMD 3020e with Radeon Graphics                 , 2 cores, 5G,  Windows 11 , 64 bit Build 22621 (10.0.22621.2215)
Time: Mon Sep 25 06:42:46 2023 SE Asia Standard Time elapsed time: 95.615910 seconds (0d 0h 1m 35s)

---------------  T H R E A D  ---------------

Current thread (0x0000025667125800):  JavaThread "C2 CompilerThread0" daemon [_thread_in_native, id=19016, stack(0x000000ed03000000,0x000000ed03100000)]


Current CompileTask:
C2:  95616 15411       4       javax.management.ObjectName::construct (1135 bytes)

Stack: [0x000000ed03000000,0x000000ed03100000]
Native frames: (J=compiled Java code, j=interpreted, Vv=VM code, C=native code)
V  [jvm.dll+0x683c9a]
V  [jvm.dll+0x8427a4]
V  [jvm.dll+0x843f9e]
V  [jvm.dll+0x844603]
V  [jvm.dll+0x249b75]
V  [jvm.dll+0xabcac]
V  [jvm.dll+0xac27c]
V  [jvm.dll+0x368857]
V  [jvm.dll+0x332f31]
V  [jvm.dll+0x3323da]
V  [jvm.dll+0x21c201]
V  [jvm.dll+0x21b621]
V  [jvm.dll+0x1a4fdd]
V  [jvm.dll+0x22b098]
V  [jvm.dll+0x229159]
V  [jvm.dll+0x7f81ec]
V  [jvm.dll+0x7f274a]
V  [jvm.dll+0x682ad5]
C  [ucrtbase.dll+0x29363]
C  [KERNEL32.DLL+0x1257d]
C  [ntdll.dll+0x5aa68]


---------------  P R O C E S S  ---------------

Threads class SMR info:
_java_thread_list=0x000002566af488f0, length=66, elements={
0x000002564de66d40, 0x00000256670f9260, 0x00000256670fe880, 0x00000256670e6800,
0x0000025667121600, 0x00000256671240c0, 0x0000025667124a70, 0x0000025667125800,
0x0000025667126a40, 0x0000025667c2e870, 0x0000025667d8a740, 0x0000025667da2010,
0x000002566ac469d0, 0x000002566ae69a40, 0x00000256694f3430, 0x0000025668e84860,
0x0000025668ad6040, 0x0000025668ad70b0, 0x000002566930d150, 0x0000025668fe9400,
0x0000025668fe9da0, 0x0000025668fe8590, 0x0000025668fe8a60, 0x0000025668fea740,
0x0000025668feac10, 0x0000025668fe8f30, 0x0000025668fe80c0, 0x0000025668feb0e0,
0x0000025668feb5b0, 0x00000256681c2f10, 0x00000256681bc530, 0x00000256681c20a0,
0x00000256681c0d60, 0x00000256681bfa20, 0x00000256681bc060, 0x00000256681bfef0,
0x00000256681c2570, 0x00000256681c38b0, 0x00000256681be6e0, 0x00000256681bd870,
0x00000256681c03c0, 0x00000256681bced0, 0x00000256681bf080, 0x00000256681bd3a0,
0x00000256681bdd40, 0x00000256681be210, 0x00000256681bebb0, 0x00000256681bf550,
0x000002566ac5bc10, 0x000002566ac5d8f0, 0x000002566ac5c5b0, 0x000002566ac58bf0,
0x000002566ac59590, 0x000002566ac5e760, 0x000002566ac5ada0, 0x000002566ac59a60,
0x000002566ac590c0, 0x000002566ac59f30, 0x000002566ac5b270, 0x000002566ac5ca80,
0x000002566ac5e290, 0x000002566ebf0d80, 0x000002566ebedd60, 0x000002566ebed890,
0x000002566ebeebd0, 0x000002566ebebbb0
}

Java Threads: ( => current thread )
  0x000002564de66d40 JavaThread "main" [_thread_blocked, id=6728, stack(0x000000ed02300000,0x000000ed02400000)]
  0x00000256670f9260 JavaThread "Reference Handler" daemon [_thread_blocked, id=12176, stack(0x000000ed02a00000,0x000000ed02b00000)]
  0x00000256670fe880 JavaThread "Finalizer" daemon [_thread_blocked, id=7180, stack(0x000000ed02b00000,0x000000ed02c00000)]
  0x00000256670e6800 JavaThread "Signal Dispatcher" daemon [_thread_blocked, id=12312, stack(0x000000ed02c00000,0x000000ed02d00000)]
  0x0000025667121600 JavaThread "Attach Listener" daemon [_thread_blocked, id=9572, stack(0x000000ed02d00000,0x000000ed02e00000)]
  0x00000256671240c0 JavaThread "Service Thread" daemon [_thread_blocked, id=11452, stack(0x000000ed02e00000,0x000000ed02f00000)]
  0x0000025667124a70 JavaThread "Monitor Deflation Thread" daemon [_thread_blocked, id=15692, stack(0x000000ed02f00000,0x000000ed03000000)]
=>0x0000025667125800 JavaThread "C2 CompilerThread0" daemon [_thread_in_native, id=19016, stack(0x000000ed03000000,0x000000ed03100000)]
  0x0000025667126a40 JavaThread "C1 CompilerThread0" daemon [_thread_blocked, id=16332, stack(0x000000ed03100000,0x000000ed03200000)]
  0x0000025667c2e870 JavaThread "Sweeper thread" daemon [_thread_blocked, id=19932, stack(0x000000ed03200000,0x000000ed03300000)]
  0x0000025667d8a740 JavaThread "Common-Cleaner" daemon [_thread_blocked, id=14648, stack(0x000000ed03300000,0x000000ed03400000)]
  0x0000025667da2010 JavaThread "Notification Thread" daemon [_thread_blocked, id=2316, stack(0x000000ed03400000,0x000000ed03500000)]
  0x000002566ac469d0 JavaThread "Daemon health stats" [_thread_blocked, id=20108, stack(0x000000ed03700000,0x000000ed03800000)]
  0x000002566ae69a40 JavaThread "Incoming local TCP Connector on port 63468" [_thread_in_native, id=20168, stack(0x000000ed03800000,0x000000ed03900000)]
  0x00000256694f3430 JavaThread "Daemon periodic checks" [_thread_blocked, id=11984, stack(0x000000ed03900000,0x000000ed03a00000)]
  0x0000025668e84860 JavaThread "Daemon" [_thread_blocked, id=12920, stack(0x000000ed03a00000,0x000000ed03b00000)]
  0x0000025668ad6040 JavaThread "Handler for socket connection from /127.0.0.1:63468 to /127.0.0.1:63469" [_thread_in_native, id=252, stack(0x000000ed03b00000,0x000000ed03c00000)]
  0x0000025668ad70b0 JavaThread "Cancel handler" [_thread_blocked, id=9728, stack(0x000000ed03c00000,0x000000ed03d00000)]
  0x000002566930d150 JavaThread "Daemon worker" [_thread_blocked, id=8392, stack(0x000000ed03d00000,0x000000ed03e00000)]
  0x0000025668fe9400 JavaThread "Asynchronous log dispatcher for DefaultDaemonConnection: socket connection from /127.0.0.1:63468 to /127.0.0.1:63469" [_thread_blocked, id=17896, stack(0x000000ed03e00000,0x000000ed03f00000)]
  0x0000025668fe9da0 JavaThread "Daemon client event forwarder" [_thread_blocked, id=16444, stack(0x000000ed04000000,0x000000ed04100000)]
  0x0000025668fe8590 JavaThread "Cache worker for journal cache (C:\Users\PC\.gradle\caches\journal-1)" [_thread_blocked, id=14420, stack(0x000000ed04100000,0x000000ed04200000)]
  0x0000025668fe8a60 JavaThread "File lock request listener" [_thread_in_native, id=8884, stack(0x000000ed04200000,0x000000ed04300000)]
  0x0000025668fea740 JavaThread "Cache worker for file hash cache (C:\Users\PC\.gradle\caches\8.0\fileHashes)" [_thread_blocked, id=20436, stack(0x000000ed04300000,0x000000ed04400000)]
  0x0000025668feac10 JavaThread "File watcher server" daemon [_thread_in_native, id=4476, stack(0x000000ed04400000,0x000000ed04500000)]
  0x0000025668fe8f30 JavaThread "File watcher consumer" daemon [_thread_blocked, id=14484, stack(0x000000ed04500000,0x000000ed04600000)]
  0x0000025668fe80c0 JavaThread "Cache worker for checksums cache (D:\MyApp7\.gradle\8.0\checksums)" [_thread_blocked, id=17916, stack(0x000000ed04600000,0x000000ed04700000)]
  0x0000025668feb0e0 JavaThread "Cache worker for cache directory md-rule (C:\Users\PC\.gradle\caches\8.0\md-rule)" [_thread_blocked, id=3108, stack(0x000000ed04700000,0x000000ed04800000)]
  0x0000025668feb5b0 JavaThread "Cache worker for file content cache (C:\Users\PC\.gradle\caches\8.0\fileContent)" [_thread_blocked, id=11124, stack(0x000000ed04800000,0x000000ed04900000)]
  0x00000256681c2f10 JavaThread "Cache worker for file hash cache (D:\MyApp7\.gradle\8.0\fileHashes)" [_thread_blocked, id=12764, stack(0x000000ed04900000,0x000000ed04a00000)]
  0x00000256681bc530 JavaThread "Cache worker for cache directory md-supplier (C:\Users\PC\.gradle\caches\8.0\md-supplier)" [_thread_blocked, id=16352, stack(0x000000ed04a00000,0x000000ed04b00000)]
  0x00000256681c20a0 JavaThread "Cache worker for execution history cache (C:\Users\PC\.gradle\caches\8.0\executionHistory)" [_thread_blocked, id=19036, stack(0x000000ed04b00000,0x000000ed04c00000)]
  0x00000256681c0d60 JavaThread "jar transforms" [_thread_blocked, id=18164, stack(0x000000ed04d00000,0x000000ed04e00000)]
  0x00000256681bfa20 JavaThread "jar transforms Thread 2" [_thread_blocked, id=10824, stack(0x000000ed04e00000,0x000000ed04f00000)]
  0x00000256681bc060 JavaThread "Cache worker for kotlin-dsl (C:\Users\PC\.gradle\caches\8.0\kotlin-dsl)" [_thread_blocked, id=10736, stack(0x000000ed04f00000,0x000000ed05000000)]
  0x00000256681bfef0 JavaThread "Cache worker for dependencies-accessors (D:\MyApp7\.gradle\8.0\dependencies-accessors)" [_thread_blocked, id=1648, stack(0x000000ed05000000,0x000000ed05100000)]
  0x00000256681c2570 JavaThread "Cache worker for Build Output Cleanup Cache (D:\MyApp7\.gradle\buildOutputCleanup)" [_thread_blocked, id=3464, stack(0x000000ed05100000,0x000000ed05200000)]
  0x00000256681c38b0 JavaThread "Unconstrained build operations" [_thread_blocked, id=9176, stack(0x000000ed05200000,0x000000ed05300000)]
  0x00000256681be6e0 JavaThread "Unconstrained build operations Thread 2" [_thread_blocked, id=14012, stack(0x000000ed05300000,0x000000ed05400000)]
  0x00000256681bd870 JavaThread "Unconstrained build operations Thread 3" [_thread_blocked, id=11380, stack(0x000000ed05400000,0x000000ed05500000)]
  0x00000256681c03c0 JavaThread "Unconstrained build operations Thread 4" [_thread_blocked, id=10448, stack(0x000000ed05500000,0x000000ed05600000)]
  0x00000256681bced0 JavaThread "Unconstrained build operations Thread 5" [_thread_blocked, id=8072, stack(0x000000ed05600000,0x000000ed05700000)]
  0x00000256681bf080 JavaThread "Unconstrained build operations Thread 6" [_thread_blocked, id=3020, stack(0x000000ed05700000,0x000000ed05800000)]
  0x00000256681bd3a0 JavaThread "Unconstrained build operations Thread 7" [_thread_blocked, id=18460, stack(0x000000ed05800000,0x000000ed05900000)]
  0x00000256681bdd40 JavaThread "Unconstrained build operations Thread 8" [_thread_blocked, id=14524, stack(0x000000ed05900000,0x000000ed05a00000)]
  0x00000256681be210 JavaThread "Unconstrained build operations Thread 9" [_thread_blocked, id=14172, stack(0x000000ed05a00000,0x000000ed05b00000)]
  0x00000256681bebb0 JavaThread "Unconstrained build operations Thread 10" [_thread_blocked, id=18424, stack(0x000000ed05b00000,0x000000ed05c00000)]
  0x00000256681bf550 JavaThread "Unconstrained build operations Thread 11" [_thread_blocked, id=19284, stack(0x000000ed05c00000,0x000000ed05d00000)]
  0x000002566ac5bc10 JavaThread "Unconstrained build operations Thread 12" [_thread_blocked, id=14880, stack(0x000000ed05d00000,0x000000ed05e00000)]
  0x000002566ac5d8f0 JavaThread "Unconstrained build operations Thread 13" [_thread_blocked, id=18208, stack(0x000000ed05e00000,0x000000ed05f00000)]
  0x000002566ac5c5b0 JavaThread "Unconstrained build operations Thread 14" [_thread_blocked, id=8060, stack(0x000000ed05f00000,0x000000ed06000000)]
  0x000002566ac58bf0 JavaThread "Unconstrained build operations Thread 15" [_thread_blocked, id=20068, stack(0x000000ed06000000,0x000000ed06100000)]
  0x000002566ac59590 JavaThread "Unconstrained build operations Thread 16" [_thread_blocked, id=1672, stack(0x000000ed06100000,0x000000ed06200000)]
  0x000002566ac5e760 JavaThread "Unconstrained build operations Thread 17" [_thread_blocked, id=7452, stack(0x000000ed06200000,0x000000ed06300000)]
  0x000002566ac5ada0 JavaThread "Unconstrained build operations Thread 18" [_thread_blocked, id=15584, stack(0x000000ed06300000,0x000000ed06400000)]
  0x000002566ac59a60 JavaThread "Unconstrained build operations Thread 19" [_thread_blocked, id=7228, stack(0x000000ed06400000,0x000000ed06500000)]
  0x000002566ac590c0 JavaThread "Unconstrained build operations Thread 20" [_thread_blocked, id=15108, stack(0x000000ed06500000,0x000000ed06600000)]
  0x000002566ac59f30 JavaThread "build event listener" [_thread_blocked, id=6324, stack(0x000000ed06600000,0x000000ed06700000)]
  0x000002566ac5b270 JavaThread "Memory manager" [_thread_blocked, id=15036, stack(0x000000ed06700000,0x000000ed06800000)]
  0x000002566ac5ca80 JavaThread "pool-3-thread-1" [_thread_blocked, id=18964, stack(0x000000ed06900000,0x000000ed06a00000)]
  0x000002566ac5e290 JavaThread "build event listener" [_thread_blocked, id=17368, stack(0x000000ed06a00000,0x000000ed06b00000)]
  0x000002566ebf0d80 JavaThread "included builds" [_thread_in_native, id=19280, stack(0x000000ed06b00000,0x000000ed06c00000)]
  0x000002566ebedd60 JavaThread "Execution worker" [_thread_blocked, id=18784, stack(0x000000ed06c00000,0x000000ed06d00000)]
  0x000002566ebed890 JavaThread "Cache worker for execution history cache (D:\MyApp7\.gradle\8.0\executionHistory)" [_thread_blocked, id=13492, stack(0x000000ed06d00000,0x000000ed06e00000)]
  0x000002566ebeebd0 JavaThread "WorkerExecutor Queue" [_thread_blocked, id=9552, stack(0x000000ed06e00000,0x000000ed06f00000)]
  0x000002566ebebbb0 JavaThread "WorkerExecutor Queue Thread 2" [_thread_blocked, id=17200, stack(0x000000ed02100000,0x000000ed02200000)]

Other Threads:
  0x00000256670d4b30 VMThread "VM Thread" [stack: 0x000000ed02900000,0x000000ed02a00000] [id=3696]
  0x0000025667d88410 WatcherThread [stack: 0x000000ed03500000,0x000000ed03600000] [id=17168]
  0x000002564dec3db0 GCTaskThread "GC Thread#0" [stack: 0x000000ed02400000,0x000000ed02500000] [id=10648]
  0x0000025667e30950 GCTaskThread "GC Thread#1" [stack: 0x000000ed03600000,0x000000ed03700000] [id=16944]
  0x000002564ded5490 ConcurrentGCThread "G1 Main Marker" [stack: 0x000000ed02500000,0x000000ed02600000] [id=11188]
  0x000002564ded5ea0 ConcurrentGCThread "G1 Conc#0" [stack: 0x000000ed02600000,0x000000ed02700000] [id=18640]
  0x000002564df2d1b0 ConcurrentGCThread "G1 Refine#0" [stack: 0x000000ed02700000,0x000000ed02800000] [id=3232]
  0x0000025668bba570 ConcurrentGCThread "G1 Refine#1" [stack: 0x000000ed04c00000,0x000000ed04d00000] [id=7916]
  0x000002564df2dbd0 ConcurrentGCThread "G1 Service" [stack: 0x000000ed02800000,0x000000ed02900000] [id=2376]

Threads with active compile tasks:
C2 CompilerThread0    95682 15411       4       javax.management.ObjectName::construct (1135 bytes)

VM state: not at safepoint (normal execution)

VM Mutex/Monitor currently owned by a thread: None

Heap address: 0x0000000080000000, size: 2048 MB, Compressed Oops mode: 32-bit

CDS archive(s) not mapped
Compressed class space mapped at: 0x0000000100000000-0x0000000140000000, reserved size: 1073741824
Narrow klass base: 0x0000000000000000, Narrow klass shift: 3, Narrow klass range: 0x140000000

GC Precious Log:
 CPUs: 2 total, 2 available
 Memory: 6020M
 Large Page Support: Disabled
 NUMA Support: Disabled
 Compressed Oops: Enabled (32-bit)
 Heap Region Size: 1M
 Heap Min Capacity: 8M
 Heap Initial Capacity: 96M
 Heap Max Capacity: 2G
 Pre-touch: Disabled
 Parallel Workers: 2
 Concurrent Workers: 1
 Concurrent Refinement Workers: 2
 Periodic GC: Disabled

Heap:
 garbage-first heap   total 346112K, used 170427K [0x0000000080000000, 0x0000000100000000)
  region size 1024K, 9 young (9216K), 3 survivors (3072K)
 Metaspace       used 108759K, committed 109504K, reserved 1146880K
  class space    used 14211K, committed 14592K, reserved 1048576K

Heap Regions: E=young(eden), S=young(survivor), O=old, HS=humongous(starts), HC=humongous(continues), CS=collection set, F=free, OA=open archive, CA=closed archive, TAMS=top-at-mark-start (previous, next)
|   0|0x0000000080000000, 0x0000000080100000, 0x0000000080100000|100%| O|  |TAMS 0x0000000080100000, 0x0000000080000000| Untracked 
|   1|0x0000000080100000, 0x0000000080200000, 0x0000000080200000|100%| O|  |TAMS 0x0000000080200000, 0x0000000080100000| Untracked 
|   2|0x0000000080200000, 0x0000000080300000, 0x0000000080300000|100%| O|  |TAMS 0x0000000080300000, 0x0000000080200000| Untracked 
|   3|0x0000000080300000, 0x0000000080400000, 0x0000000080400000|100%|HS|  |TAMS 0x0000000080400000, 0x0000000080300000| Complete 
|   4|0x0000000080400000, 0x0000000080500000, 0x0000000080500000|100%|HC|  |TAMS 0x0000000080500000, 0x0000000080400000| Complete 
|   5|0x0000000080500000, 0x0000000080600000, 0x0000000080600000|100%|HC|  |TAMS 0x0000000080600000, 0x0000000080500000| Complete 
|   6|0x0000000080600000, 0x0000000080700000, 0x0000000080700000|100%|HC|  |TAMS 0x0000000080700000, 0x0000000080600000| Complete 
|   7|0x0000000080700000, 0x0000000080800000, 0x0000000080800000|100%| O|  |TAMS 0x0000000080800000, 0x0000000080700000| Untracked 
|   8|0x0000000080800000, 0x0000000080900000, 0x0000000080900000|100%| O|  |TAMS 0x0000000080900000, 0x0000000080800000| Untracked 
|   9|0x0000000080900000, 0x00000000809efc00, 0x0000000080a00000| 93%| O|  |TAMS 0x00000000809efc00, 0x0000000080900000| Untracked 
|  10|0x0000000080a00000, 0x0000000080b00000, 0x0000000080b00000|100%| O|  |TAMS 0x0000000080b00000, 0x0000000080a00000| Untracked 
|  11|0x0000000080b00000, 0x0000000080c00000, 0x0000000080c00000|100%| O|  |TAMS 0x0000000080c00000, 0x0000000080b00000| Untracked 
|  12|0x0000000080c00000, 0x0000000080d00000, 0x0000000080d00000|100%| O|  |TAMS 0x0000000080d00000, 0x0000000080c00000| Untracked 
|  13|0x0000000080d00000, 0x0000000080e00000, 0x0000000080e00000|100%| O|  |TAMS 0x0000000080e00000, 0x0000000080d00000| Untracked 
|  14|0x0000000080e00000, 0x0000000080f00000, 0x0000000080f00000|100%| O|  |TAMS 0x0000000080f00000, 0x0000000080e00000| Untracked 
|  15|0x0000000080f00000, 0x0000000081000000, 0x0000000081000000|100%| O|  |TAMS 0x0000000081000000, 0x0000000080f00000| Untracked 
|  16|0x0000000081000000, 0x0000000081100000, 0x0000000081100000|100%| O|  |TAMS 0x0000000081100000, 0x0000000081000000| Untracked 
|  17|0x0000000081100000, 0x0000000081200000, 0x0000000081200000|100%| O|  |TAMS 0x0000000081200000, 0x0000000081100000| Untracked 
|  18|0x0000000081200000, 0x0000000081300000, 0x0000000081300000|100%| O|  |TAMS 0x0000000081300000, 0x0000000081200000| Untracked 
|  19|0x0000000081300000, 0x0000000081400000, 0x0000000081400000|100%| O|  |TAMS 0x0000000081400000, 0x0000000081300000| Untracked 
|  20|0x0000000081400000, 0x0000000081500000, 0x0000000081500000|100%| O|  |TAMS 0x0000000081500000, 0x0000000081400000| Untracked 
|  21|0x0000000081500000, 0x0000000081600000, 0x0000000081600000|100%| O|  |TAMS 0x0000000081600000, 0x0000000081500000| Untracked 
|  22|0x0000000081600000, 0x0000000081700000, 0x0000000081700000|100%| O|  |TAMS 0x0000000081700000, 0x0000000081600000| Untracked 
|  23|0x0000000081700000, 0x0000000081800000, 0x0000000081800000|100%| O|  |TAMS 0x0000000081800000, 0x0000000081700000| Untracked 
|  24|0x0000000081800000, 0x0000000081900000, 0x0000000081900000|100%| O|  |TAMS 0x0000000081900000, 0x0000000081800000| Untracked 
|  25|0x0000000081900000, 0x0000000081a00000, 0x0000000081a00000|100%| O|  |TAMS 0x0000000081a00000, 0x0000000081900000| Untracked 
|  26|0x0000000081a00000, 0x0000000081b00000, 0x0000000081b00000|100%| O|  |TAMS 0x0000000081b00000, 0x0000000081a00000| Untracked 
|  27|0x0000000081b00000, 0x0000000081c00000, 0x0000000081c00000|100%| O|  |TAMS 0x0000000081c00000, 0x0000000081b00000| Untracked 
|  28|0x0000000081c00000, 0x0000000081d00000, 0x0000000081d00000|100%| O|  |TAMS 0x0000000081d00000, 0x0000000081c00000| Untracked 
|  29|0x0000000081d00000, 0x0000000081e00000, 0x0000000081e00000|100%| O|  |TAMS 0x0000000081e00000, 0x0000000081d00000| Untracked 
|  30|0x0000000081e00000, 0x0000000081f00000, 0x0000000081f00000|100%| O|  |TAMS 0x0000000081f00000, 0x0000000081e00000| Untracked 
|  31|0x0000000081f00000, 0x0000000082000000, 0x0000000082000000|100%|HS|  |TAMS 0x0000000082000000, 0x0000000081f00000| Complete 
|  32|0x0000000082000000, 0x0000000082100000, 0x0000000082100000|100%| O|  |TAMS 0x0000000082100000, 0x0000000082000000| Untracked 
|  33|0x0000000082100000, 0x0000000082200000, 0x0000000082200000|100%| O|  |TAMS 0x0000000082200000, 0x0000000082100000| Untracked 
|  34|0x0000000082200000, 0x0000000082300000, 0x0000000082300000|100%| O|  |TAMS 0x0000000082300000, 0x0000000082200000| Untracked 
|  35|0x0000000082300000, 0x0000000082400000, 0x0000000082400000|100%|HS|  |TAMS 0x0000000082400000, 0x0000000082300000| Complete 
|  36|0x0000000082400000, 0x0000000082500000, 0x0000000082500000|100%|HS|  |TAMS 0x0000000082500000, 0x0000000082400000| Complete 
|  37|0x0000000082500000, 0x0000000082600000, 0x0000000082600000|100%|HC|  |TAMS 0x0000000082600000, 0x0000000082500000| Complete 
|  38|0x0000000082600000, 0x0000000082700000, 0x0000000082700000|100%| O|  |TAMS 0x0000000082700000, 0x0000000082600000| Untracked 
|  39|0x0000000082700000, 0x0000000082800000, 0x0000000082800000|100%| O|  |TAMS 0x0000000082800000, 0x0000000082700000| Untracked 
|  40|0x0000000082800000, 0x0000000082900000, 0x0000000082900000|100%| O|  |TAMS 0x0000000082900000, 0x0000000082800000| Untracked 
|  41|0x0000000082900000, 0x0000000082a00000, 0x0000000082a00000|100%| O|  |TAMS 0x0000000082900000, 0x0000000082900000| Untracked 
|  42|0x0000000082a00000, 0x0000000082b00000, 0x0000000082b00000|100%|HS|  |TAMS 0x0000000082b00000, 0x0000000082a00000| Complete 
|  43|0x0000000082b00000, 0x0000000082c00000, 0x0000000082c00000|100%| O|  |TAMS 0x0000000082c00000, 0x0000000082b00000| Untracked 
|  44|0x0000000082c00000, 0x0000000082d00000, 0x0000000082d00000|100%|HS|  |TAMS 0x0000000082d00000, 0x0000000082c00000| Complete 
|  45|0x0000000082d00000, 0x0000000082e00000, 0x0000000082e00000|100%|HC|  |TAMS 0x0000000082e00000, 0x0000000082d00000| Complete 
|  46|0x0000000082e00000, 0x0000000082f00000, 0x0000000082f00000|100%|HC|  |TAMS 0x0000000082f00000, 0x0000000082e00000| Complete 
|  47|0x0000000082f00000, 0x0000000083000000, 0x0000000083000000|100%|HC|  |TAMS 0x0000000083000000, 0x0000000082f00000| Complete 
|  48|0x0000000083000000, 0x0000000083100000, 0x0000000083100000|100%| O|  |TAMS 0x0000000083100000, 0x0000000083000000| Untracked 
|  49|0x0000000083100000, 0x0000000083200000, 0x0000000083200000|100%| O|  |TAMS 0x0000000083200000, 0x0000000083100000| Untracked 
|  50|0x0000000083200000, 0x0000000083300000, 0x0000000083300000|100%| O|  |TAMS 0x0000000083300000, 0x0000000083200000| Untracked 
|  51|0x0000000083300000, 0x0000000083400000, 0x0000000083400000|100%| O|  |TAMS 0x0000000083400000, 0x0000000083300000| Untracked 
|  52|0x0000000083400000, 0x0000000083500000, 0x0000000083500000|100%| O|  |TAMS 0x0000000083500000, 0x0000000083400000| Untracked 
|  53|0x0000000083500000, 0x0000000083600000, 0x0000000083600000|100%| O|  |TAMS 0x0000000083600000, 0x0000000083500000| Untracked 
|  54|0x0000000083600000, 0x0000000083700000, 0x0000000083700000|100%| O|  |TAMS 0x0000000083700000, 0x0000000083600000| Untracked 
|  55|0x0000000083700000, 0x0000000083800000, 0x0000000083800000|100%| O|  |TAMS 0x0000000083800000, 0x0000000083700000| Untracked 
|  56|0x0000000083800000, 0x0000000083900000, 0x0000000083900000|100%| O|  |TAMS 0x0000000083900000, 0x0000000083800000| Untracked 
|  57|0x0000000083900000, 0x0000000083a00000, 0x0000000083a00000|100%| O|  |TAMS 0x0000000083a00000, 0x0000000083900000| Untracked 
|  58|0x0000000083a00000, 0x0000000083b00000, 0x0000000083b00000|100%| O|  |TAMS 0x0000000083b00000, 0x0000000083a00000| Untracked 
|  59|0x0000000083b00000, 0x0000000083c00000, 0x0000000083c00000|100%| O|  |TAMS 0x0000000083c00000, 0x0000000083b00000| Untracked 
|  60|0x0000000083c00000, 0x0000000083d00000, 0x0000000083d00000|100%| O|  |TAMS 0x0000000083d00000, 0x0000000083c00000| Untracked 
|  61|0x0000000083d00000, 0x0000000083e00000, 0x0000000083e00000|100%| O|  |TAMS 0x0000000083d00000, 0x0000000083d00000| Untracked 
|  62|0x0000000083e00000, 0x0000000083f00000, 0x0000000083f00000|100%| O|  |TAMS 0x0000000083f00000, 0x0000000083e00000| Untracked 
|  63|0x0000000083f00000, 0x0000000084000000, 0x0000000084000000|100%| O|  |TAMS 0x0000000084000000, 0x0000000083f00000| Untracked 
|  64|0x0000000084000000, 0x0000000084100000, 0x0000000084100000|100%| O|  |TAMS 0x0000000084100000, 0x0000000084000000| Untracked 
|  65|0x0000000084100000, 0x0000000084200000, 0x0000000084200000|100%| O|  |TAMS 0x0000000084200000, 0x0000000084100000| Untracked 
|  66|0x0000000084200000, 0x0000000084300000, 0x0000000084300000|100%| O|  |TAMS 0x0000000084300000, 0x0000000084200000| Untracked 
|  67|0x0000000084300000, 0x0000000084400000, 0x0000000084400000|100%| O|  |TAMS 0x0000000084400000, 0x0000000084300000| Untracked 
|  68|0x0000000084400000, 0x0000000084500000, 0x0000000084500000|100%| O|  |TAMS 0x0000000084500000, 0x0000000084400000| Untracked 
|  69|0x0000000084500000, 0x0000000084600000, 0x0000000084600000|100%| O|  |TAMS 0x0000000084600000, 0x0000000084500000| Untracked 
|  70|0x0000000084600000, 0x0000000084700000, 0x0000000084700000|100%| O|  |TAMS 0x0000000084700000, 0x0000000084600000| Untracked 
|  71|0x0000000084700000, 0x0000000084800000, 0x0000000084800000|100%| O|  |TAMS 0x0000000084800000, 0x0000000084700000| Untracked 
|  72|0x0000000084800000, 0x0000000084900000, 0x0000000084900000|100%| O|  |TAMS 0x0000000084900000, 0x0000000084800000| Untracked 
|  73|0x0000000084900000, 0x0000000084a00000, 0x0000000084a00000|100%| O|  |TAMS 0x0000000084a00000, 0x0000000084900000| Untracked 
|  74|0x0000000084a00000, 0x0000000084b00000, 0x0000000084b00000|100%| O|  |TAMS 0x0000000084b00000, 0x0000000084a00000| Untracked 
|  75|0x0000000084b00000, 0x0000000084c00000, 0x0000000084c00000|100%| O|  |TAMS 0x0000000084c00000, 0x0000000084b00000| Untracked 
|  76|0x0000000084c00000, 0x0000000084d00000, 0x0000000084d00000|100%| O|  |TAMS 0x0000000084d00000, 0x0000000084c00000| Untracked 
|  77|0x0000000084d00000, 0x0000000084e00000, 0x0000000084e00000|100%| O|  |TAMS 0x0000000084e00000, 0x0000000084d00000| Untracked 
|  78|0x0000000084e00000, 0x0000000084f00000, 0x0000000084f00000|100%| O|  |TAMS 0x0000000084f00000, 0x0000000084e00000| Untracked 
|  79|0x0000000084f00000, 0x0000000085000000, 0x0000000085000000|100%| O|  |TAMS 0x0000000085000000, 0x0000000084f00000| Untracked 
|  80|0x0000000085000000, 0x0000000085100000, 0x0000000085100000|100%| O|  |TAMS 0x0000000085000000, 0x0000000085000000| Untracked 
|  81|0x0000000085100000, 0x0000000085200000, 0x0000000085200000|100%| O|  |TAMS 0x0000000085200000, 0x0000000085100000| Untracked 
|  82|0x0000000085200000, 0x0000000085300000, 0x0000000085300000|100%| O|  |TAMS 0x0000000085300000, 0x0000000085200000| Untracked 
|  83|0x0000000085300000, 0x0000000085400000, 0x0000000085400000|100%| O|  |TAMS 0x0000000085400000, 0x0000000085300000| Untracked 
|  84|0x0000000085400000, 0x0000000085500000, 0x0000000085500000|100%| O|  |TAMS 0x0000000085500000, 0x0000000085400000| Untracked 
|  85|0x0000000085500000, 0x0000000085600000, 0x0000000085600000|100%| O|  |TAMS 0x0000000085600000, 0x0000000085500000| Untracked 
|  86|0x0000000085600000, 0x0000000085700000, 0x0000000085700000|100%| O|  |TAMS 0x0000000085700000, 0x0000000085600000| Untracked 
|  87|0x0000000085700000, 0x0000000085800000, 0x0000000085800000|100%| O|  |TAMS 0x0000000085800000, 0x0000000085700000| Untracked 
|  88|0x0000000085800000, 0x0000000085900000, 0x0000000085900000|100%| O|  |TAMS 0x0000000085900000, 0x0000000085800000| Untracked 
|  89|0x0000000085900000, 0x0000000085a00000, 0x0000000085a00000|100%| O|  |TAMS 0x000000008597b200, 0x0000000085900000| Untracked 
|  90|0x0000000085a00000, 0x0000000085b00000, 0x0000000085b00000|100%| O|  |TAMS 0x0000000085a00000, 0x0000000085a00000| Untracked 
|  91|0x0000000085b00000, 0x0000000085c00000, 0x0000000085c00000|100%| O|  |TAMS 0x0000000085b00000, 0x0000000085b00000| Untracked 
|  92|0x0000000085c00000, 0x0000000085d00000, 0x0000000085d00000|100%| O|  |TAMS 0x0000000085c00000, 0x0000000085c00000| Untracked 
|  93|0x0000000085d00000, 0x0000000085e00000, 0x0000000085e00000|100%| O|  |TAMS 0x0000000085d00000, 0x0000000085d00000| Untracked 
|  94|0x0000000085e00000, 0x0000000085f00000, 0x0000000085f00000|100%| O|  |TAMS 0x0000000085e00000, 0x0000000085e00000| Untracked 
|  95|0x0000000085f00000, 0x0000000086000000, 0x0000000086000000|100%| O|  |TAMS 0x0000000085f00000, 0x0000000085f00000| Untracked 
|  96|0x0000000086000000, 0x0000000086100000, 0x0000000086100000|100%| O|  |TAMS 0x0000000086000000, 0x0000000086000000| Untracked 
|  97|0x0000000086100000, 0x0000000086200000, 0x0000000086200000|100%| O|  |TAMS 0x0000000086100000, 0x0000000086100000| Untracked 
|  98|0x0000000086200000, 0x0000000086300000, 0x0000000086300000|100%| O|  |TAMS 0x0000000086200000, 0x0000000086200000| Untracked 
|  99|0x0000000086300000, 0x0000000086400000, 0x0000000086400000|100%| O|  |TAMS 0x0000000086300000, 0x0000000086300000| Untracked 
| 100|0x0000000086400000, 0x0000000086500000, 0x0000000086500000|100%| O|  |TAMS 0x0000000086400000, 0x0000000086400000| Untracked 
| 101|0x0000000086500000, 0x0000000086600000, 0x0000000086600000|100%| O|  |TAMS 0x0000000086500000, 0x0000000086500000| Untracked 
| 102|0x0000000086600000, 0x0000000086700000, 0x0000000086700000|100%| O|  |TAMS 0x0000000086600000, 0x0000000086600000| Untracked 
| 103|0x0000000086700000, 0x0000000086800000, 0x0000000086800000|100%| O|  |TAMS 0x0000000086700000, 0x0000000086700000| Untracked 
| 104|0x0000000086800000, 0x0000000086900000, 0x0000000086900000|100%| O|  |TAMS 0x0000000086800000, 0x0000000086800000| Untracked 
| 105|0x0000000086900000, 0x0000000086a00000, 0x0000000086a00000|100%| O|  |TAMS 0x0000000086900000, 0x0000000086900000| Untracked 
| 106|0x0000000086a00000, 0x0000000086b00000, 0x0000000086b00000|100%| O|  |TAMS 0x0000000086a00000, 0x0000000086a00000| Untracked 
| 107|0x0000000086b00000, 0x0000000086c00000, 0x0000000086c00000|100%| O|  |TAMS 0x0000000086b00000, 0x0000000086b00000| Untracked 
| 108|0x0000000086c00000, 0x0000000086d00000, 0x0000000086d00000|100%| O|  |TAMS 0x0000000086c00000, 0x0000000086c00000| Untracked 
| 109|0x0000000086d00000, 0x0000000086e00000, 0x0000000086e00000|100%| O|  |TAMS 0x0000000086d00000, 0x0000000086d00000| Untracked 
| 110|0x0000000086e00000, 0x0000000086f00000, 0x0000000086f00000|100%| O|  |TAMS 0x0000000086e00000, 0x0000000086e00000| Untracked 
| 111|0x0000000086f00000, 0x0000000087000000, 0x0000000087000000|100%| O|  |TAMS 0x0000000086f00000, 0x0000000086f00000| Untracked 
| 112|0x0000000087000000, 0x0000000087100000, 0x0000000087100000|100%| O|  |TAMS 0x0000000087000000, 0x0000000087000000| Untracked 
| 113|0x0000000087100000, 0x0000000087200000, 0x0000000087200000|100%| O|  |TAMS 0x0000000087100000, 0x0000000087100000| Untracked 
| 114|0x0000000087200000, 0x0000000087300000, 0x0000000087300000|100%| O|  |TAMS 0x0000000087200000, 0x0000000087200000| Untracked 
| 115|0x0000000087300000, 0x0000000087400000, 0x0000000087400000|100%| O|  |TAMS 0x0000000087300000, 0x0000000087300000| Untracked 
| 116|0x0000000087400000, 0x0000000087500000, 0x0000000087500000|100%| O|  |TAMS 0x0000000087400000, 0x0000000087400000| Untracked 
| 117|0x0000000087500000, 0x0000000087600000, 0x0000000087600000|100%|HS|  |TAMS 0x0000000087500000, 0x0000000087500000| Complete 
| 118|0x0000000087600000, 0x0000000087700000, 0x0000000087700000|100%|HC|  |TAMS 0x0000000087600000, 0x0000000087600000| Complete 
| 119|0x0000000087700000, 0x0000000087800000, 0x0000000087800000|100%| O|  |TAMS 0x0000000087700000, 0x0000000087700000| Untracked 
| 120|0x0000000087800000, 0x0000000087900000, 0x0000000087900000|100%| O|  |TAMS 0x0000000087800000, 0x0000000087800000| Untracked 
| 121|0x0000000087900000, 0x0000000087a00000, 0x0000000087a00000|100%| O|  |TAMS 0x0000000087900000, 0x0000000087900000| Untracked 
| 122|0x0000000087a00000, 0x0000000087b00000, 0x0000000087b00000|100%| O|  |TAMS 0x0000000087a00000, 0x0000000087a00000| Untracked 
| 123|0x0000000087b00000, 0x0000000087c00000, 0x0000000087c00000|100%| O|  |TAMS 0x0000000087b00000, 0x0000000087b00000| Untracked 
| 124|0x0000000087c00000, 0x0000000087d00000, 0x0000000087d00000|100%| O|  |TAMS 0x0000000087c00000, 0x0000000087c00000| Untracked 
| 125|0x0000000087d00000, 0x0000000087e00000, 0x0000000087e00000|100%| O|  |TAMS 0x0000000087d00000, 0x0000000087d00000| Untracked 
| 126|0x0000000087e00000, 0x0000000087e00000, 0x0000000087f00000|  0%| F|  |TAMS 0x0000000087e00000, 0x0000000087e00000| Untracked 
| 127|0x0000000087f00000, 0x0000000087f00000, 0x0000000088000000|  0%| F|  |TAMS 0x0000000087f00000, 0x0000000087f00000| Untracked 
| 128|0x0000000088000000, 0x0000000088000000, 0x0000000088100000|  0%| F|  |TAMS 0x0000000088000000, 0x0000000088000000| Untracked 
| 129|0x0000000088100000, 0x0000000088100000, 0x0000000088200000|  0%| F|  |TAMS 0x0000000088100000, 0x0000000088100000| Untracked 
| 130|0x0000000088200000, 0x0000000088200000, 0x0000000088300000|  0%| F|  |TAMS 0x0000000088200000, 0x0000000088200000| Untracked 
| 131|0x0000000088300000, 0x0000000088400000, 0x0000000088400000|100%| O|  |TAMS 0x0000000088300000, 0x0000000088300000| Untracked 
| 132|0x0000000088400000, 0x0000000088500000, 0x0000000088500000|100%| O|  |TAMS 0x0000000088400000, 0x0000000088400000| Untracked 
| 133|0x0000000088500000, 0x0000000088600000, 0x0000000088600000|100%| O|  |TAMS 0x0000000088500000, 0x0000000088500000| Untracked 
| 134|0x0000000088600000, 0x0000000088700000, 0x0000000088700000|100%| O|  |TAMS 0x0000000088600000, 0x0000000088600000| Untracked 
| 135|0x0000000088700000, 0x0000000088800000, 0x0000000088800000|100%| O|  |TAMS 0x0000000088700000, 0x0000000088700000| Untracked 
| 136|0x0000000088800000, 0x0000000088900000, 0x0000000088900000|100%| O|  |TAMS 0x0000000088800000, 0x0000000088800000| Untracked 
| 137|0x0000000088900000, 0x0000000088a00000, 0x0000000088a00000|100%| O|  |TAMS 0x0000000088900000, 0x0000000088900000| Untracked 
| 138|0x0000000088a00000, 0x0000000088b00000, 0x0000000088b00000|100%| O|  |TAMS 0x0000000088a00000, 0x0000000088a00000| Untracked 
| 139|0x0000000088b00000, 0x0000000088c00000, 0x0000000088c00000|100%| O|  |TAMS 0x0000000088b00000, 0x0000000088b00000| Untracked 
| 140|0x0000000088c00000, 0x0000000088d00000, 0x0000000088d00000|100%| O|  |TAMS 0x0000000088c00000, 0x0000000088c00000| Untracked 
| 141|0x0000000088d00000, 0x0000000088e00000, 0x0000000088e00000|100%| O|  |TAMS 0x0000000088d00000, 0x0000000088d00000| Untracked 
| 142|0x0000000088e00000, 0x0000000088f00000, 0x0000000088f00000|100%| O|  |TAMS 0x0000000088e00000, 0x0000000088e00000| Untracked 
| 143|0x0000000088f00000, 0x0000000089000000, 0x0000000089000000|100%| O|  |TAMS 0x0000000088f00000, 0x0000000088f00000| Untracked 
| 144|0x0000000089000000, 0x0000000089100000, 0x0000000089100000|100%| O|  |TAMS 0x0000000089000000, 0x0000000089000000| Untracked 
| 145|0x0000000089100000, 0x0000000089200000, 0x0000000089200000|100%| O|  |TAMS 0x0000000089100000, 0x0000000089100000| Untracked 
| 146|0x0000000089200000, 0x0000000089300000, 0x0000000089300000|100%| O|  |TAMS 0x0000000089200000, 0x0000000089200000| Untracked 
| 147|0x0000000089300000, 0x0000000089400000, 0x0000000089400000|100%| O|  |TAMS 0x0000000089300000, 0x0000000089300000| Untracked 
| 148|0x0000000089400000, 0x0000000089500000, 0x0000000089500000|100%| O|  |TAMS 0x0000000089400000, 0x0000000089400000| Untracked 
| 149|0x0000000089500000, 0x0000000089600000, 0x0000000089600000|100%| O|  |TAMS 0x0000000089500000, 0x0000000089500000| Untracked 
| 150|0x0000000089600000, 0x0000000089700000, 0x0000000089700000|100%| O|  |TAMS 0x0000000089600000, 0x0000000089600000| Untracked 
| 151|0x0000000089700000, 0x0000000089800000, 0x0000000089800000|100%| O|  |TAMS 0x0000000089700000, 0x0000000089700000| Untracked 
| 152|0x0000000089800000, 0x0000000089900000, 0x0000000089900000|100%| O|  |TAMS 0x0000000089800000, 0x0000000089800000| Untracked 
| 153|0x0000000089900000, 0x0000000089900000, 0x0000000089a00000|  0%| F|  |TAMS 0x0000000089900000, 0x0000000089900000| Untracked 
| 154|0x0000000089a00000, 0x0000000089a00000, 0x0000000089b00000|  0%| F|  |TAMS 0x0000000089a00000, 0x0000000089a00000| Untracked 
| 155|0x0000000089b00000, 0x0000000089b00000, 0x0000000089c00000|  0%| F|  |TAMS 0x0000000089b00000, 0x0000000089b00000| Untracked 
| 156|0x0000000089c00000, 0x0000000089c00000, 0x0000000089d00000|  0%| F|  |TAMS 0x0000000089c00000, 0x0000000089c00000| Untracked 
| 157|0x0000000089d00000, 0x0000000089d00000, 0x0000000089e00000|  0%| F|  |TAMS 0x0000000089d00000, 0x0000000089d00000| Untracked 
| 158|0x0000000089e00000, 0x0000000089e00000, 0x0000000089f00000|  0%| F|  |TAMS 0x0000000089e00000, 0x0000000089e00000| Untracked 
| 159|0x0000000089f00000, 0x0000000089f00000, 0x000000008a000000|  0%| F|  |TAMS 0x0000000089f00000, 0x0000000089f00000| Untracked 
| 160|0x000000008a000000, 0x000000008a000000, 0x000000008a100000|  0%| F|  |TAMS 0x000000008a000000, 0x000000008a000000| Untracked 
| 161|0x000000008a100000, 0x000000008a100000, 0x000000008a200000|  0%| F|  |TAMS 0x000000008a100000, 0x000000008a100000| Untracked 
| 162|0x000000008a200000, 0x000000008a200000, 0x000000008a300000|  0%| F|  |TAMS 0x000000008a200000, 0x000000008a200000| Untracked 
| 163|0x000000008a300000, 0x000000008a300000, 0x000000008a400000|  0%| F|  |TAMS 0x000000008a300000, 0x000000008a300000| Untracked 
| 164|0x000000008a400000, 0x000000008a400000, 0x000000008a500000|  0%| F|  |TAMS 0x000000008a400000, 0x000000008a400000| Untracked 
| 165|0x000000008a500000, 0x000000008a500000, 0x000000008a600000|  0%| F|  |TAMS 0x000000008a500000, 0x000000008a500000| Untracked 
| 166|0x000000008a600000, 0x000000008a700000, 0x000000008a700000|100%| O|  |TAMS 0x000000008a600000, 0x000000008a600000| Untracked 
| 167|0x000000008a700000, 0x000000008a800000, 0x000000008a800000|100%| O|  |TAMS 0x000000008a700000, 0x000000008a700000| Untracked 
| 168|0x000000008a800000, 0x000000008a900000, 0x000000008a900000|100%| O|  |TAMS 0x000000008a800000, 0x000000008a800000| Untracked 
| 169|0x000000008a900000, 0x000000008aa00000, 0x000000008aa00000|100%| O|  |TAMS 0x000000008a900000, 0x000000008a900000| Untracked 
| 170|0x000000008aa00000, 0x000000008ab00000, 0x000000008ab00000|100%| O|  |TAMS 0x000000008aa00000, 0x000000008aa00000| Untracked 
| 171|0x000000008ab00000, 0x000000008ac00000, 0x000000008ac00000|100%| O|  |TAMS 0x000000008ab00000, 0x000000008ab00000| Untracked 
| 172|0x000000008ac00000, 0x000000008ad00000, 0x000000008ad00000|100%| O|  |TAMS 0x000000008ac00000, 0x000000008ac00000| Untracked 
| 173|0x000000008ad00000, 0x000000008ae00000, 0x000000008ae00000|100%| O|  |TAMS 0x000000008ad00000, 0x000000008ad00000| Untracked 
| 174|0x000000008ae00000, 0x000000008af00000, 0x000000008af00000|100%| O|  |TAMS 0x000000008ae00000, 0x000000008ae00000| Untracked 
| 175|0x000000008af00000, 0x000000008b000000, 0x000000008b000000|100%| O|  |TAMS 0x000000008af00000, 0x000000008af00000| Untracked 
| 176|0x000000008b000000, 0x000000008b100000, 0x000000008b100000|100%| O|  |TAMS 0x000000008b000000, 0x000000008b000000| Untracked 
| 177|0x000000008b100000, 0x000000008b100000, 0x000000008b200000|  0%| F|  |TAMS 0x000000008b100000, 0x000000008b100000| Untracked 
| 178|0x000000008b200000, 0x000000008b200000, 0x000000008b300000|  0%| F|  |TAMS 0x000000008b200000, 0x000000008b200000| Untracked 
| 179|0x000000008b300000, 0x000000008b300000, 0x000000008b400000|  0%| F|  |TAMS 0x000000008b300000, 0x000000008b300000| Untracked 
| 180|0x000000008b400000, 0x000000008b400000, 0x000000008b500000|  0%| F|  |TAMS 0x000000008b400000, 0x000000008b400000| Untracked 
| 181|0x000000008b500000, 0x000000008b500000, 0x000000008b600000|  0%| F|  |TAMS 0x000000008b500000, 0x000000008b500000| Untracked 
| 182|0x000000008b600000, 0x000000008b600000, 0x000000008b700000|  0%| F|  |TAMS 0x000000008b600000, 0x000000008b600000| Untracked 
| 183|0x000000008b700000, 0x000000008b700000, 0x000000008b800000|  0%| F|  |TAMS 0x000000008b700000, 0x000000008b700000| Untracked 
| 184|0x000000008b800000, 0x000000008b800000, 0x000000008b900000|  0%| F|  |TAMS 0x000000008b800000, 0x000000008b800000| Untracked 
| 185|0x000000008b900000, 0x000000008b900000, 0x000000008ba00000|  0%| F|  |TAMS 0x000000008b900000, 0x000000008b900000| Untracked 
| 186|0x000000008ba00000, 0x000000008ba00000, 0x000000008bb00000|  0%| F|  |TAMS 0x000000008ba00000, 0x000000008ba00000| Untracked 
| 187|0x000000008bb00000, 0x000000008bb00000, 0x000000008bc00000|  0%| F|  |TAMS 0x000000008bb00000, 0x000000008bb00000| Untracked 
| 188|0x000000008bc00000, 0x000000008bc00000, 0x000000008bd00000|  0%| F|  |TAMS 0x000000008bc00000, 0x000000008bc00000| Untracked 
| 189|0x000000008bd00000, 0x000000008bd00000, 0x000000008be00000|  0%| F|  |TAMS 0x000000008bd00000, 0x000000008bd00000| Untracked 
| 190|0x000000008be00000, 0x000000008be00000, 0x000000008bf00000|  0%| F|  |TAMS 0x000000008be00000, 0x000000008be00000| Untracked 
| 191|0x000000008bf00000, 0x000000008bf00000, 0x000000008c000000|  0%| F|  |TAMS 0x000000008bf00000, 0x000000008bf00000| Untracked 
| 192|0x000000008c000000, 0x000000008c000000, 0x000000008c100000|  0%| F|  |TAMS 0x000000008c000000, 0x000000008c000000| Untracked 
| 193|0x000000008c100000, 0x000000008c100000, 0x000000008c200000|  0%| F|  |TAMS 0x000000008c100000, 0x000000008c100000| Untracked 
| 194|0x000000008c200000, 0x000000008c200000, 0x000000008c300000|  0%| F|  |TAMS 0x000000008c200000, 0x000000008c200000| Untracked 
| 195|0x000000008c300000, 0x000000008c300000, 0x000000008c400000|  0%| F|  |TAMS 0x000000008c300000, 0x000000008c300000| Untracked 
| 196|0x000000008c400000, 0x000000008c400000, 0x000000008c500000|  0%| F|  |TAMS 0x000000008c400000, 0x000000008c400000| Untracked 
| 197|0x000000008c500000, 0x000000008c500000, 0x000000008c600000|  0%| F|  |TAMS 0x000000008c500000, 0x000000008c500000| Untracked 
| 198|0x000000008c600000, 0x000000008c600000, 0x000000008c700000|  0%| F|  |TAMS 0x000000008c600000, 0x000000008c600000| Untracked 
| 199|0x000000008c700000, 0x000000008c700000, 0x000000008c800000|  0%| F|  |TAMS 0x000000008c700000, 0x000000008c700000| Untracked 
| 200|0x000000008c800000, 0x000000008c800000, 0x000000008c900000|  0%| F|  |TAMS 0x000000008c800000, 0x000000008c800000| Untracked 
| 201|0x000000008c900000, 0x000000008c900000, 0x000000008ca00000|  0%| F|  |TAMS 0x000000008c900000, 0x000000008c900000| Untracked 
| 202|0x000000008ca00000, 0x000000008ca00000, 0x000000008cb00000|  0%| F|  |TAMS 0x000000008ca00000, 0x000000008ca00000| Untracked 
| 203|0x000000008cb00000, 0x000000008cb00000, 0x000000008cc00000|  0%| F|  |TAMS 0x000000008cb00000, 0x000000008cb00000| Untracked 
| 204|0x000000008cc00000, 0x000000008cc00000, 0x000000008cd00000|  0%| F|  |TAMS 0x000000008cc00000, 0x000000008cc00000| Untracked 
| 205|0x000000008cd00000, 0x000000008cd00000, 0x000000008ce00000|  0%| F|  |TAMS 0x000000008cd00000, 0x000000008cd00000| Untracked 
| 206|0x000000008ce00000, 0x000000008ce00000, 0x000000008cf00000|  0%| F|  |TAMS 0x000000008ce00000, 0x000000008ce00000| Untracked 
| 207|0x000000008cf00000, 0x000000008cf00000, 0x000000008d000000|  0%| F|  |TAMS 0x000000008cf00000, 0x000000008cf00000| Untracked 
| 208|0x000000008d000000, 0x000000008d000000, 0x000000008d100000|  0%| F|  |TAMS 0x000000008d000000, 0x000000008d000000| Untracked 
| 209|0x000000008d100000, 0x000000008d100000, 0x000000008d200000|  0%| F|  |TAMS 0x000000008d100000, 0x000000008d100000| Untracked 
| 210|0x000000008d200000, 0x000000008d200000, 0x000000008d300000|  0%| F|  |TAMS 0x000000008d200000, 0x000000008d200000| Untracked 
| 211|0x000000008d300000, 0x000000008d300000, 0x000000008d400000|  0%| F|  |TAMS 0x000000008d300000, 0x000000008d300000| Untracked 
| 212|0x000000008d400000, 0x000000008d400000, 0x000000008d500000|  0%| F|  |TAMS 0x000000008d400000, 0x000000008d400000| Untracked 
| 213|0x000000008d500000, 0x000000008d500000, 0x000000008d600000|  0%| F|  |TAMS 0x000000008d500000, 0x000000008d500000| Untracked 
| 214|0x000000008d600000, 0x000000008d600000, 0x000000008d700000|  0%| F|  |TAMS 0x000000008d600000, 0x000000008d600000| Untracked 
| 215|0x000000008d700000, 0x000000008d700000, 0x000000008d800000|  0%| F|  |TAMS 0x000000008d700000, 0x000000008d700000| Untracked 
| 216|0x000000008d800000, 0x000000008d800000, 0x000000008d900000|  0%| F|  |TAMS 0x000000008d800000, 0x000000008d800000| Untracked 
| 217|0x000000008d900000, 0x000000008d900000, 0x000000008da00000|  0%| F|  |TAMS 0x000000008d900000, 0x000000008d900000| Untracked 
| 218|0x000000008da00000, 0x000000008da00000, 0x000000008db00000|  0%| F|  |TAMS 0x000000008da00000, 0x000000008da00000| Untracked 
| 219|0x000000008db00000, 0x000000008db00000, 0x000000008dc00000|  0%| F|  |TAMS 0x000000008db00000, 0x000000008db00000| Untracked 
| 220|0x000000008dc00000, 0x000000008dc00000, 0x000000008dd00000|  0%| F|  |TAMS 0x000000008dc00000, 0x000000008dc00000| Untracked 
| 221|0x000000008dd00000, 0x000000008dd00000, 0x000000008de00000|  0%| F|  |TAMS 0x000000008dd00000, 0x000000008dd00000| Untracked 
| 222|0x000000008de00000, 0x000000008de00000, 0x000000008df00000|  0%| F|  |TAMS 0x000000008de00000, 0x000000008de00000| Untracked 
| 223|0x000000008df00000, 0x000000008df00000, 0x000000008e000000|  0%| F|  |TAMS 0x000000008df00000, 0x000000008df00000| Untracked 
| 224|0x000000008e000000, 0x000000008e000000, 0x000000008e100000|  0%| F|  |TAMS 0x000000008e000000, 0x000000008e000000| Untracked 
| 225|0x000000008e100000, 0x000000008e100000, 0x000000008e200000|  0%| F|  |TAMS 0x000000008e100000, 0x000000008e100000| Untracked 
| 226|0x000000008e200000, 0x000000008e200000, 0x000000008e300000|  0%| F|  |TAMS 0x000000008e200000, 0x000000008e200000| Untracked 
| 227|0x000000008e300000, 0x000000008e300000, 0x000000008e400000|  0%| F|  |TAMS 0x000000008e300000, 0x000000008e300000| Untracked 
| 228|0x000000008e400000, 0x000000008e400000, 0x000000008e500000|  0%| F|  |TAMS 0x000000008e400000, 0x000000008e400000| Untracked 
| 229|0x000000008e500000, 0x000000008e500000, 0x000000008e600000|  0%| F|  |TAMS 0x000000008e500000, 0x000000008e500000| Untracked 
| 230|0x000000008e600000, 0x000000008e600000, 0x000000008e700000|  0%| F|  |TAMS 0x000000008e600000, 0x000000008e600000| Untracked 
| 231|0x000000008e700000, 0x000000008e700000, 0x000000008e800000|  0%| F|  |TAMS 0x000000008e700000, 0x000000008e700000| Untracked 
| 232|0x000000008e800000, 0x000000008e800000, 0x000000008e900000|  0%| F|  |TAMS 0x000000008e800000, 0x000000008e800000| Untracked 
| 233|0x000000008e900000, 0x000000008e900000, 0x000000008ea00000|  0%| F|  |TAMS 0x000000008e900000, 0x000000008e900000| Untracked 
| 234|0x000000008ea00000, 0x000000008ea00000, 0x000000008eb00000|  0%| F|  |TAMS 0x000000008ea00000, 0x000000008ea00000| Untracked 
| 235|0x000000008eb00000, 0x000000008eb00000, 0x000000008ec00000|  0%| F|  |TAMS 0x000000008eb00000, 0x000000008eb00000| Untracked 
| 236|0x000000008ec00000, 0x000000008ec00000, 0x000000008ed00000|  0%| F|  |TAMS 0x000000008ec00000, 0x000000008ec00000| Untracked 
| 237|0x000000008ed00000, 0x000000008ed00000, 0x000000008ee00000|  0%| F|  |TAMS 0x000000008ed00000, 0x000000008ed00000| Untracked 
| 238|0x000000008ee00000, 0x000000008ee00000, 0x000000008ef00000|  0%| F|  |TAMS 0x000000008ee00000, 0x000000008ee00000| Untracked 
| 239|0x000000008ef00000, 0x000000008ef00000, 0x000000008f000000|  0%| F|  |TAMS 0x000000008ef00000, 0x000000008ef00000| Untracked 
| 240|0x000000008f000000, 0x000000008f000000, 0x000000008f100000|  0%| F|  |TAMS 0x000000008f000000, 0x000000008f000000| Untracked 
| 241|0x000000008f100000, 0x000000008f100000, 0x000000008f200000|  0%| F|  |TAMS 0x000000008f100000, 0x000000008f100000| Untracked 
| 242|0x000000008f200000, 0x000000008f200000, 0x000000008f300000|  0%| F|  |TAMS 0x000000008f200000, 0x000000008f200000| Untracked 
| 243|0x000000008f300000, 0x000000008f300000, 0x000000008f400000|  0%| F|  |TAMS 0x000000008f300000, 0x000000008f300000| Untracked 
| 244|0x000000008f400000, 0x000000008f400000, 0x000000008f500000|  0%| F|  |TAMS 0x000000008f400000, 0x000000008f400000| Untracked 
| 245|0x000000008f500000, 0x000000008f500000, 0x000000008f600000|  0%| F|  |TAMS 0x000000008f500000, 0x000000008f500000| Untracked 
| 246|0x000000008f600000, 0x000000008f600000, 0x000000008f700000|  0%| F|  |TAMS 0x000000008f600000, 0x000000008f600000| Untracked 
| 247|0x000000008f700000, 0x000000008f700000, 0x000000008f800000|  0%| F|  |TAMS 0x000000008f700000, 0x000000008f700000| Untracked 
| 248|0x000000008f800000, 0x000000008f800000, 0x000000008f900000|  0%| F|  |TAMS 0x000000008f800000, 0x000000008f800000| Untracked 
| 249|0x000000008f900000, 0x000000008f97f228, 0x000000008fa00000| 49%| S|CS|TAMS 0x000000008f900000, 0x000000008f900000| Complete 
| 250|0x000000008fa00000, 0x000000008fb00000, 0x000000008fb00000|100%| S|CS|TAMS 0x000000008fa00000, 0x000000008fa00000| Complete 
| 251|0x000000008fb00000, 0x000000008fc00000, 0x000000008fc00000|100%| S|CS|TAMS 0x000000008fb00000, 0x000000008fb00000| Complete 
| 252|0x000000008fc00000, 0x000000008fc00000, 0x000000008fd00000|  0%| F|  |TAMS 0x000000008fc00000, 0x000000008fc00000| Untracked 
| 253|0x000000008fd00000, 0x000000008fd00000, 0x000000008fe00000|  0%| F|  |TAMS 0x000000008fd00000, 0x000000008fd00000| Untracked 
| 254|0x000000008fe00000, 0x000000008fe00000, 0x000000008ff00000|  0%| F|  |TAMS 0x000000008fe00000, 0x000000008fe00000| Untracked 
| 255|0x000000008ff00000, 0x000000008ff00000, 0x0000000090000000|  0%| F|  |TAMS 0x000000008ff00000, 0x000000008ff00000| Untracked 
| 256|0x0000000090000000, 0x0000000090000000, 0x0000000090100000|  0%| F|  |TAMS 0x0000000090000000, 0x0000000090000000| Untracked 
| 257|0x0000000090100000, 0x0000000090100000, 0x0000000090200000|  0%| F|  |TAMS 0x0000000090100000, 0x0000000090100000| Untracked 
| 258|0x0000000090200000, 0x0000000090200000, 0x0000000090300000|  0%| F|  |TAMS 0x0000000090200000, 0x0000000090200000| Untracked 
| 259|0x0000000090300000, 0x0000000090300000, 0x0000000090400000|  0%| F|  |TAMS 0x0000000090300000, 0x0000000090300000| Untracked 
| 260|0x0000000090400000, 0x0000000090400000, 0x0000000090500000|  0%| F|  |TAMS 0x0000000090400000, 0x0000000090400000| Untracked 
| 261|0x0000000090500000, 0x0000000090500000, 0x0000000090600000|  0%| F|  |TAMS 0x0000000090500000, 0x0000000090500000| Untracked 
| 262|0x0000000090600000, 0x0000000090600000, 0x0000000090700000|  0%| F|  |TAMS 0x0000000090600000, 0x0000000090600000| Untracked 
| 263|0x0000000090700000, 0x0000000090700000, 0x0000000090800000|  0%| F|  |TAMS 0x0000000090700000, 0x0000000090700000| Untracked 
| 264|0x0000000090800000, 0x0000000090800000, 0x0000000090900000|  0%| F|  |TAMS 0x0000000090800000, 0x0000000090800000| Untracked 
| 265|0x0000000090900000, 0x0000000090900000, 0x0000000090a00000|  0%| F|  |TAMS 0x0000000090900000, 0x0000000090900000| Untracked 
| 266|0x0000000090a00000, 0x0000000090a00000, 0x0000000090b00000|  0%| F|  |TAMS 0x0000000090a00000, 0x0000000090a00000| Untracked 
| 267|0x0000000090b00000, 0x0000000090b00000, 0x0000000090c00000|  0%| F|  |TAMS 0x0000000090b00000, 0x0000000090b00000| Untracked 
| 268|0x0000000090c00000, 0x0000000090c00000, 0x0000000090d00000|  0%| F|  |TAMS 0x0000000090c00000, 0x0000000090c00000| Untracked 
| 269|0x0000000090d00000, 0x0000000090d00000, 0x0000000090e00000|  0%| F|  |TAMS 0x0000000090d00000, 0x0000000090d00000| Untracked 
| 270|0x0000000090e00000, 0x0000000090e00000, 0x0000000090f00000|  0%| F|  |TAMS 0x0000000090e00000, 0x0000000090e00000| Untracked 
| 271|0x0000000090f00000, 0x0000000090f00000, 0x0000000091000000|  0%| F|  |TAMS 0x0000000090f00000, 0x0000000090f00000| Untracked 
| 272|0x0000000091000000, 0x0000000091000000, 0x0000000091100000|  0%| F|  |TAMS 0x0000000091000000, 0x0000000091000000| Untracked 
| 273|0x0000000091100000, 0x0000000091100000, 0x0000000091200000|  0%| F|  |TAMS 0x0000000091100000, 0x0000000091100000| Untracked 
| 274|0x0000000091200000, 0x0000000091200000, 0x0000000091300000|  0%| F|  |TAMS 0x0000000091200000, 0x0000000091200000| Untracked 
| 275|0x0000000091300000, 0x0000000091300000, 0x0000000091400000|  0%| F|  |TAMS 0x0000000091300000, 0x0000000091300000| Untracked 
| 276|0x0000000091400000, 0x0000000091400000, 0x0000000091500000|  0%| F|  |TAMS 0x0000000091400000, 0x0000000091400000| Untracked 
| 277|0x0000000091500000, 0x0000000091500000, 0x0000000091600000|  0%| F|  |TAMS 0x0000000091500000, 0x0000000091500000| Untracked 
| 278|0x0000000091600000, 0x0000000091600000, 0x0000000091700000|  0%| F|  |TAMS 0x0000000091600000, 0x0000000091600000| Untracked 
| 279|0x0000000091700000, 0x0000000091700000, 0x0000000091800000|  0%| F|  |TAMS 0x0000000091700000, 0x0000000091700000| Untracked 
| 280|0x0000000091800000, 0x0000000091800000, 0x0000000091900000|  0%| F|  |TAMS 0x0000000091800000, 0x0000000091800000| Untracked 
| 281|0x0000000091900000, 0x0000000091900000, 0x0000000091a00000|  0%| F|  |TAMS 0x0000000091900000, 0x0000000091900000| Untracked 
| 282|0x0000000091a00000, 0x0000000091a00000, 0x0000000091b00000|  0%| F|  |TAMS 0x0000000091a00000, 0x0000000091a00000| Untracked 
| 283|0x0000000091b00000, 0x0000000091b00000, 0x0000000091c00000|  0%| F|  |TAMS 0x0000000091b00000, 0x0000000091b00000| Untracked 
| 284|0x0000000091c00000, 0x0000000091c00000, 0x0000000091d00000|  0%| F|  |TAMS 0x0000000091c00000, 0x0000000091c00000| Untracked 
| 285|0x0000000091d00000, 0x0000000091d00000, 0x0000000091e00000|  0%| F|  |TAMS 0x0000000091d00000, 0x0000000091d00000| Untracked 
| 286|0x0000000091e00000, 0x0000000091e00000, 0x0000000091f00000|  0%| F|  |TAMS 0x0000000091e00000, 0x0000000091e00000| Untracked 
| 287|0x0000000091f00000, 0x0000000091f00000, 0x0000000092000000|  0%| F|  |TAMS 0x0000000091f00000, 0x0000000091f00000| Untracked 
| 288|0x0000000092000000, 0x0000000092000000, 0x0000000092100000|  0%| F|  |TAMS 0x0000000092000000, 0x0000000092000000| Untracked 
| 289|0x0000000092100000, 0x0000000092100000, 0x0000000092200000|  0%| F|  |TAMS 0x0000000092100000, 0x0000000092100000| Untracked 
| 290|0x0000000092200000, 0x0000000092200000, 0x0000000092300000|  0%| F|  |TAMS 0x0000000092200000, 0x0000000092200000| Untracked 
| 291|0x0000000092300000, 0x0000000092300000, 0x0000000092400000|  0%| F|  |TAMS 0x0000000092300000, 0x0000000092300000| Untracked 
| 292|0x0000000092400000, 0x0000000092400000, 0x0000000092500000|  0%| F|  |TAMS 0x0000000092400000, 0x0000000092400000| Untracked 
| 293|0x0000000092500000, 0x0000000092500000, 0x0000000092600000|  0%| F|  |TAMS 0x0000000092500000, 0x0000000092500000| Untracked 
| 294|0x0000000092600000, 0x0000000092600000, 0x0000000092700000|  0%| F|  |TAMS 0x0000000092600000, 0x0000000092600000| Untracked 
| 295|0x0000000092700000, 0x0000000092700000, 0x0000000092800000|  0%| F|  |TAMS 0x0000000092700000, 0x0000000092700000| Untracked 
| 296|0x0000000092800000, 0x0000000092800000, 0x0000000092900000|  0%| F|  |TAMS 0x0000000092800000, 0x0000000092800000| Untracked 
| 297|0x0000000092900000, 0x0000000092900000, 0x0000000092a00000|  0%| F|  |TAMS 0x0000000092900000, 0x0000000092900000| Untracked 
| 298|0x0000000092a00000, 0x0000000092a00000, 0x0000000092b00000|  0%| F|  |TAMS 0x0000000092a00000, 0x0000000092a00000| Untracked 
| 299|0x0000000092b00000, 0x0000000092b00000, 0x0000000092c00000|  0%| F|  |TAMS 0x0000000092b00000, 0x0000000092b00000| Untracked 
| 300|0x0000000092c00000, 0x0000000092c00000, 0x0000000092d00000|  0%| F|  |TAMS 0x0000000092c00000, 0x0000000092c00000| Untracked 
| 301|0x0000000092d00000, 0x0000000092d00000, 0x0000000092e00000|  0%| F|  |TAMS 0x0000000092d00000, 0x0000000092d00000| Untracked 
| 302|0x0000000092e00000, 0x0000000092e00000, 0x0000000092f00000|  0%| F|  |TAMS 0x0000000092e00000, 0x0000000092e00000| Untracked 
| 303|0x0000000092f00000, 0x0000000092f00000, 0x0000000093000000|  0%| F|  |TAMS 0x0000000092f00000, 0x0000000092f00000| Untracked 
| 304|0x0000000093000000, 0x0000000093000000, 0x0000000093100000|  0%| F|  |TAMS 0x0000000093000000, 0x0000000093000000| Untracked 
| 305|0x0000000093100000, 0x0000000093100000, 0x0000000093200000|  0%| F|  |TAMS 0x0000000093100000, 0x0000000093100000| Untracked 
| 306|0x0000000093200000, 0x0000000093200000, 0x0000000093300000|  0%| F|  |TAMS 0x0000000093200000, 0x0000000093200000| Untracked 
| 307|0x0000000093300000, 0x0000000093300000, 0x0000000093400000|  0%| F|  |TAMS 0x0000000093300000, 0x0000000093300000| Untracked 
| 308|0x0000000093400000, 0x0000000093400000, 0x0000000093500000|  0%| F|  |TAMS 0x0000000093400000, 0x0000000093400000| Untracked 
| 309|0x0000000093500000, 0x0000000093500000, 0x0000000093600000|  0%| F|  |TAMS 0x0000000093500000, 0x0000000093500000| Untracked 
| 310|0x0000000093600000, 0x0000000093600000, 0x0000000093700000|  0%| F|  |TAMS 0x0000000093600000, 0x0000000093600000| Untracked 
| 311|0x0000000093700000, 0x0000000093700000, 0x0000000093800000|  0%| F|  |TAMS 0x0000000093700000, 0x0000000093700000| Untracked 
| 312|0x0000000093800000, 0x0000000093800000, 0x0000000093900000|  0%| F|  |TAMS 0x0000000093800000, 0x0000000093800000| Untracked 
| 313|0x0000000093900000, 0x0000000093900000, 0x0000000093a00000|  0%| F|  |TAMS 0x0000000093900000, 0x0000000093900000| Untracked 
| 314|0x0000000093a00000, 0x0000000093a00000, 0x0000000093b00000|  0%| F|  |TAMS 0x0000000093a00000, 0x0000000093a00000| Untracked 
| 315|0x0000000093b00000, 0x0000000093b00000, 0x0000000093c00000|  0%| F|  |TAMS 0x0000000093b00000, 0x0000000093b00000| Untracked 
| 316|0x0000000093c00000, 0x0000000093c00000, 0x0000000093d00000|  0%| F|  |TAMS 0x0000000093c00000, 0x0000000093c00000| Untracked 
| 317|0x0000000093d00000, 0x0000000093d00000, 0x0000000093e00000|  0%| F|  |TAMS 0x0000000093d00000, 0x0000000093d00000| Untracked 
| 318|0x0000000093e00000, 0x0000000093e00000, 0x0000000093f00000|  0%| F|  |TAMS 0x0000000093e00000, 0x0000000093e00000| Untracked 
| 319|0x0000000093f00000, 0x0000000093f00000, 0x0000000094000000|  0%| F|  |TAMS 0x0000000093f00000, 0x0000000093f00000| Untracked 
| 320|0x0000000094000000, 0x0000000094000000, 0x0000000094100000|  0%| F|  |TAMS 0x0000000094000000, 0x0000000094000000| Untracked 
| 321|0x0000000094100000, 0x0000000094100000, 0x0000000094200000|  0%| F|  |TAMS 0x0000000094100000, 0x0000000094100000| Untracked 
| 322|0x0000000094200000, 0x0000000094200000, 0x0000000094300000|  0%| F|  |TAMS 0x0000000094200000, 0x0000000094200000| Untracked 
| 323|0x0000000094300000, 0x0000000094300000, 0x0000000094400000|  0%| F|  |TAMS 0x0000000094300000, 0x0000000094300000| Untracked 
| 324|0x0000000094400000, 0x0000000094400000, 0x0000000094500000|  0%| F|  |TAMS 0x0000000094400000, 0x0000000094400000| Untracked 
| 325|0x0000000094500000, 0x0000000094500000, 0x0000000094600000|  0%| F|  |TAMS 0x0000000094500000, 0x0000000094500000| Untracked 
| 326|0x0000000094600000, 0x0000000094600000, 0x0000000094700000|  0%| F|  |TAMS 0x0000000094600000, 0x0000000094600000| Untracked 
| 327|0x0000000094700000, 0x0000000094700000, 0x0000000094800000|  0%| F|  |TAMS 0x0000000094700000, 0x0000000094700000| Untracked 
| 328|0x0000000094800000, 0x0000000094800000, 0x0000000094900000|  0%| F|  |TAMS 0x0000000094800000, 0x0000000094800000| Untracked 
| 329|0x0000000094900000, 0x0000000094900000, 0x0000000094a00000|  0%| F|  |TAMS 0x0000000094900000, 0x0000000094900000| Untracked 
| 330|0x0000000094a00000, 0x0000000094a00000, 0x0000000094b00000|  0%| F|  |TAMS 0x0000000094a00000, 0x0000000094a00000| Untracked 
| 331|0x0000000094b00000, 0x0000000094ba7c20, 0x0000000094c00000| 65%| E|  |TAMS 0x0000000094b00000, 0x0000000094b00000| Complete 
| 332|0x0000000094c00000, 0x0000000094cbd290, 0x0000000094d00000| 73%| E|  |TAMS 0x0000000094c00000, 0x0000000094c00000| Complete 
| 333|0x0000000094d00000, 0x0000000094e00000, 0x0000000094e00000|100%| E|CS|TAMS 0x0000000094d00000, 0x0000000094d00000| Complete 
| 334|0x0000000094e00000, 0x0000000094f00000, 0x0000000094f00000|100%| E|CS|TAMS 0x0000000094e00000, 0x0000000094e00000| Complete 
| 335|0x0000000094f00000, 0x0000000095000000, 0x0000000095000000|100%| E|CS|TAMS 0x0000000094f00000, 0x0000000094f00000| Complete 
| 336|0x0000000095000000, 0x0000000095100000, 0x0000000095100000|100%| E|CS|TAMS 0x0000000095000000, 0x0000000095000000| Complete 
| 337|0x0000000095100000, 0x0000000095200000, 0x0000000095200000|100%| E|CS|TAMS 0x0000000095100000, 0x0000000095100000| Complete 

Card table byte_map: [0x0000025660730000,0x0000025660b30000] _byte_map_base: 0x0000025660330000

Marking Bits (Prev, Next): (CMBitMap*) 0x000002564dec4400, (CMBitMap*) 0x000002564dec43c0
 Prev Bits: [0x0000025662f30000, 0x0000025664f30000)
 Next Bits: [0x0000025660f30000, 0x0000025662f30000)

Polling page: 0x000002564be70000

Metaspace:

Usage:
  Non-class:     92.35 MB used.
      Class:     13.88 MB used.
       Both:    106.23 MB used.

Virtual space:
  Non-class space:       96.00 MB reserved,      92.75 MB ( 97%) committed,  12 nodes.
      Class space:        1.00 GB reserved,      14.25 MB (  1%) committed,  1 nodes.
             Both:        1.09 GB reserved,     107.00 MB ( 10%) committed. 

Chunk freelists:
   Non-Class:  2.67 MB
       Class:  1.59 MB
        Both:  4.27 MB

MaxMetaspaceSize: unlimited
CompressedClassSpaceSize: 1.00 GB
Initial GC threshold: 21.00 MB
Current GC threshold: 162.12 MB
CDS: off
MetaspaceReclaimPolicy: balanced
 - commit_granule_bytes: 65536.
 - commit_granule_words: 8192.
 - virtual_space_node_default_size: 1048576.
 - enlarge_chunks_in_place: 1.
 - new_chunks_are_fully_committed: 0.
 - uncommit_free_chunks: 1.
 - use_allocation_guard: 0.
 - handle_deallocations: 1.


Internal statistics:

num_allocs_failed_limit: 6.
num_arena_births: 1248.
num_arena_deaths: 0.
num_vsnodes_births: 13.
num_vsnodes_deaths: 0.
num_space_committed: 1710.
num_space_uncommitted: 0.
num_chunks_returned_to_freelist: 6.
num_chunks_taken_from_freelist: 5314.
num_chunk_merges: 6.
num_chunk_splits: 3538.
num_chunks_enlarged: 2395.
num_purges: 0.
num_inconsistent_stats: 0.

CodeHeap 'non-profiled nmethods': size=120064Kb used=8205Kb max_used=8205Kb free=111858Kb
 bounds [0x0000025658df0000, 0x0000025659600000, 0x0000025660330000]
CodeHeap 'profiled nmethods': size=120000Kb used=26374Kb max_used=26374Kb free=93625Kb
 bounds [0x0000025651330000, 0x0000025652d00000, 0x0000025658860000]
CodeHeap 'non-nmethods': size=5696Kb used=2405Kb max_used=2460Kb free=3290Kb
 bounds [0x0000025658860000, 0x0000025658ad0000, 0x0000025658df0000]
 total_blobs=13932 nmethods=12985 adapters=859
 compilation: enabled
              stopped_count=0, restarted_count=0
 full_count=0

Compilation events (20 events):
Event: 90.966 Thread 0x0000025667126a40 nmethod 15400 0x0000025652cdb910 code [0x0000025652cdbaa0, 0x0000025652cdbbe8]
Event: 91.021 Thread 0x0000025667126a40 15402   !   3       org.gradle.launcher.daemon.server.SynchronizedDispatchConnection::dispatchAndFlush (118 bytes)
Event: 91.022 Thread 0x0000025667126a40 nmethod 15402 0x0000025652cdbc90 code [0x0000025652cdbee0, 0x0000025652cdc7b8]
Event: 91.022 Thread 0x0000025667126a40 15403   !   3       org.gradle.internal.remote.internal.inet.SocketConnection::dispatch (134 bytes)
Event: 91.025 Thread 0x0000025667126a40 nmethod 15403 0x0000025652cdcc90 code [0x0000025652cdd1e0, 0x0000025652ce0328]
Event: 91.025 Thread 0x0000025667126a40 15404       3       org.gradle.internal.serialize.Serializers$StatefulSerializerAdapter$2::write (18 bytes)
Event: 91.025 Thread 0x0000025667126a40 nmethod 15404 0x0000025652ce1390 code [0x0000025652ce1540, 0x0000025652ce1728]
Event: 91.472 Thread 0x0000025667125800 15405       4       org.gradle.internal.snapshot.MerkleDirectorySnapshotBuilder::collectEntry (52 bytes)
Event: 91.488 Thread 0x0000025667125800 nmethod 15405 0x00000256595ee290 code [0x00000256595ee440, 0x00000256595eedd8]
Event: 91.893 Thread 0x0000025667125800 15406   !   4       java.util.concurrent.locks.AbstractQueuedSynchronizer::acquire (407 bytes)
Event: 91.987 Thread 0x0000025667125800 nmethod 15406 0x00000256595ef190 code [0x00000256595ef3e0, 0x00000256595f1630]
Event: 92.335 Thread 0x0000025667125800 15407       4       jdk.internal.ref.PhantomCleanable::<init> (49 bytes)
Event: 92.354 Thread 0x0000025667125800 nmethod 15407 0x00000256595f2010 code [0x00000256595f21a0, 0x00000256595f2b78]
Event: 92.530 Thread 0x0000025667126a40 15408   !   3       org.gradle.internal.hash.DefaultStreamHasher::doHash (84 bytes)
Event: 92.532 Thread 0x0000025667126a40 nmethod 15408 0x0000025652ce1810 code [0x0000025652ce1be0, 0x0000025652ce36f8]
Event: 92.532 Thread 0x0000025667126a40 15409   !   3       java.util.concurrent.ArrayBlockingQueue::poll (38 bytes)
Event: 92.533 Thread 0x0000025667126a40 nmethod 15409 0x0000025652ce4590 code [0x0000025652ce47c0, 0x0000025652ce5128]
Event: 92.686 Thread 0x0000025667125800 15410       4       sun.nio.fs.WindowsDirectoryStream$WindowsDirectoryIterator::next (5 bytes)
Event: 92.689 Thread 0x0000025667125800 nmethod 15410 0x00000256595f2e90 code [0x00000256595f3000, 0x00000256595f3238]
Event: 95.327 Thread 0x0000025667125800 15411       4       javax.management.ObjectName::construct (1135 bytes)

GC Heap History (20 events):
Event: 42.284 GC heap before
{Heap before GC invocations=40 (full 0):
 garbage-first heap   total 172032K, used 135676K [0x0000000080000000, 0x0000000100000000)
  region size 1024K, 59 young (60416K), 5 survivors (5120K)
 Metaspace       used 95408K, committed 96128K, reserved 1138688K
  class space    used 12850K, committed 13184K, reserved 1048576K
}
Event: 42.314 GC heap after
{Heap after GC invocations=41 (full 0):
 garbage-first heap   total 172032K, used 90047K [0x0000000080000000, 0x0000000100000000)
  region size 1024K, 8 young (8192K), 8 survivors (8192K)
 Metaspace       used 95408K, committed 96128K, reserved 1138688K
  class space    used 12850K, committed 13184K, reserved 1048576K
}
Event: 46.710 GC heap before
{Heap before GC invocations=41 (full 0):
 garbage-first heap   total 172032K, used 136127K [0x0000000080000000, 0x0000000100000000)
  region size 1024K, 53 young (54272K), 8 survivors (8192K)
 Metaspace       used 98703K, committed 99328K, reserved 1138688K
  class space    used 13276K, committed 13568K, reserved 1048576K
}
Event: 46.740 GC heap after
{Heap after GC invocations=42 (full 0):
 garbage-first heap   total 172032K, used 97707K [0x0000000080000000, 0x0000000100000000)
  region size 1024K, 7 young (7168K), 7 survivors (7168K)
 Metaspace       used 98703K, committed 99328K, reserved 1138688K
  class space    used 13276K, committed 13568K, reserved 1048576K
}
Event: 48.588 GC heap before
{Heap before GC invocations=42 (full 0):
 garbage-first heap   total 172032K, used 136619K [0x0000000080000000, 0x0000000100000000)
  region size 1024K, 46 young (47104K), 7 survivors (7168K)
 Metaspace       used 98946K, committed 99584K, reserved 1138688K
  class space    used 13281K, committed 13568K, reserved 1048576K
}
Event: 48.607 GC heap after
{Heap after GC invocations=43 (full 0):
 garbage-first heap   total 172032K, used 100799K [0x0000000080000000, 0x0000000100000000)
  region size 1024K, 5 young (5120K), 5 survivors (5120K)
 Metaspace       used 98946K, committed 99584K, reserved 1138688K
  class space    used 13281K, committed 13568K, reserved 1048576K
}
Event: 51.605 GC heap before
{Heap before GC invocations=44 (full 0):
 garbage-first heap   total 173056K, used 138687K [0x0000000080000000, 0x0000000100000000)
  region size 1024K, 43 young (44032K), 5 survivors (5120K)
 Metaspace       used 99525K, committed 100224K, reserved 1138688K
  class space    used 13360K, committed 13696K, reserved 1048576K
}
Event: 51.644 GC heap after
{Heap after GC invocations=45 (full 0):
 garbage-first heap   total 173056K, used 102804K [0x0000000080000000, 0x0000000100000000)
  region size 1024K, 5 young (5120K), 5 survivors (5120K)
 Metaspace       used 99525K, committed 100224K, reserved 1138688K
  class space    used 13360K, committed 13696K, reserved 1048576K
}
Event: 52.463 GC heap before
{Heap before GC invocations=45 (full 0):
 garbage-first heap   total 173056K, used 104852K [0x0000000080000000, 0x0000000100000000)
  region size 1024K, 8 young (8192K), 5 survivors (5120K)
 Metaspace       used 99561K, committed 100288K, reserved 1138688K
  class space    used 13363K, committed 13696K, reserved 1048576K
}
Event: 52.475 GC heap after
{Heap after GC invocations=46 (full 0):
 garbage-first heap   total 173056K, used 102492K [0x0000000080000000, 0x0000000100000000)
  region size 1024K, 1 young (1024K), 1 survivors (1024K)
 Metaspace       used 99561K, committed 100288K, reserved 1138688K
  class space    used 13363K, committed 13696K, reserved 1048576K
}
Event: 54.612 GC heap before
{Heap before GC invocations=46 (full 0):
 garbage-first heap   total 173056K, used 141404K [0x0000000080000000, 0x0000000100000000)
  region size 1024K, 38 young (38912K), 1 survivors (1024K)
 Metaspace       used 102159K, committed 102912K, reserved 1138688K
  class space    used 13703K, committed 14080K, reserved 1048576K
}
Event: 54.641 GC heap after
{Heap after GC invocations=47 (full 0):
 garbage-first heap   total 346112K, used 117579K [0x0000000080000000, 0x0000000100000000)
  region size 1024K, 5 young (5120K), 5 survivors (5120K)
 Metaspace       used 102159K, committed 102912K, reserved 1138688K
  class space    used 13703K, committed 14080K, reserved 1048576K
}
Event: 62.578 GC heap before
{Heap before GC invocations=47 (full 0):
 garbage-first heap   total 346112K, used 253771K [0x0000000080000000, 0x0000000100000000)
  region size 1024K, 122 young (124928K), 5 survivors (5120K)
 Metaspace       used 103882K, committed 104640K, reserved 1146880K
  class space    used 13827K, committed 14208K, reserved 1048576K
}
Event: 62.711 GC heap after
{Heap after GC invocations=48 (full 0):
 garbage-first heap   total 346112K, used 151999K [0x0000000080000000, 0x0000000100000000)
  region size 1024K, 16 young (16384K), 16 survivors (16384K)
 Metaspace       used 103882K, committed 104640K, reserved 1146880K
  class space    used 13827K, committed 14208K, reserved 1048576K
}
Event: 66.216 GC heap before
{Heap before GC invocations=48 (full 0):
 garbage-first heap   total 346112K, used 259519K [0x0000000080000000, 0x0000000100000000)
  region size 1024K, 94 young (96256K), 16 survivors (16384K)
 Metaspace       used 105210K, committed 105984K, reserved 1146880K
  class space    used 13920K, committed 14272K, reserved 1048576K
}
Event: 66.302 GC heap after
{Heap after GC invocations=49 (full 0):
 garbage-first heap   total 346112K, used 163263K [0x0000000080000000, 0x0000000100000000)
  region size 1024K, 11 young (11264K), 11 survivors (11264K)
 Metaspace       used 105210K, committed 105984K, reserved 1146880K
  class space    used 13920K, committed 14272K, reserved 1048576K
}
Event: 69.083 GC heap before
{Heap before GC invocations=49 (full 0):
 garbage-first heap   total 346112K, used 242111K [0x0000000080000000, 0x0000000100000000)
  region size 1024K, 89 young (91136K), 11 survivors (11264K)
 Metaspace       used 108091K, committed 108800K, reserved 1146880K
  class space    used 14169K, committed 14528K, reserved 1048576K
}
Event: 69.104 GC heap after
{Heap after GC invocations=50 (full 0):
 garbage-first heap   total 346112K, used 166847K [0x0000000080000000, 0x0000000100000000)
  region size 1024K, 4 young (4096K), 4 survivors (4096K)
 Metaspace       used 108091K, committed 108800K, reserved 1146880K
  class space    used 14169K, committed 14528K, reserved 1048576K
}
Event: 90.124 GC heap before
{Heap before GC invocations=50 (full 0):
 garbage-first heap   total 346112K, used 253887K [0x0000000080000000, 0x0000000100000000)
  region size 1024K, 90 young (92160K), 4 survivors (4096K)
 Metaspace       used 108747K, committed 109504K, reserved 1146880K
  class space    used 14211K, committed 14592K, reserved 1048576K
}
Event: 90.151 GC heap after
{Heap after GC invocations=51 (full 0):
 garbage-first heap   total 346112K, used 165307K [0x0000000080000000, 0x0000000100000000)
  region size 1024K, 3 young (3072K), 3 survivors (3072K)
 Metaspace       used 108747K, committed 109504K, reserved 1146880K
  class space    used 14211K, committed 14592K, reserved 1048576K
}

Dll operation events (2 events):
Event: 0.018 Loaded shared library D:\ANDROID\jbr\bin\java.dll
Event: 1.174 Loaded shared library D:\ANDROID\jbr\bin\verify.dll

Deoptimization events (20 events):
Event: 77.415 Thread 0x000002566ac59590 Uncommon trap: trap_request=0xffffffbe fr.pc=0x00000256595b5e84 relative=0x0000000000000784
Event: 77.415 Thread 0x000002566ac59590 Uncommon trap: reason=profile_predicate action=maybe_recompile pc=0x00000256595b5e84 method=java.util.Collections.indexedBinarySearch(Ljava/util/List;Ljava/lang/Object;Ljava/util/Comparator;)I @ 15 c2
Event: 77.415 Thread 0x000002566ac59590 DEOPT PACKING pc=0x00000256595b5e84 sp=0x000000ed061fd1c0
Event: 77.415 Thread 0x000002566ac59590 DEOPT UNPACKING pc=0x00000256588b69a3 sp=0x000000ed061fd010 mode 2
Event: 77.415 Thread 0x000002566ac59590 Uncommon trap: trap_request=0xffffffbe fr.pc=0x00000256595b4d7c relative=0x000000000000071c
Event: 77.415 Thread 0x000002566ac59590 Uncommon trap: reason=profile_predicate action=maybe_recompile pc=0x00000256595b4d7c method=java.util.Collections.indexedBinarySearch(Ljava/util/List;Ljava/lang/Object;Ljava/util/Comparator;)I @ 15 c2
Event: 77.416 Thread 0x000002566ac59590 DEOPT PACKING pc=0x00000256595b4d7c sp=0x000000ed061fd100
Event: 77.416 Thread 0x000002566ac59590 DEOPT UNPACKING pc=0x00000256588b69a3 sp=0x000000ed061fd028 mode 2
Event: 77.418 Thread 0x000002566ac59590 Uncommon trap: trap_request=0xffffffbe fr.pc=0x00000256595b3dbc relative=0x00000000000006dc
Event: 77.418 Thread 0x000002566ac59590 Uncommon trap: reason=profile_predicate action=maybe_recompile pc=0x00000256595b3dbc method=java.util.Collections.indexedBinarySearch(Ljava/util/List;Ljava/lang/Object;Ljava/util/Comparator;)I @ 15 c2
Event: 77.418 Thread 0x000002566ac59590 DEOPT PACKING pc=0x00000256595b3dbc sp=0x000000ed061fd210
Event: 77.418 Thread 0x000002566ac59590 DEOPT UNPACKING pc=0x00000256588b69a3 sp=0x000000ed061fd1c0 mode 2
Event: 90.922 Thread 0x00000256681bf550 Uncommon trap: trap_request=0xffffffd6 fr.pc=0x00000256595eba74 relative=0x0000000000001b14
Event: 90.922 Thread 0x00000256681bf550 Uncommon trap: reason=array_check action=maybe_recompile pc=0x00000256595eba74 method=java.util.TimSort.reverseRange([Ljava/lang/Object;II)V @ 27 c2
Event: 90.922 Thread 0x00000256681bf550 DEOPT PACKING pc=0x00000256595eba74 sp=0x000000ed05cfcc10
Event: 90.922 Thread 0x00000256681bf550 DEOPT UNPACKING pc=0x00000256588b69a3 sp=0x000000ed05cfca60 mode 2
Event: 94.846 Thread 0x00000256681c2f10 Uncommon trap: trap_request=0xffffff45 fr.pc=0x00000256595c97cc relative=0x000000000000012c
Event: 94.846 Thread 0x00000256681c2f10 Uncommon trap: reason=unstable_if action=reinterpret pc=0x00000256595c97cc method=org.gradle.internal.time.DefaultCountdownTimer.hasExpired()Z @ 6 c2
Event: 94.846 Thread 0x00000256681c2f10 DEOPT PACKING pc=0x00000256595c97cc sp=0x000000ed049fedd0
Event: 94.846 Thread 0x00000256681c2f10 DEOPT UNPACKING pc=0x00000256588b69a3 sp=0x000000ed049feda0 mode 2

Classes unloaded (0 events):
No events

Classes redefined (0 events):
No events

Internal exceptions (20 events):
Event: 61.282 Thread 0x000002566ebf0d80 Exception <a 'java/lang/NoSuchMethodError'{0x000000008f01e0c8}: static [Lcom/android/ide/common/resources/configuration/ResourceQualifier;.<clinit>()V> (0x000000008f01e0c8) 
thrown [s\src\hotspot\share\prims\jni.cpp, line 1108]
Event: 61.290 Thread 0x000002566ebf0d80 Exception <a 'java/lang/NoSuchMethodError'{0x000000008f057670}: static Lcom/android/ide/common/resources/configuration/EnumBasedResourceQualifier;.<clinit>()V> (0x000000008f057670) 
thrown [s\src\hotspot\share\prims\jni.cpp, line 1108]
Event: 61.290 Thread 0x000002566ebf0d80 Exception <a 'java/lang/NoSuchMethodError'{0x000000008f05ad18}: static Lcom/android/ide/common/resources/configuration/EnumBasedResourceQualifier;.<clinit>()V> (0x000000008f05ad18) 
thrown [s\src\hotspot\share\prims\jni.cpp, line 1108]
Event: 61.290 Thread 0x000002566ebf0d80 Exception <a 'java/lang/NoSuchMethodError'{0x000000008f05dbd8}: static Lcom/android/ide/common/resources/configuration/ResourceQualifier;.<clinit>()V> (0x000000008f05dbd8) 
thrown [s\src\hotspot\share\prims\jni.cpp, line 1108]
Event: 61.293 Thread 0x000002566ebf0d80 Exception <a 'java/lang/NoSuchMethodError'{0x000000008f077780}: static Lcom/android/ide/common/resources/configuration/EnumBasedResourceQualifier;.<clinit>()V> (0x000000008f077780) 
thrown [s\src\hotspot\share\prims\jni.cpp, line 1108]
Event: 61.295 Thread 0x000002566ebf0d80 Exception <a 'java/lang/NoSuchMethodError'{0x000000008f090880}: static Lcom/android/ide/common/resources/configuration/EnumBasedResourceQualifier;.<clinit>()V> (0x000000008f090880) 
thrown [s\src\hotspot\share\prims\jni.cpp, line 1108]
Event: 61.298 Thread 0x000002566ebf0d80 Exception <a 'java/lang/NoSuchMethodError'{0x000000008f0a6c08}: static Lcom/android/ide/common/resources/configuration/ResourceQualifier;.<clinit>()V> (0x000000008f0a6c08) 
thrown [s\src\hotspot\share\prims\jni.cpp, line 1108]
Event: 61.303 Thread 0x000002566ebf0d80 Exception <a 'java/lang/NoSuchMethodError'{0x000000008f0c6bb8}: static Lcom/android/ide/common/rendering/api/ResourceNamespace$ResAutoNamespace;.<clinit>()V> (0x000000008f0c6bb8) 
thrown [s\src\hotspot\share\prims\jni.cpp, line 1108]
Event: 61.310 Thread 0x000002566ebf0d80 Exception <a 'java/lang/NoSuchMethodError'{0x000000008f0ca560}: static Ljava/lang/Object;.<clinit>()V> (0x000000008f0ca560) 
thrown [s\src\hotspot\share\prims\jni.cpp, line 1108]
Event: 61.316 Thread 0x000002566ebf0d80 Exception <a 'java/lang/NoSuchMethodError'{0x000000008f0ef868}: static Lcom/android/build/gradle/tasks/MergeResources$MergeResourcesVectorDrawableRenderer;.<clinit>()V> (0x000000008f0ef868) 
thrown [s\src\hotspot\share\prims\jni.cpp, line 1108]
Event: 61.354 Thread 0x000002566ebf0d80 Exception <a 'java/lang/NoSuchMethodError'{0x000000008f0f2550}: static Ljava/lang/Object;.<clinit>()V> (0x000000008f0f2550) 
thrown [s\src\hotspot\share\prims\jni.cpp, line 1108]
Event: 61.356 Thread 0x000002566ebf0d80 Exception <a 'java/lang/NoSuchMethodError'{0x000000008ef0a278}: static Lcom/android/build/gradle/internal/LoggerWrapper$LoggerSupplier;.<clinit>()V> (0x000000008ef0a278) 
thrown [s\src\hotspot\share\prims\jni.cpp, line 1108]
Event: 61.414 Thread 0x000002566ebf0d80 Implicit null exception at 0x0000025659448cfb to 0x000002565944af80
Event: 61.666 Thread 0x000002566ebf0d80 Implicit null exception at 0x000002565944c5b4 to 0x000002565944ccc4
Event: 64.473 Thread 0x000002566ebf0d80 Implicit null exception at 0x00000256594c12a3 to 0x00000256594c7660
Event: 64.612 Thread 0x000002566ebf0d80 Exception <a 'java/lang/NoSuchMethodError'{0x00000000930a91a8}: static Lcom/android/ide/common/resources/CompileResourceRequest;.<clinit>()V> (0x00000000930a91a8) 
thrown [s\src\hotspot\share\prims\jni.cpp, line 1108]
Event: 64.614 Thread 0x000002566ebf0d80 Exception <a 'java/lang/NoSuchMethodError'{0x00000000930c1620}: static Ljava/lang/Object;.<clinit>()V> (0x00000000930c1620) 
thrown [s\src\hotspot\share\prims\jni.cpp, line 1108]
Event: 64.616 Thread 0x000002566ebf0d80 Exception <a 'java/lang/NoSuchMethodError'{0x00000000930d48d8}: static Ljava/lang/Object;.<clinit>()V> (0x00000000930d48d8) 
thrown [s\src\hotspot\share\prims\jni.cpp, line 1108]
Event: 64.617 Thread 0x000002566ebf0d80 Exception <a 'java/lang/NoSuchMethodError'{0x00000000930e7a18}: static Ljava/lang/Object;.<clinit>()V> (0x00000000930e7a18) 
thrown [s\src\hotspot\share\prims\jni.cpp, line 1108]
Event: 64.644 Thread 0x000002566ebf0d80 Exception <a 'java/lang/NoSuchMethodError'{0x0000000092e6bfe8}: static Lkotlin/InitializedLazyImpl;.<clinit>()V> (0x0000000092e6bfe8) 
thrown [s\src\hotspot\share\prims\jni.cpp, line 1108]

VM Operations (20 events):
Event: 76.345 Executing VM operation: Cleanup
Event: 76.345 Executing VM operation: Cleanup done
Event: 77.352 Executing VM operation: Cleanup
Event: 77.356 Executing VM operation: Cleanup done
Event: 78.371 Executing VM operation: Cleanup
Event: 78.371 Executing VM operation: Cleanup done
Event: 79.373 Executing VM operation: Cleanup
Event: 79.374 Executing VM operation: Cleanup done
Event: 80.381 Executing VM operation: Cleanup
Event: 80.381 Executing VM operation: Cleanup done
Event: 82.419 Executing VM operation: Cleanup
Event: 82.419 Executing VM operation: Cleanup done
Event: 89.472 Executing VM operation: Cleanup
Event: 89.472 Executing VM operation: Cleanup done
Event: 90.124 Executing VM operation: G1CollectForAllocation
Event: 90.151 Executing VM operation: G1CollectForAllocation done
Event: 91.162 Executing VM operation: Cleanup
Event: 91.163 Executing VM operation: Cleanup done
Event: 93.190 Executing VM operation: Cleanup
Event: 93.190 Executing VM operation: Cleanup done

Events (20 events):
Event: 67.622 Thread 0x0000025667c2e870 flushing nmethod 0x0000025652b24890
Event: 67.622 Thread 0x0000025667c2e870 flushing nmethod 0x0000025652b2c610
Event: 67.622 Thread 0x0000025667c2e870 flushing nmethod 0x0000025652b34190
Event: 67.622 Thread 0x0000025667c2e870 flushing nmethod 0x0000025652b35910
Event: 67.622 Thread 0x0000025667c2e870 flushing nmethod 0x0000025652b41410
Event: 67.623 Thread 0x0000025667c2e870 flushing nmethod 0x0000025652b46f10
Event: 67.623 Thread 0x0000025667c2e870 flushing nmethod 0x0000025652b51990
Event: 67.623 Thread 0x0000025667c2e870 flushing nmethod 0x0000025652b58c10
Event: 67.623 Thread 0x0000025667c2e870 flushing nmethod 0x0000025652b5ae90
Event: 75.348 loading class com/sun/xml/internal/stream/util/ReadOnlyIterator
Event: 75.348 loading class com/sun/xml/internal/stream/util/ReadOnlyIterator done
Event: 75.363 Thread 0x0000025667c2e870 flushing nmethod 0x00000256521f8910
Event: 75.367 Thread 0x0000025667c2e870 flushing nmethod 0x00000256524ed910
Event: 75.367 Thread 0x0000025667c2e870 flushing nmethod 0x0000025652523410
Event: 75.367 Thread 0x0000025667c2e870 flushing nmethod 0x000002565252d890
Event: 75.368 Thread 0x0000025667c2e870 flushing nmethod 0x000002565265b390
Event: 75.374 Thread 0x0000025667c2e870 flushing nmethod 0x0000025652b44390
Event: 75.374 Thread 0x0000025667c2e870 flushing nmethod 0x0000025652b6f410
Event: 75.374 Thread 0x0000025667c2e870 flushing nmethod 0x0000025652b76a10
Event: 75.374 Thread 0x0000025667c2e870 flushing nmethod 0x0000025652b83c10


Dynamic libraries:
0x00007ff7ba3b0000 - 0x00007ff7ba3ba000 	D:\ANDROID\jbr\bin\java.exe
0x00007ff9b5370000 - 0x00007ff9b5584000 	C:\WINDOWS\SYSTEM32\ntdll.dll
0x00007ff9b3ec0000 - 0x00007ff9b3f84000 	C:\WINDOWS\System32\KERNEL32.DLL
0x00007ff9b2720000 - 0x00007ff9b2ac4000 	C:\WINDOWS\System32\KERNELBASE.dll
0x00007ff9b2ce0000 - 0x00007ff9b2df1000 	C:\WINDOWS\System32\ucrtbase.dll
0x00007ff9ab280000 - 0x00007ff9ab29b000 	D:\ANDROID\jbr\bin\VCRUNTIME140.dll
0x00007ff9a2ce0000 - 0x00007ff9a2cf7000 	D:\ANDROID\jbr\bin\jli.dll
0x00007ff9b39b0000 - 0x00007ff9b3b5e000 	C:\WINDOWS\System32\USER32.dll
0x00007ff9b2b90000 - 0x00007ff9b2bb6000 	C:\WINDOWS\System32\win32u.dll
0x00007ff9b4220000 - 0x00007ff9b4249000 	C:\WINDOWS\System32\GDI32.dll
0x00007ff9b2e70000 - 0x00007ff9b2f88000 	C:\WINDOWS\System32\gdi32full.dll
0x00007ff9b2bc0000 - 0x00007ff9b2c5a000 	C:\WINDOWS\System32\msvcp_win.dll
0x00007ff9a2eb0000 - 0x00007ff9a3143000 	C:\WINDOWS\WinSxS\amd64_microsoft.windows.common-controls_6595b64144ccf1df_6.0.22621.2215_none_270d72677387dfc3\COMCTL32.dll
0x00007ff9b3580000 - 0x00007ff9b3627000 	C:\WINDOWS\System32\msvcrt.dll
0x00007ff9b4390000 - 0x00007ff9b43c1000 	C:\WINDOWS\System32\IMM32.DLL
0x00007ff9adb00000 - 0x00007ff9adb0c000 	D:\ANDROID\jbr\bin\vcruntime140_1.dll
0x00007ff99bde0000 - 0x00007ff99be6d000 	D:\ANDROID\jbr\bin\msvcp140.dll
0x00007ff956310000 - 0x00007ff956f7e000 	D:\ANDROID\jbr\bin\server\jvm.dll
0x00007ff9b36a0000 - 0x00007ff9b3750000 	C:\WINDOWS\System32\ADVAPI32.dll
0x00007ff9b4770000 - 0x00007ff9b4816000 	C:\WINDOWS\System32\sechost.dll
0x00007ff9b3fa0000 - 0x00007ff9b40b7000 	C:\WINDOWS\System32\RPCRT4.dll
0x00007ff9a65e0000 - 0x00007ff9a65e9000 	C:\WINDOWS\SYSTEM32\WSOCK32.dll
0x00007ff9b52b0000 - 0x00007ff9b5321000 	C:\WINDOWS\System32\WS2_32.dll
0x00007ff9ab670000 - 0x00007ff9ab6a4000 	C:\WINDOWS\SYSTEM32\WINMM.dll
0x00007ff9ab6b0000 - 0x00007ff9ab6ba000 	C:\WINDOWS\SYSTEM32\VERSION.dll
0x00007ff9b16e0000 - 0x00007ff9b16f8000 	C:\WINDOWS\SYSTEM32\kernel.appcore.dll
0x00007ff9ab180000 - 0x00007ff9ab18a000 	D:\ANDROID\jbr\bin\jimage.dll
0x00007ff9a7130000 - 0x00007ff9a735e000 	C:\WINDOWS\SYSTEM32\DBGHELP.DLL
0x00007ff9b43d0000 - 0x00007ff9b475a000 	C:\WINDOWS\System32\combase.dll
0x00007ff9b3750000 - 0x00007ff9b3827000 	C:\WINDOWS\System32\OLEAUT32.dll
0x00007ff998320000 - 0x00007ff998352000 	C:\WINDOWS\SYSTEM32\dbgcore.DLL
0x00007ff9b2c60000 - 0x00007ff9b2cda000 	C:\WINDOWS\System32\bcryptPrimitives.dll
0x00007ff9a60a0000 - 0x00007ff9a60c5000 	D:\ANDROID\jbr\bin\java.dll
0x00007ff9ab160000 - 0x00007ff9ab178000 	D:\ANDROID\jbr\bin\zip.dll
0x00007ff9b4a80000 - 0x00007ff9b52a3000 	C:\WINDOWS\System32\SHELL32.dll
0x00007ff9b0660000 - 0x00007ff9b0f4a000 	C:\WINDOWS\SYSTEM32\windows.storage.dll
0x00007ff9b0520000 - 0x00007ff9b065e000 	C:\WINDOWS\SYSTEM32\wintypes.dll
0x00007ff9b4120000 - 0x00007ff9b4213000 	C:\WINDOWS\System32\SHCORE.dll
0x00007ff9b3950000 - 0x00007ff9b39ae000 	C:\WINDOWS\System32\shlwapi.dll
0x00007ff9b2650000 - 0x00007ff9b2676000 	C:\WINDOWS\SYSTEM32\profapi.dll
0x00007ff9a65f0000 - 0x00007ff9a6609000 	D:\ANDROID\jbr\bin\net.dll
0x00007ff9aa5f0000 - 0x00007ff9aa727000 	C:\WINDOWS\SYSTEM32\WINHTTP.dll
0x00007ff9b1ba0000 - 0x00007ff9b1c09000 	C:\WINDOWS\system32\mswsock.dll
0x00007ff9a6200000 - 0x00007ff9a6216000 	D:\ANDROID\jbr\bin\nio.dll
0x00007ff9a6180000 - 0x00007ff9a6190000 	D:\ANDROID\jbr\bin\verify.dll
0x00007ff992ff0000 - 0x00007ff993017000 	C:\Users\PC\.gradle\native\68d5fa5c4cc2d200863cafc0d521ce42e7d3e7ee720ec0a83991735586a16f82\windows-amd64\native-platform.dll
0x00007ff989020000 - 0x00007ff989164000 	C:\Users\PC\.gradle\native\e376f236ea51e6404a007f0833ffe2c6e607c4080706a723a18a27aeea778392\windows-amd64\native-platform-file-events.dll
0x00007ff9a5e90000 - 0x00007ff9a5e99000 	D:\ANDROID\jbr\bin\management.dll
0x00007ff9a47b0000 - 0x00007ff9a47bb000 	D:\ANDROID\jbr\bin\management_ext.dll
0x00007ff9b4a70000 - 0x00007ff9b4a78000 	C:\WINDOWS\System32\PSAPI.DLL
0x00007ff9b1ec0000 - 0x00007ff9b1edb000 	C:\WINDOWS\SYSTEM32\CRYPTSP.dll
0x00007ff9b16a0000 - 0x00007ff9b16d5000 	C:\WINDOWS\system32\rsaenh.dll
0x00007ff9b1c40000 - 0x00007ff9b1c6c000 	C:\WINDOWS\SYSTEM32\USERENV.dll
0x00007ff9b2000000 - 0x00007ff9b2028000 	C:\WINDOWS\SYSTEM32\bcrypt.dll
0x00007ff9b1ea0000 - 0x00007ff9b1eac000 	C:\WINDOWS\SYSTEM32\CRYPTBASE.dll
0x00007ff9b11f0000 - 0x00007ff9b121d000 	C:\WINDOWS\SYSTEM32\IPHLPAPI.DLL
0x00007ff9b4760000 - 0x00007ff9b4769000 	C:\WINDOWS\System32\NSI.dll
0x00007ff9aa5d0000 - 0x00007ff9aa5e9000 	C:\WINDOWS\SYSTEM32\dhcpcsvc6.DLL
0x00007ff9aa5b0000 - 0x00007ff9aa5cf000 	C:\WINDOWS\SYSTEM32\dhcpcsvc.DLL
0x00007ff9b1270000 - 0x00007ff9b1362000 	C:\WINDOWS\SYSTEM32\DNSAPI.dll
0x00007ff9a4790000 - 0x00007ff9a4798000 	C:\WINDOWS\system32\wshunix.dll
0x00007ff991c30000 - 0x00007ff991c47000 	C:\WINDOWS\system32\napinsp.dll
0x00007ff991c10000 - 0x00007ff991c2b000 	C:\WINDOWS\system32\pnrpnsp.dll
0x00007ff991bf0000 - 0x00007ff991c01000 	C:\WINDOWS\System32\winrnr.dll
0x00007ff991bd0000 - 0x00007ff991be5000 	C:\WINDOWS\system32\wshbth.dll
0x00007ff990ed0000 - 0x00007ff990ef1000 	C:\WINDOWS\system32\nlansp_c.dll
0x00007ff99a970000 - 0x00007ff99a97a000 	C:\Windows\System32\rasadhlp.dll
0x00007ff9aa040000 - 0x00007ff9aa0c4000 	C:\WINDOWS\System32\fwpuclnt.dll

dbghelp: loaded successfully - version: 4.0.5 - missing functions: none
symbol engine: initialized successfully - sym options: 0x614 - pdb path: .;D:\ANDROID\jbr\bin;C:\WINDOWS\SYSTEM32;C:\WINDOWS\WinSxS\amd64_microsoft.windows.common-controls_6595b64144ccf1df_6.0.22621.2215_none_270d72677387dfc3;D:\ANDROID\jbr\bin\server;C:\Users\PC\.gradle\native\68d5fa5c4cc2d200863cafc0d521ce42e7d3e7ee720ec0a83991735586a16f82\windows-amd64;C:\Users\PC\.gradle\native\e376f236ea51e6404a007f0833ffe2c6e607c4080706a723a18a27aeea778392\windows-amd64

VM Arguments:
jvm_args: --add-opens=java.base/java.util=ALL-UNNAMED --add-opens=java.base/java.lang=ALL-UNNAMED --add-opens=java.base/java.lang.invoke=ALL-UNNAMED --add-opens=java.prefs/java.util.prefs=ALL-UNNAMED --add-opens=java.base/java.nio.charset=ALL-UNNAMED --add-opens=java.base/java.net=ALL-UNNAMED --add-opens=java.base/java.util.concurrent.atomic=ALL-UNNAMED -Xmx2048m -Dfile.encoding=UTF-8 -Duser.country=US -Duser.language=en -Duser.variant 
java_command: org.gradle.launcher.daemon.bootstrap.GradleDaemon 8.0
java_class_path (initial): C:\Users\PC\.gradle\wrapper\dists\gradle-8.0-bin\ca5e32bp14vu59qr306oxotwh\gradle-8.0\lib\gradle-launcher-8.0.jar
Launcher Type: SUN_STANDARD

[Global flags]
     intx CICompilerCount                          = 2                                         {product} {ergonomic}
     uint ConcGCThreads                            = 1                                         {product} {ergonomic}
     uint G1ConcRefinementThreads                  = 2                                         {product} {ergonomic}
   size_t G1HeapRegionSize                         = 1048576                                   {product} {ergonomic}
    uintx GCDrainStackTargetSize                   = 64                                        {product} {ergonomic}
   size_t InitialHeapSize                          = 100663296                                 {product} {ergonomic}
   size_t MarkStackSize                            = 4194304                                   {product} {ergonomic}
   size_t MaxHeapSize                              = 2147483648                                {product} {command line}
   size_t MaxNewSize                               = 1287651328                                {product} {ergonomic}
   size_t MinHeapDeltaBytes                        = 1048576                                   {product} {ergonomic}
   size_t MinHeapSize                              = 8388608                                   {product} {ergonomic}
    uintx NonNMethodCodeHeapSize                   = 5826188                                {pd product} {ergonomic}
    uintx NonProfiledCodeHeapSize                  = 122916026                              {pd product} {ergonomic}
    uintx ProfiledCodeHeapSize                     = 122916026                              {pd product} {ergonomic}
    uintx ReservedCodeCacheSize                    = 251658240                              {pd product} {ergonomic}
     bool SegmentedCodeCache                       = true                                      {product} {ergonomic}
   size_t SoftMaxHeapSize                          = 2147483648                             {manageable} {ergonomic}
     bool UseCompressedClassPointers               = true                           {product lp64_product} {ergonomic}
     bool UseCompressedOops                        = true                           {product lp64_product} {ergonomic}
     bool UseG1GC                                  = true                                      {product} {ergonomic}
     bool UseLargePagesIndividualAllocation        = false                                  {pd product} {ergonomic}

Logging:
Log output configuration:
 #0: stdout all=warning uptime,level,tags
 #1: stderr all=off uptime,level,tags

Environment Variables:
PATH=C:\Program Files (x86)\Eclipse Adoptium\jdk-17.0.8.7-hotspot\bin;C:\Program Files (x86)\Common Files\Oracle\Java\javapath;C:\ProgramData\Oracle\Java\javapath;C:\WINDOWS\system32;C:\WINDOWS;C:\WINDOWS\System32\Wbem;C:\WINDOWS\System32\WindowsPowerShell\v1.0\;C:\WINDOWS\System32\OpenSSH\;C:\xampp\php;C:\ProgramData\ComposerSetup\bin;C:\Users\PC\Downloads\chromedriver_win32;C:\Program Files\nodejs\;C:\Program Files\Git\cmd;C:\Users\PC\AppData\Local\Programs\Python\Python310\Scripts\;C:\Users\PC\AppData\Local\Programs\Python\Python310\;C:\Program Files\MySQL\MySQL Shell 8.0\bin\;C:\Users\PC\AppData\Local\Microsoft\WindowsApps;C:\Users\PC\AppData\Local\Programs\Microsoft VS Code\bin;C:\xampp\php;C:\Program Files\Java\jdk1.8.0_161\bin;C:\Users\PC\AppData\Roaming\Composer\vendor\bin;C:\Users\PC\AppData\Roaming\npm;C:\Program Files\nodejs;C:\Users\PC\AppData\Local\GitHubDesktop\bin;D:\MSIB\platform-tools;
USERNAME=PC
OS=Windows_NT
PROCESSOR_IDENTIFIER=AMD64 Family 23 Model 32 Stepping 1, AuthenticAMD
TMP=C:\Users\PC\AppData\Local\Temp
TEMP=C:\Users\PC\AppData\Local\Temp


JNI global refs:
JNI global refs: 23, weak refs: 2

JNI global refs memory usage: 843, weak refs: 841


---------------  S Y S T E M  ---------------

OS:
 Windows 11 , 64 bit Build 22621 (10.0.22621.2215)
OS uptime: 7 days 12:57 hours
Hyper-V role detected

CPU: total 2 (initial active 2) (2 cores per cpu, 1 threads per core) family 23 model 32 stepping 1 microcode 0x0, cx8, cmov, fxsr, mmx, 3dnowpref, sse, sse2, sse3, ssse3, sse4a, sse4.1, sse4.2, popcnt, lzcnt, tsc, tscinvbit, avx, avx2, aes, clmul, bmi1, bmi2, adx, sha, fma, vzeroupper, clflush, clflushopt, hv

Memory: 4k page, system-wide physical 6020M (318M free)
TotalPageFile size 23396M (AvailPageFile size 5M)
current process WorkingSet (physical memory assigned to process): 387M, peak: 462M
current process commit charge ("private bytes"): 635M, peak: 641M

vm_info: OpenJDK 64-Bit Server VM (17.0.6+0-b2043.56-10027231) for windows-amd64 JRE (17.0.6+0-b2043.56-10027231), built on Apr 28 2023 00:43:19 by "androidbuild" with MS VC++ 16.10 / 16.11 (VS2019)

END.
