#
# There is insufficient memory for the Java Runtime Environment to continue.
# Native memory allocation (malloc) failed to allocate 1752816 bytes for Chunk::new
# Possible reasons:
#   The system is out of physical RAM or swap space
#   The process is running with CompressedOops enabled, and the Java Heap may be blocking the growth of the native heap
# Possible solutions:
#   Reduce memory load on the system
#   Increase physical memory or swap space
#   Check if swap backing store is full
#   Decrease Java heap size (-Xmx/-Xms)
#   Decrease number of Java threads
#   Decrease Java thread stack sizes (-Xss)
#   Set larger code cache with -XX:ReservedCodeCacheSize=
#   JVM is running with Unscaled Compressed Oops mode in which the Java heap is
#     placed in the first 4GB address space. The Java Heap base address is the
#     maximum limit for the native heap growth. Please use -XX:HeapBaseMinAddress
#     to set the Java Heap base and to place the Java Heap above 4GB virtual address.
# This output file may be truncated or incomplete.
#
#  Out of Memory Error (arena.cpp:189), pid=12208, tid=18832
#
# JRE version: OpenJDK Runtime Environment (17.0.6) (build 17.0.6+0-b2043.56-10027231)
# Java VM: OpenJDK 64-Bit Server VM (17.0.6+0-b2043.56-10027231, mixed mode, tiered, compressed oops, compressed class ptrs, g1 gc, windows-amd64)
# No core dump will be written. Minidumps are not enabled by default on client versions of Windows
#

---------------  S U M M A R Y ------------

Command Line: --add-opens=java.base/java.util=ALL-UNNAMED --add-opens=java.base/java.lang=ALL-UNNAMED --add-opens=java.base/java.lang.invoke=ALL-UNNAMED --add-opens=java.prefs/java.util.prefs=ALL-UNNAMED --add-opens=java.base/java.nio.charset=ALL-UNNAMED --add-opens=java.base/java.net=ALL-UNNAMED --add-opens=java.base/java.util.concurrent.atomic=ALL-UNNAMED -Xmx2048m -Dfile.encoding=UTF-8 -Duser.country=US -Duser.language=en -Duser.variant org.gradle.launcher.daemon.bootstrap.GradleDaemon 8.0

Host: AMD 3020e with Radeon Graphics                 , 2 cores, 5G,  Windows 11 , 64 bit Build 22621 (10.0.22621.2215)
Time: Mon Sep 25 07:32:54 2023 SE Asia Standard Time elapsed time: 41.046730 seconds (0d 0h 0m 41s)

---------------  T H R E A D  ---------------

Current thread (0x00000223fd8017c0):  JavaThread "C2 CompilerThread0" daemon [_thread_in_native, id=18832, stack(0x00000099bca00000,0x00000099bcb00000)]


Current CompileTask:
C2:  41046 9206   !   4       java.net.URLClassLoader$1::run (81 bytes)

Stack: [0x00000099bca00000,0x00000099bcb00000]
Native frames: (J=compiled Java code, j=interpreted, Vv=VM code, C=native code)
V  [jvm.dll+0x683c9a]
V  [jvm.dll+0x8427a4]
V  [jvm.dll+0x843f9e]
V  [jvm.dll+0x844603]
V  [jvm.dll+0x249b75]
V  [jvm.dll+0xabcac]
V  [jvm.dll+0xac27c]
V  [jvm.dll+0x368802]
V  [jvm.dll+0x332f31]
V  [jvm.dll+0x3323da]
V  [jvm.dll+0x21c201]
V  [jvm.dll+0x21b621]
V  [jvm.dll+0x1a4fdd]
V  [jvm.dll+0x22b098]
V  [jvm.dll+0x229159]
V  [jvm.dll+0x7f81ec]
V  [jvm.dll+0x7f274a]
V  [jvm.dll+0x682ad5]
C  [ucrtbase.dll+0x29363]
C  [KERNEL32.DLL+0x1257d]
C  [ntdll.dll+0x5aa68]


---------------  P R O C E S S  ---------------

Threads class SMR info:
_java_thread_list=0x0000022384d03f50, length=63, elements={
0x00000223e3bf6f90, 0x00000223fce89260, 0x00000223fce8e0e0, 0x00000223fce76840,
0x00000223fceb1600, 0x00000223fd800080, 0x00000223fd800a30, 0x00000223fd8017c0,
0x00000223fd804270, 0x00000223fd875010, 0x00000223fd995340, 0x00000223fd99bc40,
0x00000223fee3ceb0, 0x00000223ff274040, 0x00000223ff1139b0, 0x00000223ff10e020,
0x00000223ff10e8c0, 0x00000223fe5be320, 0x00000223fe7972d0, 0x00000223fe47f930,
0x00000223fe7977a0, 0x00000223fe471530, 0x00000223fe474a20, 0x00000223fe474ef0,
0x00000223fe4736e0, 0x00000223fe474550, 0x00000223fe473bb0, 0x00000223fe474080,
0x00000223fe471a00, 0x00000223fe471ed0, 0x00000223fe4723a0, 0x00000223fe472870,
0x00000223fdd15ba0, 0x00000223fdd173b0, 0x00000223fdd14860, 0x00000223fdd16070,
0x00000223fdd16540, 0x00000223fdd186f0, 0x00000223fdd18bc0, 0x00000223fdd19560,
0x00000223fdd156d0, 0x00000223fdd139f0, 0x00000223fdd16a10, 0x00000223fdd16ee0,
0x00000223fdd17d50, 0x00000223fdd18220, 0x00000223fdd19f00, 0x00000223fdd126b0,
0x00000223fdd12b80, 0x00000223fdd13520, 0x000002238206fd70, 0x000002238206e090,
0x000002238206cd50, 0x00000223820723f0, 0x0000022382070240, 0x00000223820710b0,
0x000002238206ef00, 0x000002238206dbc0, 0x000002238206b070, 0x000002238206b540,
0x000002238206f3d0, 0x00000223820728c0, 0x000002238206ba10
}

Java Threads: ( => current thread )
  0x00000223e3bf6f90 JavaThread "main" [_thread_blocked, id=11728, stack(0x00000099bbd00000,0x00000099bbe00000)]
  0x00000223fce89260 JavaThread "Reference Handler" daemon [_thread_blocked, id=16544, stack(0x00000099bc400000,0x00000099bc500000)]
  0x00000223fce8e0e0 JavaThread "Finalizer" daemon [_thread_blocked, id=13788, stack(0x00000099bc500000,0x00000099bc600000)]
  0x00000223fce76840 JavaThread "Signal Dispatcher" daemon [_thread_blocked, id=18872, stack(0x00000099bc600000,0x00000099bc700000)]
  0x00000223fceb1600 JavaThread "Attach Listener" daemon [_thread_blocked, id=3156, stack(0x00000099bc700000,0x00000099bc800000)]
  0x00000223fd800080 JavaThread "Service Thread" daemon [_thread_blocked, id=16152, stack(0x00000099bc800000,0x00000099bc900000)]
  0x00000223fd800a30 JavaThread "Monitor Deflation Thread" daemon [_thread_blocked, id=7572, stack(0x00000099bc900000,0x00000099bca00000)]
=>0x00000223fd8017c0 JavaThread "C2 CompilerThread0" daemon [_thread_in_native, id=18832, stack(0x00000099bca00000,0x00000099bcb00000)]
  0x00000223fd804270 JavaThread "C1 CompilerThread0" daemon [_thread_blocked, id=6248, stack(0x00000099bcb00000,0x00000099bcc00000)]
  0x00000223fd875010 JavaThread "Sweeper thread" daemon [_thread_blocked, id=11808, stack(0x00000099bcc00000,0x00000099bcd00000)]
  0x00000223fd995340 JavaThread "Common-Cleaner" daemon [_thread_blocked, id=20224, stack(0x00000099bcd00000,0x00000099bce00000)]
  0x00000223fd99bc40 JavaThread "Notification Thread" daemon [_thread_blocked, id=8692, stack(0x00000099bce00000,0x00000099bcf00000)]
  0x00000223fee3ceb0 JavaThread "Daemon health stats" [_thread_blocked, id=7140, stack(0x00000099bd100000,0x00000099bd200000)]
  0x00000223ff274040 JavaThread "Incoming local TCP Connector on port 50338" [_thread_in_native, id=19100, stack(0x00000099bd200000,0x00000099bd300000)]
  0x00000223ff1139b0 JavaThread "Daemon periodic checks" [_thread_blocked, id=9208, stack(0x00000099bd300000,0x00000099bd400000)]
  0x00000223ff10e020 JavaThread "Daemon" [_thread_blocked, id=10164, stack(0x00000099bd400000,0x00000099bd500000)]
  0x00000223ff10e8c0 JavaThread "Handler for socket connection from /127.0.0.1:50338 to /127.0.0.1:50339" [_thread_in_native, id=10456, stack(0x00000099bd500000,0x00000099bd600000)]
  0x00000223fe5be320 JavaThread "Cancel handler" [_thread_blocked, id=14900, stack(0x00000099bd600000,0x00000099bd700000)]
  0x00000223fe7972d0 JavaThread "Daemon worker" [_thread_blocked, id=18032, stack(0x00000099bd700000,0x00000099bd800000)]
  0x00000223fe47f930 JavaThread "Asynchronous log dispatcher for DefaultDaemonConnection: socket connection from /127.0.0.1:50338 to /127.0.0.1:50339" [_thread_blocked, id=1500, stack(0x00000099bd800000,0x00000099bd900000)]
  0x00000223fe7977a0 JavaThread "Stdin handler" [_thread_blocked, id=18560, stack(0x00000099bd900000,0x00000099bda00000)]
  0x00000223fe471530 JavaThread "Daemon client event forwarder" [_thread_blocked, id=18900, stack(0x00000099bda00000,0x00000099bdb00000)]
  0x00000223fe474a20 JavaThread "Cache worker for journal cache (C:\Users\PC\.gradle\caches\journal-1)" [_thread_blocked, id=12324, stack(0x00000099bdb00000,0x00000099bdc00000)]
  0x00000223fe474ef0 JavaThread "File lock request listener" [_thread_in_native, id=9872, stack(0x00000099bdc00000,0x00000099bdd00000)]
  0x00000223fe4736e0 JavaThread "Cache worker for file hash cache (C:\Users\PC\.gradle\caches\8.0\fileHashes)" [_thread_blocked, id=11372, stack(0x00000099bdd00000,0x00000099bde00000)]
  0x00000223fe474550 JavaThread "File watcher server" daemon [_thread_in_native, id=14796, stack(0x00000099bde00000,0x00000099bdf00000)]
  0x00000223fe473bb0 JavaThread "File watcher consumer" daemon [_thread_blocked, id=2852, stack(0x00000099bdf00000,0x00000099be000000)]
  0x00000223fe474080 JavaThread "jar transforms" [_thread_blocked, id=17468, stack(0x00000099be000000,0x00000099be100000)]
  0x00000223fe471a00 JavaThread "jar transforms Thread 2" [_thread_blocked, id=9080, stack(0x00000099be100000,0x00000099be200000)]
  0x00000223fe471ed0 JavaThread "Cache worker for checksums cache (D:\MyApp7\.gradle\8.0\checksums)" [_thread_blocked, id=7712, stack(0x00000099be200000,0x00000099be300000)]
  0x00000223fe4723a0 JavaThread "Cache worker for cache directory md-rule (C:\Users\PC\.gradle\caches\8.0\md-rule)" [_thread_blocked, id=18504, stack(0x00000099be300000,0x00000099be400000)]
  0x00000223fe472870 JavaThread "Cache worker for file content cache (C:\Users\PC\.gradle\caches\8.0\fileContent)" [_thread_blocked, id=14320, stack(0x00000099be400000,0x00000099be500000)]
  0x00000223fdd15ba0 JavaThread "Cache worker for file hash cache (D:\MyApp7\.gradle\8.0\fileHashes)" [_thread_blocked, id=17484, stack(0x00000099be500000,0x00000099be600000)]
  0x00000223fdd173b0 JavaThread "Cache worker for cache directory md-supplier (C:\Users\PC\.gradle\caches\8.0\md-supplier)" [_thread_blocked, id=11336, stack(0x00000099be600000,0x00000099be700000)]
  0x00000223fdd14860 JavaThread "Cache worker for execution history cache (C:\Users\PC\.gradle\caches\8.0\executionHistory)" [_thread_blocked, id=18676, stack(0x00000099be700000,0x00000099be800000)]
  0x00000223fdd16070 JavaThread "Cache worker for kotlin-dsl (C:\Users\PC\.gradle\caches\8.0\kotlin-dsl)" [_thread_blocked, id=13584, stack(0x00000099be800000,0x00000099be900000)]
  0x00000223fdd16540 JavaThread "Cache worker for dependencies-accessors (D:\MyApp7\.gradle\8.0\dependencies-accessors)" [_thread_blocked, id=18208, stack(0x00000099be900000,0x00000099bea00000)]
  0x00000223fdd186f0 JavaThread "Cache worker for Build Output Cleanup Cache (D:\MyApp7\.gradle\buildOutputCleanup)" [_thread_blocked, id=8108, stack(0x00000099bea00000,0x00000099beb00000)]
  0x00000223fdd18bc0 JavaThread "Unconstrained build operations" [_thread_blocked, id=15376, stack(0x00000099beb00000,0x00000099bec00000)]
  0x00000223fdd19560 JavaThread "Unconstrained build operations Thread 2" [_thread_blocked, id=19896, stack(0x00000099bec00000,0x00000099bed00000)]
  0x00000223fdd156d0 JavaThread "Unconstrained build operations Thread 3" [_thread_blocked, id=19020, stack(0x00000099bed00000,0x00000099bee00000)]
  0x00000223fdd139f0 JavaThread "Unconstrained build operations Thread 4" [_thread_blocked, id=10648, stack(0x00000099bee00000,0x00000099bef00000)]
  0x00000223fdd16a10 JavaThread "Unconstrained build operations Thread 5" [_thread_blocked, id=10124, stack(0x00000099bef00000,0x00000099bf000000)]
  0x00000223fdd16ee0 JavaThread "Unconstrained build operations Thread 6" [_thread_blocked, id=17952, stack(0x00000099bf000000,0x00000099bf100000)]
  0x00000223fdd17d50 JavaThread "Unconstrained build operations Thread 7" [_thread_blocked, id=14192, stack(0x00000099bf100000,0x00000099bf200000)]
  0x00000223fdd18220 JavaThread "Unconstrained build operations Thread 8" [_thread_blocked, id=13600, stack(0x00000099bf200000,0x00000099bf300000)]
  0x00000223fdd19f00 JavaThread "Unconstrained build operations Thread 9" [_thread_blocked, id=11016, stack(0x00000099bf300000,0x00000099bf400000)]
  0x00000223fdd126b0 JavaThread "Unconstrained build operations Thread 10" [_thread_blocked, id=19676, stack(0x00000099bf400000,0x00000099bf500000)]
  0x00000223fdd12b80 JavaThread "Unconstrained build operations Thread 11" [_thread_blocked, id=20168, stack(0x00000099bf500000,0x00000099bf600000)]
  0x00000223fdd13520 JavaThread "Unconstrained build operations Thread 12" [_thread_blocked, id=1712, stack(0x00000099bf600000,0x00000099bf700000)]
  0x000002238206fd70 JavaThread "Unconstrained build operations Thread 13" [_thread_blocked, id=5844, stack(0x00000099bf700000,0x00000099bf800000)]
  0x000002238206e090 JavaThread "Unconstrained build operations Thread 14" [_thread_blocked, id=20396, stack(0x00000099bf800000,0x00000099bf900000)]
  0x000002238206cd50 JavaThread "Unconstrained build operations Thread 15" [_thread_blocked, id=5624, stack(0x00000099bf900000,0x00000099bfa00000)]
  0x00000223820723f0 JavaThread "Unconstrained build operations Thread 16" [_thread_blocked, id=16532, stack(0x00000099bfa00000,0x00000099bfb00000)]
  0x0000022382070240 JavaThread "Unconstrained build operations Thread 17" [_thread_blocked, id=19736, stack(0x00000099bfb00000,0x00000099bfc00000)]
  0x00000223820710b0 JavaThread "Unconstrained build operations Thread 18" [_thread_blocked, id=6484, stack(0x00000099bfc00000,0x00000099bfd00000)]
  0x000002238206ef00 JavaThread "Unconstrained build operations Thread 19" [_thread_blocked, id=10792, stack(0x00000099bfd00000,0x00000099bfe00000)]
  0x000002238206dbc0 JavaThread "Unconstrained build operations Thread 20" [_thread_blocked, id=16928, stack(0x00000099bfe00000,0x00000099bff00000)]
  0x000002238206b070 JavaThread "Memory manager" [_thread_blocked, id=3464, stack(0x00000099bff00000,0x00000099c0000000)]
  0x000002238206b540 JavaThread "pool-3-thread-1" [_thread_blocked, id=13352, stack(0x00000099c0200000,0x00000099c0300000)]
  0x000002238206f3d0 JavaThread "included builds" [_thread_blocked, id=7432, stack(0x00000099c0300000,0x00000099c0400000)]
  0x00000223820728c0 JavaThread "Execution worker" [_thread_in_vm, id=16896, stack(0x00000099c0400000,0x00000099c0500000)]
  0x000002238206ba10 JavaThread "Cache worker for execution history cache (D:\MyApp7\.gradle\8.0\executionHistory)" [_thread_blocked, id=14244, stack(0x00000099c0500000,0x00000099c0600000)]

Other Threads:
  0x00000223fce0e9f0 VMThread "VM Thread" [stack: 0x00000099bc300000,0x00000099bc400000] [id=17652]
  0x00000223fd993010 WatcherThread [stack: 0x00000099bcf00000,0x00000099bd000000] [id=13704]
  0x00000223e3c51ff0 GCTaskThread "GC Thread#0" [stack: 0x00000099bbe00000,0x00000099bbf00000] [id=14952]
  0x00000223fdb18ae0 GCTaskThread "GC Thread#1" [stack: 0x00000099bd000000,0x00000099bd100000] [id=19756]
  0x00000223e3c62f30 ConcurrentGCThread "G1 Main Marker" [stack: 0x00000099bbf00000,0x00000099bc000000] [id=19056]
  0x00000223e3c63940 ConcurrentGCThread "G1 Conc#0" [stack: 0x00000099bc000000,0x00000099bc100000] [id=2804]
  0x00000223e3cbbd20 ConcurrentGCThread "G1 Refine#0" [stack: 0x00000099bc100000,0x00000099bc200000] [id=18516]
  0x00000223e3cbc740 ConcurrentGCThread "G1 Service" [stack: 0x00000099bc200000,0x00000099bc300000] [id=17900]

Threads with active compile tasks:
C2 CompilerThread0    41094 9206   !   4       java.net.URLClassLoader$1::run (81 bytes)

VM state: not at safepoint (normal execution)

VM Mutex/Monitor currently owned by a thread: None

Heap address: 0x0000000080000000, size: 2048 MB, Compressed Oops mode: 32-bit

CDS archive(s) not mapped
Compressed class space mapped at: 0x0000000100000000-0x0000000140000000, reserved size: 1073741824
Narrow klass base: 0x0000000000000000, Narrow klass shift: 3, Narrow klass range: 0x140000000

GC Precious Log:
 CPUs: 2 total, 2 available
 Memory: 6020M
 Large Page Support: Disabled
 NUMA Support: Disabled
 Compressed Oops: Enabled (32-bit)
 Heap Region Size: 1M
 Heap Min Capacity: 8M
 Heap Initial Capacity: 96M
 Heap Max Capacity: 2G
 Pre-touch: Disabled
 Parallel Workers: 2
 Concurrent Workers: 1
 Concurrent Refinement Workers: 2
 Periodic GC: Disabled

Heap:
 garbage-first heap   total 246784K, used 179109K [0x0000000080000000, 0x0000000100000000)
  region size 1024K, 47 young (48128K), 1 survivors (1024K)
 Metaspace       used 91982K, committed 92672K, reserved 1130496K
  class space    used 12357K, committed 12672K, reserved 1048576K

Heap Regions: E=young(eden), S=young(survivor), O=old, HS=humongous(starts), HC=humongous(continues), CS=collection set, F=free, OA=open archive, CA=closed archive, TAMS=top-at-mark-start (previous, next)
|   0|0x0000000080000000, 0x0000000080100000, 0x0000000080100000|100%| O|  |TAMS 0x0000000080100000, 0x0000000080000000| Untracked 
|   1|0x0000000080100000, 0x0000000080200000, 0x0000000080200000|100%| O|  |TAMS 0x0000000080200000, 0x0000000080100000| Untracked 
|   2|0x0000000080200000, 0x0000000080300000, 0x0000000080300000|100%| O|  |TAMS 0x0000000080300000, 0x0000000080200000| Untracked 
|   3|0x0000000080300000, 0x0000000080400000, 0x0000000080400000|100%|HS|  |TAMS 0x0000000080400000, 0x0000000080300000| Complete 
|   4|0x0000000080400000, 0x0000000080500000, 0x0000000080500000|100%|HC|  |TAMS 0x0000000080500000, 0x0000000080400000| Complete 
|   5|0x0000000080500000, 0x0000000080600000, 0x0000000080600000|100%|HC|  |TAMS 0x0000000080600000, 0x0000000080500000| Complete 
|   6|0x0000000080600000, 0x0000000080700000, 0x0000000080700000|100%|HC|  |TAMS 0x0000000080700000, 0x0000000080600000| Complete 
|   7|0x0000000080700000, 0x0000000080800000, 0x0000000080800000|100%| O|  |TAMS 0x0000000080800000, 0x0000000080700000| Untracked 
|   8|0x0000000080800000, 0x0000000080900000, 0x0000000080900000|100%| O|  |TAMS 0x0000000080900000, 0x0000000080800000| Untracked 
|   9|0x0000000080900000, 0x0000000080a00000, 0x0000000080a00000|100%| O|  |TAMS 0x0000000080a00000, 0x0000000080900000| Untracked 
|  10|0x0000000080a00000, 0x0000000080b00000, 0x0000000080b00000|100%| O|  |TAMS 0x0000000080b00000, 0x0000000080a00000| Untracked 
|  11|0x0000000080b00000, 0x0000000080c00000, 0x0000000080c00000|100%| O|  |TAMS 0x0000000080c00000, 0x0000000080b00000| Untracked 
|  12|0x0000000080c00000, 0x0000000080d00000, 0x0000000080d00000|100%| O|  |TAMS 0x0000000080d00000, 0x0000000080c00000| Untracked 
|  13|0x0000000080d00000, 0x0000000080e00000, 0x0000000080e00000|100%| O|  |TAMS 0x0000000080e00000, 0x0000000080d00000| Untracked 
|  14|0x0000000080e00000, 0x0000000080f00000, 0x0000000080f00000|100%| O|  |TAMS 0x0000000080f00000, 0x0000000080e00000| Untracked 
|  15|0x0000000080f00000, 0x0000000081000000, 0x0000000081000000|100%| O|  |TAMS 0x0000000081000000, 0x0000000080f00000| Untracked 
|  16|0x0000000081000000, 0x0000000081100000, 0x0000000081100000|100%| O|  |TAMS 0x0000000081100000, 0x0000000081000000| Untracked 
|  17|0x0000000081100000, 0x0000000081200000, 0x0000000081200000|100%| O|  |TAMS 0x0000000081200000, 0x0000000081100000| Untracked 
|  18|0x0000000081200000, 0x0000000081300000, 0x0000000081300000|100%| O|  |TAMS 0x0000000081300000, 0x0000000081200000| Untracked 
|  19|0x0000000081300000, 0x0000000081400000, 0x0000000081400000|100%|HS|  |TAMS 0x0000000081400000, 0x0000000081300000| Complete 
|  20|0x0000000081400000, 0x0000000081500000, 0x0000000081500000|100%|HC|  |TAMS 0x0000000081500000, 0x0000000081400000| Complete 
|  21|0x0000000081500000, 0x0000000081600000, 0x0000000081600000|100%|HS|  |TAMS 0x0000000081600000, 0x0000000081500000| Complete 
|  22|0x0000000081600000, 0x0000000081700000, 0x0000000081700000|100%|HC|  |TAMS 0x0000000081700000, 0x0000000081600000| Complete 
|  23|0x0000000081700000, 0x0000000081800000, 0x0000000081800000|100%|HC|  |TAMS 0x0000000081800000, 0x0000000081700000| Complete 
|  24|0x0000000081800000, 0x0000000081900000, 0x0000000081900000|100%| O|  |TAMS 0x0000000081900000, 0x0000000081800000| Untracked 
|  25|0x0000000081900000, 0x0000000081a00000, 0x0000000081a00000|100%| O|  |TAMS 0x0000000081a00000, 0x0000000081900000| Untracked 
|  26|0x0000000081a00000, 0x0000000081b00000, 0x0000000081b00000|100%| O|  |TAMS 0x0000000081b00000, 0x0000000081a00000| Untracked 
|  27|0x0000000081b00000, 0x0000000081c00000, 0x0000000081c00000|100%|HS|  |TAMS 0x0000000081c00000, 0x0000000081b00000| Complete 
|  28|0x0000000081c00000, 0x0000000081d00000, 0x0000000081d00000|100%|HC|  |TAMS 0x0000000081d00000, 0x0000000081c00000| Complete 
|  29|0x0000000081d00000, 0x0000000081e00000, 0x0000000081e00000|100%|HC|  |TAMS 0x0000000081e00000, 0x0000000081d00000| Complete 
|  30|0x0000000081e00000, 0x0000000081f00000, 0x0000000081f00000|100%| O|  |TAMS 0x0000000081f00000, 0x0000000081e00000| Untracked 
|  31|0x0000000081f00000, 0x0000000082000000, 0x0000000082000000|100%|HS|  |TAMS 0x0000000081f00000, 0x0000000081f00000| Complete 
|  32|0x0000000082000000, 0x0000000082100000, 0x0000000082100000|100%| O|  |TAMS 0x0000000082100000, 0x0000000082000000| Untracked 
|  33|0x0000000082100000, 0x0000000082200000, 0x0000000082200000|100%|HS|  |TAMS 0x0000000082200000, 0x0000000082100000| Complete 
|  34|0x0000000082200000, 0x0000000082300000, 0x0000000082300000|100%|HC|  |TAMS 0x0000000082300000, 0x0000000082200000| Complete 
|  35|0x0000000082300000, 0x0000000082400000, 0x0000000082400000|100%| O|  |TAMS 0x0000000082400000, 0x0000000082300000| Untracked 
|  36|0x0000000082400000, 0x0000000082500000, 0x0000000082500000|100%| O|  |TAMS 0x0000000082500000, 0x0000000082400000| Untracked 
|  37|0x0000000082500000, 0x0000000082600000, 0x0000000082600000|100%| O|  |TAMS 0x0000000082600000, 0x0000000082500000| Untracked 
|  38|0x0000000082600000, 0x0000000082700000, 0x0000000082700000|100%| O|  |TAMS 0x0000000082700000, 0x0000000082600000| Untracked 
|  39|0x0000000082700000, 0x0000000082800000, 0x0000000082800000|100%| O|  |TAMS 0x0000000082800000, 0x0000000082700000| Untracked 
|  40|0x0000000082800000, 0x0000000082900000, 0x0000000082900000|100%| O|  |TAMS 0x0000000082900000, 0x0000000082800000| Untracked 
|  41|0x0000000082900000, 0x0000000082a00000, 0x0000000082a00000|100%| O|  |TAMS 0x0000000082a00000, 0x0000000082900000| Untracked 
|  42|0x0000000082a00000, 0x0000000082b00000, 0x0000000082b00000|100%| O|  |TAMS 0x0000000082b00000, 0x0000000082a00000| Untracked 
|  43|0x0000000082b00000, 0x0000000082c00000, 0x0000000082c00000|100%| O|  |TAMS 0x0000000082c00000, 0x0000000082b00000| Untracked 
|  44|0x0000000082c00000, 0x0000000082d00000, 0x0000000082d00000|100%| O|  |TAMS 0x0000000082d00000, 0x0000000082c00000| Untracked 
|  45|0x0000000082d00000, 0x0000000082e00000, 0x0000000082e00000|100%|HS|  |TAMS 0x0000000082e00000, 0x0000000082d00000| Complete 
|  46|0x0000000082e00000, 0x0000000082f00000, 0x0000000082f00000|100%|HC|  |TAMS 0x0000000082f00000, 0x0000000082e00000| Complete 
|  47|0x0000000082f00000, 0x0000000083000000, 0x0000000083000000|100%|HC|  |TAMS 0x0000000083000000, 0x0000000082f00000| Complete 
|  48|0x0000000083000000, 0x0000000083100000, 0x0000000083100000|100%|HC|  |TAMS 0x0000000083100000, 0x0000000083000000| Complete 
|  49|0x0000000083100000, 0x0000000083200000, 0x0000000083200000|100%|HC|  |TAMS 0x0000000083200000, 0x0000000083100000| Complete 
|  50|0x0000000083200000, 0x0000000083300000, 0x0000000083300000|100%|HC|  |TAMS 0x0000000083300000, 0x0000000083200000| Complete 
|  51|0x0000000083300000, 0x0000000083400000, 0x0000000083400000|100%|HC|  |TAMS 0x0000000083400000, 0x0000000083300000| Complete 
|  52|0x0000000083400000, 0x0000000083500000, 0x0000000083500000|100%|HC|  |TAMS 0x0000000083500000, 0x0000000083400000| Complete 
|  53|0x0000000083500000, 0x0000000083600000, 0x0000000083600000|100%|HC|  |TAMS 0x0000000083600000, 0x0000000083500000| Complete 
|  54|0x0000000083600000, 0x0000000083700000, 0x0000000083700000|100%|HC|  |TAMS 0x0000000083700000, 0x0000000083600000| Complete 
|  55|0x0000000083700000, 0x0000000083800000, 0x0000000083800000|100%|HC|  |TAMS 0x0000000083800000, 0x0000000083700000| Complete 
|  56|0x0000000083800000, 0x0000000083900000, 0x0000000083900000|100%|HC|  |TAMS 0x0000000083900000, 0x0000000083800000| Complete 
|  57|0x0000000083900000, 0x0000000083a00000, 0x0000000083a00000|100%| O|  |TAMS 0x0000000083a00000, 0x0000000083900000| Untracked 
|  58|0x0000000083a00000, 0x0000000083b00000, 0x0000000083b00000|100%|HS|  |TAMS 0x0000000083b00000, 0x0000000083a00000| Complete 
|  59|0x0000000083b00000, 0x0000000083c00000, 0x0000000083c00000|100%|HC|  |TAMS 0x0000000083c00000, 0x0000000083b00000| Complete 
|  60|0x0000000083c00000, 0x0000000083d00000, 0x0000000083d00000|100%|HC|  |TAMS 0x0000000083d00000, 0x0000000083c00000| Complete 
|  61|0x0000000083d00000, 0x0000000083e00000, 0x0000000083e00000|100%|HS|  |TAMS 0x0000000083e00000, 0x0000000083d00000| Complete 
|  62|0x0000000083e00000, 0x0000000083f00000, 0x0000000083f00000|100%|HC|  |TAMS 0x0000000083f00000, 0x0000000083e00000| Complete 
|  63|0x0000000083f00000, 0x0000000084000000, 0x0000000084000000|100%|HC|  |TAMS 0x0000000084000000, 0x0000000083f00000| Complete 
|  64|0x0000000084000000, 0x0000000084100000, 0x0000000084100000|100%| O|  |TAMS 0x0000000084100000, 0x0000000084000000| Untracked 
|  65|0x0000000084100000, 0x0000000084200000, 0x0000000084200000|100%| O|  |TAMS 0x0000000084200000, 0x0000000084100000| Untracked 
|  66|0x0000000084200000, 0x0000000084300000, 0x0000000084300000|100%| O|  |TAMS 0x0000000084300000, 0x0000000084200000| Untracked 
|  67|0x0000000084300000, 0x0000000084400000, 0x0000000084400000|100%| O|  |TAMS 0x0000000084400000, 0x0000000084300000| Untracked 
|  68|0x0000000084400000, 0x0000000084500000, 0x0000000084500000|100%| O|  |TAMS 0x0000000084500000, 0x0000000084400000| Untracked 
|  69|0x0000000084500000, 0x0000000084600000, 0x0000000084600000|100%| O|  |TAMS 0x0000000084600000, 0x0000000084500000| Untracked 
|  70|0x0000000084600000, 0x0000000084700000, 0x0000000084700000|100%| O|  |TAMS 0x0000000084700000, 0x0000000084600000| Untracked 
|  71|0x0000000084700000, 0x0000000084800000, 0x0000000084800000|100%| O|  |TAMS 0x0000000084800000, 0x0000000084700000| Untracked 
|  72|0x0000000084800000, 0x0000000084900000, 0x0000000084900000|100%| O|  |TAMS 0x0000000084900000, 0x0000000084800000| Untracked 
|  73|0x0000000084900000, 0x0000000084a00000, 0x0000000084a00000|100%| O|  |TAMS 0x0000000084a00000, 0x0000000084900000| Untracked 
|  74|0x0000000084a00000, 0x0000000084b00000, 0x0000000084b00000|100%| O|  |TAMS 0x0000000084b00000, 0x0000000084a00000| Untracked 
|  75|0x0000000084b00000, 0x0000000084c00000, 0x0000000084c00000|100%|HS|  |TAMS 0x0000000084c00000, 0x0000000084b00000| Complete 
|  76|0x0000000084c00000, 0x0000000084d00000, 0x0000000084d00000|100%|HS|  |TAMS 0x0000000084d00000, 0x0000000084c00000| Complete 
|  77|0x0000000084d00000, 0x0000000084e00000, 0x0000000084e00000|100%|HS|  |TAMS 0x0000000084e00000, 0x0000000084d00000| Complete 
|  78|0x0000000084e00000, 0x0000000084f00000, 0x0000000084f00000|100%|HC|  |TAMS 0x0000000084f00000, 0x0000000084e00000| Complete 
|  79|0x0000000084f00000, 0x0000000085000000, 0x0000000085000000|100%|HS|  |TAMS 0x0000000085000000, 0x0000000084f00000| Complete 
|  80|0x0000000085000000, 0x0000000085100000, 0x0000000085100000|100%|HS|  |TAMS 0x0000000085100000, 0x0000000085000000| Complete 
|  81|0x0000000085100000, 0x0000000085200000, 0x0000000085200000|100%|HC|  |TAMS 0x0000000085200000, 0x0000000085100000| Complete 
|  82|0x0000000085200000, 0x0000000085300000, 0x0000000085300000|100%|HC|  |TAMS 0x0000000085300000, 0x0000000085200000| Complete 
|  83|0x0000000085300000, 0x0000000085400000, 0x0000000085400000|100%|HC|  |TAMS 0x0000000085400000, 0x0000000085300000| Complete 
|  84|0x0000000085400000, 0x0000000085500000, 0x0000000085500000|100%| O|  |TAMS 0x0000000085500000, 0x0000000085400000| Untracked 
|  85|0x0000000085500000, 0x0000000085600000, 0x0000000085600000|100%| O|  |TAMS 0x0000000085600000, 0x0000000085500000| Untracked 
|  86|0x0000000085600000, 0x0000000085700000, 0x0000000085700000|100%| O|  |TAMS 0x0000000085700000, 0x0000000085600000| Untracked 
|  87|0x0000000085700000, 0x0000000085800000, 0x0000000085800000|100%| O|  |TAMS 0x0000000085800000, 0x0000000085700000| Untracked 
|  88|0x0000000085800000, 0x0000000085900000, 0x0000000085900000|100%| O|  |TAMS 0x0000000085800000, 0x0000000085800000| Untracked 
|  89|0x0000000085900000, 0x0000000085a00000, 0x0000000085a00000|100%| O|  |TAMS 0x0000000085a00000, 0x0000000085900000| Untracked 
|  90|0x0000000085a00000, 0x0000000085b00000, 0x0000000085b00000|100%| O|  |TAMS 0x0000000085b00000, 0x0000000085a00000| Untracked 
|  91|0x0000000085b00000, 0x0000000085c00000, 0x0000000085c00000|100%| O|  |TAMS 0x0000000085c00000, 0x0000000085b00000| Untracked 
|  92|0x0000000085c00000, 0x0000000085d00000, 0x0000000085d00000|100%| O|  |TAMS 0x0000000085d00000, 0x0000000085c00000| Untracked 
|  93|0x0000000085d00000, 0x0000000085e00000, 0x0000000085e00000|100%| O|  |TAMS 0x0000000085e00000, 0x0000000085d00000| Untracked 
|  94|0x0000000085e00000, 0x0000000085f00000, 0x0000000085f00000|100%| O|  |TAMS 0x0000000085f00000, 0x0000000085e00000| Untracked 
|  95|0x0000000085f00000, 0x0000000086000000, 0x0000000086000000|100%| O|  |TAMS 0x0000000086000000, 0x0000000085f00000| Untracked 
|  96|0x0000000086000000, 0x0000000086100000, 0x0000000086100000|100%| O|  |TAMS 0x0000000086100000, 0x0000000086000000| Untracked 
|  97|0x0000000086100000, 0x0000000086200000, 0x0000000086200000|100%| O|  |TAMS 0x0000000086200000, 0x0000000086100000| Untracked 
|  98|0x0000000086200000, 0x0000000086300000, 0x0000000086300000|100%| O|  |TAMS 0x0000000086300000, 0x0000000086200000| Untracked 
|  99|0x0000000086300000, 0x0000000086400000, 0x0000000086400000|100%| O|  |TAMS 0x0000000086400000, 0x0000000086300000| Untracked 
| 100|0x0000000086400000, 0x0000000086500000, 0x0000000086500000|100%| O|  |TAMS 0x000000008641c800, 0x0000000086400000| Untracked 
| 101|0x0000000086500000, 0x0000000086600000, 0x0000000086600000|100%| O|  |TAMS 0x0000000086500000, 0x0000000086500000| Untracked 
| 102|0x0000000086600000, 0x0000000086700000, 0x0000000086700000|100%| O|  |TAMS 0x0000000086600000, 0x0000000086600000| Untracked 
| 103|0x0000000086700000, 0x0000000086800000, 0x0000000086800000|100%| O|  |TAMS 0x0000000086700000, 0x0000000086700000| Untracked 
| 104|0x0000000086800000, 0x0000000086900000, 0x0000000086900000|100%| O|  |TAMS 0x0000000086800000, 0x0000000086800000| Untracked 
| 105|0x0000000086900000, 0x0000000086a00000, 0x0000000086a00000|100%| O|  |TAMS 0x0000000086900000, 0x0000000086900000| Untracked 
| 106|0x0000000086a00000, 0x0000000086b00000, 0x0000000086b00000|100%| O|  |TAMS 0x0000000086a00000, 0x0000000086a00000| Untracked 
| 107|0x0000000086b00000, 0x0000000086be9400, 0x0000000086c00000| 91%| O|  |TAMS 0x0000000086b00000, 0x0000000086b00000| Untracked 
| 108|0x0000000086c00000, 0x0000000086d00000, 0x0000000086d00000|100%|HS|  |TAMS 0x0000000086c00000, 0x0000000086c00000| Complete 
| 109|0x0000000086d00000, 0x0000000086e00000, 0x0000000086e00000|100%|HC|  |TAMS 0x0000000086d00000, 0x0000000086d00000| Complete 
| 110|0x0000000086e00000, 0x0000000086f00000, 0x0000000086f00000|100%|HS|  |TAMS 0x0000000086e00000, 0x0000000086e00000| Complete 
| 111|0x0000000086f00000, 0x0000000087000000, 0x0000000087000000|100%|HC|  |TAMS 0x0000000086f00000, 0x0000000086f00000| Complete 
| 112|0x0000000087000000, 0x0000000087100000, 0x0000000087100000|100%|HC|  |TAMS 0x0000000087000000, 0x0000000087000000| Complete 
| 113|0x0000000087100000, 0x0000000087200000, 0x0000000087200000|100%|HS|  |TAMS 0x0000000087100000, 0x0000000087100000| Complete 
| 114|0x0000000087200000, 0x0000000087300000, 0x0000000087300000|100%|HC|  |TAMS 0x0000000087200000, 0x0000000087200000| Complete 
| 115|0x0000000087300000, 0x0000000087400000, 0x0000000087400000|100%|HC|  |TAMS 0x0000000087300000, 0x0000000087300000| Complete 
| 116|0x0000000087400000, 0x0000000087500000, 0x0000000087500000|100%|HS|  |TAMS 0x0000000087400000, 0x0000000087400000| Complete 
| 117|0x0000000087500000, 0x0000000087600000, 0x0000000087600000|100%|HC|  |TAMS 0x0000000087500000, 0x0000000087500000| Complete 
| 118|0x0000000087600000, 0x0000000087700000, 0x0000000087700000|100%|HC|  |TAMS 0x0000000087600000, 0x0000000087600000| Complete 
| 119|0x0000000087700000, 0x0000000087800000, 0x0000000087800000|100%|HC|  |TAMS 0x0000000087700000, 0x0000000087700000| Complete 
| 120|0x0000000087800000, 0x0000000087900000, 0x0000000087900000|100%|HC|  |TAMS 0x0000000087800000, 0x0000000087800000| Complete 
| 121|0x0000000087900000, 0x0000000087a00000, 0x0000000087a00000|100%|HC|  |TAMS 0x0000000087900000, 0x0000000087900000| Complete 
| 122|0x0000000087a00000, 0x0000000087b00000, 0x0000000087b00000|100%|HC|  |TAMS 0x0000000087a00000, 0x0000000087a00000| Complete 
| 123|0x0000000087b00000, 0x0000000087c00000, 0x0000000087c00000|100%|HC|  |TAMS 0x0000000087b00000, 0x0000000087b00000| Complete 
| 124|0x0000000087c00000, 0x0000000087d00000, 0x0000000087d00000|100%|HC|  |TAMS 0x0000000087c00000, 0x0000000087c00000| Complete 
| 125|0x0000000087d00000, 0x0000000087e00000, 0x0000000087e00000|100%|HC|  |TAMS 0x0000000087d00000, 0x0000000087d00000| Complete 
| 126|0x0000000087e00000, 0x0000000087f00000, 0x0000000087f00000|100%|HC|  |TAMS 0x0000000087e00000, 0x0000000087e00000| Complete 
| 127|0x0000000087f00000, 0x0000000088000000, 0x0000000088000000|100%|HC|  |TAMS 0x0000000087f00000, 0x0000000087f00000| Complete 
| 128|0x0000000088000000, 0x0000000088100000, 0x0000000088100000|100%|HS|  |TAMS 0x0000000088000000, 0x0000000088000000| Complete 
| 129|0x0000000088100000, 0x0000000088200000, 0x0000000088200000|100%|HC|  |TAMS 0x0000000088100000, 0x0000000088100000| Complete 
| 130|0x0000000088200000, 0x0000000088200000, 0x0000000088300000|  0%| F|  |TAMS 0x0000000088200000, 0x0000000088200000| Untracked 
| 131|0x0000000088300000, 0x0000000088300000, 0x0000000088400000|  0%| F|  |TAMS 0x0000000088300000, 0x0000000088300000| Untracked 
| 132|0x0000000088400000, 0x0000000088400000, 0x0000000088500000|  0%| F|  |TAMS 0x0000000088400000, 0x0000000088400000| Untracked 
| 133|0x0000000088500000, 0x0000000088500000, 0x0000000088600000|  0%| F|  |TAMS 0x0000000088500000, 0x0000000088500000| Untracked 
| 134|0x0000000088600000, 0x0000000088600000, 0x0000000088700000|  0%| F|  |TAMS 0x0000000088600000, 0x0000000088600000| Untracked 
| 135|0x0000000088700000, 0x0000000088700000, 0x0000000088800000|  0%| F|  |TAMS 0x0000000088700000, 0x0000000088700000| Untracked 
| 136|0x0000000088800000, 0x0000000088800000, 0x0000000088900000|  0%| F|  |TAMS 0x0000000088800000, 0x0000000088800000| Untracked 
| 137|0x0000000088900000, 0x0000000088900000, 0x0000000088a00000|  0%| F|  |TAMS 0x0000000088900000, 0x0000000088900000| Untracked 
| 138|0x0000000088a00000, 0x0000000088a00000, 0x0000000088b00000|  0%| F|  |TAMS 0x0000000088a00000, 0x0000000088a00000| Untracked 
| 139|0x0000000088b00000, 0x0000000088b00000, 0x0000000088c00000|  0%| F|  |TAMS 0x0000000088b00000, 0x0000000088b00000| Untracked 
| 140|0x0000000088c00000, 0x0000000088c00000, 0x0000000088d00000|  0%| F|  |TAMS 0x0000000088c00000, 0x0000000088c00000| Untracked 
| 141|0x0000000088d00000, 0x0000000088d00000, 0x0000000088e00000|  0%| F|  |TAMS 0x0000000088d00000, 0x0000000088d00000| Untracked 
| 142|0x0000000088e00000, 0x0000000088e00000, 0x0000000088f00000|  0%| F|  |TAMS 0x0000000088e00000, 0x0000000088e00000| Untracked 
| 143|0x0000000088f00000, 0x0000000088f00000, 0x0000000089000000|  0%| F|  |TAMS 0x0000000088f00000, 0x0000000088f00000| Untracked 
| 144|0x0000000089000000, 0x0000000089000000, 0x0000000089100000|  0%| F|  |TAMS 0x0000000089000000, 0x0000000089000000| Untracked 
| 145|0x0000000089100000, 0x0000000089100000, 0x0000000089200000|  0%| F|  |TAMS 0x0000000089100000, 0x0000000089100000| Untracked 
| 146|0x0000000089200000, 0x0000000089200000, 0x0000000089300000|  0%| F|  |TAMS 0x0000000089200000, 0x0000000089200000| Untracked 
| 147|0x0000000089300000, 0x0000000089300000, 0x0000000089400000|  0%| F|  |TAMS 0x0000000089300000, 0x0000000089300000| Untracked 
| 148|0x0000000089400000, 0x0000000089400000, 0x0000000089500000|  0%| F|  |TAMS 0x0000000089400000, 0x0000000089400000| Untracked 
| 149|0x0000000089500000, 0x0000000089500000, 0x0000000089600000|  0%| F|  |TAMS 0x0000000089500000, 0x0000000089500000| Untracked 
| 150|0x0000000089600000, 0x0000000089600000, 0x0000000089700000|  0%| F|  |TAMS 0x0000000089600000, 0x0000000089600000| Untracked 
| 151|0x0000000089700000, 0x0000000089700000, 0x0000000089800000|  0%| F|  |TAMS 0x0000000089700000, 0x0000000089700000| Untracked 
| 152|0x0000000089800000, 0x0000000089800000, 0x0000000089900000|  0%| F|  |TAMS 0x0000000089800000, 0x0000000089800000| Untracked 
| 153|0x0000000089900000, 0x0000000089900000, 0x0000000089a00000|  0%| F|  |TAMS 0x0000000089900000, 0x0000000089900000| Untracked 
| 154|0x0000000089a00000, 0x0000000089a00000, 0x0000000089b00000|  0%| F|  |TAMS 0x0000000089a00000, 0x0000000089a00000| Untracked 
| 155|0x0000000089b00000, 0x0000000089b00000, 0x0000000089c00000|  0%| F|  |TAMS 0x0000000089b00000, 0x0000000089b00000| Untracked 
| 156|0x0000000089c00000, 0x0000000089c00000, 0x0000000089d00000|  0%| F|  |TAMS 0x0000000089c00000, 0x0000000089c00000| Untracked 
| 157|0x0000000089d00000, 0x0000000089d00000, 0x0000000089e00000|  0%| F|  |TAMS 0x0000000089d00000, 0x0000000089d00000| Untracked 
| 158|0x0000000089e00000, 0x0000000089e00000, 0x0000000089f00000|  0%| F|  |TAMS 0x0000000089e00000, 0x0000000089e00000| Untracked 
| 159|0x0000000089f00000, 0x0000000089f00000, 0x000000008a000000|  0%| F|  |TAMS 0x0000000089f00000, 0x0000000089f00000| Untracked 
| 160|0x000000008a000000, 0x000000008a000000, 0x000000008a100000|  0%| F|  |TAMS 0x000000008a000000, 0x000000008a000000| Untracked 
| 161|0x000000008a100000, 0x000000008a100000, 0x000000008a200000|  0%| F|  |TAMS 0x000000008a100000, 0x000000008a100000| Untracked 
| 162|0x000000008a200000, 0x000000008a200000, 0x000000008a300000|  0%| F|  |TAMS 0x000000008a200000, 0x000000008a200000| Untracked 
| 163|0x000000008a300000, 0x000000008a300000, 0x000000008a400000|  0%| F|  |TAMS 0x000000008a300000, 0x000000008a300000| Untracked 
| 164|0x000000008a400000, 0x000000008a400000, 0x000000008a500000|  0%| F|  |TAMS 0x000000008a400000, 0x000000008a400000| Untracked 
| 165|0x000000008a500000, 0x000000008a500000, 0x000000008a600000|  0%| F|  |TAMS 0x000000008a500000, 0x000000008a500000| Untracked 
| 166|0x000000008a600000, 0x000000008a600000, 0x000000008a700000|  0%| F|  |TAMS 0x000000008a600000, 0x000000008a600000| Untracked 
| 167|0x000000008a700000, 0x000000008a700000, 0x000000008a800000|  0%| F|  |TAMS 0x000000008a700000, 0x000000008a700000| Untracked 
| 168|0x000000008a800000, 0x000000008a800000, 0x000000008a900000|  0%| F|  |TAMS 0x000000008a800000, 0x000000008a800000| Untracked 
| 169|0x000000008a900000, 0x000000008a900000, 0x000000008aa00000|  0%| F|  |TAMS 0x000000008a900000, 0x000000008a900000| Untracked 
| 170|0x000000008aa00000, 0x000000008aa00000, 0x000000008ab00000|  0%| F|  |TAMS 0x000000008aa00000, 0x000000008aa00000| Untracked 
| 171|0x000000008ab00000, 0x000000008ab00000, 0x000000008ac00000|  0%| F|  |TAMS 0x000000008ab00000, 0x000000008ab00000| Untracked 
| 172|0x000000008ac00000, 0x000000008ac00000, 0x000000008ad00000|  0%| F|  |TAMS 0x000000008ac00000, 0x000000008ac00000| Untracked 
| 173|0x000000008ad00000, 0x000000008ad00000, 0x000000008ae00000|  0%| F|  |TAMS 0x000000008ad00000, 0x000000008ad00000| Untracked 
| 174|0x000000008ae00000, 0x000000008ae00000, 0x000000008af00000|  0%| F|  |TAMS 0x000000008ae00000, 0x000000008ae00000| Untracked 
| 175|0x000000008af00000, 0x000000008af00000, 0x000000008b000000|  0%| F|  |TAMS 0x000000008af00000, 0x000000008af00000| Untracked 
| 176|0x000000008b000000, 0x000000008b000000, 0x000000008b100000|  0%| F|  |TAMS 0x000000008b000000, 0x000000008b000000| Untracked 
| 177|0x000000008b100000, 0x000000008b100000, 0x000000008b200000|  0%| F|  |TAMS 0x000000008b100000, 0x000000008b100000| Untracked 
| 178|0x000000008b200000, 0x000000008b200000, 0x000000008b300000|  0%| F|  |TAMS 0x000000008b200000, 0x000000008b200000| Untracked 
| 179|0x000000008b300000, 0x000000008b300000, 0x000000008b400000|  0%| F|  |TAMS 0x000000008b300000, 0x000000008b300000| Untracked 
| 180|0x000000008b400000, 0x000000008b400000, 0x000000008b500000|  0%| F|  |TAMS 0x000000008b400000, 0x000000008b400000| Untracked 
| 181|0x000000008b500000, 0x000000008b500000, 0x000000008b600000|  0%| F|  |TAMS 0x000000008b500000, 0x000000008b500000| Untracked 
| 182|0x000000008b600000, 0x000000008b600000, 0x000000008b700000|  0%| F|  |TAMS 0x000000008b600000, 0x000000008b600000| Untracked 
| 183|0x000000008b700000, 0x000000008b700000, 0x000000008b800000|  0%| F|  |TAMS 0x000000008b700000, 0x000000008b700000| Untracked 
| 184|0x000000008b800000, 0x000000008b800000, 0x000000008b900000|  0%| F|  |TAMS 0x000000008b800000, 0x000000008b800000| Untracked 
| 185|0x000000008b900000, 0x000000008b900000, 0x000000008ba00000|  0%| F|  |TAMS 0x000000008b900000, 0x000000008b900000| Untracked 
| 186|0x000000008ba00000, 0x000000008ba00000, 0x000000008bb00000|  0%| F|  |TAMS 0x000000008ba00000, 0x000000008ba00000| Untracked 
| 187|0x000000008bb00000, 0x000000008bb00000, 0x000000008bc00000|  0%| F|  |TAMS 0x000000008bb00000, 0x000000008bb00000| Untracked 
| 188|0x000000008bc00000, 0x000000008bc00000, 0x000000008bd00000|  0%| F|  |TAMS 0x000000008bc00000, 0x000000008bc00000| Untracked 
| 189|0x000000008bd00000, 0x000000008bd00000, 0x000000008be00000|  0%| F|  |TAMS 0x000000008bd00000, 0x000000008bd00000| Untracked 
| 190|0x000000008be00000, 0x000000008be00000, 0x000000008bf00000|  0%| F|  |TAMS 0x000000008be00000, 0x000000008be00000| Untracked 
| 191|0x000000008bf00000, 0x000000008bf00000, 0x000000008c000000|  0%| F|  |TAMS 0x000000008bf00000, 0x000000008bf00000| Untracked 
| 192|0x000000008c000000, 0x000000008c000000, 0x000000008c100000|  0%| F|  |TAMS 0x000000008c000000, 0x000000008c000000| Untracked 
| 193|0x000000008c100000, 0x000000008c100000, 0x000000008c200000|  0%| F|  |TAMS 0x000000008c100000, 0x000000008c100000| Untracked 
| 194|0x000000008c200000, 0x000000008c2f1bc0, 0x000000008c300000| 94%| E|  |TAMS 0x000000008c200000, 0x000000008c200000| Complete 
| 195|0x000000008c300000, 0x000000008c400000, 0x000000008c400000|100%| E|CS|TAMS 0x000000008c300000, 0x000000008c300000| Complete 
| 196|0x000000008c400000, 0x000000008c500000, 0x000000008c500000|100%| E|CS|TAMS 0x000000008c400000, 0x000000008c400000| Complete 
| 197|0x000000008c500000, 0x000000008c600000, 0x000000008c600000|100%| E|CS|TAMS 0x000000008c500000, 0x000000008c500000| Complete 
| 198|0x000000008c600000, 0x000000008c700000, 0x000000008c700000|100%| E|CS|TAMS 0x000000008c600000, 0x000000008c600000| Complete 
| 199|0x000000008c700000, 0x000000008c800000, 0x000000008c800000|100%| E|CS|TAMS 0x000000008c700000, 0x000000008c700000| Complete 
| 200|0x000000008c800000, 0x000000008c900000, 0x000000008c900000|100%| E|CS|TAMS 0x000000008c800000, 0x000000008c800000| Complete 
| 201|0x000000008c900000, 0x000000008ca00000, 0x000000008ca00000|100%| E|CS|TAMS 0x000000008c900000, 0x000000008c900000| Complete 
| 202|0x000000008ca00000, 0x000000008cb00000, 0x000000008cb00000|100%| E|CS|TAMS 0x000000008ca00000, 0x000000008ca00000| Complete 
| 203|0x000000008cb00000, 0x000000008cc00000, 0x000000008cc00000|100%| E|CS|TAMS 0x000000008cb00000, 0x000000008cb00000| Complete 
| 204|0x000000008cc00000, 0x000000008cd00000, 0x000000008cd00000|100%| E|CS|TAMS 0x000000008cc00000, 0x000000008cc00000| Complete 
| 205|0x000000008cd00000, 0x000000008ce00000, 0x000000008ce00000|100%| E|CS|TAMS 0x000000008cd00000, 0x000000008cd00000| Complete 
| 206|0x000000008ce00000, 0x000000008cf00000, 0x000000008cf00000|100%| E|CS|TAMS 0x000000008ce00000, 0x000000008ce00000| Complete 
| 207|0x000000008cf00000, 0x000000008d000000, 0x000000008d000000|100%| E|  |TAMS 0x000000008cf00000, 0x000000008cf00000| Complete 
| 208|0x000000008d000000, 0x000000008d100000, 0x000000008d100000|100%| E|CS|TAMS 0x000000008d000000, 0x000000008d000000| Complete 
| 209|0x000000008d100000, 0x000000008d200000, 0x000000008d200000|100%| E|CS|TAMS 0x000000008d100000, 0x000000008d100000| Complete 
| 210|0x000000008d200000, 0x000000008d300000, 0x000000008d300000|100%| E|CS|TAMS 0x000000008d200000, 0x000000008d200000| Complete 
| 211|0x000000008d300000, 0x000000008d400000, 0x000000008d400000|100%| E|CS|TAMS 0x000000008d300000, 0x000000008d300000| Complete 
| 212|0x000000008d400000, 0x000000008d500000, 0x000000008d500000|100%| E|CS|TAMS 0x000000008d400000, 0x000000008d400000| Complete 
| 213|0x000000008d500000, 0x000000008d600000, 0x000000008d600000|100%| E|CS|TAMS 0x000000008d500000, 0x000000008d500000| Complete 
| 214|0x000000008d600000, 0x000000008d700000, 0x000000008d700000|100%| E|CS|TAMS 0x000000008d600000, 0x000000008d600000| Complete 
| 215|0x000000008d700000, 0x000000008d800000, 0x000000008d800000|100%| E|CS|TAMS 0x000000008d700000, 0x000000008d700000| Complete 
| 216|0x000000008d800000, 0x000000008d900000, 0x000000008d900000|100%| E|CS|TAMS 0x000000008d800000, 0x000000008d800000| Complete 
| 217|0x000000008d900000, 0x000000008da00000, 0x000000008da00000|100%| E|CS|TAMS 0x000000008d900000, 0x000000008d900000| Complete 
| 218|0x000000008da00000, 0x000000008db00000, 0x000000008db00000|100%| E|CS|TAMS 0x000000008da00000, 0x000000008da00000| Complete 
| 219|0x000000008db00000, 0x000000008dc00000, 0x000000008dc00000|100%| E|CS|TAMS 0x000000008db00000, 0x000000008db00000| Complete 
| 220|0x000000008dc00000, 0x000000008dd00000, 0x000000008dd00000|100%| E|CS|TAMS 0x000000008dc00000, 0x000000008dc00000| Complete 
| 221|0x000000008dd00000, 0x000000008de00000, 0x000000008de00000|100%| E|CS|TAMS 0x000000008dd00000, 0x000000008dd00000| Complete 
| 222|0x000000008de00000, 0x000000008df00000, 0x000000008df00000|100%| E|CS|TAMS 0x000000008de00000, 0x000000008de00000| Complete 
| 223|0x000000008df00000, 0x000000008e000000, 0x000000008e000000|100%| E|CS|TAMS 0x000000008df00000, 0x000000008df00000| Complete 
| 224|0x000000008e000000, 0x000000008e100000, 0x000000008e100000|100%| E|CS|TAMS 0x000000008e000000, 0x000000008e000000| Complete 
| 225|0x000000008e100000, 0x000000008e200000, 0x000000008e200000|100%| E|CS|TAMS 0x000000008e100000, 0x000000008e100000| Complete 
| 226|0x000000008e200000, 0x000000008e300000, 0x000000008e300000|100%| E|CS|TAMS 0x000000008e200000, 0x000000008e200000| Complete 
| 227|0x000000008e300000, 0x000000008e400000, 0x000000008e400000|100%| E|CS|TAMS 0x000000008e300000, 0x000000008e300000| Complete 
| 228|0x000000008e400000, 0x000000008e500000, 0x000000008e500000|100%| E|CS|TAMS 0x000000008e400000, 0x000000008e400000| Complete 
| 229|0x000000008e500000, 0x000000008e600000, 0x000000008e600000|100%| E|CS|TAMS 0x000000008e500000, 0x000000008e500000| Complete 
| 230|0x000000008e600000, 0x000000008e700000, 0x000000008e700000|100%| E|CS|TAMS 0x000000008e600000, 0x000000008e600000| Complete 
| 231|0x000000008e700000, 0x000000008e800000, 0x000000008e800000|100%| E|CS|TAMS 0x000000008e700000, 0x000000008e700000| Complete 
| 232|0x000000008e800000, 0x000000008e900000, 0x000000008e900000|100%| E|CS|TAMS 0x000000008e800000, 0x000000008e800000| Complete 
| 233|0x000000008e900000, 0x000000008ea00000, 0x000000008ea00000|100%| E|CS|TAMS 0x000000008e900000, 0x000000008e900000| Complete 
| 234|0x000000008ea00000, 0x000000008eb00000, 0x000000008eb00000|100%| E|CS|TAMS 0x000000008ea00000, 0x000000008ea00000| Complete 
| 235|0x000000008eb00000, 0x000000008ec00000, 0x000000008ec00000|100%| E|CS|TAMS 0x000000008eb00000, 0x000000008eb00000| Complete 
| 236|0x000000008ec00000, 0x000000008ed00000, 0x000000008ed00000|100%| E|CS|TAMS 0x000000008ec00000, 0x000000008ec00000| Complete 
| 237|0x000000008ed00000, 0x000000008ee00000, 0x000000008ee00000|100%| S|CS|TAMS 0x000000008ed00000, 0x000000008ed00000| Complete 
| 238|0x000000008ee00000, 0x000000008ef00000, 0x000000008ef00000|100%| E|CS|TAMS 0x000000008ee00000, 0x000000008ee00000| Complete 
| 239|0x000000008ef00000, 0x000000008f000000, 0x000000008f000000|100%| E|CS|TAMS 0x000000008ef00000, 0x000000008ef00000| Complete 
| 240|0x000000008f000000, 0x000000008f100000, 0x000000008f100000|100%| E|CS|TAMS 0x000000008f000000, 0x000000008f000000| Complete 

Card table byte_map: [0x00000223f64c0000,0x00000223f68c0000] _byte_map_base: 0x00000223f60c0000

Marking Bits (Prev, Next): (CMBitMap*) 0x00000223e3c52600, (CMBitMap*) 0x00000223e3c52640
 Prev Bits: [0x00000223f6cc0000, 0x00000223f8cc0000)
 Next Bits: [0x00000223f8cc0000, 0x00000223facc0000)

Polling page: 0x00000223e33c0000

Metaspace:

Usage:
  Non-class:     77.83 MB used.
      Class:     12.08 MB used.
       Both:     89.91 MB used.

Virtual space:
  Non-class space:       80.00 MB reserved,      78.19 MB ( 98%) committed,  10 nodes.
      Class space:        1.00 GB reserved,      12.38 MB (  1%) committed,  1 nodes.
             Both:        1.08 GB reserved,      90.56 MB (  8%) committed. 

Chunk freelists:
   Non-Class:  1.12 MB
       Class:  3.45 MB
        Both:  4.58 MB

MaxMetaspaceSize: unlimited
CompressedClassSpaceSize: 1.00 GB
Initial GC threshold: 21.00 MB
Current GC threshold: 130.12 MB
CDS: off
MetaspaceReclaimPolicy: balanced
 - commit_granule_bytes: 65536.
 - commit_granule_words: 8192.
 - virtual_space_node_default_size: 1048576.
 - enlarge_chunks_in_place: 1.
 - new_chunks_are_fully_committed: 0.
 - uncommit_free_chunks: 1.
 - use_allocation_guard: 0.
 - handle_deallocations: 1.


Internal statistics:

num_allocs_failed_limit: 3.
num_arena_births: 928.
num_arena_deaths: 0.
num_vsnodes_births: 11.
num_vsnodes_deaths: 0.
num_space_committed: 1448.
num_space_uncommitted: 0.
num_chunks_returned_to_freelist: 3.
num_chunks_taken_from_freelist: 4291.
num_chunk_merges: 3.
num_chunk_splits: 2886.
num_chunks_enlarged: 1965.
num_purges: 0.
num_inconsistent_stats: 0.

CodeHeap 'non-profiled nmethods': size=120064Kb used=4361Kb max_used=4361Kb free=115703Kb
 bounds [0x00000223eeb80000, 0x00000223eefd0000, 0x00000223f60c0000]
CodeHeap 'profiled nmethods': size=120000Kb used=17010Kb max_used=17010Kb free=102989Kb
 bounds [0x00000223e70c0000, 0x00000223e8160000, 0x00000223ee5f0000]
CodeHeap 'non-nmethods': size=5696Kb used=2383Kb max_used=2423Kb free=3312Kb
 bounds [0x00000223ee5f0000, 0x00000223ee860000, 0x00000223eeb80000]
 total_blobs=9310 nmethods=8390 adapters=832
 compilation: enabled
              stopped_count=0, restarted_count=0
 full_count=0

Compilation events (20 events):
Event: 40.988 Thread 0x00000223fd804270 9264       3       groovyjarjarasm.asm.ByteVector::put122 (93 bytes)
Event: 40.990 Thread 0x00000223fd804270 nmethod 9264 0x00000223e8153f90 code [0x00000223e8154140, 0x00000223e81543c8]
Event: 40.990 Thread 0x00000223fd804270 9265       3       groovyjarjarasm.asm.Frame::<init> (10 bytes)
Event: 40.991 Thread 0x00000223fd804270 nmethod 9265 0x00000223e8154590 code [0x00000223e8154720, 0x00000223e81548d8]
Event: 40.993 Thread 0x00000223fd804270 9267       2       groovyjarjarasm.asm.MethodWriter::visitLabel (328 bytes)
Event: 40.994 Thread 0x00000223fd804270 nmethod 9267 0x00000223e8154990 code [0x00000223e8154bc0, 0x00000223e8155588]
Event: 40.995 Thread 0x00000223fd804270 9268       2       groovyjarjarasm.asm.SymbolTable::addConstantMemberReference (147 bytes)
Event: 40.996 Thread 0x00000223fd804270 nmethod 9268 0x00000223e8155810 code [0x00000223e8155a40, 0x00000223e8155fa8]
Event: 41.000 Thread 0x00000223fd804270 9269       2       jdk.internal.org.objectweb.asm.Frame::getAbstractTypeFromDescriptor (415 bytes)
Event: 41.002 Thread 0x00000223fd804270 nmethod 9269 0x00000223e8156490 code [0x00000223e8156720, 0x00000223e8157258]
Event: 41.012 Thread 0x00000223fd804270 9270       2       org.gradle.api.internal.project.taskfactory.DefaultTaskClassInfoStore::createTaskAction (187 bytes)
Event: 41.014 Thread 0x00000223fd804270 nmethod 9270 0x00000223e8157910 code [0x00000223e8157d00, 0x00000223e8159528]
Event: 41.022 Thread 0x00000223fd804270 9271       2       org.gradle.internal.serialize.DefaultSerializerRegistry$TaggedTypeSerializer::write (37 bytes)
Event: 41.023 Thread 0x00000223fd804270 nmethod 9271 0x00000223e8159f90 code [0x00000223e815a160, 0x00000223e815a368]
Event: 41.023 Thread 0x00000223fd804270 9272       2       org.gradle.internal.serialize.DefaultSerializerRegistry$TaggedTypeSerializer::map (110 bytes)
Event: 41.024 Thread 0x00000223fd804270 nmethod 9272 0x00000223e815a510 code [0x00000223e815a7c0, 0x00000223e815b0e8]
Event: 41.026 Thread 0x00000223fd804270 9273       2       java.lang.invoke.DirectMethodHandle$Special::<init> (16 bytes)
Event: 41.026 Thread 0x00000223fd804270 nmethod 9273 0x00000223e815b590 code [0x00000223e815b720, 0x00000223e815b8a8]
Event: 41.026 Thread 0x00000223fd804270 9274       2       org.gradle.internal.resources.AbstractResourceLockRegistry::detailsForCurrentThread (54 bytes)
Event: 41.027 Thread 0x00000223fd804270 nmethod 9274 0x00000223e815b990 code [0x00000223e815bb60, 0x00000223e815bf18]

GC Heap History (20 events):
Event: 26.927 GC heap before
{Heap before GC invocations=33 (full 0):
 garbage-first heap   total 164864K, used 98252K [0x0000000080000000, 0x0000000100000000)
  region size 1024K, 8 young (8192K), 4 survivors (4096K)
 Metaspace       used 59178K, committed 59840K, reserved 1105920K
  class space    used 7945K, committed 8256K, reserved 1048576K
}
Event: 26.936 GC heap after
{Heap after GC invocations=34 (full 0):
 garbage-first heap   total 164864K, used 93445K [0x0000000080000000, 0x0000000100000000)
  region size 1024K, 1 young (1024K), 1 survivors (1024K)
 Metaspace       used 59178K, committed 59840K, reserved 1105920K
  class space    used 7945K, committed 8256K, reserved 1048576K
}
Event: 28.576 GC heap before
{Heap before GC invocations=34 (full 0):
 garbage-first heap   total 164864K, used 124165K [0x0000000080000000, 0x0000000100000000)
  region size 1024K, 31 young (31744K), 1 survivors (1024K)
 Metaspace       used 64218K, committed 64832K, reserved 1105920K
  class space    used 8510K, committed 8768K, reserved 1048576K
}
Event: 28.587 GC heap after
{Heap after GC invocations=35 (full 0):
 garbage-first heap   total 164864K, used 94692K [0x0000000080000000, 0x0000000100000000)
  region size 1024K, 2 young (2048K), 2 survivors (2048K)
 Metaspace       used 64218K, committed 64832K, reserved 1105920K
  class space    used 8510K, committed 8768K, reserved 1048576K
}
Event: 29.780 GC heap before
{Heap before GC invocations=36 (full 0):
 garbage-first heap   total 164864K, used 132580K [0x0000000080000000, 0x0000000100000000)
  region size 1024K, 33 young (33792K), 2 survivors (2048K)
 Metaspace       used 68181K, committed 68800K, reserved 1114112K
  class space    used 9045K, committed 9344K, reserved 1048576K
}
Event: 29.800 GC heap after
{Heap after GC invocations=37 (full 0):
 garbage-first heap   total 164864K, used 98357K [0x0000000080000000, 0x0000000100000000)
  region size 1024K, 5 young (5120K), 5 survivors (5120K)
 Metaspace       used 68181K, committed 68800K, reserved 1114112K
  class space    used 9045K, committed 9344K, reserved 1048576K
}
Event: 30.029 GC heap before
{Heap before GC invocations=37 (full 0):
 garbage-first heap   total 164864K, used 101429K [0x0000000080000000, 0x0000000100000000)
  region size 1024K, 8 young (8192K), 5 survivors (5120K)
 Metaspace       used 68560K, committed 69184K, reserved 1114112K
  class space    used 9104K, committed 9408K, reserved 1048576K
}
Event: 30.038 GC heap after
{Heap after GC invocations=38 (full 0):
 garbage-first heap   total 164864K, used 98732K [0x0000000080000000, 0x0000000100000000)
  region size 1024K, 1 young (1024K), 1 survivors (1024K)
 Metaspace       used 68560K, committed 69184K, reserved 1114112K
  class space    used 9104K, committed 9408K, reserved 1048576K
}
Event: 31.104 GC heap before
{Heap before GC invocations=38 (full 0):
 garbage-first heap   total 164864K, used 129452K [0x0000000080000000, 0x0000000100000000)
  region size 1024K, 31 young (31744K), 1 survivors (1024K)
 Metaspace       used 71493K, committed 72192K, reserved 1114112K
  class space    used 9456K, committed 9792K, reserved 1048576K
}
Event: 31.110 GC heap after
{Heap after GC invocations=39 (full 0):
 garbage-first heap   total 164864K, used 99962K [0x0000000080000000, 0x0000000100000000)
  region size 1024K, 2 young (2048K), 2 survivors (2048K)
 Metaspace       used 71493K, committed 72192K, reserved 1114112K
  class space    used 9456K, committed 9792K, reserved 1048576K
}
Event: 32.471 GC heap before
{Heap before GC invocations=40 (full 0):
 garbage-first heap   total 171008K, used 131706K [0x0000000080000000, 0x0000000100000000)
  region size 1024K, 33 young (33792K), 2 survivors (2048K)
 Metaspace       used 74798K, committed 75520K, reserved 1122304K
  class space    used 9903K, committed 10240K, reserved 1048576K
}
Event: 32.481 GC heap after
{Heap after GC invocations=41 (full 0):
 garbage-first heap   total 171008K, used 102185K [0x0000000080000000, 0x0000000100000000)
  region size 1024K, 5 young (5120K), 5 survivors (5120K)
 Metaspace       used 74798K, committed 75520K, reserved 1122304K
  class space    used 9903K, committed 10240K, reserved 1048576K
}
Event: 32.618 GC heap before
{Heap before GC invocations=41 (full 0):
 garbage-first heap   total 171008K, used 104233K [0x0000000080000000, 0x0000000100000000)
  region size 1024K, 8 young (8192K), 5 survivors (5120K)
 Metaspace       used 75237K, committed 75904K, reserved 1122304K
  class space    used 9966K, committed 10304K, reserved 1048576K
}
Event: 32.634 GC heap after
{Heap after GC invocations=42 (full 0):
 garbage-first heap   total 171008K, used 102191K [0x0000000080000000, 0x0000000100000000)
  region size 1024K, 1 young (1024K), 1 survivors (1024K)
 Metaspace       used 75237K, committed 75904K, reserved 1122304K
  class space    used 9966K, committed 10304K, reserved 1048576K
}
Event: 34.012 GC heap before
{Heap before GC invocations=42 (full 0):
 garbage-first heap   total 171008K, used 137007K [0x0000000080000000, 0x0000000100000000)
  region size 1024K, 35 young (35840K), 1 survivors (1024K)
 Metaspace       used 79288K, committed 79936K, reserved 1122304K
  class space    used 10496K, committed 10816K, reserved 1048576K
}
Event: 34.033 GC heap after
{Heap after GC invocations=43 (full 0):
 garbage-first heap   total 246784K, used 105210K [0x0000000080000000, 0x0000000100000000)
  region size 1024K, 4 young (4096K), 4 survivors (4096K)
 Metaspace       used 79288K, committed 79936K, reserved 1122304K
  class space    used 10496K, committed 10816K, reserved 1048576K
}
Event: 38.135 GC heap before
{Heap before GC invocations=44 (full 0):
 garbage-first heap   total 246784K, used 185082K [0x0000000080000000, 0x0000000100000000)
  region size 1024K, 82 young (83968K), 4 survivors (4096K)
 Metaspace       used 86717K, committed 87360K, reserved 1130496K
  class space    used 11711K, committed 12032K, reserved 1048576K
}
Event: 38.155 GC heap after
{Heap after GC invocations=45 (full 0):
 garbage-first heap   total 246784K, used 110258K [0x0000000080000000, 0x0000000100000000)
  region size 1024K, 9 young (9216K), 9 survivors (9216K)
 Metaspace       used 86717K, committed 87360K, reserved 1130496K
  class space    used 11711K, committed 12032K, reserved 1048576K
}
Event: 38.343 GC heap before
{Heap before GC invocations=45 (full 0):
 garbage-first heap   total 246784K, used 113330K [0x0000000080000000, 0x0000000100000000)
  region size 1024K, 12 young (12288K), 9 survivors (9216K)
 Metaspace       used 87016K, committed 87808K, reserved 1130496K
  class space    used 11748K, committed 12096K, reserved 1048576K
}
Event: 38.368 GC heap after
{Heap after GC invocations=46 (full 0):
 garbage-first heap   total 246784K, used 110501K [0x0000000080000000, 0x0000000100000000)
  region size 1024K, 1 young (1024K), 1 survivors (1024K)
 Metaspace       used 87016K, committed 87808K, reserved 1130496K
  class space    used 11748K, committed 12096K, reserved 1048576K
}

Dll operation events (2 events):
Event: 0.024 Loaded shared library D:\ANDROID\jbr\bin\java.dll
Event: 3.249 Loaded shared library D:\ANDROID\jbr\bin\verify.dll

Deoptimization events (20 events):
Event: 40.129 Thread 0x00000223fe7972d0 DEOPT PACKING pc=0x00000223eee3c198 sp=0x00000099bd7f8580
Event: 40.129 Thread 0x00000223fe7972d0 DEOPT UNPACKING pc=0x00000223ee6469a3 sp=0x00000099bd7f8558 mode 2
Event: 40.149 Thread 0x00000223fe7972d0 Uncommon trap: trap_request=0xffffff45 fr.pc=0x00000223eee38358 relative=0x00000000000001b8
Event: 40.149 Thread 0x00000223fe7972d0 Uncommon trap: reason=unstable_if action=reinterpret pc=0x00000223eee38358 method=com.esotericsoftware.kryo.io.Input.require(I)I @ 65 c2
Event: 40.149 Thread 0x00000223fe7972d0 DEOPT PACKING pc=0x00000223eee38358 sp=0x00000099bd7f8540
Event: 40.149 Thread 0x00000223fe7972d0 DEOPT UNPACKING pc=0x00000223ee6469a3 sp=0x00000099bd7f84f0 mode 2
Event: 40.213 Thread 0x00000223fe7972d0 Uncommon trap: trap_request=0xffffff45 fr.pc=0x00000223eebcc770 relative=0x0000000000000070
Event: 40.213 Thread 0x00000223fe7972d0 Uncommon trap: reason=unstable_if action=reinterpret pc=0x00000223eebcc770 method=com.google.common.cache.LocalCache.isExpired(Lcom/google/common/cache/ReferenceEntry;J)Z @ 9 c2
Event: 40.213 Thread 0x00000223fe7972d0 DEOPT PACKING pc=0x00000223eebcc770 sp=0x00000099bd7f8700
Event: 40.213 Thread 0x00000223fe7972d0 DEOPT UNPACKING pc=0x00000223ee6469a3 sp=0x00000099bd7f8690 mode 2
Event: 40.328 Thread 0x00000223fe7972d0 Uncommon trap: trap_request=0xffffff45 fr.pc=0x00000223eec9e9b0 relative=0x0000000000000770
Event: 40.328 Thread 0x00000223fe7972d0 Uncommon trap: reason=unstable_if action=reinterpret pc=0x00000223eec9e9b0 method=java.lang.Integer.stringSize(I)I @ 3 c2
Event: 40.328 Thread 0x00000223fe7972d0 DEOPT PACKING pc=0x00000223eec9e9b0 sp=0x00000099bd7fc590
Event: 40.328 Thread 0x00000223fe7972d0 DEOPT UNPACKING pc=0x00000223ee6469a3 sp=0x00000099bd7fc4e0 mode 2
Event: 40.417 Thread 0x00000223fe7972d0 Uncommon trap: trap_request=0xffffff45 fr.pc=0x00000223eede55f8 relative=0x0000000000001198
Event: 40.417 Thread 0x00000223fe7972d0 Uncommon trap: reason=unstable_if action=reinterpret pc=0x00000223eede55f8 method=jdk.internal.org.objectweb.asm.Frame.getAbstractTypeFromDescriptor(Ljdk/internal/org/objectweb/asm/SymbolTable;Ljava/lang/String;I)I @ 189 c2
Event: 40.417 Thread 0x00000223fe7972d0 DEOPT PACKING pc=0x00000223eede55f8 sp=0x00000099bd7fbbf0
Event: 40.417 Thread 0x00000223fe7972d0 DEOPT UNPACKING pc=0x00000223ee6469a3 sp=0x00000099bd7fbbb0 mode 2
Event: 41.004 Thread 0x00000223fe7972d0 DEOPT PACKING pc=0x00000223e7d3c1f6 sp=0x00000099bd7fa1e0
Event: 41.004 Thread 0x00000223fe7972d0 DEOPT UNPACKING pc=0x00000223ee647143 sp=0x00000099bd7f97a8 mode 0

Classes unloaded (0 events):
No events

Classes redefined (0 events):
No events

Internal exceptions (20 events):
Event: 40.725 Thread 0x00000223fe471530 Exception <a 'java/lang/NoSuchMethodError'{0x000000008cc92ad8}: static Lorg/gradle/tooling/internal/provider/serialization/SerializedPayload;.<clinit>()V> (0x000000008cc92ad8) 
thrown [s\src\hotspot\share\prims\jni.cpp, line 1108]
Event: 40.727 Thread 0x00000223fe471530 Exception <a 'java/lang/NoSuchMethodError'{0x000000008cc99770}: static [B.<clinit>()V> (0x000000008cc99770) 
thrown [s\src\hotspot\share\prims\jni.cpp, line 1108]
Event: 40.930 Thread 0x00000223fe7972d0 Exception <a 'java/lang/ClassNotFoundException'{0x000000008c769ca0}: com/google/common/collect/SingletonImmutableListBeanInfo> (0x000000008c769ca0) 
thrown [s\src\hotspot\share\classfile\systemDictionary.cpp, line 256]
Event: 40.931 Thread 0x00000223fe7972d0 Exception <a 'java/lang/ClassNotFoundException'{0x000000008c7748d8}: com/google/common/collect/ImmutableListBeanInfo> (0x000000008c7748d8) 
thrown [s\src\hotspot\share\classfile\systemDictionary.cpp, line 256]
Event: 40.932 Thread 0x00000223fe7972d0 Exception <a 'java/lang/ClassNotFoundException'{0x000000008c77f578}: com/google/common/collect/ImmutableCollectionBeanInfo> (0x000000008c77f578) 
thrown [s\src\hotspot\share\classfile\systemDictionary.cpp, line 256]
Event: 40.932 Thread 0x00000223fe7972d0 Exception <a 'java/lang/ClassNotFoundException'{0x000000008c785610}: java/util/AbstractCollectionBeanInfo> (0x000000008c785610) 
thrown [s\src\hotspot\share\classfile\systemDictionary.cpp, line 256]
Event: 40.932 Thread 0x00000223fe7972d0 Exception <a 'java/lang/ClassNotFoundException'{0x000000008c78b430}: java/util/AbstractCollectionCustomizer> (0x000000008c78b430) 
thrown [s\src\hotspot\share\classfile\systemDictionary.cpp, line 256]
Event: 40.934 Thread 0x00000223fe7972d0 Exception <a 'java/lang/ClassNotFoundException'{0x000000008c79f460}: com/google/common/collect/ImmutableCollectionCustomizer> (0x000000008c79f460) 
thrown [s\src\hotspot\share\classfile\systemDictionary.cpp, line 256]
Event: 40.938 Thread 0x00000223fe7972d0 Exception <a 'java/lang/ClassNotFoundException'{0x000000008c7b93e8}: com/google/common/collect/ImmutableListCustomizer> (0x000000008c7b93e8) 
thrown [s\src\hotspot\share\classfile\systemDictionary.cpp, line 256]
Event: 40.944 Thread 0x00000223fe7972d0 Exception <a 'java/lang/ClassNotFoundException'{0x000000008c7f9b00}: com/google/common/collect/SingletonImmutableListCustomizer> (0x000000008c7f9b00) 
thrown [s\src\hotspot\share\classfile\systemDictionary.cpp, line 256]
Event: 40.953 Thread 0x00000223fe7972d0 Exception <a 'java/lang/ClassNotFoundException'{0x000000008c661d08}: org/gradle/api/DefaultTask_DecoratedBeanInfo> (0x000000008c661d08) 
thrown [s\src\hotspot\share\classfile\systemDictionary.cpp, line 256]
Event: 40.954 Thread 0x00000223fe7972d0 Exception <a 'java/lang/ClassNotFoundException'{0x000000008c66c510}: org/gradle/api/DefaultTaskBeanInfo> (0x000000008c66c510) 
thrown [s\src\hotspot\share\classfile\systemDictionary.cpp, line 256]
Event: 40.954 Thread 0x00000223fe7972d0 Exception <a 'java/lang/ClassNotFoundException'{0x000000008c677f40}: org/gradle/api/internal/AbstractTaskBeanInfo> (0x000000008c677f40) 
thrown [s\src\hotspot\share\classfile\systemDictionary.cpp, line 256]
Event: 40.955 Thread 0x00000223fe7972d0 Exception <a 'java/lang/ClassNotFoundException'{0x000000008c683128}: org/gradle/api/internal/AbstractTaskCustomizer> (0x000000008c683128) 
thrown [s\src\hotspot\share\classfile\systemDictionary.cpp, line 256]
Event: 40.965 Thread 0x00000223fe7972d0 Exception <a 'java/lang/ClassNotFoundException'{0x000000008c6dea18}: org/gradle/api/DefaultTaskCustomizer> (0x000000008c6dea18) 
thrown [s\src\hotspot\share\classfile\systemDictionary.cpp, line 256]
Event: 40.968 Thread 0x00000223fe7972d0 Exception <a 'java/lang/ClassNotFoundException'{0x000000008c545e48}: org/gradle/api/DefaultTask_DecoratedCustomizer> (0x000000008c545e48) 
thrown [s\src\hotspot\share\classfile\systemDictionary.cpp, line 256]
Event: 40.978 Thread 0x00000223fe7972d0 Exception <a 'java/lang/ClassNotFoundException'{0x000000008c58d788}: org/gradle/api/tasks/testing/AbstractTestTaskBeanInfo> (0x000000008c58d788) 
thrown [s\src\hotspot\share\classfile\systemDictionary.cpp, line 256]
Event: 40.978 Thread 0x00000223fe7972d0 Exception <a 'java/lang/ClassNotFoundException'{0x000000008c5981c8}: org/gradle/api/internal/ConventionTaskBeanInfo> (0x000000008c5981c8) 
thrown [s\src\hotspot\share\classfile\systemDictionary.cpp, line 256]
Event: 40.979 Thread 0x00000223fe7972d0 Exception <a 'java/lang/ClassNotFoundException'{0x000000008c5a2c58}: org/gradle/api/internal/ConventionTaskCustomizer> (0x000000008c5a2c58) 
thrown [s\src\hotspot\share\classfile\systemDictionary.cpp, line 256]
Event: 40.980 Thread 0x00000223fe7972d0 Exception <a 'java/lang/ClassNotFoundException'{0x000000008c5bf9c8}: org/gradle/api/tasks/testing/AbstractTestTaskCustomizer> (0x000000008c5bf9c8) 
thrown [s\src\hotspot\share\classfile\systemDictionary.cpp, line 256]

VM Operations (20 events):
Event: 35.035 Executing VM operation: HandshakeAllThreads
Event: 35.035 Executing VM operation: HandshakeAllThreads done
Event: 36.049 Executing VM operation: Cleanup
Event: 36.051 Executing VM operation: Cleanup done
Event: 37.056 Executing VM operation: Cleanup
Event: 37.057 Executing VM operation: Cleanup done
Event: 38.060 Executing VM operation: Cleanup
Event: 38.062 Executing VM operation: Cleanup done
Event: 38.135 Executing VM operation: G1CollectForAllocation
Event: 38.155 Executing VM operation: G1CollectForAllocation done
Event: 38.343 Executing VM operation: G1CollectForAllocation
Event: 38.368 Executing VM operation: G1CollectForAllocation done
Event: 39.358 Executing VM operation: HandshakeAllThreads
Event: 39.359 Executing VM operation: HandshakeAllThreads done
Event: 39.362 Executing VM operation: HandshakeAllThreads
Event: 39.362 Executing VM operation: HandshakeAllThreads done
Event: 39.796 Executing VM operation: ICBufferFull
Event: 39.796 Executing VM operation: ICBufferFull done
Event: 40.798 Executing VM operation: Cleanup
Event: 40.799 Executing VM operation: Cleanup done

Events (20 events):
Event: 40.698 loading class java/util/function/DoubleBinaryOperator done
Event: 40.698 loading class java/util/function/ToLongBiFunction
Event: 40.698 loading class java/util/function/ToLongBiFunction done
Event: 40.698 loading class java/util/function/LongBinaryOperator
Event: 40.698 loading class java/util/function/LongBinaryOperator done
Event: 40.698 loading class java/util/function/ToIntBiFunction
Event: 40.698 loading class java/util/function/ToIntBiFunction done
Event: 40.699 loading class java/io/ObjectOutputStream$PutFieldImpl
Event: 40.699 loading class java/io/ObjectOutputStream$PutField
Event: 40.699 loading class java/io/ObjectOutputStream$PutField done
Event: 40.699 loading class java/io/ObjectOutputStream$PutFieldImpl done
Event: 40.932 loading class java/util/AbstractCollectionBeanInfo
Event: 40.932 loading class java/util/AbstractCollectionBeanInfo done
Event: 40.932 loading class java/util/AbstractCollectionBeanInfo
Event: 40.932 loading class java/util/AbstractCollectionBeanInfo done
Event: 40.932 loading class java/util/AbstractCollectionCustomizer
Event: 40.932 loading class java/util/AbstractCollectionCustomizer done
Event: 40.932 loading class java/util/AbstractCollectionCustomizer
Event: 40.932 loading class java/util/AbstractCollectionCustomizer done
Event: 41.025 Thread 0x000002238206f3d0 Thread added: 0x000002238206f3d0


Dynamic libraries:
0x00007ff7a0c80000 - 0x00007ff7a0c8a000 	D:\ANDROID\jbr\bin\java.exe
0x00007ff9b5370000 - 0x00007ff9b5584000 	C:\WINDOWS\SYSTEM32\ntdll.dll
0x00007ff9b3ec0000 - 0x00007ff9b3f84000 	C:\WINDOWS\System32\KERNEL32.DLL
0x00007ff9b2720000 - 0x00007ff9b2ac4000 	C:\WINDOWS\System32\KERNELBASE.dll
0x00007ff9b2ce0000 - 0x00007ff9b2df1000 	C:\WINDOWS\System32\ucrtbase.dll
0x00007ff9a2ce0000 - 0x00007ff9a2cf7000 	D:\ANDROID\jbr\bin\jli.dll
0x00007ff9b39b0000 - 0x00007ff9b3b5e000 	C:\WINDOWS\System32\USER32.dll
0x00007ff9b2b90000 - 0x00007ff9b2bb6000 	C:\WINDOWS\System32\win32u.dll
0x00007ff9b4220000 - 0x00007ff9b4249000 	C:\WINDOWS\System32\GDI32.dll
0x00007ff9b2e70000 - 0x00007ff9b2f88000 	C:\WINDOWS\System32\gdi32full.dll
0x00007ff9b2bc0000 - 0x00007ff9b2c5a000 	C:\WINDOWS\System32\msvcp_win.dll
0x00007ff9a6130000 - 0x00007ff9a614b000 	D:\ANDROID\jbr\bin\VCRUNTIME140.dll
0x00007ff9a2eb0000 - 0x00007ff9a3143000 	C:\WINDOWS\WinSxS\amd64_microsoft.windows.common-controls_6595b64144ccf1df_6.0.22621.2215_none_270d72677387dfc3\COMCTL32.dll
0x00007ff9b3580000 - 0x00007ff9b3627000 	C:\WINDOWS\System32\msvcrt.dll
0x00007ff9b4390000 - 0x00007ff9b43c1000 	C:\WINDOWS\System32\IMM32.DLL
0x00007ff9afa90000 - 0x00007ff9afa9c000 	D:\ANDROID\jbr\bin\vcruntime140_1.dll
0x00007ff9907e0000 - 0x00007ff99086d000 	D:\ANDROID\jbr\bin\msvcp140.dll
0x00007ff956310000 - 0x00007ff956f7e000 	D:\ANDROID\jbr\bin\server\jvm.dll
0x00007ff9b36a0000 - 0x00007ff9b3750000 	C:\WINDOWS\System32\ADVAPI32.dll
0x00007ff9b4770000 - 0x00007ff9b4816000 	C:\WINDOWS\System32\sechost.dll
0x00007ff9b3fa0000 - 0x00007ff9b40b7000 	C:\WINDOWS\System32\RPCRT4.dll
0x00007ff9a65e0000 - 0x00007ff9a65e9000 	C:\WINDOWS\SYSTEM32\WSOCK32.dll
0x00007ff9b52b0000 - 0x00007ff9b5321000 	C:\WINDOWS\System32\WS2_32.dll
0x00007ff9ab670000 - 0x00007ff9ab6a4000 	C:\WINDOWS\SYSTEM32\WINMM.dll
0x00007ff9ab6b0000 - 0x00007ff9ab6ba000 	C:\WINDOWS\SYSTEM32\VERSION.dll
0x00007ff9b16e0000 - 0x00007ff9b16f8000 	C:\WINDOWS\SYSTEM32\kernel.appcore.dll
0x00007ff9ab180000 - 0x00007ff9ab18a000 	D:\ANDROID\jbr\bin\jimage.dll
0x00007ff9a7130000 - 0x00007ff9a735e000 	C:\WINDOWS\SYSTEM32\DBGHELP.DLL
0x00007ff9b43d0000 - 0x00007ff9b475a000 	C:\WINDOWS\System32\combase.dll
0x00007ff9b3750000 - 0x00007ff9b3827000 	C:\WINDOWS\System32\OLEAUT32.dll
0x00007ff998320000 - 0x00007ff998352000 	C:\WINDOWS\SYSTEM32\dbgcore.DLL
0x00007ff9b2c60000 - 0x00007ff9b2cda000 	C:\WINDOWS\System32\bcryptPrimitives.dll
0x00007ff9a60a0000 - 0x00007ff9a60c5000 	D:\ANDROID\jbr\bin\java.dll
0x00007ff9ab160000 - 0x00007ff9ab178000 	D:\ANDROID\jbr\bin\zip.dll
0x00007ff9b4a80000 - 0x00007ff9b52a3000 	C:\WINDOWS\System32\SHELL32.dll
0x00007ff9b0660000 - 0x00007ff9b0f4a000 	C:\WINDOWS\SYSTEM32\windows.storage.dll
0x00007ff9b0520000 - 0x00007ff9b065e000 	C:\WINDOWS\SYSTEM32\wintypes.dll
0x00007ff9b4120000 - 0x00007ff9b4213000 	C:\WINDOWS\System32\SHCORE.dll
0x00007ff9b3950000 - 0x00007ff9b39ae000 	C:\WINDOWS\System32\shlwapi.dll
0x00007ff9b2650000 - 0x00007ff9b2676000 	C:\WINDOWS\SYSTEM32\profapi.dll
0x00007ff9a65f0000 - 0x00007ff9a6609000 	D:\ANDROID\jbr\bin\net.dll
0x00007ff9aa5f0000 - 0x00007ff9aa727000 	C:\WINDOWS\SYSTEM32\WINHTTP.dll
0x00007ff9b1ba0000 - 0x00007ff9b1c09000 	C:\WINDOWS\system32\mswsock.dll
0x00007ff9a6200000 - 0x00007ff9a6216000 	D:\ANDROID\jbr\bin\nio.dll
0x00007ff9a6180000 - 0x00007ff9a6190000 	D:\ANDROID\jbr\bin\verify.dll
0x00007ff992ff0000 - 0x00007ff993017000 	C:\Users\PC\.gradle\native\68d5fa5c4cc2d200863cafc0d521ce42e7d3e7ee720ec0a83991735586a16f82\windows-amd64\native-platform.dll
0x00007ff984540000 - 0x00007ff984684000 	C:\Users\PC\.gradle\native\e376f236ea51e6404a007f0833ffe2c6e607c4080706a723a18a27aeea778392\windows-amd64\native-platform-file-events.dll
0x00007ff9a5e90000 - 0x00007ff9a5e99000 	D:\ANDROID\jbr\bin\management.dll
0x00007ff9a47b0000 - 0x00007ff9a47bb000 	D:\ANDROID\jbr\bin\management_ext.dll
0x00007ff9b4a70000 - 0x00007ff9b4a78000 	C:\WINDOWS\System32\PSAPI.DLL
0x00007ff9b1ec0000 - 0x00007ff9b1edb000 	C:\WINDOWS\SYSTEM32\CRYPTSP.dll
0x00007ff9b16a0000 - 0x00007ff9b16d5000 	C:\WINDOWS\system32\rsaenh.dll
0x00007ff9b1c40000 - 0x00007ff9b1c6c000 	C:\WINDOWS\SYSTEM32\USERENV.dll
0x00007ff9b2000000 - 0x00007ff9b2028000 	C:\WINDOWS\SYSTEM32\bcrypt.dll
0x00007ff9b1ea0000 - 0x00007ff9b1eac000 	C:\WINDOWS\SYSTEM32\CRYPTBASE.dll
0x00007ff9b11f0000 - 0x00007ff9b121d000 	C:\WINDOWS\SYSTEM32\IPHLPAPI.DLL
0x00007ff9b4760000 - 0x00007ff9b4769000 	C:\WINDOWS\System32\NSI.dll
0x00007ff9aa5d0000 - 0x00007ff9aa5e9000 	C:\WINDOWS\SYSTEM32\dhcpcsvc6.DLL
0x00007ff9aa5b0000 - 0x00007ff9aa5cf000 	C:\WINDOWS\SYSTEM32\dhcpcsvc.DLL
0x00007ff9b1270000 - 0x00007ff9b1362000 	C:\WINDOWS\SYSTEM32\DNSAPI.dll
0x00007ff9a4790000 - 0x00007ff9a4798000 	C:\WINDOWS\system32\wshunix.dll

dbghelp: loaded successfully - version: 4.0.5 - missing functions: none
symbol engine: initialized successfully - sym options: 0x614 - pdb path: .;D:\ANDROID\jbr\bin;C:\WINDOWS\SYSTEM32;C:\WINDOWS\WinSxS\amd64_microsoft.windows.common-controls_6595b64144ccf1df_6.0.22621.2215_none_270d72677387dfc3;D:\ANDROID\jbr\bin\server;C:\Users\PC\.gradle\native\68d5fa5c4cc2d200863cafc0d521ce42e7d3e7ee720ec0a83991735586a16f82\windows-amd64;C:\Users\PC\.gradle\native\e376f236ea51e6404a007f0833ffe2c6e607c4080706a723a18a27aeea778392\windows-amd64

VM Arguments:
jvm_args: --add-opens=java.base/java.util=ALL-UNNAMED --add-opens=java.base/java.lang=ALL-UNNAMED --add-opens=java.base/java.lang.invoke=ALL-UNNAMED --add-opens=java.prefs/java.util.prefs=ALL-UNNAMED --add-opens=java.base/java.nio.charset=ALL-UNNAMED --add-opens=java.base/java.net=ALL-UNNAMED --add-opens=java.base/java.util.concurrent.atomic=ALL-UNNAMED -Xmx2048m -Dfile.encoding=UTF-8 -Duser.country=US -Duser.language=en -Duser.variant 
java_command: org.gradle.launcher.daemon.bootstrap.GradleDaemon 8.0
java_class_path (initial): C:\Users\PC\.gradle\wrapper\dists\gradle-8.0-bin\ca5e32bp14vu59qr306oxotwh\gradle-8.0\lib\gradle-launcher-8.0.jar
Launcher Type: SUN_STANDARD

[Global flags]
     intx CICompilerCount                          = 2                                         {product} {ergonomic}
     uint ConcGCThreads                            = 1                                         {product} {ergonomic}
     uint G1ConcRefinementThreads                  = 2                                         {product} {ergonomic}
   size_t G1HeapRegionSize                         = 1048576                                   {product} {ergonomic}
    uintx GCDrainStackTargetSize                   = 64                                        {product} {ergonomic}
   size_t InitialHeapSize                          = 100663296                                 {product} {ergonomic}
   size_t MarkStackSize                            = 4194304                                   {product} {ergonomic}
   size_t MaxHeapSize                              = 2147483648                                {product} {command line}
   size_t MaxNewSize                               = 1287651328                                {product} {ergonomic}
   size_t MinHeapDeltaBytes                        = 1048576                                   {product} {ergonomic}
   size_t MinHeapSize                              = 8388608                                   {product} {ergonomic}
    uintx NonNMethodCodeHeapSize                   = 5826188                                {pd product} {ergonomic}
    uintx NonProfiledCodeHeapSize                  = 122916026                              {pd product} {ergonomic}
    uintx ProfiledCodeHeapSize                     = 122916026                              {pd product} {ergonomic}
    uintx ReservedCodeCacheSize                    = 251658240                              {pd product} {ergonomic}
     bool SegmentedCodeCache                       = true                                      {product} {ergonomic}
   size_t SoftMaxHeapSize                          = 2147483648                             {manageable} {ergonomic}
     bool UseCompressedClassPointers               = true                           {product lp64_product} {ergonomic}
     bool UseCompressedOops                        = true                           {product lp64_product} {ergonomic}
     bool UseG1GC                                  = true                                      {product} {ergonomic}
     bool UseLargePagesIndividualAllocation        = false                                  {pd product} {ergonomic}

Logging:
Log output configuration:
 #0: stdout all=warning uptime,level,tags
 #1: stderr all=off uptime,level,tags

Environment Variables:
PATH=C:\Program Files (x86)\Eclipse Adoptium\jdk-17.0.8.7-hotspot\bin;C:\Program Files (x86)\Common Files\Oracle\Java\javapath;C:\ProgramData\Oracle\Java\javapath;C:\WINDOWS\system32;C:\WINDOWS;C:\WINDOWS\System32\Wbem;C:\WINDOWS\System32\WindowsPowerShell\v1.0\;C:\WINDOWS\System32\OpenSSH\;C:\xampp\php;C:\ProgramData\ComposerSetup\bin;C:\Users\PC\Downloads\chromedriver_win32;C:\Program Files\nodejs\;C:\Program Files\Git\cmd;C:\Users\PC\AppData\Local\Programs\Python\Python310\Scripts\;C:\Users\PC\AppData\Local\Programs\Python\Python310\;C:\Program Files\MySQL\MySQL Shell 8.0\bin\;C:\Users\PC\AppData\Local\Microsoft\WindowsApps;C:\Users\PC\AppData\Local\Programs\Microsoft VS Code\bin;C:\xampp\php;C:\Program Files\Java\jdk1.8.0_161\bin;C:\Users\PC\AppData\Roaming\Composer\vendor\bin;C:\Users\PC\AppData\Roaming\npm;C:\Program Files\nodejs;C:\Users\PC\AppData\Local\GitHubDesktop\bin;D:\MSIB\platform-tools;
USERNAME=PC
OS=Windows_NT
PROCESSOR_IDENTIFIER=AMD64 Family 23 Model 32 Stepping 1, AuthenticAMD
TMP=C:\Users\PC\AppData\Local\Temp
TEMP=C:\Users\PC\AppData\Local\Temp


JNI global refs:
JNI global refs: 23, weak refs: 2

JNI global refs memory usage: 843, weak refs: 841


---------------  S Y S T E M  ---------------

OS:
 Windows 11 , 64 bit Build 22621 (10.0.22621.2215)
OS uptime: 7 days 13:47 hours
Hyper-V role detected

CPU: total 2 (initial active 2) (2 cores per cpu, 1 threads per core) family 23 model 32 stepping 1 microcode 0x0, cx8, cmov, fxsr, mmx, 3dnowpref, sse, sse2, sse3, ssse3, sse4a, sse4.1, sse4.2, popcnt, lzcnt, tsc, tscinvbit, avx, avx2, aes, clmul, bmi1, bmi2, adx, sha, fma, vzeroupper, clflush, clflushopt, hv

Memory: 4k page, system-wide physical 6020M (393M free)
TotalPageFile size 23396M (AvailPageFile size 5M)
current process WorkingSet (physical memory assigned to process): 467M, peak: 467M
current process commit charge ("private bytes"): 491M, peak: 492M

vm_info: OpenJDK 64-Bit Server VM (17.0.6+0-b2043.56-10027231) for windows-amd64 JRE (17.0.6+0-b2043.56-10027231), built on Apr 28 2023 00:43:19 by "androidbuild" with MS VC++ 16.10 / 16.11 (VS2019)

END.
