#
# There is insufficient memory for the Java Runtime Environment to continue.
# Native memory allocation (malloc) failed to allocate 966256 bytes for Chunk::new
# Possible reasons:
#   The system is out of physical RAM or swap space
#   The process is running with CompressedOops enabled, and the Java Heap may be blocking the growth of the native heap
# Possible solutions:
#   Reduce memory load on the system
#   Increase physical memory or swap space
#   Check if swap backing store is full
#   Decrease Java heap size (-Xmx/-Xms)
#   Decrease number of Java threads
#   Decrease Java thread stack sizes (-Xss)
#   Set larger code cache with -XX:ReservedCodeCacheSize=
#   JVM is running with Unscaled Compressed Oops mode in which the Java heap is
#     placed in the first 4GB address space. The Java Heap base address is the
#     maximum limit for the native heap growth. Please use -XX:HeapBaseMinAddress
#     to set the Java Heap base and to place the Java Heap above 4GB virtual address.
# This output file may be truncated or incomplete.
#
#  Out of Memory Error (arena.cpp:189), pid=17872, tid=13592
#
# JRE version: OpenJDK Runtime Environment (17.0.6) (build 17.0.6+0-b2043.56-10027231)
# Java VM: OpenJDK 64-Bit Server VM (17.0.6+0-b2043.56-10027231, mixed mode, tiered, compressed oops, compressed class ptrs, g1 gc, windows-amd64)
# No core dump will be written. Minidumps are not enabled by default on client versions of Windows
#

---------------  S U M M A R Y ------------

Command Line: --add-opens=java.base/java.util=ALL-UNNAMED --add-opens=java.base/java.lang=ALL-UNNAMED --add-opens=java.base/java.lang.invoke=ALL-UNNAMED --add-opens=java.prefs/java.util.prefs=ALL-UNNAMED --add-opens=java.base/java.nio.charset=ALL-UNNAMED --add-opens=java.base/java.net=ALL-UNNAMED --add-opens=java.base/java.util.concurrent.atomic=ALL-UNNAMED -Xmx2048m -Dfile.encoding=UTF-8 -Duser.country=US -Duser.language=en -Duser.variant org.gradle.launcher.daemon.bootstrap.GradleDaemon 8.0

Host: AMD 3020e with Radeon Graphics                 , 2 cores, 5G,  Windows 11 , 64 bit Build 22621 (10.0.22621.2215)
Time: Mon Sep 25 06:51:19 2023 SE Asia Standard Time elapsed time: 199.275601 seconds (0d 0h 3m 19s)

---------------  T H R E A D  ---------------

Current thread (0x000001af7a036280):  JavaThread "C2 CompilerThread0" daemon [_thread_in_native, id=13592, stack(0x0000003b6e700000,0x0000003b6e800000)]


Current CompileTask:
C2: 199275 19678       4       com.android.tools.r8.internal.Ha::a (6329 bytes)

Stack: [0x0000003b6e700000,0x0000003b6e800000]
Native frames: (J=compiled Java code, j=interpreted, Vv=VM code, C=native code)
V  [jvm.dll+0x683c9a]
V  [jvm.dll+0x8427a4]
V  [jvm.dll+0x843f9e]
V  [jvm.dll+0x844603]
V  [jvm.dll+0x249b75]
V  [jvm.dll+0xabcac]
V  [jvm.dll+0xac27c]
V  [jvm.dll+0x2b0eef]
V  [jvm.dll+0x58a267]
V  [jvm.dll+0x2243b2]
V  [jvm.dll+0x21d8bf]
V  [jvm.dll+0x21b51b]
V  [jvm.dll+0x1a4fdd]
V  [jvm.dll+0x22b098]
V  [jvm.dll+0x229159]
V  [jvm.dll+0x7f81ec]
V  [jvm.dll+0x7f274a]
V  [jvm.dll+0x682ad5]
C  [ucrtbase.dll+0x29363]
C  [KERNEL32.DLL+0x1257d]
C  [ntdll.dll+0x5aa68]


---------------  P R O C E S S  ---------------

Threads class SMR info:
_java_thread_list=0x000001af0486bee0, length=70, elements={
0x000001af5ef27030, 0x000001af79fe93f0, 0x000001af79feec90, 0x000001af7a0314d0,
0x000001af7a032080, 0x000001af7a034b40, 0x000001af7a0354f0, 0x000001af7a036280,
0x000001af7ac57b60, 0x000001af7ac60800, 0x000001af7ad96020, 0x000001af7ad9c510,
0x000001af7bed45c0, 0x000001af7c232140, 0x000001af7bec9c90, 0x000001af7c5eae00,
0x000001af7c5eba70, 0x000001af7c63b240, 0x000001af7c6247c0, 0x000001af7d59c570,
0x000001af7d59c0a0, 0x000001af7d59fa60, 0x000001af7d59ebf0, 0x000001af7d59f0c0,
0x000001af7d59dd80, 0x000001af7d59ca40, 0x000001af7d59cf10, 0x000001af7d59d3e0,
0x000001af7d59d8b0, 0x000001af7d59e720, 0x000001af7c5dab60, 0x000001af7c5dcd10,
0x000001af7c5d9820, 0x000001af7c5d9cf0, 0x000001af7c5de520, 0x000001af7c5dc370,
0x000001af7c5db500, 0x000001af7c5dc840, 0x000001af7c5da1c0, 0x000001af7c5db030,
0x000001af7c5dd1e0, 0x000001af7c5dd6b0, 0x000001af7c5ddb80, 0x000001af7c5d6cd0,
0x000001af7c5d71a0, 0x000001af7c5d7670, 0x000001af7c5d8010, 0x000001af7c5d8e80,
0x000001af7c5d84e0, 0x000001af7c5d89b0, 0x000001af7c5d9350, 0x000001af7d5c9510,
0x000001af7d5cc060, 0x000001af7d5cebb0, 0x000001af7d5c9eb0, 0x000001af7d5cfa20,
0x000001af7d5c8b70, 0x000001af7d5cd870, 0x000001af7d5c99e0, 0x000001af7d5ca850,
0x000001af7d5c86a0, 0x000001af7d5cad20, 0x000001af7d5cb1f0, 0x000001af7d5cfef0,
0x000001af7d43d080, 0x000001af7d43b870, 0x000001af7d43bd40, 0x000001af7d43c210,
0x000001af7d43aed0, 0x000001af7d43da20
}

Java Threads: ( => current thread )
  0x000001af5ef27030 JavaThread "main" [_thread_blocked, id=1504, stack(0x0000003b6da00000,0x0000003b6db00000)]
  0x000001af79fe93f0 JavaThread "Reference Handler" daemon [_thread_blocked, id=9224, stack(0x0000003b6e100000,0x0000003b6e200000)]
  0x000001af79feec90 JavaThread "Finalizer" daemon [_thread_blocked, id=13204, stack(0x0000003b6e200000,0x0000003b6e300000)]
  0x000001af7a0314d0 JavaThread "Signal Dispatcher" daemon [_thread_blocked, id=16420, stack(0x0000003b6e300000,0x0000003b6e400000)]
  0x000001af7a032080 JavaThread "Attach Listener" daemon [_thread_blocked, id=13744, stack(0x0000003b6e400000,0x0000003b6e500000)]
  0x000001af7a034b40 JavaThread "Service Thread" daemon [_thread_blocked, id=4320, stack(0x0000003b6e500000,0x0000003b6e600000)]
  0x000001af7a0354f0 JavaThread "Monitor Deflation Thread" daemon [_thread_blocked, id=9376, stack(0x0000003b6e600000,0x0000003b6e700000)]
=>0x000001af7a036280 JavaThread "C2 CompilerThread0" daemon [_thread_in_native, id=13592, stack(0x0000003b6e700000,0x0000003b6e800000)]
  0x000001af7ac57b60 JavaThread "C1 CompilerThread0" daemon [_thread_in_native, id=17308, stack(0x0000003b6e800000,0x0000003b6e900000)]
  0x000001af7ac60800 JavaThread "Sweeper thread" daemon [_thread_blocked, id=13208, stack(0x0000003b6e900000,0x0000003b6ea00000)]
  0x000001af7ad96020 JavaThread "Common-Cleaner" daemon [_thread_blocked, id=17616, stack(0x0000003b6ea00000,0x0000003b6eb00000)]
  0x000001af7ad9c510 JavaThread "Notification Thread" daemon [_thread_blocked, id=14860, stack(0x0000003b6eb00000,0x0000003b6ec00000)]
  0x000001af7bed45c0 JavaThread "Daemon health stats" [_thread_blocked, id=15336, stack(0x0000003b6ee00000,0x0000003b6ef00000)]
  0x000001af7c232140 JavaThread "Incoming local TCP Connector on port 63896" [_thread_in_native, id=20064, stack(0x0000003b6ef00000,0x0000003b6f000000)]
  0x000001af7bec9c90 JavaThread "Daemon periodic checks" [_thread_blocked, id=2336, stack(0x0000003b6f000000,0x0000003b6f100000)]
  0x000001af7c5eae00 JavaThread "Daemon" [_thread_blocked, id=17348, stack(0x0000003b6f100000,0x0000003b6f200000)]
  0x000001af7c5eba70 JavaThread "Handler for socket connection from /127.0.0.1:63896 to /127.0.0.1:63897" [_thread_in_native, id=8724, stack(0x0000003b6f200000,0x0000003b6f300000)]
  0x000001af7c63b240 JavaThread "Cancel handler" [_thread_blocked, id=6168, stack(0x0000003b6f300000,0x0000003b6f400000)]
  0x000001af7c6247c0 JavaThread "Daemon worker" [_thread_blocked, id=11548, stack(0x0000003b6f400000,0x0000003b6f500000)]
  0x000001af7d59c570 JavaThread "Asynchronous log dispatcher for DefaultDaemonConnection: socket connection from /127.0.0.1:63896 to /127.0.0.1:63897" [_thread_blocked, id=14744, stack(0x0000003b6f500000,0x0000003b6f600000)]
  0x000001af7d59c0a0 JavaThread "Daemon client event forwarder" [_thread_blocked, id=10876, stack(0x0000003b6f700000,0x0000003b6f800000)]
  0x000001af7d59fa60 JavaThread "Cache worker for journal cache (C:\Users\PC\.gradle\caches\journal-1)" [_thread_blocked, id=6948, stack(0x0000003b6f800000,0x0000003b6f900000)]
  0x000001af7d59ebf0 JavaThread "File lock request listener" [_thread_in_native, id=14276, stack(0x0000003b6f900000,0x0000003b6fa00000)]
  0x000001af7d59f0c0 JavaThread "Cache worker for file hash cache (C:\Users\PC\.gradle\caches\8.0\fileHashes)" [_thread_blocked, id=19520, stack(0x0000003b6fa00000,0x0000003b6fb00000)]
  0x000001af7d59dd80 JavaThread "File watcher server" daemon [_thread_in_native, id=10912, stack(0x0000003b6fb00000,0x0000003b6fc00000)]
  0x000001af7d59ca40 JavaThread "File watcher consumer" daemon [_thread_blocked, id=16012, stack(0x0000003b6fc00000,0x0000003b6fd00000)]
  0x000001af7d59cf10 JavaThread "Cache worker for checksums cache (D:\MyApp7\.gradle\8.0\checksums)" [_thread_blocked, id=11204, stack(0x0000003b6fd00000,0x0000003b6fe00000)]
  0x000001af7d59d3e0 JavaThread "Cache worker for cache directory md-rule (C:\Users\PC\.gradle\caches\8.0\md-rule)" [_thread_blocked, id=7516, stack(0x0000003b6fe00000,0x0000003b6ff00000)]
  0x000001af7d59d8b0 JavaThread "Cache worker for file content cache (C:\Users\PC\.gradle\caches\8.0\fileContent)" [_thread_blocked, id=8352, stack(0x0000003b6ff00000,0x0000003b70000000)]
  0x000001af7d59e720 JavaThread "Cache worker for file hash cache (D:\MyApp7\.gradle\8.0\fileHashes)" [_thread_blocked, id=6720, stack(0x0000003b70000000,0x0000003b70100000)]
  0x000001af7c5dab60 JavaThread "Cache worker for cache directory md-supplier (C:\Users\PC\.gradle\caches\8.0\md-supplier)" [_thread_blocked, id=15272, stack(0x0000003b70100000,0x0000003b70200000)]
  0x000001af7c5dcd10 JavaThread "Cache worker for execution history cache (C:\Users\PC\.gradle\caches\8.0\executionHistory)" [_thread_blocked, id=13896, stack(0x0000003b70200000,0x0000003b70300000)]
  0x000001af7c5d9820 JavaThread "jar transforms" [_thread_blocked, id=14508, stack(0x0000003b70300000,0x0000003b70400000)]
  0x000001af7c5d9cf0 JavaThread "jar transforms Thread 2" [_thread_blocked, id=19936, stack(0x0000003b70500000,0x0000003b70600000)]
  0x000001af7c5de520 JavaThread "Cache worker for kotlin-dsl (C:\Users\PC\.gradle\caches\8.0\kotlin-dsl)" [_thread_blocked, id=14092, stack(0x0000003b70600000,0x0000003b70700000)]
  0x000001af7c5dc370 JavaThread "Cache worker for dependencies-accessors (D:\MyApp7\.gradle\8.0\dependencies-accessors)" [_thread_blocked, id=12024, stack(0x0000003b70700000,0x0000003b70800000)]
  0x000001af7c5db500 JavaThread "Cache worker for Build Output Cleanup Cache (D:\MyApp7\.gradle\buildOutputCleanup)" [_thread_blocked, id=4928, stack(0x0000003b70800000,0x0000003b70900000)]
  0x000001af7c5dc840 JavaThread "Unconstrained build operations" [_thread_blocked, id=19980, stack(0x0000003b70900000,0x0000003b70a00000)]
  0x000001af7c5da1c0 JavaThread "Unconstrained build operations Thread 2" [_thread_blocked, id=5428, stack(0x0000003b70a00000,0x0000003b70b00000)]
  0x000001af7c5db030 JavaThread "Unconstrained build operations Thread 3" [_thread_blocked, id=3724, stack(0x0000003b70b00000,0x0000003b70c00000)]
  0x000001af7c5dd1e0 JavaThread "Unconstrained build operations Thread 4" [_thread_blocked, id=19832, stack(0x0000003b70c00000,0x0000003b70d00000)]
  0x000001af7c5dd6b0 JavaThread "Unconstrained build operations Thread 5" [_thread_blocked, id=10620, stack(0x0000003b70d00000,0x0000003b70e00000)]
  0x000001af7c5ddb80 JavaThread "Unconstrained build operations Thread 6" [_thread_blocked, id=15452, stack(0x0000003b70e00000,0x0000003b70f00000)]
  0x000001af7c5d6cd0 JavaThread "Unconstrained build operations Thread 7" [_thread_blocked, id=11808, stack(0x0000003b70f00000,0x0000003b71000000)]
  0x000001af7c5d71a0 JavaThread "Unconstrained build operations Thread 8" [_thread_blocked, id=6248, stack(0x0000003b71000000,0x0000003b71100000)]
  0x000001af7c5d7670 JavaThread "Unconstrained build operations Thread 9" [_thread_blocked, id=10416, stack(0x0000003b71100000,0x0000003b71200000)]
  0x000001af7c5d8010 JavaThread "Unconstrained build operations Thread 10" [_thread_blocked, id=6520, stack(0x0000003b71200000,0x0000003b71300000)]
  0x000001af7c5d8e80 JavaThread "Unconstrained build operations Thread 11" [_thread_blocked, id=7136, stack(0x0000003b71300000,0x0000003b71400000)]
  0x000001af7c5d84e0 JavaThread "Unconstrained build operations Thread 12" [_thread_blocked, id=9228, stack(0x0000003b71400000,0x0000003b71500000)]
  0x000001af7c5d89b0 JavaThread "Unconstrained build operations Thread 13" [_thread_blocked, id=15668, stack(0x0000003b71500000,0x0000003b71600000)]
  0x000001af7c5d9350 JavaThread "Unconstrained build operations Thread 14" [_thread_blocked, id=240, stack(0x0000003b71600000,0x0000003b71700000)]
  0x000001af7d5c9510 JavaThread "Unconstrained build operations Thread 15" [_thread_blocked, id=12972, stack(0x0000003b71700000,0x0000003b71800000)]
  0x000001af7d5cc060 JavaThread "Unconstrained build operations Thread 16" [_thread_blocked, id=10584, stack(0x0000003b71800000,0x0000003b71900000)]
  0x000001af7d5cebb0 JavaThread "Unconstrained build operations Thread 17" [_thread_blocked, id=9324, stack(0x0000003b71900000,0x0000003b71a00000)]
  0x000001af7d5c9eb0 JavaThread "Unconstrained build operations Thread 18" [_thread_blocked, id=1080, stack(0x0000003b71a00000,0x0000003b71b00000)]
  0x000001af7d5cfa20 JavaThread "Unconstrained build operations Thread 19" [_thread_blocked, id=12988, stack(0x0000003b71b00000,0x0000003b71c00000)]
  0x000001af7d5c8b70 JavaThread "Unconstrained build operations Thread 20" [_thread_blocked, id=12572, stack(0x0000003b71c00000,0x0000003b71d00000)]
  0x000001af7d5cd870 JavaThread "build event listener" [_thread_blocked, id=13440, stack(0x0000003b71d00000,0x0000003b71e00000)]
  0x000001af7d5c99e0 JavaThread "Memory manager" [_thread_blocked, id=788, stack(0x0000003b71e00000,0x0000003b71f00000)]
  0x000001af7d5ca850 JavaThread "pool-3-thread-1" [_thread_blocked, id=17900, stack(0x0000003b72100000,0x0000003b72200000)]
  0x000001af7d5c86a0 JavaThread "build event listener" [_thread_blocked, id=1384, stack(0x0000003b72200000,0x0000003b72300000)]
  0x000001af7d5cad20 JavaThread "included builds" [_thread_blocked, id=7792, stack(0x0000003b72300000,0x0000003b72400000)]
  0x000001af7d5cb1f0 JavaThread "Execution worker" [_thread_in_vm, id=18836, stack(0x0000003b72400000,0x0000003b72500000)]
  0x000001af7d5cfef0 JavaThread "Cache worker for execution history cache (D:\MyApp7\.gradle\8.0\executionHistory)" [_thread_blocked, id=3156, stack(0x0000003b72500000,0x0000003b72600000)]
  0x000001af7d43d080 JavaThread "WorkerExecutor Queue" [_thread_in_native, id=3876, stack(0x0000003b6d800000,0x0000003b6d900000)]
  0x000001af7d43b870 JavaThread "RMI Scheduler(0)" daemon [_thread_blocked, id=5080, stack(0x0000003b6d900000,0x0000003b6da00000)]
  0x000001af7d43bd40 JavaThread "RMI RenewClean-[127.0.0.1:17556,org.jetbrains.kotlin.daemon.common.LoopbackNetworkInterface$ClientLoopbackSocketFactory@f722b65]" daemon [_thread_blocked, id=18404, stack(0x0000003b72600000,0x0000003b72700000)]
  0x000001af7d43c210 JavaThread "RMI GC Daemon" daemon [_thread_blocked, id=16156, stack(0x0000003b72700000,0x0000003b72800000)]
  0x000001af7d43aed0 JavaThread "RMI TCP Accept-0" daemon [_thread_in_native, id=18340, stack(0x0000003b72800000,0x0000003b72900000)]
  0x000001af7d43da20 JavaThread "RMI Reaper" [_thread_blocked, id=1888, stack(0x0000003b72900000,0x0000003b72a00000)]

Other Threads:
  0x000001af79fe4b30 VMThread "VM Thread" [stack: 0x0000003b6e000000,0x0000003b6e100000] [id=18356]
  0x000001af7acbe000 WatcherThread [stack: 0x0000003b6ec00000,0x0000003b6ed00000] [id=3088]
  0x000001af5ef82090 GCTaskThread "GC Thread#0" [stack: 0x0000003b6db00000,0x0000003b6dc00000] [id=15260]
  0x000001af7ae24f80 GCTaskThread "GC Thread#1" [stack: 0x0000003b6ed00000,0x0000003b6ee00000] [id=15504]
  0x000001af5ef92fd0 ConcurrentGCThread "G1 Main Marker" [stack: 0x0000003b6dc00000,0x0000003b6dd00000] [id=14144]
  0x000001af5ef939e0 ConcurrentGCThread "G1 Conc#0" [stack: 0x0000003b6dd00000,0x0000003b6de00000] [id=12900]
  0x000001af5efec560 ConcurrentGCThread "G1 Refine#0" [stack: 0x0000003b6de00000,0x0000003b6df00000] [id=10664]
  0x000001af7c776040 ConcurrentGCThread "G1 Refine#1" [stack: 0x0000003b70400000,0x0000003b70500000] [id=9556]
  0x000001af5efecf80 ConcurrentGCThread "G1 Service" [stack: 0x0000003b6df00000,0x0000003b6e000000] [id=17292]

Threads with active compile tasks:
C2 CompilerThread0   199332 19678       4       com.android.tools.r8.internal.Ha::a (6329 bytes)
C1 CompilerThread0   199332 19706       3       com.android.tools.r8.ir.regalloc.b::c (4041 bytes)

VM state: not at safepoint (normal execution)

VM Mutex/Monitor currently owned by a thread:  ([mutex/lock_event])
[0x000001af5ef208f0] CodeCache_lock - owner thread: 0x0000000000000000

Heap address: 0x0000000080000000, size: 2048 MB, Compressed Oops mode: 32-bit

CDS archive(s) not mapped
Compressed class space mapped at: 0x0000000100000000-0x0000000140000000, reserved size: 1073741824
Narrow klass base: 0x0000000000000000, Narrow klass shift: 3, Narrow klass range: 0x140000000

GC Precious Log:
 CPUs: 2 total, 2 available
 Memory: 6020M
 Large Page Support: Disabled
 NUMA Support: Disabled
 Compressed Oops: Enabled (32-bit)
 Heap Region Size: 1M
 Heap Min Capacity: 8M
 Heap Initial Capacity: 96M
 Heap Max Capacity: 2G
 Pre-touch: Disabled
 Parallel Workers: 2
 Concurrent Workers: 1
 Concurrent Refinement Workers: 2
 Periodic GC: Disabled

Heap:
 garbage-first heap   total 263168K, used 179789K [0x0000000080000000, 0x0000000100000000)
  region size 1024K, 51 young (52224K), 5 survivors (5120K)
 Metaspace       used 121924K, committed 122752K, reserved 1155072K
  class space    used 16319K, committed 16768K, reserved 1048576K

Heap Regions: E=young(eden), S=young(survivor), O=old, HS=humongous(starts), HC=humongous(continues), CS=collection set, F=free, OA=open archive, CA=closed archive, TAMS=top-at-mark-start (previous, next)
|   0|0x0000000080000000, 0x0000000080100000, 0x0000000080100000|100%| O|  |TAMS 0x0000000080100000, 0x0000000080000000| Untracked 
|   1|0x0000000080100000, 0x0000000080200000, 0x0000000080200000|100%| O|  |TAMS 0x0000000080200000, 0x0000000080100000| Untracked 
|   2|0x0000000080200000, 0x0000000080300000, 0x0000000080300000|100%| O|  |TAMS 0x0000000080300000, 0x0000000080200000| Untracked 
|   3|0x0000000080300000, 0x0000000080400000, 0x0000000080400000|100%|HS|  |TAMS 0x0000000080400000, 0x0000000080300000| Complete 
|   4|0x0000000080400000, 0x0000000080500000, 0x0000000080500000|100%|HC|  |TAMS 0x0000000080500000, 0x0000000080400000| Complete 
|   5|0x0000000080500000, 0x0000000080600000, 0x0000000080600000|100%|HC|  |TAMS 0x0000000080600000, 0x0000000080500000| Complete 
|   6|0x0000000080600000, 0x0000000080700000, 0x0000000080700000|100%|HC|  |TAMS 0x0000000080700000, 0x0000000080600000| Complete 
|   7|0x0000000080700000, 0x0000000080800000, 0x0000000080800000|100%| O|  |TAMS 0x0000000080800000, 0x0000000080700000| Untracked 
|   8|0x0000000080800000, 0x0000000080900000, 0x0000000080900000|100%| O|  |TAMS 0x0000000080900000, 0x0000000080800000| Untracked 
|   9|0x0000000080900000, 0x0000000080a00000, 0x0000000080a00000|100%| O|  |TAMS 0x0000000080a00000, 0x0000000080900000| Untracked 
|  10|0x0000000080a00000, 0x0000000080b00000, 0x0000000080b00000|100%| O|  |TAMS 0x0000000080b00000, 0x0000000080a00000| Untracked 
|  11|0x0000000080b00000, 0x0000000080c00000, 0x0000000080c00000|100%| O|  |TAMS 0x0000000080c00000, 0x0000000080b00000| Untracked 
|  12|0x0000000080c00000, 0x0000000080d00000, 0x0000000080d00000|100%| O|  |TAMS 0x0000000080d00000, 0x0000000080c00000| Untracked 
|  13|0x0000000080d00000, 0x0000000080e00000, 0x0000000080e00000|100%| O|  |TAMS 0x0000000080e00000, 0x0000000080d00000| Untracked 
|  14|0x0000000080e00000, 0x0000000080f00000, 0x0000000080f00000|100%| O|  |TAMS 0x0000000080f00000, 0x0000000080e00000| Untracked 
|  15|0x0000000080f00000, 0x0000000081000000, 0x0000000081000000|100%| O|  |TAMS 0x0000000081000000, 0x0000000080f00000| Untracked 
|  16|0x0000000081000000, 0x0000000081100000, 0x0000000081100000|100%| O|  |TAMS 0x0000000081100000, 0x0000000081000000| Untracked 
|  17|0x0000000081100000, 0x0000000081200000, 0x0000000081200000|100%| O|  |TAMS 0x0000000081200000, 0x0000000081100000| Untracked 
|  18|0x0000000081200000, 0x0000000081300000, 0x0000000081300000|100%| O|  |TAMS 0x0000000081300000, 0x0000000081200000| Untracked 
|  19|0x0000000081300000, 0x0000000081400000, 0x0000000081400000|100%| O|  |TAMS 0x0000000081400000, 0x0000000081300000| Untracked 
|  20|0x0000000081400000, 0x0000000081500000, 0x0000000081500000|100%| O|  |TAMS 0x0000000081500000, 0x0000000081400000| Untracked 
|  21|0x0000000081500000, 0x0000000081600000, 0x0000000081600000|100%| O|  |TAMS 0x0000000081600000, 0x0000000081500000| Untracked 
|  22|0x0000000081600000, 0x0000000081700000, 0x0000000081700000|100%| O|  |TAMS 0x0000000081700000, 0x0000000081600000| Untracked 
|  23|0x0000000081700000, 0x0000000081800000, 0x0000000081800000|100%| O|  |TAMS 0x0000000081800000, 0x0000000081700000| Untracked 
|  24|0x0000000081800000, 0x0000000081900000, 0x0000000081900000|100%| O|  |TAMS 0x0000000081900000, 0x0000000081800000| Untracked 
|  25|0x0000000081900000, 0x0000000081a00000, 0x0000000081a00000|100%| O|  |TAMS 0x0000000081a00000, 0x0000000081900000| Untracked 
|  26|0x0000000081a00000, 0x0000000081b00000, 0x0000000081b00000|100%| O|  |TAMS 0x0000000081b00000, 0x0000000081a00000| Untracked 
|  27|0x0000000081b00000, 0x0000000081c00000, 0x0000000081c00000|100%| O|  |TAMS 0x0000000081c00000, 0x0000000081b00000| Untracked 
|  28|0x0000000081c00000, 0x0000000081d00000, 0x0000000081d00000|100%| O|  |TAMS 0x0000000081d00000, 0x0000000081c00000| Untracked 
|  29|0x0000000081d00000, 0x0000000081e00000, 0x0000000081e00000|100%| O|  |TAMS 0x0000000081e00000, 0x0000000081d00000| Untracked 
|  30|0x0000000081e00000, 0x0000000081f00000, 0x0000000081f00000|100%| O|  |TAMS 0x0000000081f00000, 0x0000000081e00000| Untracked 
|  31|0x0000000081f00000, 0x0000000082000000, 0x0000000082000000|100%| O|  |TAMS 0x0000000082000000, 0x0000000081f00000| Untracked 
|  32|0x0000000082000000, 0x0000000082100000, 0x0000000082100000|100%|HS|  |TAMS 0x0000000082100000, 0x0000000082000000| Complete 
|  33|0x0000000082100000, 0x0000000082200000, 0x0000000082200000|100%|HS|  |TAMS 0x0000000082200000, 0x0000000082100000| Complete 
|  34|0x0000000082200000, 0x0000000082300000, 0x0000000082300000|100%| O|  |TAMS 0x0000000082300000, 0x0000000082200000| Untracked 
|  35|0x0000000082300000, 0x0000000082400000, 0x0000000082400000|100%| O|  |TAMS 0x0000000082400000, 0x0000000082300000| Untracked 
|  36|0x0000000082400000, 0x0000000082500000, 0x0000000082500000|100%| O|  |TAMS 0x0000000082500000, 0x0000000082400000| Untracked 
|  37|0x0000000082500000, 0x0000000082600000, 0x0000000082600000|100%| O|  |TAMS 0x0000000082600000, 0x0000000082500000| Untracked 
|  38|0x0000000082600000, 0x0000000082700000, 0x0000000082700000|100%| O|  |TAMS 0x0000000082700000, 0x0000000082600000| Untracked 
|  39|0x0000000082700000, 0x0000000082800000, 0x0000000082800000|100%| O|  |TAMS 0x000000008271f000, 0x0000000082700000| Untracked 
|  40|0x0000000082800000, 0x0000000082900000, 0x0000000082900000|100%| O|  |TAMS 0x0000000082900000, 0x0000000082800000| Untracked 
|  41|0x0000000082900000, 0x0000000082a00000, 0x0000000082a00000|100%| O|  |TAMS 0x0000000082a00000, 0x0000000082900000| Untracked 
|  42|0x0000000082a00000, 0x0000000082b00000, 0x0000000082b00000|100%|HS|  |TAMS 0x0000000082b00000, 0x0000000082a00000| Complete 
|  43|0x0000000082b00000, 0x0000000082c00000, 0x0000000082c00000|100%|HC|  |TAMS 0x0000000082c00000, 0x0000000082b00000| Complete 
|  44|0x0000000082c00000, 0x0000000082d00000, 0x0000000082d00000|100%|HS|  |TAMS 0x0000000082d00000, 0x0000000082c00000| Complete 
|  45|0x0000000082d00000, 0x0000000082e00000, 0x0000000082e00000|100%|HS|  |TAMS 0x0000000082e00000, 0x0000000082d00000| Complete 
|  46|0x0000000082e00000, 0x0000000082f00000, 0x0000000082f00000|100%|HC|  |TAMS 0x0000000082f00000, 0x0000000082e00000| Complete 
|  47|0x0000000082f00000, 0x0000000083000000, 0x0000000083000000|100%|HC|  |TAMS 0x0000000083000000, 0x0000000082f00000| Complete 
|  48|0x0000000083000000, 0x0000000083100000, 0x0000000083100000|100%|HC|  |TAMS 0x0000000083100000, 0x0000000083000000| Complete 
|  49|0x0000000083100000, 0x0000000083200000, 0x0000000083200000|100%| O|  |TAMS 0x0000000083200000, 0x0000000083100000| Untracked 
|  50|0x0000000083200000, 0x0000000083300000, 0x0000000083300000|100%| O|  |TAMS 0x0000000083300000, 0x0000000083200000| Untracked 
|  51|0x0000000083300000, 0x0000000083400000, 0x0000000083400000|100%| O|  |TAMS 0x0000000083400000, 0x0000000083300000| Untracked 
|  52|0x0000000083400000, 0x0000000083500000, 0x0000000083500000|100%| O|  |TAMS 0x0000000083500000, 0x0000000083400000| Untracked 
|  53|0x0000000083500000, 0x0000000083600000, 0x0000000083600000|100%| O|  |TAMS 0x0000000083600000, 0x0000000083500000| Untracked 
|  54|0x0000000083600000, 0x0000000083700000, 0x0000000083700000|100%| O|  |TAMS 0x0000000083700000, 0x0000000083600000| Untracked 
|  55|0x0000000083700000, 0x0000000083800000, 0x0000000083800000|100%| O|  |TAMS 0x0000000083800000, 0x0000000083700000| Untracked 
|  56|0x0000000083800000, 0x0000000083900000, 0x0000000083900000|100%| O|  |TAMS 0x0000000083900000, 0x0000000083800000| Untracked 
|  57|0x0000000083900000, 0x00000000839ffff8, 0x0000000083a00000| 99%| O|  |TAMS 0x00000000839ffff8, 0x0000000083900000| Untracked 
|  58|0x0000000083a00000, 0x0000000083b00000, 0x0000000083b00000|100%| O|  |TAMS 0x0000000083b00000, 0x0000000083a00000| Untracked 
|  59|0x0000000083b00000, 0x0000000083c00000, 0x0000000083c00000|100%| O|  |TAMS 0x0000000083c00000, 0x0000000083b00000| Untracked 
|  60|0x0000000083c00000, 0x0000000083d00000, 0x0000000083d00000|100%| O|  |TAMS 0x0000000083d00000, 0x0000000083c00000| Untracked 
|  61|0x0000000083d00000, 0x0000000083e00000, 0x0000000083e00000|100%| O|  |TAMS 0x0000000083e00000, 0x0000000083d00000| Untracked 
|  62|0x0000000083e00000, 0x0000000083f00000, 0x0000000083f00000|100%| O|  |TAMS 0x0000000083f00000, 0x0000000083e00000| Untracked 
|  63|0x0000000083f00000, 0x0000000084000000, 0x0000000084000000|100%| O|  |TAMS 0x0000000084000000, 0x0000000083f00000| Untracked 
|  64|0x0000000084000000, 0x0000000084100000, 0x0000000084100000|100%| O|  |TAMS 0x0000000084100000, 0x0000000084000000| Untracked 
|  65|0x0000000084100000, 0x0000000084200000, 0x0000000084200000|100%| O|  |TAMS 0x0000000084200000, 0x0000000084100000| Untracked 
|  66|0x0000000084200000, 0x0000000084300000, 0x0000000084300000|100%| O|  |TAMS 0x0000000084300000, 0x0000000084200000| Untracked 
|  67|0x0000000084300000, 0x0000000084400000, 0x0000000084400000|100%| O|  |TAMS 0x0000000084400000, 0x0000000084300000| Untracked 
|  68|0x0000000084400000, 0x0000000084500000, 0x0000000084500000|100%| O|  |TAMS 0x0000000084500000, 0x0000000084400000| Untracked 
|  69|0x0000000084500000, 0x0000000084600000, 0x0000000084600000|100%| O|  |TAMS 0x0000000084600000, 0x0000000084500000| Untracked 
|  70|0x0000000084600000, 0x0000000084700000, 0x0000000084700000|100%| O|  |TAMS 0x0000000084600000, 0x0000000084600000| Untracked 
|  71|0x0000000084700000, 0x0000000084800000, 0x0000000084800000|100%| O|  |TAMS 0x0000000084700000, 0x0000000084700000| Untracked 
|  72|0x0000000084800000, 0x0000000084900000, 0x0000000084900000|100%| O|  |TAMS 0x0000000084800000, 0x0000000084800000| Untracked 
|  73|0x0000000084900000, 0x0000000084a00000, 0x0000000084a00000|100%| O|  |TAMS 0x0000000084900000, 0x0000000084900000| Untracked 
|  74|0x0000000084a00000, 0x0000000084b00000, 0x0000000084b00000|100%| O|  |TAMS 0x0000000084a00000, 0x0000000084a00000| Untracked 
|  75|0x0000000084b00000, 0x0000000084c00000, 0x0000000084c00000|100%| O|  |TAMS 0x0000000084b00000, 0x0000000084b00000| Untracked 
|  76|0x0000000084c00000, 0x0000000084d00000, 0x0000000084d00000|100%| O|  |TAMS 0x0000000084c00000, 0x0000000084c00000| Untracked 
|  77|0x0000000084d00000, 0x0000000084e00000, 0x0000000084e00000|100%| O|  |TAMS 0x0000000084d00000, 0x0000000084d00000| Untracked 
|  78|0x0000000084e00000, 0x0000000084f00000, 0x0000000084f00000|100%| O|  |TAMS 0x0000000084e00000, 0x0000000084e00000| Untracked 
|  79|0x0000000084f00000, 0x0000000085000000, 0x0000000085000000|100%| O|  |TAMS 0x0000000084f00000, 0x0000000084f00000| Untracked 
|  80|0x0000000085000000, 0x0000000085100000, 0x0000000085100000|100%| O|  |TAMS 0x0000000085000000, 0x0000000085000000| Untracked 
|  81|0x0000000085100000, 0x0000000085200000, 0x0000000085200000|100%| O|  |TAMS 0x0000000085100000, 0x0000000085100000| Untracked 
|  82|0x0000000085200000, 0x0000000085300000, 0x0000000085300000|100%| O|  |TAMS 0x0000000085200000, 0x0000000085200000| Untracked 
|  83|0x0000000085300000, 0x0000000085400000, 0x0000000085400000|100%| O|  |TAMS 0x0000000085300000, 0x0000000085300000| Untracked 
|  84|0x0000000085400000, 0x0000000085500000, 0x0000000085500000|100%| O|  |TAMS 0x0000000085400000, 0x0000000085400000| Untracked 
|  85|0x0000000085500000, 0x0000000085600000, 0x0000000085600000|100%| O|  |TAMS 0x0000000085500000, 0x0000000085500000| Untracked 
|  86|0x0000000085600000, 0x0000000085700000, 0x0000000085700000|100%| O|  |TAMS 0x0000000085600000, 0x0000000085600000| Untracked 
|  87|0x0000000085700000, 0x0000000085800000, 0x0000000085800000|100%| O|  |TAMS 0x0000000085700000, 0x0000000085700000| Untracked 
|  88|0x0000000085800000, 0x0000000085900000, 0x0000000085900000|100%| O|  |TAMS 0x0000000085800000, 0x0000000085800000| Untracked 
|  89|0x0000000085900000, 0x0000000085a00000, 0x0000000085a00000|100%| O|  |TAMS 0x0000000085900000, 0x0000000085900000| Untracked 
|  90|0x0000000085a00000, 0x0000000085b00000, 0x0000000085b00000|100%| O|  |TAMS 0x0000000085a00000, 0x0000000085a00000| Untracked 
|  91|0x0000000085b00000, 0x0000000085c00000, 0x0000000085c00000|100%| O|  |TAMS 0x0000000085b00000, 0x0000000085b00000| Untracked 
|  92|0x0000000085c00000, 0x0000000085d00000, 0x0000000085d00000|100%| O|  |TAMS 0x0000000085c00000, 0x0000000085c00000| Untracked 
|  93|0x0000000085d00000, 0x0000000085e00000, 0x0000000085e00000|100%| O|  |TAMS 0x0000000085d00000, 0x0000000085d00000| Untracked 
|  94|0x0000000085e00000, 0x0000000085f00000, 0x0000000085f00000|100%| O|  |TAMS 0x0000000085e00000, 0x0000000085e00000| Untracked 
|  95|0x0000000085f00000, 0x0000000086000000, 0x0000000086000000|100%| O|  |TAMS 0x0000000085f00000, 0x0000000085f00000| Untracked 
|  96|0x0000000086000000, 0x0000000086100000, 0x0000000086100000|100%| O|  |TAMS 0x0000000086000000, 0x0000000086000000| Untracked 
|  97|0x0000000086100000, 0x0000000086200000, 0x0000000086200000|100%| O|  |TAMS 0x0000000086100000, 0x0000000086100000| Untracked 
|  98|0x0000000086200000, 0x0000000086300000, 0x0000000086300000|100%| O|  |TAMS 0x0000000086200000, 0x0000000086200000| Untracked 
|  99|0x0000000086300000, 0x0000000086400000, 0x0000000086400000|100%| O|  |TAMS 0x0000000086300000, 0x0000000086300000| Untracked 
| 100|0x0000000086400000, 0x0000000086500000, 0x0000000086500000|100%| O|  |TAMS 0x0000000086400000, 0x0000000086400000| Untracked 
| 101|0x0000000086500000, 0x0000000086600000, 0x0000000086600000|100%| O|  |TAMS 0x0000000086500000, 0x0000000086500000| Untracked 
| 102|0x0000000086600000, 0x0000000086700000, 0x0000000086700000|100%| O|  |TAMS 0x0000000086600000, 0x0000000086600000| Untracked 
| 103|0x0000000086700000, 0x0000000086800000, 0x0000000086800000|100%| O|  |TAMS 0x0000000086700000, 0x0000000086700000| Untracked 
| 104|0x0000000086800000, 0x0000000086900000, 0x0000000086900000|100%| O|  |TAMS 0x0000000086800000, 0x0000000086800000| Untracked 
| 105|0x0000000086900000, 0x0000000086a00000, 0x0000000086a00000|100%| O|  |TAMS 0x0000000086900000, 0x0000000086900000| Untracked 
| 106|0x0000000086a00000, 0x0000000086b00000, 0x0000000086b00000|100%| O|  |TAMS 0x0000000086a00000, 0x0000000086a00000| Untracked 
| 107|0x0000000086b00000, 0x0000000086c00000, 0x0000000086c00000|100%| O|  |TAMS 0x0000000086b00000, 0x0000000086b00000| Untracked 
| 108|0x0000000086c00000, 0x0000000086d00000, 0x0000000086d00000|100%| O|  |TAMS 0x0000000086c00000, 0x0000000086c00000| Untracked 
| 109|0x0000000086d00000, 0x0000000086e00000, 0x0000000086e00000|100%| O|  |TAMS 0x0000000086d00000, 0x0000000086d00000| Untracked 
| 110|0x0000000086e00000, 0x0000000086f00000, 0x0000000086f00000|100%| O|  |TAMS 0x0000000086e00000, 0x0000000086e00000| Untracked 
| 111|0x0000000086f00000, 0x0000000087000000, 0x0000000087000000|100%| O|  |TAMS 0x0000000086f00000, 0x0000000086f00000| Untracked 
| 112|0x0000000087000000, 0x0000000087100000, 0x0000000087100000|100%| O|  |TAMS 0x0000000087000000, 0x0000000087000000| Untracked 
| 113|0x0000000087100000, 0x0000000087200000, 0x0000000087200000|100%| O|  |TAMS 0x0000000087100000, 0x0000000087100000| Untracked 
| 114|0x0000000087200000, 0x0000000087300000, 0x0000000087300000|100%| O|  |TAMS 0x0000000087200000, 0x0000000087200000| Untracked 
| 115|0x0000000087300000, 0x0000000087400000, 0x0000000087400000|100%| O|  |TAMS 0x0000000087300000, 0x0000000087300000| Untracked 
| 116|0x0000000087400000, 0x0000000087500000, 0x0000000087500000|100%| O|  |TAMS 0x0000000087400000, 0x0000000087400000| Untracked 
| 117|0x0000000087500000, 0x0000000087600000, 0x0000000087600000|100%| O|  |TAMS 0x0000000087500000, 0x0000000087500000| Untracked 
| 118|0x0000000087600000, 0x0000000087700000, 0x0000000087700000|100%| O|  |TAMS 0x0000000087600000, 0x0000000087600000| Untracked 
| 119|0x0000000087700000, 0x0000000087800000, 0x0000000087800000|100%| O|  |TAMS 0x0000000087700000, 0x0000000087700000| Untracked 
| 120|0x0000000087800000, 0x0000000087900000, 0x0000000087900000|100%| O|  |TAMS 0x0000000087800000, 0x0000000087800000| Untracked 
| 121|0x0000000087900000, 0x0000000087a00000, 0x0000000087a00000|100%| O|  |TAMS 0x0000000087900000, 0x0000000087900000| Untracked 
| 122|0x0000000087a00000, 0x0000000087b00000, 0x0000000087b00000|100%| O|  |TAMS 0x0000000087a00000, 0x0000000087a00000| Untracked 
| 123|0x0000000087b00000, 0x0000000087c00000, 0x0000000087c00000|100%| O|  |TAMS 0x0000000087b00000, 0x0000000087b00000| Untracked 
| 124|0x0000000087c00000, 0x0000000087d00000, 0x0000000087d00000|100%| O|  |TAMS 0x0000000087c00000, 0x0000000087c00000| Untracked 
| 125|0x0000000087d00000, 0x0000000087d93800, 0x0000000087e00000| 57%| O|  |TAMS 0x0000000087d00000, 0x0000000087d00000| Untracked 
| 126|0x0000000087e00000, 0x0000000087e00000, 0x0000000087f00000|  0%| F|  |TAMS 0x0000000087e00000, 0x0000000087e00000| Untracked 
| 127|0x0000000087f00000, 0x0000000087f00000, 0x0000000088000000|  0%| F|  |TAMS 0x0000000087f00000, 0x0000000087f00000| Untracked 
| 128|0x0000000088000000, 0x0000000088000000, 0x0000000088100000|  0%| F|  |TAMS 0x0000000088000000, 0x0000000088000000| Untracked 
| 129|0x0000000088100000, 0x0000000088100000, 0x0000000088200000|  0%| F|  |TAMS 0x0000000088100000, 0x0000000088100000| Untracked 
| 130|0x0000000088200000, 0x0000000088200000, 0x0000000088300000|  0%| F|  |TAMS 0x0000000088200000, 0x0000000088200000| Untracked 
| 131|0x0000000088300000, 0x0000000088300000, 0x0000000088400000|  0%| F|  |TAMS 0x0000000088300000, 0x0000000088300000| Untracked 
| 132|0x0000000088400000, 0x0000000088400000, 0x0000000088500000|  0%| F|  |TAMS 0x0000000088400000, 0x0000000088400000| Untracked 
| 133|0x0000000088500000, 0x0000000088500000, 0x0000000088600000|  0%| F|  |TAMS 0x0000000088500000, 0x0000000088500000| Untracked 
| 134|0x0000000088600000, 0x0000000088600000, 0x0000000088700000|  0%| F|  |TAMS 0x0000000088600000, 0x0000000088600000| Untracked 
| 135|0x0000000088700000, 0x0000000088700000, 0x0000000088800000|  0%| F|  |TAMS 0x0000000088700000, 0x0000000088700000| Untracked 
| 136|0x0000000088800000, 0x0000000088800000, 0x0000000088900000|  0%| F|  |TAMS 0x0000000088800000, 0x0000000088800000| Untracked 
| 137|0x0000000088900000, 0x0000000088900000, 0x0000000088a00000|  0%| F|  |TAMS 0x0000000088900000, 0x0000000088900000| Untracked 
| 138|0x0000000088a00000, 0x0000000088a00000, 0x0000000088b00000|  0%| F|  |TAMS 0x0000000088a00000, 0x0000000088a00000| Untracked 
| 139|0x0000000088b00000, 0x0000000088b00000, 0x0000000088c00000|  0%| F|  |TAMS 0x0000000088b00000, 0x0000000088b00000| Untracked 
| 140|0x0000000088c00000, 0x0000000088c00000, 0x0000000088d00000|  0%| F|  |TAMS 0x0000000088c00000, 0x0000000088c00000| Untracked 
| 141|0x0000000088d00000, 0x0000000088d00000, 0x0000000088e00000|  0%| F|  |TAMS 0x0000000088d00000, 0x0000000088d00000| Untracked 
| 142|0x0000000088e00000, 0x0000000088e00000, 0x0000000088f00000|  0%| F|  |TAMS 0x0000000088e00000, 0x0000000088e00000| Untracked 
| 143|0x0000000088f00000, 0x0000000088f00000, 0x0000000089000000|  0%| F|  |TAMS 0x0000000088f00000, 0x0000000088f00000| Untracked 
| 144|0x0000000089000000, 0x0000000089000000, 0x0000000089100000|  0%| F|  |TAMS 0x0000000089000000, 0x0000000089000000| Untracked 
| 145|0x0000000089100000, 0x0000000089100000, 0x0000000089200000|  0%| F|  |TAMS 0x0000000089100000, 0x0000000089100000| Untracked 
| 146|0x0000000089200000, 0x0000000089200000, 0x0000000089300000|  0%| F|  |TAMS 0x0000000089200000, 0x0000000089200000| Untracked 
| 147|0x0000000089300000, 0x0000000089300000, 0x0000000089400000|  0%| F|  |TAMS 0x0000000089300000, 0x0000000089300000| Untracked 
| 148|0x0000000089400000, 0x0000000089400000, 0x0000000089500000|  0%| F|  |TAMS 0x0000000089400000, 0x0000000089400000| Untracked 
| 149|0x0000000089500000, 0x0000000089500000, 0x0000000089600000|  0%| F|  |TAMS 0x0000000089500000, 0x0000000089500000| Untracked 
| 150|0x0000000089600000, 0x0000000089600000, 0x0000000089700000|  0%| F|  |TAMS 0x0000000089600000, 0x0000000089600000| Untracked 
| 151|0x0000000089700000, 0x0000000089700000, 0x0000000089800000|  0%| F|  |TAMS 0x0000000089700000, 0x0000000089700000| Untracked 
| 152|0x0000000089800000, 0x0000000089800000, 0x0000000089900000|  0%| F|  |TAMS 0x0000000089800000, 0x0000000089800000| Untracked 
| 153|0x0000000089900000, 0x0000000089900000, 0x0000000089a00000|  0%| F|  |TAMS 0x0000000089900000, 0x0000000089900000| Untracked 
| 154|0x0000000089a00000, 0x0000000089a00000, 0x0000000089b00000|  0%| F|  |TAMS 0x0000000089a00000, 0x0000000089a00000| Untracked 
| 155|0x0000000089b00000, 0x0000000089c00000, 0x0000000089c00000|100%| S|CS|TAMS 0x0000000089b00000, 0x0000000089b00000| Complete 
| 156|0x0000000089c00000, 0x0000000089d00000, 0x0000000089d00000|100%| S|CS|TAMS 0x0000000089c00000, 0x0000000089c00000| Complete 
| 157|0x0000000089d00000, 0x0000000089e00000, 0x0000000089e00000|100%| S|CS|TAMS 0x0000000089d00000, 0x0000000089d00000| Complete 
| 158|0x0000000089e00000, 0x0000000089f00000, 0x0000000089f00000|100%| S|CS|TAMS 0x0000000089e00000, 0x0000000089e00000| Complete 
| 159|0x0000000089f00000, 0x000000008a000000, 0x000000008a000000|100%| S|CS|TAMS 0x0000000089f00000, 0x0000000089f00000| Complete 
| 160|0x000000008a000000, 0x000000008a000000, 0x000000008a100000|  0%| F|  |TAMS 0x000000008a000000, 0x000000008a000000| Untracked 
| 161|0x000000008a100000, 0x000000008a100000, 0x000000008a200000|  0%| F|  |TAMS 0x000000008a100000, 0x000000008a100000| Untracked 
| 162|0x000000008a200000, 0x000000008a200000, 0x000000008a300000|  0%| F|  |TAMS 0x000000008a200000, 0x000000008a200000| Untracked 
| 163|0x000000008a300000, 0x000000008a300000, 0x000000008a400000|  0%| F|  |TAMS 0x000000008a300000, 0x000000008a300000| Untracked 
| 164|0x000000008a400000, 0x000000008a400000, 0x000000008a500000|  0%| F|  |TAMS 0x000000008a400000, 0x000000008a400000| Untracked 
| 165|0x000000008a500000, 0x000000008a500000, 0x000000008a600000|  0%| F|  |TAMS 0x000000008a500000, 0x000000008a500000| Untracked 
| 166|0x000000008a600000, 0x000000008a600000, 0x000000008a700000|  0%| F|  |TAMS 0x000000008a600000, 0x000000008a600000| Untracked 
| 167|0x000000008a700000, 0x000000008a700000, 0x000000008a800000|  0%| F|  |TAMS 0x000000008a700000, 0x000000008a700000| Untracked 
| 168|0x000000008a800000, 0x000000008a800000, 0x000000008a900000|  0%| F|  |TAMS 0x000000008a800000, 0x000000008a800000| Untracked 
| 169|0x000000008a900000, 0x000000008a900000, 0x000000008aa00000|  0%| F|  |TAMS 0x000000008a900000, 0x000000008a900000| Untracked 
| 170|0x000000008aa00000, 0x000000008aa00000, 0x000000008ab00000|  0%| F|  |TAMS 0x000000008aa00000, 0x000000008aa00000| Untracked 
| 171|0x000000008ab00000, 0x000000008ab00000, 0x000000008ac00000|  0%| F|  |TAMS 0x000000008ab00000, 0x000000008ab00000| Untracked 
| 172|0x000000008ac00000, 0x000000008ac00000, 0x000000008ad00000|  0%| F|  |TAMS 0x000000008ac00000, 0x000000008ac00000| Untracked 
| 173|0x000000008ad00000, 0x000000008ad00000, 0x000000008ae00000|  0%| F|  |TAMS 0x000000008ad00000, 0x000000008ad00000| Untracked 
| 174|0x000000008ae00000, 0x000000008ae00000, 0x000000008af00000|  0%| F|  |TAMS 0x000000008ae00000, 0x000000008ae00000| Untracked 
| 175|0x000000008af00000, 0x000000008af00000, 0x000000008b000000|  0%| F|  |TAMS 0x000000008af00000, 0x000000008af00000| Untracked 
| 176|0x000000008b000000, 0x000000008b000000, 0x000000008b100000|  0%| F|  |TAMS 0x000000008b000000, 0x000000008b000000| Untracked 
| 177|0x000000008b100000, 0x000000008b100000, 0x000000008b200000|  0%| F|  |TAMS 0x000000008b100000, 0x000000008b100000| Untracked 
| 178|0x000000008b200000, 0x000000008b200000, 0x000000008b300000|  0%| F|  |TAMS 0x000000008b200000, 0x000000008b200000| Untracked 
| 179|0x000000008b300000, 0x000000008b300000, 0x000000008b400000|  0%| F|  |TAMS 0x000000008b300000, 0x000000008b300000| Untracked 
| 180|0x000000008b400000, 0x000000008b400000, 0x000000008b500000|  0%| F|  |TAMS 0x000000008b400000, 0x000000008b400000| Untracked 
| 181|0x000000008b500000, 0x000000008b500000, 0x000000008b600000|  0%| F|  |TAMS 0x000000008b500000, 0x000000008b500000| Untracked 
| 182|0x000000008b600000, 0x000000008b600000, 0x000000008b700000|  0%| F|  |TAMS 0x000000008b600000, 0x000000008b600000| Untracked 
| 183|0x000000008b700000, 0x000000008b700000, 0x000000008b800000|  0%| F|  |TAMS 0x000000008b700000, 0x000000008b700000| Untracked 
| 184|0x000000008b800000, 0x000000008b800000, 0x000000008b900000|  0%| F|  |TAMS 0x000000008b800000, 0x000000008b800000| Untracked 
| 185|0x000000008b900000, 0x000000008b900000, 0x000000008ba00000|  0%| F|  |TAMS 0x000000008b900000, 0x000000008b900000| Untracked 
| 186|0x000000008ba00000, 0x000000008ba00000, 0x000000008bb00000|  0%| F|  |TAMS 0x000000008ba00000, 0x000000008ba00000| Untracked 
| 187|0x000000008bb00000, 0x000000008bb00000, 0x000000008bc00000|  0%| F|  |TAMS 0x000000008bb00000, 0x000000008bb00000| Untracked 
| 188|0x000000008bc00000, 0x000000008bc00000, 0x000000008bd00000|  0%| F|  |TAMS 0x000000008bc00000, 0x000000008bc00000| Untracked 
| 189|0x000000008bd00000, 0x000000008bd00000, 0x000000008be00000|  0%| F|  |TAMS 0x000000008bd00000, 0x000000008bd00000| Untracked 
| 190|0x000000008be00000, 0x000000008be00000, 0x000000008bf00000|  0%| F|  |TAMS 0x000000008be00000, 0x000000008be00000| Untracked 
| 191|0x000000008bf00000, 0x000000008bf00000, 0x000000008c000000|  0%| F|  |TAMS 0x000000008bf00000, 0x000000008bf00000| Untracked 
| 192|0x000000008c000000, 0x000000008c000000, 0x000000008c100000|  0%| F|  |TAMS 0x000000008c000000, 0x000000008c000000| Untracked 
| 193|0x000000008c100000, 0x000000008c100000, 0x000000008c200000|  0%| F|  |TAMS 0x000000008c100000, 0x000000008c100000| Untracked 
| 194|0x000000008c200000, 0x000000008c200000, 0x000000008c300000|  0%| F|  |TAMS 0x000000008c200000, 0x000000008c200000| Untracked 
| 195|0x000000008c300000, 0x000000008c300000, 0x000000008c400000|  0%| F|  |TAMS 0x000000008c300000, 0x000000008c300000| Untracked 
| 196|0x000000008c400000, 0x000000008c400000, 0x000000008c500000|  0%| F|  |TAMS 0x000000008c400000, 0x000000008c400000| Untracked 
| 197|0x000000008c500000, 0x000000008c500000, 0x000000008c600000|  0%| F|  |TAMS 0x000000008c500000, 0x000000008c500000| Untracked 
| 198|0x000000008c600000, 0x000000008c600000, 0x000000008c700000|  0%| F|  |TAMS 0x000000008c600000, 0x000000008c600000| Untracked 
| 199|0x000000008c700000, 0x000000008c700000, 0x000000008c800000|  0%| F|  |TAMS 0x000000008c700000, 0x000000008c700000| Untracked 
| 200|0x000000008c800000, 0x000000008c800000, 0x000000008c900000|  0%| F|  |TAMS 0x000000008c800000, 0x000000008c800000| Untracked 
| 201|0x000000008c900000, 0x000000008c900000, 0x000000008ca00000|  0%| F|  |TAMS 0x000000008c900000, 0x000000008c900000| Untracked 
| 202|0x000000008ca00000, 0x000000008ca00000, 0x000000008cb00000|  0%| F|  |TAMS 0x000000008ca00000, 0x000000008ca00000| Untracked 
| 203|0x000000008cb00000, 0x000000008cb00000, 0x000000008cc00000|  0%| F|  |TAMS 0x000000008cb00000, 0x000000008cb00000| Untracked 
| 204|0x000000008cc00000, 0x000000008cc00000, 0x000000008cd00000|  0%| F|  |TAMS 0x000000008cc00000, 0x000000008cc00000| Untracked 
| 205|0x000000008cd00000, 0x000000008cd00000, 0x000000008ce00000|  0%| F|  |TAMS 0x000000008cd00000, 0x000000008cd00000| Untracked 
| 206|0x000000008ce00000, 0x000000008ce00000, 0x000000008cf00000|  0%| F|  |TAMS 0x000000008ce00000, 0x000000008ce00000| Untracked 
| 207|0x000000008cf00000, 0x000000008cf00000, 0x000000008d000000|  0%| F|  |TAMS 0x000000008cf00000, 0x000000008cf00000| Untracked 
| 208|0x000000008d000000, 0x000000008d080800, 0x000000008d100000| 50%| E|  |TAMS 0x000000008d000000, 0x000000008d000000| Complete 
| 209|0x000000008d100000, 0x000000008d200000, 0x000000008d200000|100%| E|CS|TAMS 0x000000008d100000, 0x000000008d100000| Complete 
| 210|0x000000008d200000, 0x000000008d300000, 0x000000008d300000|100%| E|CS|TAMS 0x000000008d200000, 0x000000008d200000| Complete 
| 211|0x000000008d300000, 0x000000008d400000, 0x000000008d400000|100%| E|CS|TAMS 0x000000008d300000, 0x000000008d300000| Complete 
| 212|0x000000008d400000, 0x000000008d500000, 0x000000008d500000|100%| E|CS|TAMS 0x000000008d400000, 0x000000008d400000| Complete 
| 213|0x000000008d500000, 0x000000008d600000, 0x000000008d600000|100%| E|CS|TAMS 0x000000008d500000, 0x000000008d500000| Complete 
| 214|0x000000008d600000, 0x000000008d700000, 0x000000008d700000|100%| E|CS|TAMS 0x000000008d600000, 0x000000008d600000| Complete 
| 215|0x000000008d700000, 0x000000008d800000, 0x000000008d800000|100%| E|CS|TAMS 0x000000008d700000, 0x000000008d700000| Complete 
| 216|0x000000008d800000, 0x000000008d900000, 0x000000008d900000|100%| E|CS|TAMS 0x000000008d800000, 0x000000008d800000| Complete 
| 217|0x000000008d900000, 0x000000008da00000, 0x000000008da00000|100%| E|CS|TAMS 0x000000008d900000, 0x000000008d900000| Complete 
| 218|0x000000008da00000, 0x000000008db00000, 0x000000008db00000|100%| E|CS|TAMS 0x000000008da00000, 0x000000008da00000| Complete 
| 219|0x000000008db00000, 0x000000008dc00000, 0x000000008dc00000|100%| E|CS|TAMS 0x000000008db00000, 0x000000008db00000| Complete 
| 220|0x000000008dc00000, 0x000000008dd00000, 0x000000008dd00000|100%| E|CS|TAMS 0x000000008dc00000, 0x000000008dc00000| Complete 
| 221|0x000000008dd00000, 0x000000008de00000, 0x000000008de00000|100%| E|CS|TAMS 0x000000008dd00000, 0x000000008dd00000| Complete 
| 222|0x000000008de00000, 0x000000008df00000, 0x000000008df00000|100%| E|CS|TAMS 0x000000008de00000, 0x000000008de00000| Complete 
| 223|0x000000008df00000, 0x000000008e000000, 0x000000008e000000|100%| E|CS|TAMS 0x000000008df00000, 0x000000008df00000| Complete 
| 224|0x000000008e000000, 0x000000008e100000, 0x000000008e100000|100%| E|CS|TAMS 0x000000008e000000, 0x000000008e000000| Complete 
| 225|0x000000008e100000, 0x000000008e200000, 0x000000008e200000|100%| E|CS|TAMS 0x000000008e100000, 0x000000008e100000| Complete 
| 226|0x000000008e200000, 0x000000008e300000, 0x000000008e300000|100%| E|CS|TAMS 0x000000008e200000, 0x000000008e200000| Complete 
| 227|0x000000008e300000, 0x000000008e400000, 0x000000008e400000|100%| E|CS|TAMS 0x000000008e300000, 0x000000008e300000| Complete 
| 228|0x000000008e400000, 0x000000008e500000, 0x000000008e500000|100%| E|CS|TAMS 0x000000008e400000, 0x000000008e400000| Complete 
| 229|0x000000008e500000, 0x000000008e600000, 0x000000008e600000|100%| E|CS|TAMS 0x000000008e500000, 0x000000008e500000| Complete 
| 230|0x000000008e600000, 0x000000008e700000, 0x000000008e700000|100%| E|CS|TAMS 0x000000008e600000, 0x000000008e600000| Complete 
| 231|0x000000008e700000, 0x000000008e800000, 0x000000008e800000|100%| E|CS|TAMS 0x000000008e700000, 0x000000008e700000| Complete 
| 232|0x000000008e800000, 0x000000008e900000, 0x000000008e900000|100%| E|CS|TAMS 0x000000008e800000, 0x000000008e800000| Complete 
| 233|0x000000008e900000, 0x000000008ea00000, 0x000000008ea00000|100%| E|CS|TAMS 0x000000008e900000, 0x000000008e900000| Complete 
| 234|0x000000008ea00000, 0x000000008eb00000, 0x000000008eb00000|100%| E|CS|TAMS 0x000000008ea00000, 0x000000008ea00000| Complete 
| 235|0x000000008eb00000, 0x000000008ec00000, 0x000000008ec00000|100%| E|CS|TAMS 0x000000008eb00000, 0x000000008eb00000| Complete 
| 236|0x000000008ec00000, 0x000000008ed00000, 0x000000008ed00000|100%| E|CS|TAMS 0x000000008ec00000, 0x000000008ec00000| Complete 
| 237|0x000000008ed00000, 0x000000008ee00000, 0x000000008ee00000|100%| E|CS|TAMS 0x000000008ed00000, 0x000000008ed00000| Complete 
| 238|0x000000008ee00000, 0x000000008ef00000, 0x000000008ef00000|100%| E|CS|TAMS 0x000000008ee00000, 0x000000008ee00000| Complete 
| 239|0x000000008ef00000, 0x000000008f000000, 0x000000008f000000|100%| E|CS|TAMS 0x000000008ef00000, 0x000000008ef00000| Complete 
| 240|0x000000008f000000, 0x000000008f100000, 0x000000008f100000|100%| E|CS|TAMS 0x000000008f000000, 0x000000008f000000| Complete 
| 241|0x000000008f100000, 0x000000008f200000, 0x000000008f200000|100%| E|CS|TAMS 0x000000008f100000, 0x000000008f100000| Complete 
| 242|0x000000008f200000, 0x000000008f300000, 0x000000008f300000|100%| E|CS|TAMS 0x000000008f200000, 0x000000008f200000| Complete 
| 243|0x000000008f300000, 0x000000008f400000, 0x000000008f400000|100%| E|CS|TAMS 0x000000008f300000, 0x000000008f300000| Complete 
| 244|0x000000008f400000, 0x000000008f500000, 0x000000008f500000|100%| E|CS|TAMS 0x000000008f400000, 0x000000008f400000| Complete 
| 245|0x000000008f500000, 0x000000008f600000, 0x000000008f600000|100%| E|CS|TAMS 0x000000008f500000, 0x000000008f500000| Complete 
| 246|0x000000008f600000, 0x000000008f700000, 0x000000008f700000|100%| E|CS|TAMS 0x000000008f600000, 0x000000008f600000| Complete 
| 247|0x000000008f700000, 0x000000008f800000, 0x000000008f800000|100%| E|CS|TAMS 0x000000008f700000, 0x000000008f700000| Complete 
| 248|0x000000008f800000, 0x000000008f900000, 0x000000008f900000|100%| E|CS|TAMS 0x000000008f800000, 0x000000008f800000| Complete 
| 249|0x000000008f900000, 0x000000008fa00000, 0x000000008fa00000|100%| E|CS|TAMS 0x000000008f900000, 0x000000008f900000| Complete 
| 250|0x000000008fa00000, 0x000000008fb00000, 0x000000008fb00000|100%| E|CS|TAMS 0x000000008fa00000, 0x000000008fa00000| Complete 
| 251|0x000000008fb00000, 0x000000008fc00000, 0x000000008fc00000|100%| E|CS|TAMS 0x000000008fb00000, 0x000000008fb00000| Complete 
| 252|0x000000008fc00000, 0x000000008fd00000, 0x000000008fd00000|100%| E|CS|TAMS 0x000000008fc00000, 0x000000008fc00000| Complete 
| 253|0x000000008fd00000, 0x000000008fe00000, 0x000000008fe00000|100%| E|CS|TAMS 0x000000008fd00000, 0x000000008fd00000| Complete 
| 254|0x000000008fe00000, 0x000000008ff00000, 0x000000008ff00000|100%| E|CS|TAMS 0x000000008fe00000, 0x000000008fe00000| Complete 
| 255|0x000000008ff00000, 0x0000000090000000, 0x0000000090000000|100%| E|CS|TAMS 0x000000008ff00000, 0x000000008ff00000| Complete 
| 298|0x0000000092a00000, 0x0000000092b00000, 0x0000000092b00000|100%| E|CS|TAMS 0x0000000092a00000, 0x0000000092a00000| Complete 

Card table byte_map: [0x000001af733d0000,0x000001af737d0000] _byte_map_base: 0x000001af72fd0000

Marking Bits (Prev, Next): (CMBitMap*) 0x000001af5ef826a0, (CMBitMap*) 0x000001af5ef826e0
 Prev Bits: [0x000001af73bd0000, 0x000001af75bd0000)
 Next Bits: [0x000001af75bd0000, 0x000001af77bd0000)

Polling page: 0x000001af5eff0000

Metaspace:

Usage:
  Non-class:    103.13 MB used.
      Class:     15.94 MB used.
       Both:    119.07 MB used.

Virtual space:
  Non-class space:      104.00 MB reserved,     103.50 MB (>99%) committed,  13 nodes.
      Class space:        1.00 GB reserved,      16.38 MB (  2%) committed,  1 nodes.
             Both:        1.10 GB reserved,     119.88 MB ( 11%) committed. 

Chunk freelists:
   Non-Class:  450.00 KB
       Class:  3.56 MB
        Both:  4.00 MB

MaxMetaspaceSize: unlimited
CompressedClassSpaceSize: 1.00 GB
Initial GC threshold: 21.00 MB
Current GC threshold: 148.06 MB
CDS: off
MetaspaceReclaimPolicy: balanced
 - commit_granule_bytes: 65536.
 - commit_granule_words: 8192.
 - virtual_space_node_default_size: 1048576.
 - enlarge_chunks_in_place: 1.
 - new_chunks_are_fully_committed: 0.
 - uncommit_free_chunks: 1.
 - use_allocation_guard: 0.
 - handle_deallocations: 1.


Internal statistics:

num_allocs_failed_limit: 6.
num_arena_births: 1298.
num_arena_deaths: 0.
num_vsnodes_births: 14.
num_vsnodes_deaths: 0.
num_space_committed: 1917.
num_space_uncommitted: 0.
num_chunks_returned_to_freelist: 6.
num_chunks_taken_from_freelist: 5901.
num_chunk_merges: 6.
num_chunk_splits: 3991.
num_chunks_enlarged: 2755.
num_purges: 0.
num_inconsistent_stats: 0.

CodeHeap 'non-profiled nmethods': size=120064Kb used=11659Kb max_used=11659Kb free=108405Kb
 bounds [0x000001af6b680000, 0x000001af6c1f0000, 0x000001af72bc0000]
CodeHeap 'profiled nmethods': size=120000Kb used=32450Kb max_used=32479Kb free=87549Kb
 bounds [0x000001af63bc0000, 0x000001af65bb0000, 0x000001af6b0f0000]
CodeHeap 'non-nmethods': size=5696Kb used=2441Kb max_used=2522Kb free=3254Kb
 bounds [0x000001af6b0f0000, 0x000001af6b380000, 0x000001af6b680000]
 total_blobs=16573 nmethods=15587 adapters=897
 compilation: enabled
              stopped_count=0, restarted_count=0
 full_count=0

Compilation events (20 events):
Event: 198.944 Thread 0x000001af7a036280 nmethod 19670 0x000001af6c1db990 code [0x000001af6c1dbb60, 0x000001af6c1dcb58]
Event: 198.945 Thread 0x000001af7a036280 19671       4       com.android.tools.r8.graph.p1::a (31 bytes)
Event: 198.949 Thread 0x000001af7a036280 nmethod 19671 0x000001af6c1dd310 code [0x000001af6c1dd4c0, 0x000001af6c1dd698]
Event: 198.949 Thread 0x000001af7a036280 19672       4       com.android.tools.r8.graph.Y0::s0 (34 bytes)
Event: 198.970 Thread 0x000001af7a036280 nmethod 19672 0x000001af6c1dd890 code [0x000001af6c1dda20, 0x000001af6c1de0d8]
Event: 198.973 Thread 0x000001af7a036280 19673       4       com.android.tools.r8.graph.Y3::b (167 bytes)
Event: 198.980 Thread 0x000001af7a036280 nmethod 19673 0x000001af6c1de510 code [0x000001af6c1de6e0, 0x000001af6c1dea98]
Event: 198.981 Thread 0x000001af7a036280 19674       4       com.android.tools.r8.internal.wA::a (63 bytes)
Event: 198.984 Thread 0x000001af7a036280 nmethod 19674 0x000001af6c1dee10 code [0x000001af6c1defa0, 0x000001af6c1df0f8]
Event: 198.984 Thread 0x000001af7a036280 19675       4       com.android.tools.r8.internal.uH$$Lambda$1433/0x0000000100f36e00::accept (20 bytes)
Event: 198.986 Thread 0x000001af7a036280 nmethod 19675 0x000001af6c1df290 code [0x000001af6c1df420, 0x000001af6c1df538]
Event: 198.990 Thread 0x000001af7a036280 19676       4       com.android.tools.r8.graph.Y3::a (72 bytes)
Event: 199.144 Thread 0x000001af7a036280 nmethod 19676 0x000001af6c1df690 code [0x000001af6c1df900, 0x000001af6c1e14d0]
Event: 199.204 Thread 0x000001af7a036280 19677       4       com.android.tools.r8.graph.Y0::c (62 bytes)
Event: 199.209 Thread 0x000001af7ac57b60 19679       3       com.android.tools.r8.internal.Si::a (87 bytes)
Event: 199.209 Thread 0x000001af7a036280 nmethod 19677 0x000001af6c1e2290 code [0x000001af6c1e2420, 0x000001af6c1e2938]
Event: 199.210 Thread 0x000001af7a036280 19678       4       com.android.tools.r8.internal.Ha::a (6329 bytes)
Event: 199.210 Thread 0x000001af7ac57b60 nmethod 19679 0x000001af63e0dd10 code [0x000001af63e0df20, 0x000001af63e0e378]
Event: 199.265 Thread 0x000001af7ac57b60 19701       2       com.android.tools.r8.internal.D20::F (2 bytes)
Event: 199.265 Thread 0x000001af7ac57b60 nmethod 19701 0x000001af63e0d990 code [0x000001af63e0db20, 0x000001af63e0dc38]

GC Heap History (20 events):
Event: 140.029 GC heap before
{Heap before GC invocations=53 (full 0):
 garbage-first heap   total 263168K, used 221363K [0x0000000080000000, 0x0000000100000000)
  region size 1024K, 97 young (99328K), 8 survivors (8192K)
 Metaspace       used 121077K, committed 121920K, reserved 1155072K
  class space    used 16216K, committed 16640K, reserved 1048576K
}
Event: 140.053 GC heap after
{Heap after GC invocations=54 (full 0):
 garbage-first heap   total 263168K, used 130477K [0x0000000080000000, 0x0000000100000000)
  region size 1024K, 4 young (4096K), 4 survivors (4096K)
 Metaspace       used 121077K, committed 121920K, reserved 1155072K
  class space    used 16216K, committed 16640K, reserved 1048576K
}
Event: 146.691 GC heap before
{Heap before GC invocations=54 (full 0):
 garbage-first heap   total 263168K, used 223661K [0x0000000080000000, 0x0000000100000000)
  region size 1024K, 95 young (97280K), 4 survivors (4096K)
 Metaspace       used 121097K, committed 121984K, reserved 1155072K
  class space    used 16216K, committed 16640K, reserved 1048576K
}
Event: 146.799 GC heap after
{Heap after GC invocations=55 (full 0):
 garbage-first heap   total 263168K, used 129453K [0x0000000080000000, 0x0000000100000000)
  region size 1024K, 3 young (3072K), 3 survivors (3072K)
 Metaspace       used 121097K, committed 121984K, reserved 1155072K
  class space    used 16216K, committed 16640K, reserved 1048576K
}
Event: 151.462 GC heap before
{Heap before GC invocations=55 (full 0):
 garbage-first heap   total 263168K, used 225709K [0x0000000080000000, 0x0000000100000000)
  region size 1024K, 97 young (99328K), 3 survivors (3072K)
 Metaspace       used 121121K, committed 121984K, reserved 1155072K
  class space    used 16216K, committed 16640K, reserved 1048576K
}
Event: 151.473 GC heap after
{Heap after GC invocations=56 (full 0):
 garbage-first heap   total 263168K, used 130131K [0x0000000080000000, 0x0000000100000000)
  region size 1024K, 4 young (4096K), 4 survivors (4096K)
 Metaspace       used 121121K, committed 121984K, reserved 1155072K
  class space    used 16216K, committed 16640K, reserved 1048576K
}
Event: 154.768 GC heap before
{Heap before GC invocations=56 (full 0):
 garbage-first heap   total 263168K, used 226387K [0x0000000080000000, 0x0000000100000000)
  region size 1024K, 98 young (100352K), 4 survivors (4096K)
 Metaspace       used 121268K, committed 122112K, reserved 1155072K
  class space    used 16246K, committed 16640K, reserved 1048576K
}
Event: 154.780 GC heap after
{Heap after GC invocations=57 (full 0):
 garbage-first heap   total 263168K, used 130136K [0x0000000080000000, 0x0000000100000000)
  region size 1024K, 4 young (4096K), 4 survivors (4096K)
 Metaspace       used 121268K, committed 122112K, reserved 1155072K
  class space    used 16246K, committed 16640K, reserved 1048576K
}
Event: 167.231 GC heap before
{Heap before GC invocations=57 (full 0):
 garbage-first heap   total 263168K, used 228440K [0x0000000080000000, 0x0000000100000000)
  region size 1024K, 100 young (102400K), 4 survivors (4096K)
 Metaspace       used 121747K, committed 122560K, reserved 1155072K
  class space    used 16313K, committed 16704K, reserved 1048576K
}
Event: 167.245 GC heap after
{Heap after GC invocations=58 (full 0):
 garbage-first heap   total 263168K, used 131165K [0x0000000080000000, 0x0000000100000000)
  region size 1024K, 5 young (5120K), 5 survivors (5120K)
 Metaspace       used 121747K, committed 122560K, reserved 1155072K
  class space    used 16313K, committed 16704K, reserved 1048576K
}
Event: 170.490 GC heap before
{Heap before GC invocations=58 (full 0):
 garbage-first heap   total 263168K, used 228445K [0x0000000080000000, 0x0000000100000000)
  region size 1024K, 100 young (102400K), 5 survivors (5120K)
 Metaspace       used 121812K, committed 122688K, reserved 1155072K
  class space    used 16318K, committed 16768K, reserved 1048576K
}
Event: 170.505 GC heap after
{Heap after GC invocations=59 (full 0):
 garbage-first heap   total 263168K, used 131918K [0x0000000080000000, 0x0000000100000000)
  region size 1024K, 6 young (6144K), 6 survivors (6144K)
 Metaspace       used 121812K, committed 122688K, reserved 1155072K
  class space    used 16318K, committed 16768K, reserved 1048576K
}
Event: 174.453 GC heap before
{Heap before GC invocations=59 (full 0):
 garbage-first heap   total 263168K, used 228174K [0x0000000080000000, 0x0000000100000000)
  region size 1024K, 100 young (102400K), 6 survivors (6144K)
 Metaspace       used 121854K, committed 122752K, reserved 1155072K
  class space    used 16318K, committed 16768K, reserved 1048576K
}
Event: 174.466 GC heap after
{Heap after GC invocations=60 (full 0):
 garbage-first heap   total 263168K, used 132477K [0x0000000080000000, 0x0000000100000000)
  region size 1024K, 6 young (6144K), 6 survivors (6144K)
 Metaspace       used 121854K, committed 122752K, reserved 1155072K
  class space    used 16318K, committed 16768K, reserved 1048576K
}
Event: 180.807 GC heap before
{Heap before GC invocations=60 (full 0):
 garbage-first heap   total 263168K, used 228733K [0x0000000080000000, 0x0000000100000000)
  region size 1024K, 100 young (102400K), 6 survivors (6144K)
 Metaspace       used 121881K, committed 122752K, reserved 1155072K
  class space    used 16318K, committed 16768K, reserved 1048576K
}
Event: 180.825 GC heap after
{Heap after GC invocations=61 (full 0):
 garbage-first heap   total 263168K, used 135085K [0x0000000080000000, 0x0000000100000000)
  region size 1024K, 9 young (9216K), 9 survivors (9216K)
 Metaspace       used 121881K, committed 122752K, reserved 1155072K
  class space    used 16318K, committed 16768K, reserved 1048576K
}
Event: 184.199 GC heap before
{Heap before GC invocations=61 (full 0):
 garbage-first heap   total 263168K, used 226221K [0x0000000080000000, 0x0000000100000000)
  region size 1024K, 98 young (100352K), 9 survivors (9216K)
 Metaspace       used 121909K, committed 122752K, reserved 1155072K
  class space    used 16319K, committed 16768K, reserved 1048576K
}
Event: 184.219 GC heap after
{Heap after GC invocations=62 (full 0):
 garbage-first heap   total 263168K, used 134221K [0x0000000080000000, 0x0000000100000000)
  region size 1024K, 6 young (6144K), 6 survivors (6144K)
 Metaspace       used 121909K, committed 122752K, reserved 1155072K
  class space    used 16319K, committed 16768K, reserved 1048576K
}
Event: 195.844 GC heap before
{Heap before GC invocations=62 (full 0):
 garbage-first heap   total 263168K, used 227405K [0x0000000080000000, 0x0000000100000000)
  region size 1024K, 97 young (99328K), 6 survivors (6144K)
 Metaspace       used 121920K, committed 122752K, reserved 1155072K
  class space    used 16319K, committed 16768K, reserved 1048576K
}
Event: 195.861 GC heap after
{Heap after GC invocations=63 (full 0):
 garbage-first heap   total 263168K, used 133709K [0x0000000080000000, 0x0000000100000000)
  region size 1024K, 5 young (5120K), 5 survivors (5120K)
 Metaspace       used 121920K, committed 122752K, reserved 1155072K
  class space    used 16319K, committed 16768K, reserved 1048576K
}

Dll operation events (2 events):
Event: 2.416 Loaded shared library D:\ANDROID\jbr\bin\java.dll
Event: 4.307 Loaded shared library D:\ANDROID\jbr\bin\verify.dll

Deoptimization events (20 events):
Event: 196.807 Thread 0x000001af7d5cb1f0 Uncommon trap: trap_request=0xffffffbe fr.pc=0x000001af6c0bc01c relative=0x000000000000037c
Event: 196.807 Thread 0x000001af7d5cb1f0 Uncommon trap: reason=profile_predicate action=maybe_recompile pc=0x000001af6c0bc01c method=java.util.IdentityHashMap$KeySet.toArray([Ljava/lang/Object;)[Ljava/lang/Object; @ 49 c2
Event: 196.807 Thread 0x000001af7d5cb1f0 DEOPT PACKING pc=0x000001af6c0bc01c sp=0x0000003b724f7470
Event: 196.810 Thread 0x000001af7d5cb1f0 DEOPT UNPACKING pc=0x000001af6b1469a3 sp=0x0000003b724f7438 mode 2
Event: 196.817 Thread 0x000001af7d5cb1f0 DEOPT PACKING pc=0x000001af659788e2 sp=0x0000003b724f7120
Event: 196.817 Thread 0x000001af7d5cb1f0 DEOPT UNPACKING pc=0x000001af6b147143 sp=0x0000003b724f65d8 mode 0
Event: 198.526 Thread 0x000001af7d5cb1f0 DEOPT PACKING pc=0x000001af653064da sp=0x0000003b724f6900
Event: 198.526 Thread 0x000001af7d5cb1f0 DEOPT UNPACKING pc=0x000001af6b147143 sp=0x0000003b724f5e40 mode 0
Event: 198.862 Thread 0x000001af7d5cb1f0 DEOPT PACKING pc=0x000001af65818fd5 sp=0x0000003b724f68d0
Event: 198.862 Thread 0x000001af7d5cb1f0 DEOPT UNPACKING pc=0x000001af6b147143 sp=0x0000003b724f5d88 mode 0
Event: 199.209 Thread 0x000001af7d5cb1f0 DEOPT PACKING pc=0x000001af652f3acc sp=0x0000003b724f63c0
Event: 199.209 Thread 0x000001af7d5cb1f0 DEOPT UNPACKING pc=0x000001af6b147143 sp=0x0000003b724f5b28 mode 0
Event: 199.215 Thread 0x000001af7d5cb1f0 DEOPT PACKING pc=0x000001af652f5a93 sp=0x0000003b724f63c0
Event: 199.215 Thread 0x000001af7d5cb1f0 DEOPT UNPACKING pc=0x000001af6b147143 sp=0x0000003b724f5b20 mode 0
Event: 199.226 Thread 0x000001af7d5cb1f0 DEOPT PACKING pc=0x000001af652f5a93 sp=0x0000003b724f63c0
Event: 199.226 Thread 0x000001af7d5cb1f0 DEOPT UNPACKING pc=0x000001af6b147143 sp=0x0000003b724f5b20 mode 0
Event: 199.242 Thread 0x000001af7d5cb1f0 DEOPT PACKING pc=0x000001af65a148df sp=0x0000003b724f6c30
Event: 199.242 Thread 0x000001af7d5cb1f0 DEOPT UNPACKING pc=0x000001af6b147143 sp=0x0000003b724f6188 mode 0
Event: 199.244 Thread 0x000001af7d5cb1f0 DEOPT PACKING pc=0x000001af6538c87b sp=0x0000003b724f69d0
Event: 199.244 Thread 0x000001af7d5cb1f0 DEOPT UNPACKING pc=0x000001af6b147143 sp=0x0000003b724f61b8 mode 0

Classes unloaded (0 events):
No events

Classes redefined (0 events):
No events

Internal exceptions (20 events):
Event: 161.284 Thread 0x000001af7d5cb1f0 Exception <a 'sun/nio/fs/WindowsException'{0x000000008c9eb718}> (0x000000008c9eb718) 
thrown [s\src\hotspot\share\prims\jni.cpp, line 517]
Event: 163.423 Thread 0x000001af7d5cb1f0 Exception <a 'sun/nio/fs/WindowsException'{0x000000008ab31a48}> (0x000000008ab31a48) 
thrown [s\src\hotspot\share\prims\jni.cpp, line 517]
Event: 163.454 Thread 0x000001af7d5cb1f0 Exception <a 'sun/nio/fs/WindowsException'{0x000000008abebff0}> (0x000000008abebff0) 
thrown [s\src\hotspot\share\prims\jni.cpp, line 517]
Event: 164.142 Thread 0x000001af7d5cb1f0 Exception <a 'sun/nio/fs/WindowsException'{0x000000008a785820}> (0x000000008a785820) 
thrown [s\src\hotspot\share\prims\jni.cpp, line 517]
Event: 167.150 Thread 0x000001af7d5cb1f0 Exception <a 'sun/nio/fs/WindowsException'{0x000000008a37c448}> (0x000000008a37c448) 
thrown [s\src\hotspot\share\prims\jni.cpp, line 517]
Event: 168.347 Thread 0x000001af7d5cb1f0 Exception <a 'java/lang/NoSuchMethodError'{0x000000008e3ff6a0}: 'int java.lang.invoke.DirectMethodHandle$Holder.invokeInterface(java.lang.Object, java.lang.Object, int)'> (0x000000008e3ff6a0) 
thrown [s\src\hotspot\share\interpreter\linkResolver.cpp, line 771]
Event: 171.776 Thread 0x000001af7d5cb1f0 Exception <a 'sun/nio/fs/WindowsException'{0x000000008d720be8}> (0x000000008d720be8) 
thrown [s\src\hotspot\share\prims\jni.cpp, line 517]
Event: 172.346 Thread 0x000001af7d5cb1f0 Exception <a 'sun/nio/fs/WindowsException'{0x000000008d3dfd70}> (0x000000008d3dfd70) 
thrown [s\src\hotspot\share\prims\jni.cpp, line 517]
Event: 176.214 Thread 0x000001af7d5cb1f0 Exception <a 'sun/nio/fs/WindowsException'{0x000000008ce462e0}> (0x000000008ce462e0) 
thrown [s\src\hotspot\share\prims\jni.cpp, line 517]
Event: 177.758 Thread 0x000001af7d5cb1f0 Exception <a 'sun/nio/fs/WindowsException'{0x000000008cd06a40}> (0x000000008cd06a40) 
thrown [s\src\hotspot\share\prims\jni.cpp, line 517]
Event: 178.418 Thread 0x000001af7d5cb1f0 Exception <a 'sun/nio/fs/WindowsException'{0x000000008c20b5a8}> (0x000000008c20b5a8) 
thrown [s\src\hotspot\share\prims\jni.cpp, line 517]
Event: 178.900 Thread 0x000001af7d5cb1f0 Exception <a 'sun/nio/fs/WindowsException'{0x000000008c2a1bd0}> (0x000000008c2a1bd0) 
thrown [s\src\hotspot\share\prims\jni.cpp, line 517]
Event: 179.072 Thread 0x000001af7d5cb1f0 Exception <a 'sun/nio/fs/WindowsException'{0x000000008bb72d08}> (0x000000008bb72d08) 
thrown [s\src\hotspot\share\prims\jni.cpp, line 517]
Event: 179.297 Thread 0x000001af7d5cb1f0 Exception <a 'sun/nio/fs/WindowsException'{0x000000008b9648d0}> (0x000000008b9648d0) 
thrown [s\src\hotspot\share\prims\jni.cpp, line 517]
Event: 179.366 Thread 0x000001af7d5cb1f0 Exception <a 'sun/nio/fs/WindowsException'{0x000000008b79daa8}> (0x000000008b79daa8) 
thrown [s\src\hotspot\share\prims\jni.cpp, line 517]
Event: 179.610 Thread 0x000001af7d5cb1f0 Implicit null exception at 0x000001af6b76657b to 0x000001af6b766c68
Event: 179.610 Thread 0x000001af7d5cb1f0 Implicit null exception at 0x000001af6bafc27b to 0x000001af6bafc938
Event: 180.347 Thread 0x000001af7d5cb1f0 Exception <a 'sun/nio/fs/WindowsException'{0x000000008b3f6138}> (0x000000008b3f6138) 
thrown [s\src\hotspot\share\prims\jni.cpp, line 517]
Event: 197.023 Thread 0x000001af7d5cb1f0 Exception <a 'sun/nio/fs/WindowsException'{0x000000008e341b00}> (0x000000008e341b00) 
thrown [s\src\hotspot\share\prims\jni.cpp, line 517]
Event: 198.170 Thread 0x000001af7d5cb1f0 Exception <a 'sun/nio/fs/WindowsException'{0x000000008e0152c0}> (0x000000008e0152c0) 
thrown [s\src\hotspot\share\prims\jni.cpp, line 517]

VM Operations (20 events):
Event: 188.121 Executing VM operation: Cleanup
Event: 189.309 Executing VM operation: Cleanup done
Event: 190.520 Executing VM operation: Cleanup
Event: 190.934 Executing VM operation: Cleanup done
Event: 191.939 Executing VM operation: Cleanup
Event: 192.283 Executing VM operation: Cleanup done
Event: 193.323 Executing VM operation: Cleanup
Event: 193.375 Executing VM operation: Cleanup done
Event: 194.414 Executing VM operation: Cleanup
Event: 194.442 Executing VM operation: Cleanup done
Event: 195.448 Executing VM operation: Cleanup
Event: 195.529 Executing VM operation: Cleanup done
Event: 195.844 Executing VM operation: G1CollectForAllocation
Event: 195.862 Executing VM operation: G1CollectForAllocation done
Event: 196.862 Executing VM operation: Cleanup
Event: 197.005 Executing VM operation: Cleanup done
Event: 198.005 Executing VM operation: Cleanup
Event: 198.006 Executing VM operation: Cleanup done
Event: 199.039 Executing VM operation: Cleanup
Event: 199.198 Executing VM operation: Cleanup done

Events (20 events):
Event: 181.077 Thread 0x000001af7ac60800 flushing nmethod 0x000001af65899c90
Event: 181.077 Thread 0x000001af7ac60800 flushing nmethod 0x000001af6589b090
Event: 181.078 Thread 0x000001af7ac60800 flushing nmethod 0x000001af65956610
Event: 181.078 Thread 0x000001af7ac60800 flushing nmethod 0x000001af65996f90
Event: 181.078 Thread 0x000001af7ac60800 flushing nmethod 0x000001af6599e090
Event: 181.078 Thread 0x000001af7ac60800 flushing nmethod 0x000001af659a2e90
Event: 181.078 Thread 0x000001af7ac60800 flushing nmethod 0x000001af659a3c10
Event: 181.078 Thread 0x000001af7ac60800 flushing nmethod 0x000001af659a4210
Event: 181.078 Thread 0x000001af7ac60800 flushing nmethod 0x000001af659a5e10
Event: 181.078 Thread 0x000001af7ac60800 flushing nmethod 0x000001af659b6210
Event: 181.078 Thread 0x000001af7ac60800 flushing nmethod 0x000001af659ba190
Event: 181.078 Thread 0x000001af7ac60800 flushing nmethod 0x000001af659bab10
Event: 181.078 Thread 0x000001af7ac60800 flushing nmethod 0x000001af659c6710
Event: 181.078 Thread 0x000001af7ac60800 flushing nmethod 0x000001af659cc390
Event: 181.078 Thread 0x000001af7ac60800 flushing nmethod 0x000001af659cf190
Event: 181.078 Thread 0x000001af7ac60800 flushing nmethod 0x000001af659d1e90
Event: 181.078 Thread 0x000001af7ac60800 flushing nmethod 0x000001af659d2a10
Event: 181.078 Thread 0x000001af7ac60800 flushing nmethod 0x000001af659d6910
Event: 181.078 Thread 0x000001af7ac60800 flushing nmethod 0x000001af659d6e10
Event: 181.080 Thread 0x000001af7ac60800 flushing nmethod 0x000001af65b51810


Dynamic libraries:
0x00007ff67ad70000 - 0x00007ff67ad7a000 	D:\ANDROID\jbr\bin\java.exe
0x00007ff9b5370000 - 0x00007ff9b5584000 	C:\WINDOWS\SYSTEM32\ntdll.dll
0x00007ff9b3ec0000 - 0x00007ff9b3f84000 	C:\WINDOWS\System32\KERNEL32.DLL
0x00007ff9b2720000 - 0x00007ff9b2ac4000 	C:\WINDOWS\System32\KERNELBASE.dll
0x00007ff9b2ce0000 - 0x00007ff9b2df1000 	C:\WINDOWS\System32\ucrtbase.dll
0x00007ff9a2ce0000 - 0x00007ff9a2cf7000 	D:\ANDROID\jbr\bin\jli.dll
0x00007ff9b39b0000 - 0x00007ff9b3b5e000 	C:\WINDOWS\System32\USER32.dll
0x00007ff9b2b90000 - 0x00007ff9b2bb6000 	C:\WINDOWS\System32\win32u.dll
0x00007ff9b4220000 - 0x00007ff9b4249000 	C:\WINDOWS\System32\GDI32.dll
0x00007ff9b2e70000 - 0x00007ff9b2f88000 	C:\WINDOWS\System32\gdi32full.dll
0x00007ff9b2bc0000 - 0x00007ff9b2c5a000 	C:\WINDOWS\System32\msvcp_win.dll
0x00007ff9ab280000 - 0x00007ff9ab29b000 	D:\ANDROID\jbr\bin\VCRUNTIME140.dll
0x00007ff9a2eb0000 - 0x00007ff9a3143000 	C:\WINDOWS\WinSxS\amd64_microsoft.windows.common-controls_6595b64144ccf1df_6.0.22621.2215_none_270d72677387dfc3\COMCTL32.dll
0x00007ff9b3580000 - 0x00007ff9b3627000 	C:\WINDOWS\System32\msvcrt.dll
0x00007ff9b4390000 - 0x00007ff9b43c1000 	C:\WINDOWS\System32\IMM32.DLL
0x00007ff9afa90000 - 0x00007ff9afa9c000 	D:\ANDROID\jbr\bin\vcruntime140_1.dll
0x00007ff99bde0000 - 0x00007ff99be6d000 	D:\ANDROID\jbr\bin\msvcp140.dll
0x00007ff956310000 - 0x00007ff956f7e000 	D:\ANDROID\jbr\bin\server\jvm.dll
0x00007ff9b36a0000 - 0x00007ff9b3750000 	C:\WINDOWS\System32\ADVAPI32.dll
0x00007ff9b4770000 - 0x00007ff9b4816000 	C:\WINDOWS\System32\sechost.dll
0x00007ff9b3fa0000 - 0x00007ff9b40b7000 	C:\WINDOWS\System32\RPCRT4.dll
0x00007ff9a65e0000 - 0x00007ff9a65e9000 	C:\WINDOWS\SYSTEM32\WSOCK32.dll
0x00007ff9b52b0000 - 0x00007ff9b5321000 	C:\WINDOWS\System32\WS2_32.dll
0x00007ff9ab670000 - 0x00007ff9ab6a4000 	C:\WINDOWS\SYSTEM32\WINMM.dll
0x00007ff9ab6b0000 - 0x00007ff9ab6ba000 	C:\WINDOWS\SYSTEM32\VERSION.dll
0x00007ff9b16e0000 - 0x00007ff9b16f8000 	C:\WINDOWS\SYSTEM32\kernel.appcore.dll
0x00007ff9ab180000 - 0x00007ff9ab18a000 	D:\ANDROID\jbr\bin\jimage.dll
0x00007ff9a7130000 - 0x00007ff9a735e000 	C:\WINDOWS\SYSTEM32\DBGHELP.DLL
0x00007ff9b43d0000 - 0x00007ff9b475a000 	C:\WINDOWS\System32\combase.dll
0x00007ff9b3750000 - 0x00007ff9b3827000 	C:\WINDOWS\System32\OLEAUT32.dll
0x00007ff998320000 - 0x00007ff998352000 	C:\WINDOWS\SYSTEM32\dbgcore.DLL
0x00007ff9b2c60000 - 0x00007ff9b2cda000 	C:\WINDOWS\System32\bcryptPrimitives.dll
0x00007ff9a60a0000 - 0x00007ff9a60c5000 	D:\ANDROID\jbr\bin\java.dll
0x00007ff9ab160000 - 0x00007ff9ab178000 	D:\ANDROID\jbr\bin\zip.dll
0x00007ff9b4a80000 - 0x00007ff9b52a3000 	C:\WINDOWS\System32\SHELL32.dll
0x00007ff9b0660000 - 0x00007ff9b0f4a000 	C:\WINDOWS\SYSTEM32\windows.storage.dll
0x00007ff9b0520000 - 0x00007ff9b065e000 	C:\WINDOWS\SYSTEM32\wintypes.dll
0x00007ff9b4120000 - 0x00007ff9b4213000 	C:\WINDOWS\System32\SHCORE.dll
0x00007ff9b3950000 - 0x00007ff9b39ae000 	C:\WINDOWS\System32\shlwapi.dll
0x00007ff9b2650000 - 0x00007ff9b2676000 	C:\WINDOWS\SYSTEM32\profapi.dll
0x00007ff9a65f0000 - 0x00007ff9a6609000 	D:\ANDROID\jbr\bin\net.dll
0x00007ff9aa5f0000 - 0x00007ff9aa727000 	C:\WINDOWS\SYSTEM32\WINHTTP.dll
0x00007ff9b1ba0000 - 0x00007ff9b1c09000 	C:\WINDOWS\system32\mswsock.dll
0x00007ff9a6200000 - 0x00007ff9a6216000 	D:\ANDROID\jbr\bin\nio.dll
0x00007ff9a6180000 - 0x00007ff9a6190000 	D:\ANDROID\jbr\bin\verify.dll
0x00007ff992ff0000 - 0x00007ff993017000 	C:\Users\PC\.gradle\native\68d5fa5c4cc2d200863cafc0d521ce42e7d3e7ee720ec0a83991735586a16f82\windows-amd64\native-platform.dll
0x00007ff988c00000 - 0x00007ff988d44000 	C:\Users\PC\.gradle\native\e376f236ea51e6404a007f0833ffe2c6e607c4080706a723a18a27aeea778392\windows-amd64\native-platform-file-events.dll
0x00007ff9a5e90000 - 0x00007ff9a5e99000 	D:\ANDROID\jbr\bin\management.dll
0x00007ff9a47b0000 - 0x00007ff9a47bb000 	D:\ANDROID\jbr\bin\management_ext.dll
0x00007ff9b4a70000 - 0x00007ff9b4a78000 	C:\WINDOWS\System32\PSAPI.DLL
0x00007ff9b1ec0000 - 0x00007ff9b1edb000 	C:\WINDOWS\SYSTEM32\CRYPTSP.dll
0x00007ff9b16a0000 - 0x00007ff9b16d5000 	C:\WINDOWS\system32\rsaenh.dll
0x00007ff9b1c40000 - 0x00007ff9b1c6c000 	C:\WINDOWS\SYSTEM32\USERENV.dll
0x00007ff9b2000000 - 0x00007ff9b2028000 	C:\WINDOWS\SYSTEM32\bcrypt.dll
0x00007ff9b1ea0000 - 0x00007ff9b1eac000 	C:\WINDOWS\SYSTEM32\CRYPTBASE.dll
0x00007ff9b11f0000 - 0x00007ff9b121d000 	C:\WINDOWS\SYSTEM32\IPHLPAPI.DLL
0x00007ff9b4760000 - 0x00007ff9b4769000 	C:\WINDOWS\System32\NSI.dll
0x00007ff9aa5d0000 - 0x00007ff9aa5e9000 	C:\WINDOWS\SYSTEM32\dhcpcsvc6.DLL
0x00007ff9aa5b0000 - 0x00007ff9aa5cf000 	C:\WINDOWS\SYSTEM32\dhcpcsvc.DLL
0x00007ff9b1270000 - 0x00007ff9b1362000 	C:\WINDOWS\SYSTEM32\DNSAPI.dll
0x00007ff9a4790000 - 0x00007ff9a4798000 	C:\WINDOWS\system32\wshunix.dll
0x00007ff991c30000 - 0x00007ff991c47000 	C:\WINDOWS\system32\napinsp.dll
0x00007ff991c10000 - 0x00007ff991c2b000 	C:\WINDOWS\system32\pnrpnsp.dll
0x00007ff991bf0000 - 0x00007ff991c01000 	C:\WINDOWS\System32\winrnr.dll
0x00007ff991bd0000 - 0x00007ff991be5000 	C:\WINDOWS\system32\wshbth.dll
0x00007ff990ed0000 - 0x00007ff990ef1000 	C:\WINDOWS\system32\nlansp_c.dll
0x00007ff99a970000 - 0x00007ff99a97a000 	C:\Windows\System32\rasadhlp.dll
0x00007ff9aa040000 - 0x00007ff9aa0c4000 	C:\WINDOWS\System32\fwpuclnt.dll
0x00007ff9a6130000 - 0x00007ff9a614e000 	C:\Users\PC\AppData\Local\Temp\native-platform16338249952920934181dir\native-platform.dll
0x00007ff9adb00000 - 0x00007ff9adb07000 	D:\ANDROID\jbr\bin\rmi.dll

dbghelp: loaded successfully - version: 4.0.5 - missing functions: none
symbol engine: initialized successfully - sym options: 0x614 - pdb path: .;D:\ANDROID\jbr\bin;C:\WINDOWS\SYSTEM32;C:\WINDOWS\WinSxS\amd64_microsoft.windows.common-controls_6595b64144ccf1df_6.0.22621.2215_none_270d72677387dfc3;D:\ANDROID\jbr\bin\server;C:\Users\PC\.gradle\native\68d5fa5c4cc2d200863cafc0d521ce42e7d3e7ee720ec0a83991735586a16f82\windows-amd64;C:\Users\PC\.gradle\native\e376f236ea51e6404a007f0833ffe2c6e607c4080706a723a18a27aeea778392\windows-amd64;C:\Users\PC\AppData\Local\Temp\native-platform16338249952920934181dir

VM Arguments:
jvm_args: --add-opens=java.base/java.util=ALL-UNNAMED --add-opens=java.base/java.lang=ALL-UNNAMED --add-opens=java.base/java.lang.invoke=ALL-UNNAMED --add-opens=java.prefs/java.util.prefs=ALL-UNNAMED --add-opens=java.base/java.nio.charset=ALL-UNNAMED --add-opens=java.base/java.net=ALL-UNNAMED --add-opens=java.base/java.util.concurrent.atomic=ALL-UNNAMED -Xmx2048m -Dfile.encoding=UTF-8 -Duser.country=US -Duser.language=en -Duser.variant 
java_command: org.gradle.launcher.daemon.bootstrap.GradleDaemon 8.0
java_class_path (initial): C:\Users\PC\.gradle\wrapper\dists\gradle-8.0-bin\ca5e32bp14vu59qr306oxotwh\gradle-8.0\lib\gradle-launcher-8.0.jar
Launcher Type: SUN_STANDARD

[Global flags]
     intx CICompilerCount                          = 2                                         {product} {ergonomic}
     uint ConcGCThreads                            = 1                                         {product} {ergonomic}
     uint G1ConcRefinementThreads                  = 2                                         {product} {ergonomic}
   size_t G1HeapRegionSize                         = 1048576                                   {product} {ergonomic}
    uintx GCDrainStackTargetSize                   = 64                                        {product} {ergonomic}
   size_t InitialHeapSize                          = 100663296                                 {product} {ergonomic}
   size_t MarkStackSize                            = 4194304                                   {product} {ergonomic}
   size_t MaxHeapSize                              = 2147483648                                {product} {command line}
   size_t MaxNewSize                               = 1287651328                                {product} {ergonomic}
   size_t MinHeapDeltaBytes                        = 1048576                                   {product} {ergonomic}
   size_t MinHeapSize                              = 8388608                                   {product} {ergonomic}
    uintx NonNMethodCodeHeapSize                   = 5826188                                {pd product} {ergonomic}
    uintx NonProfiledCodeHeapSize                  = 122916026                              {pd product} {ergonomic}
    uintx ProfiledCodeHeapSize                     = 122916026                              {pd product} {ergonomic}
    uintx ReservedCodeCacheSize                    = 251658240                              {pd product} {ergonomic}
     bool SegmentedCodeCache                       = true                                      {product} {ergonomic}
   size_t SoftMaxHeapSize                          = 2147483648                             {manageable} {ergonomic}
     bool UseCompressedClassPointers               = true                           {product lp64_product} {ergonomic}
     bool UseCompressedOops                        = true                           {product lp64_product} {ergonomic}
     bool UseG1GC                                  = true                                      {product} {ergonomic}
     bool UseLargePagesIndividualAllocation        = false                                  {pd product} {ergonomic}

Logging:
Log output configuration:
 #0: stdout all=warning uptime,level,tags
 #1: stderr all=off uptime,level,tags

Environment Variables:
PATH=C:\Program Files (x86)\Eclipse Adoptium\jdk-17.0.8.7-hotspot\bin;C:\Program Files (x86)\Common Files\Oracle\Java\javapath;C:\ProgramData\Oracle\Java\javapath;C:\WINDOWS\system32;C:\WINDOWS;C:\WINDOWS\System32\Wbem;C:\WINDOWS\System32\WindowsPowerShell\v1.0\;C:\WINDOWS\System32\OpenSSH\;C:\xampp\php;C:\ProgramData\ComposerSetup\bin;C:\Users\PC\Downloads\chromedriver_win32;C:\Program Files\nodejs\;C:\Program Files\Git\cmd;C:\Users\PC\AppData\Local\Programs\Python\Python310\Scripts\;C:\Users\PC\AppData\Local\Programs\Python\Python310\;C:\Program Files\MySQL\MySQL Shell 8.0\bin\;C:\Users\PC\AppData\Local\Microsoft\WindowsApps;C:\Users\PC\AppData\Local\Programs\Microsoft VS Code\bin;C:\xampp\php;C:\Program Files\Java\jdk1.8.0_161\bin;C:\Users\PC\AppData\Roaming\Composer\vendor\bin;C:\Users\PC\AppData\Roaming\npm;C:\Program Files\nodejs;C:\Users\PC\AppData\Local\GitHubDesktop\bin;D:\MSIB\platform-tools;
USERNAME=PC
OS=Windows_NT
PROCESSOR_IDENTIFIER=AMD64 Family 23 Model 32 Stepping 1, AuthenticAMD
TMP=C:\Users\PC\AppData\Local\Temp
TEMP=C:\Users\PC\AppData\Local\Temp


JNI global refs:
JNI global refs: 25, weak refs: 25

JNI global refs memory usage: 843, weak refs: 841


---------------  S Y S T E M  ---------------

OS:
 Windows 11 , 64 bit Build 22621 (10.0.22621.2215)
OS uptime: 7 days 13:06 hours
Hyper-V role detected

CPU: total 2 (initial active 2) (2 cores per cpu, 1 threads per core) family 23 model 32 stepping 1 microcode 0x0, cx8, cmov, fxsr, mmx, 3dnowpref, sse, sse2, sse3, ssse3, sse4a, sse4.1, sse4.2, popcnt, lzcnt, tsc, tscinvbit, avx, avx2, aes, clmul, bmi1, bmi2, adx, sha, fma, vzeroupper, clflush, clflushopt, hv

Memory: 4k page, system-wide physical 6020M (290M free)
TotalPageFile size 23396M (AvailPageFile size 5M)
current process WorkingSet (physical memory assigned to process): 350M, peak: 465M
current process commit charge ("private bytes"): 592M, peak: 619M

vm_info: OpenJDK 64-Bit Server VM (17.0.6+0-b2043.56-10027231) for windows-amd64 JRE (17.0.6+0-b2043.56-10027231), built on Apr 28 2023 00:43:19 by "androidbuild" with MS VC++ 16.10 / 16.11 (VS2019)

END.
