#
# There is insufficient memory for the Java Runtime Environment to continue.
# Native memory allocation (mmap) failed to map 16777216 bytes for G1 virtual space
# Possible reasons:
#   The system is out of physical RAM or swap space
#   The process is running with CompressedOops enabled, and the Java Heap may be blocking the growth of the native heap
# Possible solutions:
#   Reduce memory load on the system
#   Increase physical memory or swap space
#   Check if swap backing store is full
#   Decrease Java heap size (-Xmx/-Xms)
#   Decrease number of Java threads
#   Decrease Java thread stack sizes (-Xss)
#   Set larger code cache with -XX:ReservedCodeCacheSize=
#   JVM is running with Unscaled Compressed Oops mode in which the Java heap is
#     placed in the first 4GB address space. The Java Heap base address is the
#     maximum limit for the native heap growth. Please use -XX:HeapBaseMinAddress
#     to set the Java Heap base and to place the Java Heap above 4GB virtual address.
# This output file may be truncated or incomplete.
#
#  Out of Memory Error (os_windows.cpp:3769), pid=18384, tid=10124
#
# JRE version: OpenJDK Runtime Environment (17.0.6) (build 17.0.6+0-b2043.56-10027231)
# Java VM: OpenJDK 64-Bit Server VM (17.0.6+0-b2043.56-10027231, mixed mode, tiered, compressed oops, compressed class ptrs, g1 gc, windows-amd64)
# No core dump will be written. Minidumps are not enabled by default on client versions of Windows
#

---------------  S U M M A R Y ------------

Command Line: --add-opens=java.base/java.util=ALL-UNNAMED --add-opens=java.base/java.lang=ALL-UNNAMED --add-opens=java.base/java.lang.invoke=ALL-UNNAMED --add-opens=java.prefs/java.util.prefs=ALL-UNNAMED --add-opens=java.base/java.nio.charset=ALL-UNNAMED --add-opens=java.base/java.net=ALL-UNNAMED --add-opens=java.base/java.util.concurrent.atomic=ALL-UNNAMED -Xmx2048m -Dfile.encoding=UTF-8 -Duser.country=US -Duser.language=en -Duser.variant org.gradle.launcher.daemon.bootstrap.GradleDaemon 8.0

Host: AMD 3020e with Radeon Graphics                 , 2 cores, 5G,  Windows 11 , 64 bit Build 22621 (10.0.22621.2215)
Time: Mon Sep 25 07:24:03 2023 SE Asia Standard Time elapsed time: 37.059714 seconds (0d 0h 0m 37s)

---------------  T H R E A D  ---------------

Current thread (0x000001297e96edd0):  VMThread "VM Thread" [stack: 0x000000177b200000,0x000000177b300000] [id=10124]

Stack: [0x000000177b200000,0x000000177b300000]
Native frames: (J=compiled Java code, j=interpreted, Vv=VM code, C=native code)
V  [jvm.dll+0x683c9a]
V  [jvm.dll+0x8427a4]
V  [jvm.dll+0x843f9e]
V  [jvm.dll+0x844603]
V  [jvm.dll+0x249b75]
V  [jvm.dll+0x680b69]
V  [jvm.dll+0x67505a]
V  [jvm.dll+0x309acb]
V  [jvm.dll+0x310f86]
V  [jvm.dll+0x3608ee]
V  [jvm.dll+0x360b1f]
V  [jvm.dll+0x2dfbf8]
V  [jvm.dll+0x2e2ce6]
V  [jvm.dll+0x2ed478]
V  [jvm.dll+0x322150]
V  [jvm.dll+0x848ccb]
V  [jvm.dll+0x849a04]
V  [jvm.dll+0x849f1d]
V  [jvm.dll+0x84a2f4]
V  [jvm.dll+0x84a3c0]
V  [jvm.dll+0x7f274a]
V  [jvm.dll+0x682ad5]
C  [ucrtbase.dll+0x29363]
C  [KERNEL32.DLL+0x1257d]
C  [ntdll.dll+0x5aa68]

VM_Operation (0x000000177aeff5f0): G1Concurrent, mode: safepoint, requested by thread 0x00000129659532e0


---------------  P R O C E S S  ---------------

Threads class SMR info:
_java_thread_list=0x0000012903c6bdb0, length=58, elements={
0x00000129658e7340, 0x000001297e9c9550, 0x000001297e9ce3d0, 0x000001297ea114d0,
0x000001297ea12080, 0x000001297ea152e0, 0x000001297ea15c90, 0x000001297ea171c0,
0x000001297f4042b0, 0x000001297f405390, 0x000001297f596010, 0x000001297f5964e0,
0x0000012900a7c3c0, 0x0000012900b301b0, 0x000001297ffd2020, 0x000001297ffabdd0,
0x0000012900c94420, 0x000001297f90e1e0, 0x00000129009c7910, 0x000001290046f270,
0x0000012900471420, 0x0000012900472290, 0x000001290046e8d0, 0x000001290046fc10,
0x0000012900471dc0, 0x00000129004718f0, 0x00000129004705b0, 0x00000129004700e0,
0x000001290046eda0, 0x000001290046f740, 0x0000012900470a80, 0x0000012900470f50,
0x0000012901d8c570, 0x0000012901d89080, 0x0000012901d89550, 0x0000012901d89a20,
0x0000012901d8ad60, 0x0000012901d8a890, 0x0000012901d87870, 0x0000012901d8b230,
0x0000012901d86ed0, 0x0000012901d8b700, 0x0000012901d8bbd0, 0x0000012901d88bb0,
0x0000012901d8cf10, 0x0000012901d86530, 0x0000012901d87d40, 0x0000012901d8c0a0,
0x0000012901d8d3e0, 0x0000012901d8d8b0, 0x0000012901d873a0, 0x0000012901ef1b00,
0x0000012901eee140, 0x0000012901eeefb0, 0x0000012901ef0c90, 0x0000012901eefe20,
0x0000012901ef1630, 0x0000012901eee610
}

Java Threads: ( => current thread )
  0x00000129658e7340 JavaThread "main" [_thread_blocked, id=17952, stack(0x000000177ac00000,0x000000177ad00000)]
  0x000001297e9c9550 JavaThread "Reference Handler" daemon [_thread_blocked, id=14296, stack(0x000000177b300000,0x000000177b400000)]
  0x000001297e9ce3d0 JavaThread "Finalizer" daemon [_thread_blocked, id=8240, stack(0x000000177b400000,0x000000177b500000)]
  0x000001297ea114d0 JavaThread "Signal Dispatcher" daemon [_thread_blocked, id=8256, stack(0x000000177b500000,0x000000177b600000)]
  0x000001297ea12080 JavaThread "Attach Listener" daemon [_thread_blocked, id=13584, stack(0x000000177b600000,0x000000177b700000)]
  0x000001297ea152e0 JavaThread "Service Thread" daemon [_thread_blocked, id=18208, stack(0x000000177b700000,0x000000177b800000)]
  0x000001297ea15c90 JavaThread "Monitor Deflation Thread" daemon [_thread_blocked, id=8108, stack(0x000000177b800000,0x000000177b900000)]
  0x000001297ea171c0 JavaThread "C2 CompilerThread0" daemon [_thread_blocked, id=16196, stack(0x000000177b900000,0x000000177ba00000)]
  0x000001297f4042b0 JavaThread "C1 CompilerThread0" daemon [_thread_blocked, id=16616, stack(0x000000177ba00000,0x000000177bb00000)]
  0x000001297f405390 JavaThread "Sweeper thread" daemon [_thread_blocked, id=13368, stack(0x000000177bb00000,0x000000177bc00000)]
  0x000001297f596010 JavaThread "Common-Cleaner" daemon [_thread_blocked, id=14232, stack(0x000000177bc00000,0x000000177bd00000)]
  0x000001297f5964e0 JavaThread "Notification Thread" daemon [_thread_blocked, id=15376, stack(0x000000177bd00000,0x000000177be00000)]
  0x0000012900a7c3c0 JavaThread "Daemon health stats" [_thread_blocked, id=10648, stack(0x000000177c000000,0x000000177c100000)]
  0x0000012900b301b0 JavaThread "Incoming local TCP Connector on port 49769" [_thread_in_native, id=14192, stack(0x000000177c100000,0x000000177c200000)]
  0x000001297ffd2020 JavaThread "Daemon periodic checks" [_thread_blocked, id=13600, stack(0x000000177c200000,0x000000177c300000)]
  0x000001297ffabdd0 JavaThread "Daemon" [_thread_blocked, id=11016, stack(0x000000177c300000,0x000000177c400000)]
  0x0000012900c94420 JavaThread "Handler for socket connection from /127.0.0.1:49769 to /127.0.0.1:49770" [_thread_in_native, id=19676, stack(0x000000177c400000,0x000000177c500000)]
  0x000001297f90e1e0 JavaThread "Cancel handler" [_thread_blocked, id=20168, stack(0x000000177c500000,0x000000177c600000)]
  0x00000129009c7910 JavaThread "Daemon worker" [_thread_blocked, id=1712, stack(0x000000177c600000,0x000000177c700000)]
  0x000001290046f270 JavaThread "Asynchronous log dispatcher for DefaultDaemonConnection: socket connection from /127.0.0.1:49769 to /127.0.0.1:49770" [_thread_blocked, id=16532, stack(0x000000177c700000,0x000000177c800000)]
  0x0000012900471420 JavaThread "Stdin handler" [_thread_blocked, id=5844, stack(0x000000177c800000,0x000000177c900000)]
  0x0000012900472290 JavaThread "Daemon client event forwarder" [_thread_blocked, id=17872, stack(0x000000177c900000,0x000000177ca00000)]
  0x000001290046e8d0 JavaThread "Cache worker for journal cache (C:\Users\PC\.gradle\caches\journal-1)" [_thread_blocked, id=20396, stack(0x000000177ca00000,0x000000177cb00000)]
  0x000001290046fc10 JavaThread "File lock request listener" [_thread_in_native, id=5624, stack(0x000000177cb00000,0x000000177cc00000)]
  0x0000012900471dc0 JavaThread "Cache worker for file hash cache (C:\Users\PC\.gradle\caches\8.0\fileHashes)" [_thread_blocked, id=19736, stack(0x000000177cc00000,0x000000177cd00000)]
  0x00000129004718f0 JavaThread "File watcher server" daemon [_thread_in_native, id=16928, stack(0x000000177cd00000,0x000000177ce00000)]
  0x00000129004705b0 JavaThread "File watcher consumer" daemon [_thread_blocked, id=17984, stack(0x000000177ce00000,0x000000177cf00000)]
  0x00000129004700e0 JavaThread "Cache worker for checksums cache (D:\MyApp7\.gradle\8.0\checksums)" [_thread_blocked, id=16948, stack(0x000000177cf00000,0x000000177d000000)]
  0x000001290046eda0 JavaThread "Cache worker for cache directory md-rule (C:\Users\PC\.gradle\caches\8.0\md-rule)" [_thread_blocked, id=19416, stack(0x000000177d000000,0x000000177d100000)]
  0x000001290046f740 JavaThread "Cache worker for file content cache (C:\Users\PC\.gradle\caches\8.0\fileContent)" [_thread_blocked, id=16912, stack(0x000000177d100000,0x000000177d200000)]
  0x0000012900470a80 JavaThread "Cache worker for file hash cache (D:\MyApp7\.gradle\8.0\fileHashes)" [_thread_blocked, id=16484, stack(0x000000177d200000,0x000000177d300000)]
  0x0000012900470f50 JavaThread "Cache worker for cache directory md-supplier (C:\Users\PC\.gradle\caches\8.0\md-supplier)" [_thread_blocked, id=15968, stack(0x000000177d300000,0x000000177d400000)]
  0x0000012901d8c570 JavaThread "Cache worker for execution history cache (C:\Users\PC\.gradle\caches\8.0\executionHistory)" [_thread_blocked, id=14200, stack(0x000000177d400000,0x000000177d500000)]
  0x0000012901d89080 JavaThread "jar transforms" [_thread_blocked, id=14772, stack(0x000000177d500000,0x000000177d600000)]
  0x0000012901d89550 JavaThread "jar transforms Thread 2" [_thread_blocked, id=12068, stack(0x000000177d700000,0x000000177d800000)]
  0x0000012901d89a20 JavaThread "Cache worker for kotlin-dsl (C:\Users\PC\.gradle\caches\8.0\kotlin-dsl)" [_thread_blocked, id=12336, stack(0x000000177d800000,0x000000177d900000)]
  0x0000012901d8ad60 JavaThread "Cache worker for dependencies-accessors (D:\MyApp7\.gradle\8.0\dependencies-accessors)" [_thread_blocked, id=8368, stack(0x000000177d900000,0x000000177da00000)]
  0x0000012901d8a890 JavaThread "Cache worker for Build Output Cleanup Cache (D:\MyApp7\.gradle\buildOutputCleanup)" [_thread_blocked, id=8388, stack(0x000000177da00000,0x000000177db00000)]
  0x0000012901d87870 JavaThread "Unconstrained build operations" [_thread_blocked, id=11484, stack(0x000000177db00000,0x000000177dc00000)]
  0x0000012901d8b230 JavaThread "Unconstrained build operations Thread 2" [_thread_blocked, id=3516, stack(0x000000177dc00000,0x000000177dd00000)]
  0x0000012901d86ed0 JavaThread "Unconstrained build operations Thread 3" [_thread_blocked, id=5612, stack(0x000000177dd00000,0x000000177de00000)]
  0x0000012901d8b700 JavaThread "Unconstrained build operations Thread 4" [_thread_blocked, id=3464, stack(0x000000177de00000,0x000000177df00000)]
  0x0000012901d8bbd0 JavaThread "Unconstrained build operations Thread 5" [_thread_blocked, id=18632, stack(0x000000177df00000,0x000000177e000000)]
  0x0000012901d88bb0 JavaThread "Unconstrained build operations Thread 6" [_thread_blocked, id=14644, stack(0x000000177e000000,0x000000177e100000)]
  0x0000012901d8cf10 JavaThread "Unconstrained build operations Thread 7" [_thread_blocked, id=14164, stack(0x000000177e100000,0x000000177e200000)]
  0x0000012901d86530 JavaThread "Unconstrained build operations Thread 8" [_thread_blocked, id=18636, stack(0x000000177e200000,0x000000177e300000)]
  0x0000012901d87d40 JavaThread "Unconstrained build operations Thread 9" [_thread_blocked, id=6256, stack(0x000000177e300000,0x000000177e400000)]
  0x0000012901d8c0a0 JavaThread "Unconstrained build operations Thread 10" [_thread_blocked, id=16048, stack(0x000000177e400000,0x000000177e500000)]
  0x0000012901d8d3e0 JavaThread "Unconstrained build operations Thread 11" [_thread_blocked, id=10612, stack(0x000000177e500000,0x000000177e600000)]
  0x0000012901d8d8b0 JavaThread "Unconstrained build operations Thread 12" [_thread_blocked, id=11960, stack(0x000000177e600000,0x000000177e700000)]
  0x0000012901d873a0 JavaThread "Unconstrained build operations Thread 13" [_thread_blocked, id=19092, stack(0x000000177e700000,0x000000177e800000)]
  0x0000012901ef1b00 JavaThread "Unconstrained build operations Thread 14" [_thread_blocked, id=12504, stack(0x000000177e800000,0x000000177e900000)]
  0x0000012901eee140 JavaThread "Unconstrained build operations Thread 15" [_thread_blocked, id=15060, stack(0x000000177e900000,0x000000177ea00000)]
  0x0000012901eeefb0 JavaThread "Unconstrained build operations Thread 16" [_thread_blocked, id=16272, stack(0x000000177ea00000,0x000000177eb00000)]
  0x0000012901ef0c90 JavaThread "Unconstrained build operations Thread 17" [_thread_blocked, id=13352, stack(0x000000177eb00000,0x000000177ec00000)]
  0x0000012901eefe20 JavaThread "Unconstrained build operations Thread 18" [_thread_blocked, id=15600, stack(0x000000177ec00000,0x000000177ed00000)]
  0x0000012901ef1630 JavaThread "Unconstrained build operations Thread 19" [_thread_blocked, id=7432, stack(0x000000177ed00000,0x000000177ee00000)]
  0x0000012901eee610 JavaThread "Unconstrained build operations Thread 20" [_thread_blocked, id=16896, stack(0x000000177ee00000,0x000000177ef00000)]

Other Threads:
=>0x000001297e96edd0 VMThread "VM Thread" [stack: 0x000000177b200000,0x000000177b300000] [id=10124]
  0x000001297e953700 WatcherThread [stack: 0x000000177be00000,0x000000177bf00000] [id=19896]
  0x00000129659423a0 GCTaskThread "GC Thread#0" [stack: 0x000000177ad00000,0x000000177ae00000] [id=17080]
  0x000001297f61b670 GCTaskThread "GC Thread#1" [stack: 0x000000177bf00000,0x000000177c000000] [id=19020]
  0x00000129659532e0 ConcurrentGCThread "G1 Main Marker" [stack: 0x000000177ae00000,0x000000177af00000] [id=7384]
  0x0000012965953cf0 ConcurrentGCThread "G1 Conc#0" [stack: 0x000000177af00000,0x000000177b000000] [id=3224]
  0x000001297e830090 ConcurrentGCThread "G1 Refine#0" [stack: 0x000000177b000000,0x000000177b100000] [id=15716]
  0x0000012903956b20 ConcurrentGCThread "G1 Refine#1" [stack: 0x000000177d600000,0x000000177d700000] [id=1720]
  0x000001297e830ab0 ConcurrentGCThread "G1 Service" [stack: 0x000000177b100000,0x000000177b200000] [id=15088]

Threads with active compile tasks:

VM state: at safepoint (normal execution)

VM Mutex/Monitor currently owned by a thread:  ([mutex/lock_event])
[0x00000129658e1af0] Threads_lock - owner thread: 0x000001297e96edd0
[0x00000129658e1ca0] Heap_lock - owner thread: 0x00000129659532e0

Heap address: 0x0000000080000000, size: 2048 MB, Compressed Oops mode: 32-bit

CDS archive(s) not mapped
Compressed class space mapped at: 0x0000000100000000-0x0000000140000000, reserved size: 1073741824
Narrow klass base: 0x0000000000000000, Narrow klass shift: 3, Narrow klass range: 0x140000000

GC Precious Log:
 CPUs: 2 total, 2 available
 Memory: 6020M
 Large Page Support: Disabled
 NUMA Support: Disabled
 Compressed Oops: Enabled (32-bit)
 Heap Region Size: 1M
 Heap Min Capacity: 8M
 Heap Initial Capacity: 96M
 Heap Max Capacity: 2G
 Pre-touch: Disabled
 Parallel Workers: 2
 Concurrent Workers: 1
 Concurrent Refinement Workers: 2
 Periodic GC: Disabled

Heap:
 garbage-first heap   total 82944K, used 57936K [0x0000000080000000, 0x0000000100000000)
  region size 1024K, 3 young (3072K), 1 survivors (1024K)
 Metaspace       used 58149K, committed 58688K, reserved 1105920K
  class space    used 7701K, committed 7936K, reserved 1048576K

Heap Regions: E=young(eden), S=young(survivor), O=old, HS=humongous(starts), HC=humongous(continues), CS=collection set, F=free, OA=open archive, CA=closed archive, TAMS=top-at-mark-start (previous, next)
|   0|0x0000000080000000, 0x0000000080100000, 0x0000000080100000|100%| O|  |TAMS 0x0000000080100000, 0x0000000080000000| Untracked 
|   1|0x0000000080100000, 0x0000000080200000, 0x0000000080200000|100%| O|  |TAMS 0x0000000080200000, 0x0000000080100000| Untracked 
|   2|0x0000000080200000, 0x0000000080300000, 0x0000000080300000|100%| O|  |TAMS 0x0000000080300000, 0x0000000080200000| Untracked 
|   3|0x0000000080300000, 0x0000000080400000, 0x0000000080400000|100%|HS|  |TAMS 0x0000000080400000, 0x0000000080300000| Complete 
|   4|0x0000000080400000, 0x0000000080500000, 0x0000000080500000|100%|HC|  |TAMS 0x0000000080500000, 0x0000000080400000| Complete 
|   5|0x0000000080500000, 0x0000000080600000, 0x0000000080600000|100%|HC|  |TAMS 0x0000000080600000, 0x0000000080500000| Complete 
|   6|0x0000000080600000, 0x0000000080700000, 0x0000000080700000|100%|HC|  |TAMS 0x0000000080700000, 0x0000000080600000| Complete 
|   7|0x0000000080700000, 0x0000000080800000, 0x0000000080800000|100%| O|  |TAMS 0x0000000080800000, 0x0000000080700000| Updating 
|   8|0x0000000080800000, 0x0000000080900000, 0x0000000080900000|100%| O|  |TAMS 0x0000000080900000, 0x0000000080800000| Untracked 
|   9|0x0000000080900000, 0x0000000080a00000, 0x0000000080a00000|100%| O|  |TAMS 0x0000000080a00000, 0x0000000080900000| Updating 
|  10|0x0000000080a00000, 0x0000000080a00000, 0x0000000080b00000|  0%| F|  |TAMS 0x0000000080a00000, 0x0000000080a00000| Untracked 
|  11|0x0000000080b00000, 0x0000000080c00000, 0x0000000080c00000|100%| O|  |TAMS 0x0000000080c00000, 0x0000000080b00000| Untracked 
|  12|0x0000000080c00000, 0x0000000080d00000, 0x0000000080d00000|100%| O|  |TAMS 0x0000000080d00000, 0x0000000080c00000| Untracked 
|  13|0x0000000080d00000, 0x0000000080e00000, 0x0000000080e00000|100%| O|  |TAMS 0x0000000080e00000, 0x0000000080d00000| Updating 
|  14|0x0000000080e00000, 0x0000000080f00000, 0x0000000080f00000|100%| O|  |TAMS 0x0000000080f00000, 0x0000000080e00000| Untracked 
|  15|0x0000000080f00000, 0x0000000081000000, 0x0000000081000000|100%| O|  |TAMS 0x0000000081000000, 0x0000000080f00000| Untracked 
|  16|0x0000000081000000, 0x0000000081100000, 0x0000000081100000|100%| O|  |TAMS 0x0000000081100000, 0x0000000081000000| Untracked 
|  17|0x0000000081100000, 0x0000000081200000, 0x0000000081200000|100%| O|  |TAMS 0x0000000081200000, 0x0000000081100000| Untracked 
|  18|0x0000000081200000, 0x0000000081300000, 0x0000000081300000|100%| O|  |TAMS 0x0000000081300000, 0x0000000081200000| Untracked 
|  19|0x0000000081300000, 0x0000000081400000, 0x0000000081400000|100%| O|  |TAMS 0x0000000081400000, 0x0000000081300000| Untracked 
|  20|0x0000000081400000, 0x0000000081500000, 0x0000000081500000|100%| O|  |TAMS 0x0000000081500000, 0x0000000081400000| Untracked 
|  21|0x0000000081500000, 0x0000000081600000, 0x0000000081600000|100%| O|  |TAMS 0x0000000081600000, 0x0000000081500000| Untracked 
|  22|0x0000000081600000, 0x0000000081700000, 0x0000000081700000|100%| O|  |TAMS 0x0000000081700000, 0x0000000081600000| Untracked 
|  23|0x0000000081700000, 0x0000000081800000, 0x0000000081800000|100%| O|  |TAMS 0x0000000081800000, 0x0000000081700000| Updating 
|  24|0x0000000081800000, 0x0000000081900000, 0x0000000081900000|100%| O|  |TAMS 0x0000000081900000, 0x0000000081800000| Updating 
|  25|0x0000000081900000, 0x0000000081a00000, 0x0000000081a00000|100%| O|  |TAMS 0x0000000081a00000, 0x0000000081900000| Untracked 
|  26|0x0000000081a00000, 0x0000000081b00000, 0x0000000081b00000|100%| O|  |TAMS 0x0000000081b00000, 0x0000000081a00000| Updating 
|  27|0x0000000081b00000, 0x0000000081c00000, 0x0000000081c00000|100%| O|  |TAMS 0x0000000081c00000, 0x0000000081b00000| Untracked 
|  28|0x0000000081c00000, 0x0000000081d00000, 0x0000000081d00000|100%| O|  |TAMS 0x0000000081d00000, 0x0000000081c00000| Untracked 
|  29|0x0000000081d00000, 0x0000000081e00000, 0x0000000081e00000|100%| O|  |TAMS 0x0000000081e00000, 0x0000000081d00000| Updating 
|  30|0x0000000081e00000, 0x0000000081f00000, 0x0000000081f00000|100%| O|  |TAMS 0x0000000081f00000, 0x0000000081e00000| Updating 
|  31|0x0000000081f00000, 0x0000000082000000, 0x0000000082000000|100%| O|  |TAMS 0x0000000082000000, 0x0000000081f00000| Updating 
|  32|0x0000000082000000, 0x0000000082100000, 0x0000000082100000|100%| O|  |TAMS 0x0000000082100000, 0x0000000082000000| Untracked 
|  33|0x0000000082100000, 0x0000000082200000, 0x0000000082200000|100%| O|  |TAMS 0x0000000082200000, 0x0000000082100000| Untracked 
|  34|0x0000000082200000, 0x0000000082300000, 0x0000000082300000|100%| O|  |TAMS 0x0000000082300000, 0x0000000082200000| Untracked 
|  35|0x0000000082300000, 0x0000000082400000, 0x0000000082400000|100%| O|  |TAMS 0x0000000082400000, 0x0000000082300000| Untracked 
|  36|0x0000000082400000, 0x0000000082500000, 0x0000000082500000|100%| O|  |TAMS 0x0000000082500000, 0x0000000082400000| Untracked 
|  37|0x0000000082500000, 0x0000000082600000, 0x0000000082600000|100%| O|  |TAMS 0x0000000082600000, 0x0000000082500000| Untracked 
|  38|0x0000000082600000, 0x0000000082700000, 0x0000000082700000|100%| O|  |TAMS 0x0000000082700000, 0x0000000082600000| Untracked 
|  39|0x0000000082700000, 0x0000000082800000, 0x0000000082800000|100%| O|  |TAMS 0x0000000082800000, 0x0000000082700000| Updating 
|  40|0x0000000082800000, 0x0000000082900000, 0x0000000082900000|100%|HS|  |TAMS 0x0000000082900000, 0x0000000082800000| Complete 
|  41|0x0000000082900000, 0x0000000082a00000, 0x0000000082a00000|100%|HS|  |TAMS 0x0000000082a00000, 0x0000000082900000| Complete 
|  42|0x0000000082a00000, 0x0000000082b00000, 0x0000000082b00000|100%|HS|  |TAMS 0x0000000082b00000, 0x0000000082a00000| Complete 
|  43|0x0000000082b00000, 0x0000000082c00000, 0x0000000082c00000|100%|HC|  |TAMS 0x0000000082c00000, 0x0000000082b00000| Complete 
|  44|0x0000000082c00000, 0x0000000082d00000, 0x0000000082d00000|100%|HS|  |TAMS 0x0000000082d00000, 0x0000000082c00000| Complete 
|  45|0x0000000082d00000, 0x0000000082e00000, 0x0000000082e00000|100%|HS|  |TAMS 0x0000000082e00000, 0x0000000082d00000| Complete 
|  46|0x0000000082e00000, 0x0000000082f00000, 0x0000000082f00000|100%|HC|  |TAMS 0x0000000082f00000, 0x0000000082e00000| Complete 
|  47|0x0000000082f00000, 0x0000000083000000, 0x0000000083000000|100%|HC|  |TAMS 0x0000000083000000, 0x0000000082f00000| Complete 
|  48|0x0000000083000000, 0x0000000083100000, 0x0000000083100000|100%|HC|  |TAMS 0x0000000083100000, 0x0000000083000000| Complete 
|  49|0x0000000083100000, 0x0000000083200000, 0x0000000083200000|100%| O|  |TAMS 0x0000000083200000, 0x0000000083100000| Untracked 
|  50|0x0000000083200000, 0x0000000083300000, 0x0000000083300000|100%| O|  |TAMS 0x0000000083300000, 0x0000000083200000| Updating 
|  51|0x0000000083300000, 0x0000000083400000, 0x0000000083400000|100%| O|  |TAMS 0x0000000083400000, 0x0000000083300000| Untracked 
|  52|0x0000000083400000, 0x0000000083500000, 0x0000000083500000|100%| O|  |TAMS 0x0000000083500000, 0x0000000083400000| Untracked 
|  53|0x0000000083500000, 0x0000000083500000, 0x0000000083600000|  0%| F|  |TAMS 0x0000000083500000, 0x0000000083500000| Untracked 
|  54|0x0000000083600000, 0x0000000083600000, 0x0000000083700000|  0%| F|  |TAMS 0x0000000083600000, 0x0000000083600000| Untracked 
|  55|0x0000000083700000, 0x0000000083700000, 0x0000000083800000|  0%| F|  |TAMS 0x0000000083700000, 0x0000000083700000| Untracked 
|  56|0x0000000083800000, 0x0000000083900000, 0x0000000083900000|100%| O|  |TAMS 0x0000000083900000, 0x0000000083800000| Updating 
|  57|0x0000000083900000, 0x0000000083a00000, 0x0000000083a00000|100%| O|  |TAMS 0x0000000083a00000, 0x0000000083900000| Untracked 
|  58|0x0000000083a00000, 0x0000000083a00000, 0x0000000083b00000|  0%| F|  |TAMS 0x0000000083a00000, 0x0000000083a00000| Untracked 
|  59|0x0000000083b00000, 0x0000000083b00000, 0x0000000083c00000|  0%| F|  |TAMS 0x0000000083b00000, 0x0000000083b00000| Untracked 
|  60|0x0000000083c00000, 0x0000000083c00000, 0x0000000083d00000|  0%| F|  |TAMS 0x0000000083c00000, 0x0000000083c00000| Untracked 
|  61|0x0000000083d00000, 0x0000000083d00000, 0x0000000083e00000|  0%| F|  |TAMS 0x0000000083d00000, 0x0000000083d00000| Untracked 
|  62|0x0000000083e00000, 0x0000000083e00000, 0x0000000083f00000|  0%| F|  |TAMS 0x0000000083e00000, 0x0000000083e00000| Untracked 
|  63|0x0000000083f00000, 0x0000000083f00000, 0x0000000084000000|  0%| F|  |TAMS 0x0000000083f00000, 0x0000000083f00000| Untracked 
|  64|0x0000000084000000, 0x0000000084000000, 0x0000000084100000|  0%| F|  |TAMS 0x0000000084000000, 0x0000000084000000| Untracked 
|  65|0x0000000084100000, 0x0000000084100000, 0x0000000084200000|  0%| F|  |TAMS 0x0000000084100000, 0x0000000084100000| Untracked 
|  66|0x0000000084200000, 0x0000000084294100, 0x0000000084300000| 57%| S|CS|TAMS 0x0000000084200000, 0x0000000084200000| Complete 
|  67|0x0000000084300000, 0x0000000084300000, 0x0000000084400000|  0%| F|  |TAMS 0x0000000084300000, 0x0000000084300000| Untracked 
|  68|0x0000000084400000, 0x0000000084400000, 0x0000000084500000|  0%| F|  |TAMS 0x0000000084400000, 0x0000000084400000| Untracked 
|  69|0x0000000084500000, 0x0000000084500000, 0x0000000084600000|  0%| F|  |TAMS 0x0000000084500000, 0x0000000084500000| Untracked 
|  70|0x0000000084600000, 0x0000000084600000, 0x0000000084700000|  0%| F|  |TAMS 0x0000000084600000, 0x0000000084600000| Untracked 
|  71|0x0000000084700000, 0x0000000084700000, 0x0000000084800000|  0%| F|  |TAMS 0x0000000084700000, 0x0000000084700000| Untracked 
|  72|0x0000000084800000, 0x0000000084800000, 0x0000000084900000|  0%| F|  |TAMS 0x0000000084800000, 0x0000000084800000| Untracked 
|  73|0x0000000084900000, 0x0000000084900000, 0x0000000084a00000|  0%| F|  |TAMS 0x0000000084900000, 0x0000000084900000| Untracked 
|  74|0x0000000084a00000, 0x0000000084a00000, 0x0000000084b00000|  0%| F|  |TAMS 0x0000000084a00000, 0x0000000084a00000| Untracked 
|  75|0x0000000084b00000, 0x0000000084b00000, 0x0000000084c00000|  0%| F|  |TAMS 0x0000000084b00000, 0x0000000084b00000| Untracked 
|  76|0x0000000084c00000, 0x0000000084c00000, 0x0000000084d00000|  0%| F|  |TAMS 0x0000000084c00000, 0x0000000084c00000| Untracked 
|  77|0x0000000084d00000, 0x0000000084d00000, 0x0000000084e00000|  0%| F|  |TAMS 0x0000000084d00000, 0x0000000084d00000| Untracked 
|  78|0x0000000084e00000, 0x0000000084ed70c0, 0x0000000084f00000| 84%| E|  |TAMS 0x0000000084e00000, 0x0000000084e00000| Complete 
|  79|0x0000000084f00000, 0x0000000085000000, 0x0000000085000000|100%| E|CS|TAMS 0x0000000084f00000, 0x0000000084f00000| Complete 
|2047|0x00000000fff00000, 0x0000000100000000, 0x0000000100000000|100%| O|  |TAMS 0x0000000100000000, 0x00000000fff00000| Updating 

Card table byte_map: [0x0000012977db0000,0x00000129781b0000] _byte_map_base: 0x00000129779b0000

Marking Bits (Prev, Next): (CMBitMap*) 0x00000129659429b0, (CMBitMap*) 0x00000129659429f0
 Prev Bits: [0x00000129785b0000, 0x000001297a5b0000)
 Next Bits: [0x000001297a5b0000, 0x000001297c5b0000)

Polling page: 0x00000129638b0000

Metaspace:

Usage:
  Non-class:     49.27 MB used.
      Class:      7.52 MB used.
       Both:     56.79 MB used.

Virtual space:
  Non-class space:       56.00 MB reserved,      49.56 MB ( 89%) committed,  7 nodes.
      Class space:        1.00 GB reserved,       7.75 MB ( <1%) committed,  1 nodes.
             Both:        1.05 GB reserved,      57.31 MB (  5%) committed. 

Chunk freelists:
   Non-Class:  2.33 MB
       Class:  241.00 KB
        Both:  2.56 MB

MaxMetaspaceSize: unlimited
CompressedClassSpaceSize: 1.00 GB
Initial GC threshold: 21.00 MB
Current GC threshold: 88.12 MB
CDS: off
MetaspaceReclaimPolicy: balanced
 - commit_granule_bytes: 65536.
 - commit_granule_words: 8192.
 - virtual_space_node_default_size: 1048576.
 - enlarge_chunks_in_place: 1.
 - new_chunks_are_fully_committed: 0.
 - uncommit_free_chunks: 1.
 - use_allocation_guard: 0.
 - handle_deallocations: 1.


Internal statistics:

num_allocs_failed_limit: 6.
num_arena_births: 616.
num_arena_deaths: 0.
num_vsnodes_births: 8.
num_vsnodes_deaths: 0.
num_space_committed: 917.
num_space_uncommitted: 0.
num_chunks_returned_to_freelist: 6.
num_chunks_taken_from_freelist: 2517.
num_chunk_merges: 6.
num_chunk_splits: 1705.
num_chunks_enlarged: 1178.
num_purges: 0.
num_inconsistent_stats: 0.

CodeHeap 'non-profiled nmethods': size=120064Kb used=3421Kb max_used=3421Kb free=116642Kb
 bounds [0x0000012970870000, 0x0000012970bd0000, 0x0000012977db0000]
CodeHeap 'profiled nmethods': size=120000Kb used=12205Kb max_used=12205Kb free=107794Kb
 bounds [0x0000012968db0000, 0x00000129699a0000, 0x00000129702e0000]
CodeHeap 'non-nmethods': size=5696Kb used=2325Kb max_used=2370Kb free=3370Kb
 bounds [0x00000129702e0000, 0x0000012970550000, 0x0000012970870000]
 total_blobs=6967 nmethods=6122 adapters=757
 compilation: enabled
              stopped_count=0, restarted_count=0
 full_count=0

Compilation events (20 events):
Event: 36.768 Thread 0x000001297ea171c0 6120       4       java.lang.Class::copyMethods (36 bytes)
Event: 36.786 Thread 0x000001297ea171c0 nmethod 6120 0x0000012970bc5790 code [0x0000012970bc5920, 0x0000012970bc5f98]
Event: 36.794 Thread 0x000001297f4042b0 6121       1       sun.reflect.generics.tree.Wildcard::getUpperBounds (5 bytes)
Event: 36.794 Thread 0x000001297f4042b0 nmethod 6121 0x0000012970bc6290 code [0x0000012970bc6420, 0x0000012970bc64f8]
Event: 36.796 Thread 0x000001297f4042b0 6122       3       java.lang.reflect.Constructor::hasGenericInformation (13 bytes)
Event: 36.796 Thread 0x000001297f4042b0 nmethod 6122 0x0000012969999210 code [0x00000129699993a0, 0x0000012969999518]
Event: 36.796 Thread 0x000001297ea171c0 6123       4       jdk.internal.org.objectweb.asm.ClassReader::<init> (371 bytes)
Event: 36.812 Thread 0x000001297f4042b0 6124       3       com.google.common.collect.MapMakerInternalMap$StrongKeyWeakValueEntry::getValue (10 bytes)
Event: 36.812 Thread 0x000001297f4042b0 nmethod 6124 0x0000012969999590 code [0x0000012969999740, 0x0000012969999908]
Event: 36.830 Thread 0x000001297ea171c0 nmethod 6123 0x0000012970bc6590 code [0x0000012970bc6740, 0x0000012970bc70d8]
Event: 36.845 Thread 0x000001297f4042b0 6125       1       java.util.logging.Logger::getName (5 bytes)
Event: 36.845 Thread 0x000001297f4042b0 nmethod 6125 0x0000012970bc7490 code [0x0000012970bc7620, 0x0000012970bc76f8]
Event: 36.868 Thread 0x000001297f4042b0 6126       3       com.google.common.collect.MapMakerInternalMap$Segment::copyEntry (19 bytes)
Event: 36.868 Thread 0x000001297f4042b0 nmethod 6126 0x0000012969999a10 code [0x0000012969999bc0, 0x0000012969999e78]
Event: 36.868 Thread 0x000001297f4042b0 6127       3       com.google.common.collect.MapMakerInternalMap$StrongKeyWeakValueEntry$Helper::copy (17 bytes)
Event: 36.869 Thread 0x000001297f4042b0 nmethod 6127 0x0000012969999f90 code [0x000001296999a180, 0x000001296999a858]
Event: 36.869 Thread 0x000001297f4042b0 6128       3       com.google.common.collect.MapMakerInternalMap$StrongKeyWeakValueEntry$Helper::copy (19 bytes)
Event: 36.869 Thread 0x000001297f4042b0 nmethod 6128 0x000001296999aa90 code [0x000001296999ac60, 0x000001296999b038]
Event: 36.930 Thread 0x000001297f4042b0 6129       3       org.gradle.model.internal.asm.MethodVisitorScope::_IFNULL (9 bytes)
Event: 36.930 Thread 0x000001297f4042b0 nmethod 6129 0x000001296999b210 code [0x000001296999b3c0, 0x000001296999b628]

GC Heap History (20 events):
Event: 18.246 GC heap before
{Heap before GC invocations=11 (full 0):
 garbage-first heap   total 65536K, used 47993K [0x0000000080000000, 0x0000000100000000)
  region size 1024K, 27 young (27648K), 3 survivors (3072K)
 Metaspace       used 40569K, committed 40960K, reserved 1089536K
  class space    used 5359K, committed 5504K, reserved 1048576K
}
Event: 18.268 GC heap after
{Heap after GC invocations=12 (full 0):
 garbage-first heap   total 65536K, used 27490K [0x0000000080000000, 0x0000000100000000)
  region size 1024K, 4 young (4096K), 4 survivors (4096K)
 Metaspace       used 40569K, committed 40960K, reserved 1089536K
  class space    used 5359K, committed 5504K, reserved 1048576K
}
Event: 19.870 GC heap before
{Heap before GC invocations=12 (full 0):
 garbage-first heap   total 65536K, used 51042K [0x0000000080000000, 0x0000000100000000)
  region size 1024K, 25 young (25600K), 4 survivors (4096K)
 Metaspace       used 42906K, committed 43328K, reserved 1089536K
  class space    used 5606K, committed 5760K, reserved 1048576K
}
Event: 19.893 GC heap after
{Heap after GC invocations=13 (full 0):
 garbage-first heap   total 65536K, used 30430K [0x0000000080000000, 0x0000000100000000)
  region size 1024K, 3 young (3072K), 3 survivors (3072K)
 Metaspace       used 42906K, committed 43328K, reserved 1089536K
  class space    used 5606K, committed 5760K, reserved 1048576K
}
Event: 23.005 GC heap before
{Heap before GC invocations=13 (full 0):
 garbage-first heap   total 65536K, used 49886K [0x0000000080000000, 0x0000000100000000)
  region size 1024K, 22 young (22528K), 3 survivors (3072K)
 Metaspace       used 44603K, committed 45056K, reserved 1089536K
  class space    used 5753K, committed 5952K, reserved 1048576K
}
Event: 23.014 GC heap after
{Heap after GC invocations=14 (full 0):
 garbage-first heap   total 81920K, used 31436K [0x0000000080000000, 0x0000000100000000)
  region size 1024K, 2 young (2048K), 2 survivors (2048K)
 Metaspace       used 44603K, committed 45056K, reserved 1089536K
  class space    used 5753K, committed 5952K, reserved 1048576K
}
Event: 26.463 GC heap before
{Heap before GC invocations=14 (full 0):
 garbage-first heap   total 81920K, used 62156K [0x0000000080000000, 0x0000000100000000)
  region size 1024K, 32 young (32768K), 2 survivors (2048K)
 Metaspace       used 48646K, committed 49088K, reserved 1097728K
  class space    used 6451K, committed 6656K, reserved 1048576K
}
Event: 26.472 GC heap after
{Heap after GC invocations=15 (full 0):
 garbage-first heap   total 81920K, used 33525K [0x0000000080000000, 0x0000000100000000)
  region size 1024K, 4 young (4096K), 4 survivors (4096K)
 Metaspace       used 48646K, committed 49088K, reserved 1097728K
  class space    used 6451K, committed 6656K, reserved 1048576K
}
Event: 30.179 GC heap before
{Heap before GC invocations=15 (full 0):
 garbage-first heap   total 81920K, used 63221K [0x0000000080000000, 0x0000000100000000)
  region size 1024K, 33 young (33792K), 4 survivors (4096K)
 Metaspace       used 52525K, committed 52928K, reserved 1097728K
  class space    used 7032K, committed 7232K, reserved 1048576K
}
Event: 30.189 GC heap after
{Heap after GC invocations=16 (full 0):
 garbage-first heap   total 81920K, used 35019K [0x0000000080000000, 0x0000000100000000)
  region size 1024K, 4 young (4096K), 4 survivors (4096K)
 Metaspace       used 52525K, committed 52928K, reserved 1097728K
  class space    used 7032K, committed 7232K, reserved 1048576K
}
Event: 32.622 GC heap before
{Heap before GC invocations=16 (full 0):
 garbage-first heap   total 81920K, used 62667K [0x0000000080000000, 0x0000000100000000)
  region size 1024K, 32 young (32768K), 4 survivors (4096K)
 Metaspace       used 53642K, committed 54080K, reserved 1097728K
  class space    used 7134K, committed 7360K, reserved 1048576K
}
Event: 32.679 GC heap after
{Heap after GC invocations=17 (full 0):
 garbage-first heap   total 81920K, used 39434K [0x0000000080000000, 0x0000000100000000)
  region size 1024K, 4 young (4096K), 4 survivors (4096K)
 Metaspace       used 53642K, committed 54080K, reserved 1097728K
  class space    used 7134K, committed 7360K, reserved 1048576K
}
Event: 33.251 GC heap before
{Heap before GC invocations=17 (full 0):
 garbage-first heap   total 81920K, used 43530K [0x0000000080000000, 0x0000000100000000)
  region size 1024K, 9 young (9216K), 4 survivors (4096K)
 Metaspace       used 53692K, committed 54144K, reserved 1097728K
  class space    used 7135K, committed 7360K, reserved 1048576K
}
Event: 33.261 GC heap after
{Heap after GC invocations=18 (full 0):
 garbage-first heap   total 81920K, used 40426K [0x0000000080000000, 0x0000000100000000)
  region size 1024K, 1 young (1024K), 1 survivors (1024K)
 Metaspace       used 53692K, committed 54144K, reserved 1097728K
  class space    used 7135K, committed 7360K, reserved 1048576K
}
Event: 36.014 GC heap before
{Heap before GC invocations=19 (full 0):
 garbage-first heap   total 81920K, used 73194K [0x0000000080000000, 0x0000000100000000)
  region size 1024K, 24 young (24576K), 1 survivors (1024K)
 Metaspace       used 55682K, committed 56192K, reserved 1097728K
  class space    used 7414K, committed 7616K, reserved 1048576K
}
Event: 36.025 GC heap after
{Heap after GC invocations=20 (full 0):
 garbage-first heap   total 82944K, used 56179K [0x0000000080000000, 0x0000000100000000)
  region size 1024K, 3 young (3072K), 3 survivors (3072K)
 Metaspace       used 55682K, committed 56192K, reserved 1097728K
  class space    used 7414K, committed 7616K, reserved 1048576K
}
Event: 36.112 GC heap before
{Heap before GC invocations=20 (full 0):
 garbage-first heap   total 82944K, used 57203K [0x0000000080000000, 0x0000000100000000)
  region size 1024K, 4 young (4096K), 3 survivors (3072K)
 Metaspace       used 55830K, committed 56320K, reserved 1097728K
  class space    used 7427K, committed 7616K, reserved 1048576K
}
Event: 36.118 GC heap after
{Heap after GC invocations=21 (full 0):
 garbage-first heap   total 82944K, used 56509K [0x0000000080000000, 0x0000000100000000)
  region size 1024K, 1 young (1024K), 1 survivors (1024K)
 Metaspace       used 55830K, committed 56320K, reserved 1097728K
  class space    used 7427K, committed 7616K, reserved 1048576K
}
Event: 36.946 GC heap before
{Heap before GC invocations=21 (full 0):
 garbage-first heap   total 82944K, used 68797K [0x0000000080000000, 0x0000000100000000)
  region size 1024K, 13 young (13312K), 1 survivors (1024K)
 Metaspace       used 57722K, committed 58240K, reserved 1105920K
  class space    used 7667K, committed 7872K, reserved 1048576K
}
Event: 36.950 GC heap after
{Heap after GC invocations=22 (full 0):
 garbage-first heap   total 82944K, used 56912K [0x0000000080000000, 0x0000000100000000)
  region size 1024K, 1 young (1024K), 1 survivors (1024K)
 Metaspace       used 57722K, committed 58240K, reserved 1105920K
  class space    used 7667K, committed 7872K, reserved 1048576K
}

Dll operation events (2 events):
Event: 0.082 Loaded shared library D:\ANDROID\jbr\bin\java.dll
Event: 1.893 Loaded shared library D:\ANDROID\jbr\bin\verify.dll

Deoptimization events (20 events):
Event: 36.452 Thread 0x00000129009c7910 Uncommon trap: trap_request=0xffffffde fr.pc=0x00000129709df860 relative=0x00000000000009e0
Event: 36.452 Thread 0x00000129009c7910 Uncommon trap: reason=class_check action=maybe_recompile pc=0x00000129709df860 method=java.io.BufferedInputStream.read1([BII)I @ 39 c2
Event: 36.452 Thread 0x00000129009c7910 DEOPT PACKING pc=0x00000129709df860 sp=0x000000177c6f6c50
Event: 36.452 Thread 0x00000129009c7910 DEOPT UNPACKING pc=0x00000129703369a3 sp=0x000000177c6f6b68 mode 2
Event: 36.452 Thread 0x00000129009c7910 Uncommon trap: trap_request=0xffffffde fr.pc=0x00000129709df860 relative=0x00000000000009e0
Event: 36.452 Thread 0x00000129009c7910 Uncommon trap: reason=class_check action=maybe_recompile pc=0x00000129709df860 method=java.io.BufferedInputStream.read1([BII)I @ 39 c2
Event: 36.452 Thread 0x00000129009c7910 DEOPT PACKING pc=0x00000129709df860 sp=0x000000177c6f6c50
Event: 36.452 Thread 0x00000129009c7910 DEOPT UNPACKING pc=0x00000129703369a3 sp=0x000000177c6f6b68 mode 2
Event: 36.528 Thread 0x00000129009c7910 Uncommon trap: trap_request=0xffffffde fr.pc=0x00000129709df860 relative=0x00000000000009e0
Event: 36.528 Thread 0x00000129009c7910 Uncommon trap: reason=class_check action=maybe_recompile pc=0x00000129709df860 method=java.io.BufferedInputStream.read1([BII)I @ 39 c2
Event: 36.528 Thread 0x00000129009c7910 DEOPT PACKING pc=0x00000129709df860 sp=0x000000177c6f76e0
Event: 36.528 Thread 0x00000129009c7910 DEOPT UNPACKING pc=0x00000129703369a3 sp=0x000000177c6f75f8 mode 2
Event: 36.528 Thread 0x00000129009c7910 Uncommon trap: trap_request=0xffffffde fr.pc=0x00000129709d6968 relative=0x00000000000001a8
Event: 36.528 Thread 0x00000129009c7910 Uncommon trap: reason=class_check action=maybe_recompile pc=0x00000129709d6968 method=java.io.BufferedInputStream.read1([BII)I @ 39 c2
Event: 36.529 Thread 0x00000129009c7910 DEOPT PACKING pc=0x00000129709d6968 sp=0x000000177c6f7640
Event: 36.529 Thread 0x00000129009c7910 DEOPT UNPACKING pc=0x00000129703369a3 sp=0x000000177c6f75e8 mode 2
Event: 36.951 Thread 0x000001297f596010 Uncommon trap: trap_request=0xffffffde fr.pc=0x0000012970ac4fa8 relative=0x0000000000000488
Event: 36.951 Thread 0x000001297f596010 Uncommon trap: reason=class_check action=maybe_recompile pc=0x0000012970ac4fa8 method=jdk.internal.ref.PhantomCleanable.clean()V @ 12 c2
Event: 36.951 Thread 0x000001297f596010 DEOPT PACKING pc=0x0000012970ac4fa8 sp=0x000000177bcff5c0
Event: 36.951 Thread 0x000001297f596010 DEOPT UNPACKING pc=0x00000129703369a3 sp=0x000000177bcff5a0 mode 2

Classes unloaded (0 events):
No events

Classes redefined (0 events):
No events

Internal exceptions (20 events):
Event: 29.690 Thread 0x00000129009c7910 Exception <a 'java/lang/NoSuchMethodError'{0x00000000838cf4a8}: 'java.lang.Object java.lang.invoke.DirectMethodHandle$Holder.newInvokeSpecial(java.lang.Object, java.lang.Object, java.lang.Object, java.lang.Object, java.lang.Object, int)'> (0x00000000838cf4a8) 
thrown [s\src\hotspot\share\interpreter\linkResolver.cpp, line 771]
Event: 29.691 Thread 0x00000129009c7910 Exception <a 'java/lang/NoSuchMethodError'{0x00000000838d4b00}: 'java.lang.Object java.lang.invoke.DirectMethodHandle$Holder.invokeSpecial(java.lang.Object, java.lang.Object, java.lang.Object, java.lang.Object, java.lang.Object, java.lang.Object, int)'> (0x00000000838d4b00) 
thrown [s\src\hotspot\share\interpreter\linkResolver.cpp, line 771]
Event: 29.796 Thread 0x00000129009c7910 Exception <a 'java/lang/NoSuchMethodError'{0x00000000837a5bb0}: 'void java.lang.invoke.DirectMethodHandle$Holder.invokeStatic(java.lang.Object, java.lang.Object, java.lang.Object, int, java.lang.Object)'> (0x00000000837a5bb0) 
thrown [s\src\hotspot\share\interpreter\linkResolver.cpp, line 771]
Event: 30.033 Thread 0x00000129009c7910 Exception <a 'java/lang/NoSuchMethodError'{0x00000000834bd178}: 'java.lang.Object java.lang.invoke.DirectMethodHandle$Holder.newInvokeSpecial(java.lang.Object, java.lang.Object, int)'> (0x00000000834bd178) 
thrown [s\src\hotspot\share\interpreter\linkResolver.cpp, line 771]
Event: 32.225 Thread 0x00000129009c7910 Exception <a 'java/lang/NoSuchMethodError'{0x00000000838fbf48}: 'long java.lang.invoke.DirectMethodHandle$Holder.invokeVirtual(java.lang.Object, java.lang.Object)'> (0x00000000838fbf48) 
thrown [s\src\hotspot\share\interpreter\linkResolver.cpp, line 771]
Event: 32.238 Thread 0x0000012900472290 Exception <a 'java/lang/NoSuchMethodError'{0x0000000083787e20}: static Lorg/gradle/internal/build/event/types/DefaultOperationFinishedProgressEvent;.<clinit>()V> (0x0000000083787e20) 
thrown [s\src\hotspot\share\prims\jni.cpp, line 1108]
Event: 32.252 Thread 0x0000012900472290 Exception <a 'java/lang/NoSuchMethodError'{0x00000000837ac638}: static Lorg/gradle/internal/build/event/types/DefaultProjectConfigurationSuccessResult;.<clinit>()V> (0x00000000837ac638) 
thrown [s\src\hotspot\share\prims\jni.cpp, line 1108]
Event: 32.253 Thread 0x0000012900472290 Exception <a 'java/lang/NoSuchMethodError'{0x00000000837ad6f0}: static Lorg/gradle/internal/build/event/types/AbstractProjectConfigurationResult;.<clinit>()V> (0x00000000837ad6f0) 
thrown [s\src\hotspot\share\prims\jni.cpp, line 1108]
Event: 32.253 Thread 0x0000012900472290 Exception <a 'java/lang/NoSuchMethodError'{0x00000000837aec48}: static Lorg/gradle/internal/build/event/types/AbstractOperationResult;.<clinit>()V> (0x00000000837aec48) 
thrown [s\src\hotspot\share\prims\jni.cpp, line 1108]
Event: 32.253 Thread 0x0000012900472290 Exception <a 'java/lang/NoSuchMethodError'{0x00000000837afe48}: static Lorg/gradle/internal/build/event/types/AbstractResult;.<clinit>()V> (0x00000000837afe48) 
thrown [s\src\hotspot\share\prims\jni.cpp, line 1108]
Event: 32.262 Thread 0x0000012900472290 Exception <a 'java/lang/NoSuchMethodError'{0x00000000837c52b0}: static Lorg/gradle/internal/build/event/types/DefaultPluginApplicationResult;.<clinit>()V> (0x00000000837c52b0) 
thrown [s\src\hotspot\share\prims\jni.cpp, line 1108]
Event: 32.264 Thread 0x0000012900472290 Exception <a 'java/lang/NoSuchMethodError'{0x00000000837d03d8}: static Lorg/gradle/internal/build/event/types/DefaultBinaryPluginIdentifier;.<clinit>()V> (0x00000000837d03d8) 
thrown [s\src\hotspot\share\prims\jni.cpp, line 1108]
Event: 32.271 Thread 0x0000012900472290 Exception <a 'java/lang/NoSuchMethodError'{0x00000000837e56b0}: static Lorg/gradle/internal/build/event/types/DefaultScriptPluginIdentifier;.<clinit>()V> (0x00000000837e56b0) 
thrown [s\src\hotspot\share\prims\jni.cpp, line 1108]
Event: 33.225 Thread 0x00000129009c7910 Implicit null exception at 0x0000012970b2e314 to 0x0000012970b2e9e4
Event: 34.430 Thread 0x00000129009c7910 Exception <a 'java/lang/ClassNotFoundException'{0x0000000084506280}: org/gradle/api/internal/plugins/DefaultObjectConfigurationActionBeanInfo> (0x0000000084506280) 
thrown [s\src\hotspot\share\classfile\systemDictionary.cpp, line 256]
Event: 34.431 Thread 0x00000129009c7910 Exception <a 'java/lang/ClassNotFoundException'{0x000000008451a008}: org/gradle/api/internal/plugins/DefaultObjectConfigurationActionCustomizer> (0x000000008451a008) 
thrown [s\src\hotspot\share\classfile\systemDictionary.cpp, line 256]
Event: 35.750 Thread 0x00000129009c7910 Exception <a 'java/lang/NoSuchMethodError'{0x0000000083bde8c8}: 'java.lang.Object java.lang.invoke.DirectMethodHandle$Holder.newInvokeSpecial(java.lang.Object, java.lang.Object, java.lang.Object, java.lang.Object, int)'> (0x0000000083bde8c8) 
thrown [s\src\hotspot\share\interpreter\linkResolver.cpp, line 771]
Event: 35.751 Thread 0x00000129009c7910 Exception <a 'java/lang/NoSuchMethodError'{0x0000000083be3d10}: 'java.lang.Object java.lang.invoke.DirectMethodHandle$Holder.invokeSpecial(java.lang.Object, java.lang.Object, java.lang.Object, java.lang.Object, java.lang.Object, int)'> (0x0000000083be3d10) 
thrown [s\src\hotspot\share\interpreter\linkResolver.cpp, line 771]
Event: 35.751 Thread 0x00000129009c7910 Exception <a 'java/lang/NoSuchMethodError'{0x0000000083be8a90}: 'java.lang.Object java.lang.invoke.Invokers$Holder.linkToTargetMethod(java.lang.Object, java.lang.Object, java.lang.Object, int, java.lang.Object)'> (0x0000000083be8a90) 
thrown [s\src\hotspot\share\interpreter\linkResolver.cpp, line 771]
Event: 36.754 Thread 0x00000129009c7910 Exception <a 'java/lang/NoSuchMethodError'{0x000000008468a710}: 'int java.lang.invoke.DirectMethodHandle$Holder.invokeInterface(java.lang.Object, java.lang.Object, java.lang.Object, java.lang.Object)'> (0x000000008468a710) 
thrown [s\src\hotspot\share\interpreter\linkResolver.cpp, line 771]

VM Operations (20 events):
Event: 33.400 Executing VM operation: G1Concurrent done
Event: 33.432 Executing VM operation: G1Concurrent
Event: 33.436 Executing VM operation: G1Concurrent done
Event: 34.439 Executing VM operation: Cleanup
Event: 34.470 Executing VM operation: Cleanup done
Event: 35.477 Executing VM operation: Cleanup
Event: 35.477 Executing VM operation: Cleanup done
Event: 35.875 Executing VM operation: HandshakeAllThreads
Event: 35.876 Executing VM operation: HandshakeAllThreads done
Event: 36.014 Executing VM operation: G1CollectForAllocation
Event: 36.025 Executing VM operation: G1CollectForAllocation done
Event: 36.112 Executing VM operation: G1CollectForAllocation
Event: 36.118 Executing VM operation: G1CollectForAllocation done
Event: 36.733 Executing VM operation: HandshakeAllThreads
Event: 36.733 Executing VM operation: HandshakeAllThreads done
Event: 36.753 Executing VM operation: HandshakeAllThreads
Event: 36.753 Executing VM operation: HandshakeAllThreads done
Event: 36.946 Executing VM operation: G1CollectForAllocation
Event: 36.950 Executing VM operation: G1CollectForAllocation done
Event: 37.024 Executing VM operation: G1Concurrent

Events (20 events):
Event: 32.232 loading class java/util/stream/SortedOps$AbstractRefSortingSink done
Event: 32.232 loading class java/util/stream/SortedOps$RefSortingSink done
Event: 32.266 loading class java/time/Ser
Event: 32.266 loading class java/time/Ser done
Event: 34.470 loading class jdk/internal/reflect/UnsafeObjectFieldAccessorImpl
Event: 34.471 loading class jdk/internal/reflect/UnsafeObjectFieldAccessorImpl done
Event: 35.868 loading class sun/reflect/ReflectionFactory
Event: 35.868 loading class sun/reflect/ReflectionFactory done
Event: 35.869 loading class sun/reflect/ReflectionFactory$1
Event: 35.869 loading class sun/reflect/ReflectionFactory$1 done
Event: 36.349 loading class java/util/concurrent/atomic/AtomicIntegerArray
Event: 36.350 loading class java/util/concurrent/atomic/AtomicIntegerArray done
Event: 36.354 loading class java/util/Currency
Event: 36.355 loading class java/util/Currency done
Event: 36.417 loading class java/util/concurrent/atomic/AtomicLongArray
Event: 36.417 loading class java/util/concurrent/atomic/AtomicLongArray done
Event: 36.865 loading class java/nio/channels/Channels
Event: 36.866 loading class java/nio/channels/Channels done
Event: 36.866 loading class sun/nio/ch/ChannelInputStream
Event: 36.866 loading class sun/nio/ch/ChannelInputStream done


Dynamic libraries:
0x00007ff7a0c80000 - 0x00007ff7a0c8a000 	D:\ANDROID\jbr\bin\java.exe
0x00007ff9b5370000 - 0x00007ff9b5584000 	C:\WINDOWS\SYSTEM32\ntdll.dll
0x00007ff9b3ec0000 - 0x00007ff9b3f84000 	C:\WINDOWS\System32\KERNEL32.DLL
0x00007ff9b2720000 - 0x00007ff9b2ac4000 	C:\WINDOWS\System32\KERNELBASE.dll
0x00007ff9b2ce0000 - 0x00007ff9b2df1000 	C:\WINDOWS\System32\ucrtbase.dll
0x00007ff9a6130000 - 0x00007ff9a614b000 	D:\ANDROID\jbr\bin\VCRUNTIME140.dll
0x00007ff9a2ce0000 - 0x00007ff9a2cf7000 	D:\ANDROID\jbr\bin\jli.dll
0x00007ff9b39b0000 - 0x00007ff9b3b5e000 	C:\WINDOWS\System32\USER32.dll
0x00007ff9b2b90000 - 0x00007ff9b2bb6000 	C:\WINDOWS\System32\win32u.dll
0x00007ff9b4220000 - 0x00007ff9b4249000 	C:\WINDOWS\System32\GDI32.dll
0x00007ff9b2e70000 - 0x00007ff9b2f88000 	C:\WINDOWS\System32\gdi32full.dll
0x00007ff9b2bc0000 - 0x00007ff9b2c5a000 	C:\WINDOWS\System32\msvcp_win.dll
0x00007ff9a2eb0000 - 0x00007ff9a3143000 	C:\WINDOWS\WinSxS\amd64_microsoft.windows.common-controls_6595b64144ccf1df_6.0.22621.2215_none_270d72677387dfc3\COMCTL32.dll
0x00007ff9b3580000 - 0x00007ff9b3627000 	C:\WINDOWS\System32\msvcrt.dll
0x00007ff9b4390000 - 0x00007ff9b43c1000 	C:\WINDOWS\System32\IMM32.DLL
0x00007ff9afa90000 - 0x00007ff9afa9c000 	D:\ANDROID\jbr\bin\vcruntime140_1.dll
0x00007ff9907e0000 - 0x00007ff99086d000 	D:\ANDROID\jbr\bin\msvcp140.dll
0x00007ff956310000 - 0x00007ff956f7e000 	D:\ANDROID\jbr\bin\server\jvm.dll
0x00007ff9b36a0000 - 0x00007ff9b3750000 	C:\WINDOWS\System32\ADVAPI32.dll
0x00007ff9b4770000 - 0x00007ff9b4816000 	C:\WINDOWS\System32\sechost.dll
0x00007ff9b3fa0000 - 0x00007ff9b40b7000 	C:\WINDOWS\System32\RPCRT4.dll
0x00007ff9a65e0000 - 0x00007ff9a65e9000 	C:\WINDOWS\SYSTEM32\WSOCK32.dll
0x00007ff9b52b0000 - 0x00007ff9b5321000 	C:\WINDOWS\System32\WS2_32.dll
0x00007ff9ab670000 - 0x00007ff9ab6a4000 	C:\WINDOWS\SYSTEM32\WINMM.dll
0x00007ff9ab6b0000 - 0x00007ff9ab6ba000 	C:\WINDOWS\SYSTEM32\VERSION.dll
0x00007ff9b16e0000 - 0x00007ff9b16f8000 	C:\WINDOWS\SYSTEM32\kernel.appcore.dll
0x00007ff9ab180000 - 0x00007ff9ab18a000 	D:\ANDROID\jbr\bin\jimage.dll
0x00007ff9a7130000 - 0x00007ff9a735e000 	C:\WINDOWS\SYSTEM32\DBGHELP.DLL
0x00007ff9b43d0000 - 0x00007ff9b475a000 	C:\WINDOWS\System32\combase.dll
0x00007ff9b3750000 - 0x00007ff9b3827000 	C:\WINDOWS\System32\OLEAUT32.dll
0x00007ff998320000 - 0x00007ff998352000 	C:\WINDOWS\SYSTEM32\dbgcore.DLL
0x00007ff9b2c60000 - 0x00007ff9b2cda000 	C:\WINDOWS\System32\bcryptPrimitives.dll
0x00007ff9a60a0000 - 0x00007ff9a60c5000 	D:\ANDROID\jbr\bin\java.dll
0x00007ff9ab160000 - 0x00007ff9ab178000 	D:\ANDROID\jbr\bin\zip.dll
0x00007ff9b4a80000 - 0x00007ff9b52a3000 	C:\WINDOWS\System32\SHELL32.dll
0x00007ff9b0660000 - 0x00007ff9b0f4a000 	C:\WINDOWS\SYSTEM32\windows.storage.dll
0x00007ff9b0520000 - 0x00007ff9b065e000 	C:\WINDOWS\SYSTEM32\wintypes.dll
0x00007ff9b4120000 - 0x00007ff9b4213000 	C:\WINDOWS\System32\SHCORE.dll
0x00007ff9b3950000 - 0x00007ff9b39ae000 	C:\WINDOWS\System32\shlwapi.dll
0x00007ff9b2650000 - 0x00007ff9b2676000 	C:\WINDOWS\SYSTEM32\profapi.dll
0x00007ff9a65f0000 - 0x00007ff9a6609000 	D:\ANDROID\jbr\bin\net.dll
0x00007ff9aa5f0000 - 0x00007ff9aa727000 	C:\WINDOWS\SYSTEM32\WINHTTP.dll
0x00007ff9b1ba0000 - 0x00007ff9b1c09000 	C:\WINDOWS\system32\mswsock.dll
0x00007ff9a6200000 - 0x00007ff9a6216000 	D:\ANDROID\jbr\bin\nio.dll
0x00007ff9a6180000 - 0x00007ff9a6190000 	D:\ANDROID\jbr\bin\verify.dll
0x00007ff992ff0000 - 0x00007ff993017000 	C:\Users\PC\.gradle\native\68d5fa5c4cc2d200863cafc0d521ce42e7d3e7ee720ec0a83991735586a16f82\windows-amd64\native-platform.dll
0x00007ff984540000 - 0x00007ff984684000 	C:\Users\PC\.gradle\native\e376f236ea51e6404a007f0833ffe2c6e607c4080706a723a18a27aeea778392\windows-amd64\native-platform-file-events.dll
0x00007ff9a5e90000 - 0x00007ff9a5e99000 	D:\ANDROID\jbr\bin\management.dll
0x00007ff9a47b0000 - 0x00007ff9a47bb000 	D:\ANDROID\jbr\bin\management_ext.dll
0x00007ff9b4a70000 - 0x00007ff9b4a78000 	C:\WINDOWS\System32\PSAPI.DLL
0x00007ff9b1ec0000 - 0x00007ff9b1edb000 	C:\WINDOWS\SYSTEM32\CRYPTSP.dll
0x00007ff9b16a0000 - 0x00007ff9b16d5000 	C:\WINDOWS\system32\rsaenh.dll
0x00007ff9b1c40000 - 0x00007ff9b1c6c000 	C:\WINDOWS\SYSTEM32\USERENV.dll
0x00007ff9b2000000 - 0x00007ff9b2028000 	C:\WINDOWS\SYSTEM32\bcrypt.dll
0x00007ff9b1ea0000 - 0x00007ff9b1eac000 	C:\WINDOWS\SYSTEM32\CRYPTBASE.dll
0x00007ff9b11f0000 - 0x00007ff9b121d000 	C:\WINDOWS\SYSTEM32\IPHLPAPI.DLL
0x00007ff9b4760000 - 0x00007ff9b4769000 	C:\WINDOWS\System32\NSI.dll
0x00007ff9aa5d0000 - 0x00007ff9aa5e9000 	C:\WINDOWS\SYSTEM32\dhcpcsvc6.DLL
0x00007ff9aa5b0000 - 0x00007ff9aa5cf000 	C:\WINDOWS\SYSTEM32\dhcpcsvc.DLL
0x00007ff9b1270000 - 0x00007ff9b1362000 	C:\WINDOWS\SYSTEM32\DNSAPI.dll
0x00007ff9a4790000 - 0x00007ff9a4798000 	C:\WINDOWS\system32\wshunix.dll

dbghelp: loaded successfully - version: 4.0.5 - missing functions: none
symbol engine: initialized successfully - sym options: 0x614 - pdb path: .;D:\ANDROID\jbr\bin;C:\WINDOWS\SYSTEM32;C:\WINDOWS\WinSxS\amd64_microsoft.windows.common-controls_6595b64144ccf1df_6.0.22621.2215_none_270d72677387dfc3;D:\ANDROID\jbr\bin\server;C:\Users\PC\.gradle\native\68d5fa5c4cc2d200863cafc0d521ce42e7d3e7ee720ec0a83991735586a16f82\windows-amd64;C:\Users\PC\.gradle\native\e376f236ea51e6404a007f0833ffe2c6e607c4080706a723a18a27aeea778392\windows-amd64

VM Arguments:
jvm_args: --add-opens=java.base/java.util=ALL-UNNAMED --add-opens=java.base/java.lang=ALL-UNNAMED --add-opens=java.base/java.lang.invoke=ALL-UNNAMED --add-opens=java.prefs/java.util.prefs=ALL-UNNAMED --add-opens=java.base/java.nio.charset=ALL-UNNAMED --add-opens=java.base/java.net=ALL-UNNAMED --add-opens=java.base/java.util.concurrent.atomic=ALL-UNNAMED -Xmx2048m -Dfile.encoding=UTF-8 -Duser.country=US -Duser.language=en -Duser.variant 
java_command: org.gradle.launcher.daemon.bootstrap.GradleDaemon 8.0
java_class_path (initial): C:\Users\PC\.gradle\wrapper\dists\gradle-8.0-bin\ca5e32bp14vu59qr306oxotwh\gradle-8.0\lib\gradle-launcher-8.0.jar
Launcher Type: SUN_STANDARD

[Global flags]
     intx CICompilerCount                          = 2                                         {product} {ergonomic}
     uint ConcGCThreads                            = 1                                         {product} {ergonomic}
     uint G1ConcRefinementThreads                  = 2                                         {product} {ergonomic}
   size_t G1HeapRegionSize                         = 1048576                                   {product} {ergonomic}
    uintx GCDrainStackTargetSize                   = 64                                        {product} {ergonomic}
   size_t InitialHeapSize                          = 100663296                                 {product} {ergonomic}
   size_t MarkStackSize                            = 4194304                                   {product} {ergonomic}
   size_t MaxHeapSize                              = 2147483648                                {product} {command line}
   size_t MaxNewSize                               = 1287651328                                {product} {ergonomic}
   size_t MinHeapDeltaBytes                        = 1048576                                   {product} {ergonomic}
   size_t MinHeapSize                              = 8388608                                   {product} {ergonomic}
    uintx NonNMethodCodeHeapSize                   = 5826188                                {pd product} {ergonomic}
    uintx NonProfiledCodeHeapSize                  = 122916026                              {pd product} {ergonomic}
    uintx ProfiledCodeHeapSize                     = 122916026                              {pd product} {ergonomic}
    uintx ReservedCodeCacheSize                    = 251658240                              {pd product} {ergonomic}
     bool SegmentedCodeCache                       = true                                      {product} {ergonomic}
   size_t SoftMaxHeapSize                          = 2147483648                             {manageable} {ergonomic}
     bool UseCompressedClassPointers               = true                           {product lp64_product} {ergonomic}
     bool UseCompressedOops                        = true                           {product lp64_product} {ergonomic}
     bool UseG1GC                                  = true                                      {product} {ergonomic}
     bool UseLargePagesIndividualAllocation        = false                                  {pd product} {ergonomic}

Logging:
Log output configuration:
 #0: stdout all=warning uptime,level,tags
 #1: stderr all=off uptime,level,tags

Environment Variables:
PATH=C:\Program Files (x86)\Eclipse Adoptium\jdk-17.0.8.7-hotspot\bin;C:\Program Files (x86)\Common Files\Oracle\Java\javapath;C:\ProgramData\Oracle\Java\javapath;C:\WINDOWS\system32;C:\WINDOWS;C:\WINDOWS\System32\Wbem;C:\WINDOWS\System32\WindowsPowerShell\v1.0\;C:\WINDOWS\System32\OpenSSH\;C:\xampp\php;C:\ProgramData\ComposerSetup\bin;C:\Users\PC\Downloads\chromedriver_win32;C:\Program Files\nodejs\;C:\Program Files\Git\cmd;C:\Users\PC\AppData\Local\Programs\Python\Python310\Scripts\;C:\Users\PC\AppData\Local\Programs\Python\Python310\;C:\Program Files\MySQL\MySQL Shell 8.0\bin\;C:\Users\PC\AppData\Local\Microsoft\WindowsApps;C:\Users\PC\AppData\Local\Programs\Microsoft VS Code\bin;C:\xampp\php;C:\Program Files\Java\jdk1.8.0_161\bin;C:\Users\PC\AppData\Roaming\Composer\vendor\bin;C:\Users\PC\AppData\Roaming\npm;C:\Program Files\nodejs;C:\Users\PC\AppData\Local\GitHubDesktop\bin;D:\MSIB\platform-tools;
USERNAME=PC
OS=Windows_NT
PROCESSOR_IDENTIFIER=AMD64 Family 23 Model 32 Stepping 1, AuthenticAMD
TMP=C:\Users\PC\AppData\Local\Temp
TEMP=C:\Users\PC\AppData\Local\Temp


JNI global refs:
JNI global refs: 22, weak refs: 0

JNI global refs memory usage: 843, weak refs: 209


---------------  S Y S T E M  ---------------

OS:
 Windows 11 , 64 bit Build 22621 (10.0.22621.2215)
OS uptime: 7 days 13:38 hours
Hyper-V role detected

CPU: total 2 (initial active 2) (2 cores per cpu, 1 threads per core) family 23 model 32 stepping 1 microcode 0x0, cx8, cmov, fxsr, mmx, 3dnowpref, sse, sse2, sse3, ssse3, sse4a, sse4.1, sse4.2, popcnt, lzcnt, tsc, tscinvbit, avx, avx2, aes, clmul, bmi1, bmi2, adx, sha, fma, vzeroupper, clflush, clflushopt, hv

Memory: 4k page, system-wide physical 6020M (277M free)
TotalPageFile size 23396M (AvailPageFile size 12M)
current process WorkingSet (physical memory assigned to process): 243M, peak: 250M
current process commit charge ("private bytes"): 267M, peak: 283M

vm_info: OpenJDK 64-Bit Server VM (17.0.6+0-b2043.56-10027231) for windows-amd64 JRE (17.0.6+0-b2043.56-10027231), built on Apr 28 2023 00:43:19 by "androidbuild" with MS VC++ 16.10 / 16.11 (VS2019)

END.
